[2024-11-21T05:32:04.437+0000] {local_task_job_runner.py:123} INFO - ::group::Pre task execution logs
[2024-11-21T05:32:04.459+0000] {taskinstance.py:2613} INFO - Dependencies all met for dep_context=non-requeueable deps ti=<TaskInstance: linkin_park.upsert_spotify_data scheduled__2024-11-21T00:00:00+00:00 [queued]>
[2024-11-21T05:32:04.477+0000] {taskinstance.py:2613} INFO - Dependencies all met for dep_context=requeueable deps ti=<TaskInstance: linkin_park.upsert_spotify_data scheduled__2024-11-21T00:00:00+00:00 [queued]>
[2024-11-21T05:32:04.479+0000] {taskinstance.py:2866} INFO - Starting attempt 1 of 1
[2024-11-21T05:32:04.517+0000] {taskinstance.py:2889} INFO - Executing <Task(PythonOperator): upsert_spotify_data> on 2024-11-21 00:00:00+00:00
[2024-11-21T05:32:04.526+0000] {standard_task_runner.py:72} INFO - Started process 719 to run task
[2024-11-21T05:32:04.531+0000] {standard_task_runner.py:104} INFO - Running: ['airflow', 'tasks', 'run', 'linkin_park', 'upsert_spotify_data', 'scheduled__2024-11-21T00:00:00+00:00', '--job-id', '285', '--raw', '--subdir', 'DAGS_FOLDER/linkin_park.py', '--cfg-path', '/tmp/tmp5uc8lqdn']
[2024-11-21T05:32:04.535+0000] {standard_task_runner.py:105} INFO - Job 285: Subtask upsert_spotify_data
[2024-11-21T05:32:04.560+0000] {logging_mixin.py:190} WARNING - /home/airflow/.local/lib/python3.12/site-packages/airflow/settings.py:209 DeprecationWarning: The sql_alchemy_conn option in [core] has been moved to the sql_alchemy_conn option in [database] - the old setting has been used, but please update your config.
[2024-11-21T05:32:04.620+0000] {task_command.py:467} INFO - Running <TaskInstance: linkin_park.upsert_spotify_data scheduled__2024-11-21T00:00:00+00:00 [running]> on host 4ed801b530e9
[2024-11-21T05:32:04.624+0000] {logging_mixin.py:190} WARNING - /home/airflow/.local/lib/python3.12/site-packages/airflow/settings.py:470 DeprecationWarning: The sql_alchemy_conn option in [core] has been moved to the sql_alchemy_conn option in [database] - the old setting has been used, but please update your config.
[2024-11-21T05:32:04.771+0000] {taskinstance.py:3132} INFO - Exporting env vars: AIRFLOW_CTX_DAG_OWNER='airflow' AIRFLOW_CTX_DAG_ID='linkin_park' AIRFLOW_CTX_TASK_ID='upsert_spotify_data' AIRFLOW_CTX_EXECUTION_DATE='2024-11-21T00:00:00+00:00' AIRFLOW_CTX_TRY_NUMBER='1' AIRFLOW_CTX_DAG_RUN_ID='scheduled__2024-11-21T00:00:00+00:00'
[2024-11-21T05:32:04.773+0000] {taskinstance.py:731} INFO - ::endgroup::
[2024-11-21T05:32:04.901+0000] {logging_mixin.py:190} INFO - Data artis berhasil diupdate.
[2024-11-21T05:32:04.909+0000] {logging_mixin.py:190} INFO - Data kota São Paulo berhasil diupdate.
[2024-11-21T05:32:04.912+0000] {logging_mixin.py:190} INFO - Data kota Jakarta berhasil diupdate.
[2024-11-21T05:32:04.915+0000] {logging_mixin.py:190} INFO - Data kota Paris berhasil diupdate.
[2024-11-21T05:32:04.918+0000] {logging_mixin.py:190} INFO - Data kota Hamburg berhasil diupdate.
[2024-11-21T05:32:04.920+0000] {logging_mixin.py:190} INFO - Data kota London berhasil diupdate.
[2024-11-21T05:32:04.929+0000] {logging_mixin.py:190} INFO - Track The Emptiness Machine berhasil diupdate.
[2024-11-21T05:32:04.931+0000] {logging_mixin.py:190} INFO - Track Heavy Is the Crown berhasil diupdate.
[2024-11-21T05:32:04.934+0000] {logging_mixin.py:190} INFO - Track In the End berhasil diupdate.
[2024-11-21T05:32:04.936+0000] {logging_mixin.py:190} INFO - Track Numb berhasil diupdate.
[2024-11-21T05:32:04.938+0000] {logging_mixin.py:190} INFO - Track Faint berhasil diupdate.
[2024-11-21T05:32:04.940+0000] {logging_mixin.py:190} INFO - Track Over Each Other berhasil diupdate.
[2024-11-21T05:32:04.942+0000] {logging_mixin.py:190} INFO - Track One Step Closer berhasil diupdate.
[2024-11-21T05:32:04.944+0000] {logging_mixin.py:190} INFO - Track Two Faced berhasil diupdate.
[2024-11-21T05:32:04.947+0000] {logging_mixin.py:190} INFO - Track What I've Done berhasil diupdate.
[2024-11-21T05:32:04.949+0000] {logging_mixin.py:190} INFO - Track Bleed It Out berhasil diupdate.
[2024-11-21T05:32:04.956+0000] {python.py:240} INFO - Done. Returned value was: None
[2024-11-21T05:32:04.969+0000] {taskinstance.py:340} INFO - ::group::Post task execution logs
[2024-11-21T05:32:04.970+0000] {taskinstance.py:352} INFO - Marking task as SUCCESS. dag_id=linkin_park, task_id=upsert_spotify_data, run_id=scheduled__2024-11-21T00:00:00+00:00, execution_date=20241121T000000, start_date=20241121T053204, end_date=20241121T053204
[2024-11-21T05:32:05.029+0000] {local_task_job_runner.py:266} INFO - Task exited with return code 0
[2024-11-21T05:32:05.054+0000] {taskinstance.py:3895} INFO - 0 downstream tasks scheduled from follow-on schedule check
[2024-11-21T05:32:05.057+0000] {local_task_job_runner.py:245} INFO - ::endgroup::
[2024-11-21T06:20:59.959+0000] {local_task_job_runner.py:123} INFO - ::group::Pre task execution logs
[2024-11-21T06:20:59.983+0000] {taskinstance.py:2613} INFO - Dependencies all met for dep_context=non-requeueable deps ti=<TaskInstance: linkin_park.upsert_spotify_data scheduled__2024-11-21T00:00:00+00:00 [queued]>
[2024-11-21T06:20:59.998+0000] {taskinstance.py:2613} INFO - Dependencies all met for dep_context=requeueable deps ti=<TaskInstance: linkin_park.upsert_spotify_data scheduled__2024-11-21T00:00:00+00:00 [queued]>
[2024-11-21T06:21:00.000+0000] {taskinstance.py:2866} INFO - Starting attempt 1 of 1
[2024-11-21T06:21:00.037+0000] {taskinstance.py:2889} INFO - Executing <Task(PythonOperator): upsert_spotify_data> on 2024-11-21 00:00:00+00:00
[2024-11-21T06:21:00.046+0000] {standard_task_runner.py:72} INFO - Started process 1568 to run task
[2024-11-21T06:21:00.051+0000] {standard_task_runner.py:104} INFO - Running: ['airflow', 'tasks', 'run', 'linkin_park', 'upsert_spotify_data', 'scheduled__2024-11-21T00:00:00+00:00', '--job-id', '301', '--raw', '--subdir', 'DAGS_FOLDER/linkin_park.py', '--cfg-path', '/tmp/tmpsz70xiib']
[2024-11-21T06:21:00.055+0000] {standard_task_runner.py:105} INFO - Job 301: Subtask upsert_spotify_data
[2024-11-21T06:21:00.087+0000] {logging_mixin.py:190} WARNING - /home/airflow/.local/lib/python3.12/site-packages/airflow/settings.py:209 DeprecationWarning: The sql_alchemy_conn option in [core] has been moved to the sql_alchemy_conn option in [database] - the old setting has been used, but please update your config.
[2024-11-21T06:21:00.153+0000] {task_command.py:467} INFO - Running <TaskInstance: linkin_park.upsert_spotify_data scheduled__2024-11-21T00:00:00+00:00 [running]> on host 4ed801b530e9
[2024-11-21T06:21:00.157+0000] {logging_mixin.py:190} WARNING - /home/airflow/.local/lib/python3.12/site-packages/airflow/settings.py:470 DeprecationWarning: The sql_alchemy_conn option in [core] has been moved to the sql_alchemy_conn option in [database] - the old setting has been used, but please update your config.
[2024-11-21T06:21:00.286+0000] {taskinstance.py:3132} INFO - Exporting env vars: AIRFLOW_CTX_DAG_OWNER='airflow' AIRFLOW_CTX_DAG_ID='linkin_park' AIRFLOW_CTX_TASK_ID='upsert_spotify_data' AIRFLOW_CTX_EXECUTION_DATE='2024-11-21T00:00:00+00:00' AIRFLOW_CTX_TRY_NUMBER='1' AIRFLOW_CTX_DAG_RUN_ID='scheduled__2024-11-21T00:00:00+00:00'
[2024-11-21T06:21:00.288+0000] {taskinstance.py:731} INFO - ::endgroup::
[2024-11-21T06:21:00.412+0000] {logging_mixin.py:190} INFO - Data artis berhasil diupdate.
[2024-11-21T06:21:00.422+0000] {logging_mixin.py:190} INFO - Data kota São Paulo berhasil dimasukkan.
[2024-11-21T06:21:00.424+0000] {logging_mixin.py:190} INFO - Data kota Jakarta berhasil dimasukkan.
[2024-11-21T06:21:00.426+0000] {logging_mixin.py:190} INFO - Data kota Paris berhasil dimasukkan.
[2024-11-21T06:21:00.428+0000] {logging_mixin.py:190} INFO - Data kota Hamburg berhasil dimasukkan.
[2024-11-21T06:21:00.430+0000] {logging_mixin.py:190} INFO - Data kota London berhasil dimasukkan.
[2024-11-21T06:21:00.436+0000] {logging_mixin.py:190} INFO - Track The Emptiness Machine berhasil dimasukkan.
[2024-11-21T06:21:00.439+0000] {logging_mixin.py:190} INFO - Track Heavy Is the Crown berhasil dimasukkan.
[2024-11-21T06:21:00.440+0000] {logging_mixin.py:190} INFO - Track In the End berhasil dimasukkan.
[2024-11-21T06:21:00.442+0000] {logging_mixin.py:190} INFO - Track Numb berhasil dimasukkan.
[2024-11-21T06:21:00.444+0000] {logging_mixin.py:190} INFO - Track Faint berhasil dimasukkan.
[2024-11-21T06:21:00.445+0000] {logging_mixin.py:190} INFO - Track Over Each Other berhasil dimasukkan.
[2024-11-21T06:21:00.447+0000] {logging_mixin.py:190} INFO - Track One Step Closer berhasil dimasukkan.
[2024-11-21T06:21:00.449+0000] {logging_mixin.py:190} INFO - Track Two Faced berhasil dimasukkan.
[2024-11-21T06:21:00.450+0000] {logging_mixin.py:190} INFO - Track What I've Done berhasil dimasukkan.
[2024-11-21T06:21:00.452+0000] {logging_mixin.py:190} INFO - Track Bleed It Out berhasil dimasukkan.
[2024-11-21T06:21:00.458+0000] {python.py:240} INFO - Done. Returned value was: None
[2024-11-21T06:21:00.469+0000] {taskinstance.py:340} INFO - ::group::Post task execution logs
[2024-11-21T06:21:00.470+0000] {taskinstance.py:352} INFO - Marking task as SUCCESS. dag_id=linkin_park, task_id=upsert_spotify_data, run_id=scheduled__2024-11-21T00:00:00+00:00, execution_date=20241121T000000, start_date=20241121T062059, end_date=20241121T062100
[2024-11-21T06:21:00.508+0000] {local_task_job_runner.py:266} INFO - Task exited with return code 0
[2024-11-21T06:21:00.533+0000] {taskinstance.py:3895} INFO - 0 downstream tasks scheduled from follow-on schedule check
[2024-11-21T06:21:00.536+0000] {local_task_job_runner.py:245} INFO - ::endgroup::
