[2024-11-20T18:01:21.721+0000] {local_task_job_runner.py:123} INFO - ::group::Pre task execution logs
[2024-11-20T18:01:21.729+0000] {taskinstance.py:2613} INFO - Dependencies all met for dep_context=non-requeueable deps ti=<TaskInstance: taylor_swift.fetch_spotify_data scheduled__2024-11-20T15:00:00+00:00 [queued]>
[2024-11-20T18:01:21.735+0000] {taskinstance.py:2613} INFO - Dependencies all met for dep_context=requeueable deps ti=<TaskInstance: taylor_swift.fetch_spotify_data scheduled__2024-11-20T15:00:00+00:00 [queued]>
[2024-11-20T18:01:21.736+0000] {taskinstance.py:2866} INFO - Starting attempt 1 of 1
[2024-11-20T18:01:21.752+0000] {taskinstance.py:2889} INFO - Executing <Task(PythonOperator): fetch_spotify_data> on 2024-11-20 15:00:00+00:00
[2024-11-20T18:01:21.756+0000] {standard_task_runner.py:72} INFO - Started process 381 to run task
[2024-11-20T18:01:21.759+0000] {standard_task_runner.py:104} INFO - Running: ['airflow', 'tasks', 'run', 'taylor_swift', 'fetch_spotify_data', 'scheduled__2024-11-20T15:00:00+00:00', '--job-id', '198', '--raw', '--subdir', 'DAGS_FOLDER/taylor_swift.py', '--cfg-path', '/tmp/tmpbzo_pyn_']
[2024-11-20T18:01:21.761+0000] {standard_task_runner.py:105} INFO - Job 198: Subtask fetch_spotify_data
[2024-11-20T18:01:21.773+0000] {logging_mixin.py:190} WARNING - /home/airflow/.local/lib/python3.12/site-packages/airflow/settings.py:209 DeprecationWarning: The sql_alchemy_conn option in [core] has been moved to the sql_alchemy_conn option in [database] - the old setting has been used, but please update your config.
[2024-11-20T18:01:21.800+0000] {task_command.py:467} INFO - Running <TaskInstance: taylor_swift.fetch_spotify_data scheduled__2024-11-20T15:00:00+00:00 [running]> on host 4ed801b530e9
[2024-11-20T18:01:21.801+0000] {logging_mixin.py:190} WARNING - /home/airflow/.local/lib/python3.12/site-packages/airflow/settings.py:470 DeprecationWarning: The sql_alchemy_conn option in [core] has been moved to the sql_alchemy_conn option in [database] - the old setting has been used, but please update your config.
[2024-11-20T18:01:21.865+0000] {taskinstance.py:3132} INFO - Exporting env vars: AIRFLOW_CTX_DAG_OWNER='airflow' AIRFLOW_CTX_DAG_ID='taylor_swift' AIRFLOW_CTX_TASK_ID='fetch_spotify_data' AIRFLOW_CTX_EXECUTION_DATE='2024-11-20T15:00:00+00:00' AIRFLOW_CTX_TRY_NUMBER='1' AIRFLOW_CTX_DAG_RUN_ID='scheduled__2024-11-20T15:00:00+00:00'
[2024-11-20T18:01:21.866+0000] {taskinstance.py:731} INFO - ::endgroup::
[2024-11-20T18:01:23.737+0000] {logging_mixin.py:190} INFO - Spotify data saved to taylor_swift_spotify.json successfully.
[2024-11-20T18:01:23.738+0000] {python.py:240} INFO - Done. Returned value was: None
[2024-11-20T18:01:23.743+0000] {taskinstance.py:340} INFO - ::group::Post task execution logs
[2024-11-20T18:01:23.743+0000] {taskinstance.py:352} INFO - Marking task as SUCCESS. dag_id=taylor_swift, task_id=fetch_spotify_data, run_id=scheduled__2024-11-20T15:00:00+00:00, execution_date=20241120T150000, start_date=20241120T180121, end_date=20241120T180123
[2024-11-20T18:01:23.779+0000] {local_task_job_runner.py:266} INFO - Task exited with return code 0
[2024-11-20T18:01:23.796+0000] {taskinstance.py:3895} INFO - 1 downstream tasks scheduled from follow-on schedule check
[2024-11-20T18:01:23.800+0000] {local_task_job_runner.py:245} INFO - ::endgroup::
