[2024-11-23T08:04:13.420+0000] {local_task_job_runner.py:123} INFO - ::group::Pre task execution logs
[2024-11-23T08:04:13.446+0000] {taskinstance.py:2613} INFO - Dependencies all met for dep_context=non-requeueable deps ti=<TaskInstance: linkin_park.save_youtube_data scheduled__2024-11-22T15:00:00+00:00 [queued]>
[2024-11-23T08:04:13.463+0000] {taskinstance.py:2613} INFO - Dependencies all met for dep_context=requeueable deps ti=<TaskInstance: linkin_park.save_youtube_data scheduled__2024-11-22T15:00:00+00:00 [queued]>
[2024-11-23T08:04:13.465+0000] {taskinstance.py:2866} INFO - Starting attempt 1 of 1
[2024-11-23T08:04:13.498+0000] {taskinstance.py:2889} INFO - Executing <Task(PythonOperator): save_youtube_data> on 2024-11-22 15:00:00+00:00
[2024-11-23T08:04:13.507+0000] {standard_task_runner.py:72} INFO - Started process 331 to run task
[2024-11-23T08:04:13.512+0000] {standard_task_runner.py:104} INFO - Running: ['airflow', 'tasks', 'run', 'linkin_park', 'save_youtube_data', 'scheduled__2024-11-22T15:00:00+00:00', '--job-id', '370', '--raw', '--subdir', 'DAGS_FOLDER/linkin_park.py', '--cfg-path', '/tmp/tmpl95l3v5n']
[2024-11-23T08:04:13.517+0000] {standard_task_runner.py:105} INFO - Job 370: Subtask save_youtube_data
[2024-11-23T08:04:13.547+0000] {logging_mixin.py:190} WARNING - /home/airflow/.local/lib/python3.12/site-packages/airflow/settings.py:209 DeprecationWarning: The sql_alchemy_conn option in [core] has been moved to the sql_alchemy_conn option in [database] - the old setting has been used, but please update your config.
[2024-11-23T08:04:13.608+0000] {task_command.py:467} INFO - Running <TaskInstance: linkin_park.save_youtube_data scheduled__2024-11-22T15:00:00+00:00 [running]> on host 873bffc6ab09
[2024-11-23T08:04:13.612+0000] {logging_mixin.py:190} WARNING - /home/airflow/.local/lib/python3.12/site-packages/airflow/settings.py:470 DeprecationWarning: The sql_alchemy_conn option in [core] has been moved to the sql_alchemy_conn option in [database] - the old setting has been used, but please update your config.
[2024-11-23T08:04:13.758+0000] {taskinstance.py:3132} INFO - Exporting env vars: AIRFLOW_CTX_DAG_OWNER='airflow' AIRFLOW_CTX_DAG_ID='linkin_park' AIRFLOW_CTX_TASK_ID='save_youtube_data' AIRFLOW_CTX_EXECUTION_DATE='2024-11-22T15:00:00+00:00' AIRFLOW_CTX_TRY_NUMBER='1' AIRFLOW_CTX_DAG_RUN_ID='scheduled__2024-11-22T15:00:00+00:00'
[2024-11-23T08:04:13.760+0000] {taskinstance.py:731} INFO - ::endgroup::
[2024-11-23T08:04:13.875+0000] {logging_mixin.py:190} INFO - Successfully connected to MongoDB.
[2024-11-23T08:04:13.897+0000] {logging_mixin.py:190} INFO - Existing data found, moving to historical collection...
[2024-11-23T08:04:13.914+0000] {logging_mixin.py:190} INFO - Existing data moved to historical collection.
[2024-11-23T08:04:13.926+0000] {logging_mixin.py:190} INFO - New data for channel statistics successfully saved to MongoDB.
[2024-11-23T08:04:13.927+0000] {python.py:240} INFO - Done. Returned value was: None
[2024-11-23T08:04:13.941+0000] {taskinstance.py:340} INFO - ::group::Post task execution logs
[2024-11-23T08:04:13.943+0000] {taskinstance.py:352} INFO - Marking task as SUCCESS. dag_id=linkin_park, task_id=save_youtube_data, run_id=scheduled__2024-11-22T15:00:00+00:00, execution_date=20241122T150000, start_date=20241123T080413, end_date=20241123T080413
[2024-11-23T08:04:14.011+0000] {local_task_job_runner.py:266} INFO - Task exited with return code 0
[2024-11-23T08:04:14.035+0000] {taskinstance.py:3895} INFO - 0 downstream tasks scheduled from follow-on schedule check
[2024-11-23T08:04:14.037+0000] {local_task_job_runner.py:245} INFO - ::endgroup::
