[2024-11-21T05:27:58.642+0000] {local_task_job_runner.py:123} INFO - ::group::Pre task execution logs
[2024-11-21T05:27:58.869+0000] {taskinstance.py:2613} INFO - Dependencies all met for dep_context=non-requeueable deps ti=<TaskInstance: bruno_mars.fetch_spotify_data scheduled__2024-11-21T00:00:00+00:00 [queued]>
[2024-11-21T05:27:58.963+0000] {taskinstance.py:2613} INFO - Dependencies all met for dep_context=requeueable deps ti=<TaskInstance: bruno_mars.fetch_spotify_data scheduled__2024-11-21T00:00:00+00:00 [queued]>
[2024-11-21T05:27:59.024+0000] {taskinstance.py:2866} INFO - Starting attempt 1 of 1
[2024-11-21T05:27:59.124+0000] {taskinstance.py:2889} INFO - Executing <Task(PythonOperator): fetch_spotify_data> on 2024-11-21 00:00:00+00:00
[2024-11-21T05:27:59.269+0000] {standard_task_runner.py:72} INFO - Started process 382 to run task
[2024-11-21T05:27:59.296+0000] {standard_task_runner.py:104} INFO - Running: ['airflow', 'tasks', 'run', 'bruno_mars', 'fetch_spotify_data', 'scheduled__2024-11-21T00:00:00+00:00', '--job-id', '262', '--raw', '--subdir', 'DAGS_FOLDER/bruno_mars.py', '--cfg-path', '/tmp/tmpa8x5p6r4']
[2024-11-21T05:27:59.320+0000] {standard_task_runner.py:105} INFO - Job 262: Subtask fetch_spotify_data
[2024-11-21T05:27:59.416+0000] {logging_mixin.py:190} WARNING - /home/airflow/.local/lib/python3.12/site-packages/airflow/settings.py:209 DeprecationWarning: The sql_alchemy_conn option in [core] has been moved to the sql_alchemy_conn option in [database] - the old setting has been used, but please update your config.
[2024-11-21T05:27:59.591+0000] {task_command.py:467} INFO - Running <TaskInstance: bruno_mars.fetch_spotify_data scheduled__2024-11-21T00:00:00+00:00 [running]> on host 4ed801b530e9
[2024-11-21T05:27:59.596+0000] {logging_mixin.py:190} WARNING - /home/airflow/.local/lib/python3.12/site-packages/airflow/settings.py:470 DeprecationWarning: The sql_alchemy_conn option in [core] has been moved to the sql_alchemy_conn option in [database] - the old setting has been used, but please update your config.
[2024-11-21T05:28:00.287+0000] {taskinstance.py:3132} INFO - Exporting env vars: AIRFLOW_CTX_DAG_OWNER='airflow' AIRFLOW_CTX_DAG_ID='bruno_mars' AIRFLOW_CTX_TASK_ID='fetch_spotify_data' AIRFLOW_CTX_EXECUTION_DATE='2024-11-21T00:00:00+00:00' AIRFLOW_CTX_TRY_NUMBER='1' AIRFLOW_CTX_DAG_RUN_ID='scheduled__2024-11-21T00:00:00+00:00'
[2024-11-21T05:28:00.345+0000] {taskinstance.py:731} INFO - ::endgroup::
[2024-11-21T05:28:03.617+0000] {logging_mixin.py:190} INFO - Spotify data saved to bruno_mars_spotify.json successfully.
[2024-11-21T05:28:03.619+0000] {python.py:240} INFO - Done. Returned value was: None
[2024-11-21T05:28:03.870+0000] {taskinstance.py:340} INFO - ::group::Post task execution logs
[2024-11-21T05:28:03.918+0000] {taskinstance.py:352} INFO - Marking task as SUCCESS. dag_id=bruno_mars, task_id=fetch_spotify_data, run_id=scheduled__2024-11-21T00:00:00+00:00, execution_date=20241121T000000, start_date=20241121T052758, end_date=20241121T052803
[2024-11-21T05:28:04.329+0000] {local_task_job_runner.py:266} INFO - Task exited with return code 0
[2024-11-21T05:28:04.339+0000] {standard_task_runner.py:217} INFO - Process not found (most likely exited), stop collecting metrics
[2024-11-21T05:28:04.450+0000] {taskinstance.py:3895} INFO - 1 downstream tasks scheduled from follow-on schedule check
[2024-11-21T05:28:04.467+0000] {local_task_job_runner.py:245} INFO - ::endgroup::
[2024-11-21T06:19:12.256+0000] {local_task_job_runner.py:123} INFO - ::group::Pre task execution logs
[2024-11-21T06:19:12.283+0000] {taskinstance.py:2613} INFO - Dependencies all met for dep_context=non-requeueable deps ti=<TaskInstance: bruno_mars.fetch_spotify_data scheduled__2024-11-21T00:00:00+00:00 [queued]>
[2024-11-21T06:19:12.299+0000] {taskinstance.py:2613} INFO - Dependencies all met for dep_context=requeueable deps ti=<TaskInstance: bruno_mars.fetch_spotify_data scheduled__2024-11-21T00:00:00+00:00 [queued]>
[2024-11-21T06:19:12.300+0000] {taskinstance.py:2866} INFO - Starting attempt 1 of 1
[2024-11-21T06:19:12.425+0000] {taskinstance.py:2889} INFO - Executing <Task(PythonOperator): fetch_spotify_data> on 2024-11-21 00:00:00+00:00
[2024-11-21T06:19:12.433+0000] {standard_task_runner.py:72} INFO - Started process 1424 to run task
[2024-11-21T06:19:12.438+0000] {standard_task_runner.py:104} INFO - Running: ['airflow', 'tasks', 'run', 'bruno_mars', 'fetch_spotify_data', 'scheduled__2024-11-21T00:00:00+00:00', '--job-id', '290', '--raw', '--subdir', 'DAGS_FOLDER/bruno_mars.py', '--cfg-path', '/tmp/tmpb1xhpbmt']
[2024-11-21T06:19:12.442+0000] {standard_task_runner.py:105} INFO - Job 290: Subtask fetch_spotify_data
[2024-11-21T06:19:12.478+0000] {logging_mixin.py:190} WARNING - /home/airflow/.local/lib/python3.12/site-packages/airflow/settings.py:209 DeprecationWarning: The sql_alchemy_conn option in [core] has been moved to the sql_alchemy_conn option in [database] - the old setting has been used, but please update your config.
[2024-11-21T06:19:12.538+0000] {task_command.py:467} INFO - Running <TaskInstance: bruno_mars.fetch_spotify_data scheduled__2024-11-21T00:00:00+00:00 [running]> on host 4ed801b530e9
[2024-11-21T06:19:12.541+0000] {logging_mixin.py:190} WARNING - /home/airflow/.local/lib/python3.12/site-packages/airflow/settings.py:470 DeprecationWarning: The sql_alchemy_conn option in [core] has been moved to the sql_alchemy_conn option in [database] - the old setting has been used, but please update your config.
[2024-11-21T06:19:12.671+0000] {taskinstance.py:3132} INFO - Exporting env vars: AIRFLOW_CTX_DAG_OWNER='airflow' AIRFLOW_CTX_DAG_ID='bruno_mars' AIRFLOW_CTX_TASK_ID='fetch_spotify_data' AIRFLOW_CTX_EXECUTION_DATE='2024-11-21T00:00:00+00:00' AIRFLOW_CTX_TRY_NUMBER='1' AIRFLOW_CTX_DAG_RUN_ID='scheduled__2024-11-21T00:00:00+00:00'
[2024-11-21T06:19:12.673+0000] {taskinstance.py:731} INFO - ::endgroup::
[2024-11-21T06:19:18.196+0000] {logging_mixin.py:190} INFO - Spotify data saved to bruno_mars_spotify.json successfully.
[2024-11-21T06:19:18.198+0000] {python.py:240} INFO - Done. Returned value was: None
[2024-11-21T06:19:18.219+0000] {taskinstance.py:340} INFO - ::group::Post task execution logs
[2024-11-21T06:19:18.220+0000] {taskinstance.py:352} INFO - Marking task as SUCCESS. dag_id=bruno_mars, task_id=fetch_spotify_data, run_id=scheduled__2024-11-21T00:00:00+00:00, execution_date=20241121T000000, start_date=20241121T061912, end_date=20241121T061918
[2024-11-21T06:19:18.264+0000] {local_task_job_runner.py:266} INFO - Task exited with return code 0
[2024-11-21T06:19:18.298+0000] {taskinstance.py:3895} INFO - 1 downstream tasks scheduled from follow-on schedule check
[2024-11-21T06:19:18.306+0000] {local_task_job_runner.py:245} INFO - ::endgroup::
