[2024-11-20T18:01:49.655+0000] {local_task_job_runner.py:123} INFO - ::group::Pre task execution logs
[2024-11-20T18:01:49.664+0000] {taskinstance.py:2613} INFO - Dependencies all met for dep_context=non-requeueable deps ti=<TaskInstance: bmth.upsert_spotify_data scheduled__2024-11-20T15:00:00+00:00 [queued]>
[2024-11-20T18:01:49.670+0000] {taskinstance.py:2613} INFO - Dependencies all met for dep_context=requeueable deps ti=<TaskInstance: bmth.upsert_spotify_data scheduled__2024-11-20T15:00:00+00:00 [queued]>
[2024-11-20T18:01:49.671+0000] {taskinstance.py:2866} INFO - Starting attempt 1 of 1
[2024-11-20T18:01:49.684+0000] {taskinstance.py:2889} INFO - Executing <Task(PythonOperator): upsert_spotify_data> on 2024-11-20 15:00:00+00:00
[2024-11-20T18:01:49.689+0000] {standard_task_runner.py:72} INFO - Started process 473 to run task
[2024-11-20T18:01:49.691+0000] {standard_task_runner.py:104} INFO - Running: ['airflow', 'tasks', 'run', 'bmth', 'upsert_spotify_data', 'scheduled__2024-11-20T15:00:00+00:00', '--job-id', '205', '--raw', '--subdir', 'DAGS_FOLDER/bmth.py', '--cfg-path', '/tmp/tmpyfp99o7l']
[2024-11-20T18:01:49.693+0000] {standard_task_runner.py:105} INFO - Job 205: Subtask upsert_spotify_data
[2024-11-20T18:01:49.707+0000] {logging_mixin.py:190} WARNING - /home/airflow/.local/lib/python3.12/site-packages/airflow/settings.py:209 DeprecationWarning: The sql_alchemy_conn option in [core] has been moved to the sql_alchemy_conn option in [database] - the old setting has been used, but please update your config.
[2024-11-20T18:01:49.732+0000] {task_command.py:467} INFO - Running <TaskInstance: bmth.upsert_spotify_data scheduled__2024-11-20T15:00:00+00:00 [running]> on host 4ed801b530e9
[2024-11-20T18:01:49.733+0000] {logging_mixin.py:190} WARNING - /home/airflow/.local/lib/python3.12/site-packages/airflow/settings.py:470 DeprecationWarning: The sql_alchemy_conn option in [core] has been moved to the sql_alchemy_conn option in [database] - the old setting has been used, but please update your config.
[2024-11-20T18:01:49.792+0000] {taskinstance.py:3132} INFO - Exporting env vars: AIRFLOW_CTX_DAG_OWNER='airflow' AIRFLOW_CTX_DAG_ID='bmth' AIRFLOW_CTX_TASK_ID='upsert_spotify_data' AIRFLOW_CTX_EXECUTION_DATE='2024-11-20T15:00:00+00:00' AIRFLOW_CTX_TRY_NUMBER='1' AIRFLOW_CTX_DAG_RUN_ID='scheduled__2024-11-20T15:00:00+00:00'
[2024-11-20T18:01:49.793+0000] {taskinstance.py:731} INFO - ::endgroup::
[2024-11-20T18:01:49.842+0000] {logging_mixin.py:190} INFO - Data artis berhasil diupdate.
[2024-11-20T18:01:49.847+0000] {logging_mixin.py:190} INFO - Data kota Jakarta berhasil diupdate.
[2024-11-20T18:01:49.848+0000] {logging_mixin.py:190} INFO - Data kota São Paulo berhasil diupdate.
[2024-11-20T18:01:49.849+0000] {logging_mixin.py:190} INFO - Data kota London berhasil diupdate.
[2024-11-20T18:01:49.850+0000] {logging_mixin.py:190} INFO - Data kota Sydney berhasil diupdate.
[2024-11-20T18:01:49.851+0000] {logging_mixin.py:190} INFO - Data kota Melbourne berhasil diupdate.
[2024-11-20T18:01:49.856+0000] {logging_mixin.py:190} INFO - Track Throne berhasil diupdate.
[2024-11-20T18:01:49.857+0000] {logging_mixin.py:190} INFO - Track Can You Feel My Heart berhasil diupdate.
[2024-11-20T18:01:49.858+0000] {logging_mixin.py:190} INFO - Track Kingslayer (feat. BABYMETAL) berhasil diupdate.
[2024-11-20T18:01:49.859+0000] {logging_mixin.py:190} INFO - Track DArkSide berhasil diupdate.
[2024-11-20T18:01:49.859+0000] {logging_mixin.py:190} INFO - Track Drown berhasil diupdate.
[2024-11-20T18:01:49.860+0000] {logging_mixin.py:190} INFO - Track Kool-Aid berhasil diupdate.
[2024-11-20T18:01:49.861+0000] {logging_mixin.py:190} INFO - Track Sleepwalking berhasil diupdate.
[2024-11-20T18:01:49.862+0000] {logging_mixin.py:190} INFO - Track maybe (feat. Bring Me The Horizon) berhasil diupdate.
[2024-11-20T18:01:49.863+0000] {logging_mixin.py:190} INFO - Track LosT berhasil diupdate.
[2024-11-20T18:01:49.863+0000] {logging_mixin.py:190} INFO - Track Top 10 staTues tHat CriEd bloOd berhasil diupdate.
[2024-11-20T18:01:49.867+0000] {python.py:240} INFO - Done. Returned value was: None
[2024-11-20T18:01:49.872+0000] {taskinstance.py:340} INFO - ::group::Post task execution logs
[2024-11-20T18:01:49.872+0000] {taskinstance.py:352} INFO - Marking task as SUCCESS. dag_id=bmth, task_id=upsert_spotify_data, run_id=scheduled__2024-11-20T15:00:00+00:00, execution_date=20241120T150000, start_date=20241120T180149, end_date=20241120T180149
[2024-11-20T18:01:49.905+0000] {local_task_job_runner.py:266} INFO - Task exited with return code 0
[2024-11-20T18:01:49.915+0000] {taskinstance.py:3895} INFO - 0 downstream tasks scheduled from follow-on schedule check
[2024-11-20T18:01:49.916+0000] {local_task_job_runner.py:245} INFO - ::endgroup::
