[2024-11-20T12:00:09.743+0000] {local_task_job_runner.py:123} INFO - ::group::Pre task execution logs
[2024-11-20T12:00:09.756+0000] {taskinstance.py:2613} INFO - Dependencies all met for dep_context=non-requeueable deps ti=<TaskInstance: bernadya.fetch_spotify_data scheduled__2024-11-20T00:00:00+00:00 [queued]>
[2024-11-20T12:00:09.768+0000] {taskinstance.py:2613} INFO - Dependencies all met for dep_context=requeueable deps ti=<TaskInstance: bernadya.fetch_spotify_data scheduled__2024-11-20T00:00:00+00:00 [queued]>
[2024-11-20T12:00:09.768+0000] {taskinstance.py:2866} INFO - Starting attempt 1 of 1
[2024-11-20T12:00:09.792+0000] {taskinstance.py:2889} INFO - Executing <Task(PythonOperator): fetch_spotify_data> on 2024-11-20 00:00:00+00:00
[2024-11-20T12:00:09.801+0000] {standard_task_runner.py:104} INFO - Running: ['airflow', 'tasks', 'run', 'bernadya', 'fetch_spotify_data', 'scheduled__2024-11-20T00:00:00+00:00', '--job-id', '134', '--raw', '--subdir', 'DAGS_FOLDER/dag.py', '--cfg-path', '/tmp/tmpdnvui9_i']
[2024-11-20T12:00:09.801+0000] {standard_task_runner.py:72} INFO - Started process 353 to run task
[2024-11-20T12:00:09.804+0000] {standard_task_runner.py:105} INFO - Job 134: Subtask fetch_spotify_data
[2024-11-20T12:00:09.818+0000] {logging_mixin.py:190} WARNING - /home/airflow/.local/lib/python3.12/site-packages/airflow/settings.py:209 DeprecationWarning: The sql_alchemy_conn option in [core] has been moved to the sql_alchemy_conn option in [database] - the old setting has been used, but please update your config.
[2024-11-20T12:00:09.850+0000] {task_command.py:467} INFO - Running <TaskInstance: bernadya.fetch_spotify_data scheduled__2024-11-20T00:00:00+00:00 [running]> on host 6aba41e3ae6f
[2024-11-20T12:00:09.851+0000] {logging_mixin.py:190} WARNING - /home/airflow/.local/lib/python3.12/site-packages/airflow/settings.py:470 DeprecationWarning: The sql_alchemy_conn option in [core] has been moved to the sql_alchemy_conn option in [database] - the old setting has been used, but please update your config.
[2024-11-20T12:00:09.942+0000] {taskinstance.py:3132} INFO - Exporting env vars: AIRFLOW_CTX_DAG_OWNER='airflow' AIRFLOW_CTX_DAG_ID='bernadya' AIRFLOW_CTX_TASK_ID='fetch_spotify_data' AIRFLOW_CTX_EXECUTION_DATE='2024-11-20T00:00:00+00:00' AIRFLOW_CTX_TRY_NUMBER='1' AIRFLOW_CTX_DAG_RUN_ID='scheduled__2024-11-20T00:00:00+00:00'
[2024-11-20T12:00:09.943+0000] {taskinstance.py:731} INFO - ::endgroup::
[2024-11-20T12:00:11.834+0000] {logging_mixin.py:190} INFO - Spotify data saved to bernadya_spotify.json successfully.
[2024-11-20T12:00:11.835+0000] {python.py:240} INFO - Done. Returned value was: None
[2024-11-20T12:00:11.843+0000] {taskinstance.py:340} INFO - ::group::Post task execution logs
[2024-11-20T12:00:11.844+0000] {taskinstance.py:352} INFO - Marking task as SUCCESS. dag_id=bernadya, task_id=fetch_spotify_data, run_id=scheduled__2024-11-20T00:00:00+00:00, execution_date=20241120T000000, start_date=20241120T120009, end_date=20241120T120011
[2024-11-20T12:00:11.866+0000] {local_task_job_runner.py:266} INFO - Task exited with return code 0
[2024-11-20T12:00:11.883+0000] {taskinstance.py:3895} INFO - 1 downstream tasks scheduled from follow-on schedule check
[2024-11-20T12:00:11.886+0000] {local_task_job_runner.py:245} INFO - ::endgroup::
