[2024-11-19T09:50:17.121+0000] {local_task_job_runner.py:123} INFO - ::group::Pre task execution logs
[2024-11-19T09:50:17.134+0000] {taskinstance.py:2613} INFO - Dependencies all met for dep_context=non-requeueable deps ti=<TaskInstance: bernadya.upsert_spotify_data manual__2024-11-19T09:49:44.704962+00:00 [queued]>
[2024-11-19T09:50:17.142+0000] {taskinstance.py:2613} INFO - Dependencies all met for dep_context=requeueable deps ti=<TaskInstance: bernadya.upsert_spotify_data manual__2024-11-19T09:49:44.704962+00:00 [queued]>
[2024-11-19T09:50:17.143+0000] {taskinstance.py:2866} INFO - Starting attempt 1 of 1
[2024-11-19T09:50:17.158+0000] {taskinstance.py:2889} INFO - Executing <Task(PythonOperator): upsert_spotify_data> on 2024-11-19 09:49:44.704962+00:00
[2024-11-19T09:50:17.162+0000] {standard_task_runner.py:72} INFO - Started process 137 to run task
[2024-11-19T09:50:17.165+0000] {standard_task_runner.py:104} INFO - Running: ['airflow', 'tasks', 'run', 'bernadya', 'upsert_spotify_data', 'manual__2024-11-19T09:49:44.704962+00:00', '--job-id', '80', '--raw', '--subdir', 'DAGS_FOLDER/dag.py', '--cfg-path', '/tmp/tmp4j0hprwq']
[2024-11-19T09:50:17.167+0000] {standard_task_runner.py:105} INFO - Job 80: Subtask upsert_spotify_data
[2024-11-19T09:50:17.181+0000] {logging_mixin.py:190} WARNING - /home/airflow/.local/lib/python3.12/site-packages/airflow/settings.py:209 DeprecationWarning: The sql_alchemy_conn option in [core] has been moved to the sql_alchemy_conn option in [database] - the old setting has been used, but please update your config.
[2024-11-19T09:50:17.208+0000] {task_command.py:467} INFO - Running <TaskInstance: bernadya.upsert_spotify_data manual__2024-11-19T09:49:44.704962+00:00 [running]> on host 84d1fd291955
[2024-11-19T09:50:17.266+0000] {taskinstance.py:3132} INFO - Exporting env vars: AIRFLOW_CTX_DAG_OWNER='airflow' AIRFLOW_CTX_DAG_ID='bernadya' AIRFLOW_CTX_TASK_ID='upsert_spotify_data' AIRFLOW_CTX_EXECUTION_DATE='2024-11-19T09:49:44.704962+00:00' AIRFLOW_CTX_TRY_NUMBER='1' AIRFLOW_CTX_DAG_RUN_ID='manual__2024-11-19T09:49:44.704962+00:00'
[2024-11-19T09:50:17.268+0000] {taskinstance.py:731} INFO - ::endgroup::
[2024-11-19T09:50:17.361+0000] {logging_mixin.py:190} INFO - Data artis berhasil diupdate.
[2024-11-19T09:50:17.367+0000] {logging_mixin.py:190} INFO - Data kota Jakarta berhasil diupdate.
[2024-11-19T09:50:17.368+0000] {logging_mixin.py:190} INFO - Data kota Bandung berhasil diupdate.
[2024-11-19T09:50:17.369+0000] {logging_mixin.py:190} INFO - Data kota Surabaya berhasil diupdate.
[2024-11-19T09:50:17.370+0000] {logging_mixin.py:190} INFO - Data kota Makassar berhasil diupdate.
[2024-11-19T09:50:17.373+0000] {logging_mixin.py:190} INFO - Data kota Semarang berhasil diupdate.
[2024-11-19T09:50:17.380+0000] {logging_mixin.py:190} INFO - Track Satu Bulan berhasil diupdate.
[2024-11-19T09:50:17.382+0000] {logging_mixin.py:190} INFO - Track Untungnya, Hidup Harus Tetap Berjalan berhasil diupdate.
[2024-11-19T09:50:17.382+0000] {logging_mixin.py:190} INFO - Track Kata Mereka Ini Berlebihan berhasil diupdate.
[2024-11-19T09:50:17.383+0000] {logging_mixin.py:190} INFO - Track Apa Mungkin berhasil diupdate.
[2024-11-19T09:50:17.384+0000] {logging_mixin.py:190} INFO - Track Kini Mereka Tahu berhasil diupdate.
[2024-11-19T09:50:17.385+0000] {logging_mixin.py:190} INFO - Track Lama-Lama berhasil diupdate.
[2024-11-19T09:50:17.387+0000] {logging_mixin.py:190} INFO - Track Masa Sepi berhasil diupdate.
[2024-11-19T09:50:17.388+0000] {logging_mixin.py:190} INFO - Track Sialnya, Hidup Harus Tetap Berjalan berhasil diupdate.
[2024-11-19T09:50:17.389+0000] {logging_mixin.py:190} INFO - Track Terlintas berhasil diupdate.
[2024-11-19T09:50:17.390+0000] {logging_mixin.py:190} INFO - Track Sinyal-Sinyal berhasil diupdate.
[2024-11-19T09:50:17.395+0000] {python.py:240} INFO - Done. Returned value was: None
[2024-11-19T09:50:17.403+0000] {taskinstance.py:340} INFO - ::group::Post task execution logs
[2024-11-19T09:50:17.404+0000] {taskinstance.py:352} INFO - Marking task as SUCCESS. dag_id=bernadya, task_id=upsert_spotify_data, run_id=manual__2024-11-19T09:49:44.704962+00:00, execution_date=20241119T094944, start_date=20241119T095017, end_date=20241119T095017
[2024-11-19T09:50:17.460+0000] {local_task_job_runner.py:266} INFO - Task exited with return code 0
[2024-11-19T09:50:17.475+0000] {taskinstance.py:3895} INFO - 0 downstream tasks scheduled from follow-on schedule check
[2024-11-19T09:50:17.478+0000] {local_task_job_runner.py:245} INFO - ::endgroup::
