[2024-11-23T09:00:49.869+0000] {local_task_job_runner.py:123} INFO - ::group::Pre task execution logs
[2024-11-23T09:00:49.881+0000] {taskinstance.py:2613} INFO - Dependencies all met for dep_context=non-requeueable deps ti=<TaskInstance: bruno_mars.save_youtube_data scheduled__2024-11-23T06:00:00+00:00 [queued]>
[2024-11-23T09:00:49.887+0000] {taskinstance.py:2613} INFO - Dependencies all met for dep_context=requeueable deps ti=<TaskInstance: bruno_mars.save_youtube_data scheduled__2024-11-23T06:00:00+00:00 [queued]>
[2024-11-23T09:00:49.888+0000] {taskinstance.py:2866} INFO - Starting attempt 1 of 1
[2024-11-23T09:00:49.900+0000] {taskinstance.py:2889} INFO - Executing <Task(PythonOperator): save_youtube_data> on 2024-11-23 06:00:00+00:00
[2024-11-23T09:00:49.904+0000] {standard_task_runner.py:72} INFO - Started process 1032 to run task
[2024-11-23T09:00:49.906+0000] {standard_task_runner.py:104} INFO - Running: ['airflow', 'tasks', 'run', 'bruno_mars', 'save_youtube_data', 'scheduled__2024-11-23T06:00:00+00:00', '--job-id', '392', '--raw', '--subdir', 'DAGS_FOLDER/bruno_mars.py', '--cfg-path', '/tmp/tmpqgv7a_56']
[2024-11-23T09:00:49.908+0000] {standard_task_runner.py:105} INFO - Job 392: Subtask save_youtube_data
[2024-11-23T09:00:49.922+0000] {logging_mixin.py:190} WARNING - /home/airflow/.local/lib/python3.12/site-packages/airflow/settings.py:209 DeprecationWarning: The sql_alchemy_conn option in [core] has been moved to the sql_alchemy_conn option in [database] - the old setting has been used, but please update your config.
[2024-11-23T09:00:49.945+0000] {task_command.py:467} INFO - Running <TaskInstance: bruno_mars.save_youtube_data scheduled__2024-11-23T06:00:00+00:00 [running]> on host 873bffc6ab09
[2024-11-23T09:00:49.946+0000] {logging_mixin.py:190} WARNING - /home/airflow/.local/lib/python3.12/site-packages/airflow/settings.py:470 DeprecationWarning: The sql_alchemy_conn option in [core] has been moved to the sql_alchemy_conn option in [database] - the old setting has been used, but please update your config.
[2024-11-23T09:00:50.009+0000] {taskinstance.py:3132} INFO - Exporting env vars: AIRFLOW_CTX_DAG_OWNER='airflow' AIRFLOW_CTX_DAG_ID='bruno_mars' AIRFLOW_CTX_TASK_ID='save_youtube_data' AIRFLOW_CTX_EXECUTION_DATE='2024-11-23T06:00:00+00:00' AIRFLOW_CTX_TRY_NUMBER='1' AIRFLOW_CTX_DAG_RUN_ID='scheduled__2024-11-23T06:00:00+00:00'
[2024-11-23T09:00:50.010+0000] {taskinstance.py:731} INFO - ::endgroup::
[2024-11-23T09:00:50.050+0000] {logging_mixin.py:190} INFO - Successfully connected to MongoDB.
[2024-11-23T09:00:50.054+0000] {logging_mixin.py:190} INFO - Existing data found, moving to historical collection...
[2024-11-23T09:00:50.056+0000] {logging_mixin.py:190} INFO - Existing data moved to historical collection.
[2024-11-23T09:00:50.058+0000] {logging_mixin.py:190} INFO - New data for channel statistics successfully saved to MongoDB.
[2024-11-23T09:00:50.058+0000] {python.py:240} INFO - Done. Returned value was: None
[2024-11-23T09:00:50.063+0000] {taskinstance.py:340} INFO - ::group::Post task execution logs
[2024-11-23T09:00:50.064+0000] {taskinstance.py:352} INFO - Marking task as SUCCESS. dag_id=bruno_mars, task_id=save_youtube_data, run_id=scheduled__2024-11-23T06:00:00+00:00, execution_date=20241123T060000, start_date=20241123T090049, end_date=20241123T090050
[2024-11-23T09:00:50.079+0000] {local_task_job_runner.py:266} INFO - Task exited with return code 0
[2024-11-23T09:00:50.089+0000] {taskinstance.py:3895} INFO - 0 downstream tasks scheduled from follow-on schedule check
[2024-11-23T09:00:50.090+0000] {local_task_job_runner.py:245} INFO - ::endgroup::
