[2024-11-20T17:09:40.005+0000] {local_task_job_runner.py:123} INFO - ::group::Pre task execution logs
[2024-11-20T17:09:40.014+0000] {taskinstance.py:2613} INFO - Dependencies all met for dep_context=non-requeueable deps ti=<TaskInstance: bruno_mars.fetch_spotify_data scheduled__2024-11-20T12:00:00+00:00 [queued]>
[2024-11-20T17:09:40.021+0000] {taskinstance.py:2613} INFO - Dependencies all met for dep_context=requeueable deps ti=<TaskInstance: bruno_mars.fetch_spotify_data scheduled__2024-11-20T12:00:00+00:00 [queued]>
[2024-11-20T17:09:40.021+0000] {taskinstance.py:2866} INFO - Starting attempt 1 of 1
[2024-11-20T17:09:40.036+0000] {taskinstance.py:2889} INFO - Executing <Task(PythonOperator): fetch_spotify_data> on 2024-11-20 12:00:00+00:00
[2024-11-20T17:09:40.039+0000] {standard_task_runner.py:72} INFO - Started process 103 to run task
[2024-11-20T17:09:40.042+0000] {standard_task_runner.py:104} INFO - Running: ['airflow', 'tasks', 'run', 'bruno_mars', 'fetch_spotify_data', 'scheduled__2024-11-20T12:00:00+00:00', '--job-id', '145', '--raw', '--subdir', 'DAGS_FOLDER/bruno_mars.py', '--cfg-path', '/tmp/tmpcre5tos3']
[2024-11-20T17:09:40.045+0000] {standard_task_runner.py:105} INFO - Job 145: Subtask fetch_spotify_data
[2024-11-20T17:09:40.057+0000] {logging_mixin.py:190} WARNING - /home/airflow/.local/lib/python3.12/site-packages/airflow/settings.py:209 DeprecationWarning: The sql_alchemy_conn option in [core] has been moved to the sql_alchemy_conn option in [database] - the old setting has been used, but please update your config.
[2024-11-20T17:09:40.082+0000] {task_command.py:467} INFO - Running <TaskInstance: bruno_mars.fetch_spotify_data scheduled__2024-11-20T12:00:00+00:00 [running]> on host 6aba41e3ae6f
[2024-11-20T17:09:40.084+0000] {logging_mixin.py:190} WARNING - /home/airflow/.local/lib/python3.12/site-packages/airflow/settings.py:470 DeprecationWarning: The sql_alchemy_conn option in [core] has been moved to the sql_alchemy_conn option in [database] - the old setting has been used, but please update your config.
[2024-11-20T17:09:40.153+0000] {taskinstance.py:3132} INFO - Exporting env vars: AIRFLOW_CTX_DAG_OWNER='airflow' AIRFLOW_CTX_DAG_ID='bruno_mars' AIRFLOW_CTX_TASK_ID='fetch_spotify_data' AIRFLOW_CTX_EXECUTION_DATE='2024-11-20T12:00:00+00:00' AIRFLOW_CTX_TRY_NUMBER='1' AIRFLOW_CTX_DAG_RUN_ID='scheduled__2024-11-20T12:00:00+00:00'
[2024-11-20T17:09:40.154+0000] {taskinstance.py:731} INFO - ::endgroup::
[2024-11-20T17:09:41.889+0000] {logging_mixin.py:190} INFO - Spotify data saved to bruno_mars_spotify.json successfully.
[2024-11-20T17:09:41.889+0000] {python.py:240} INFO - Done. Returned value was: None
[2024-11-20T17:09:41.895+0000] {taskinstance.py:340} INFO - ::group::Post task execution logs
[2024-11-20T17:09:41.895+0000] {taskinstance.py:352} INFO - Marking task as SUCCESS. dag_id=bruno_mars, task_id=fetch_spotify_data, run_id=scheduled__2024-11-20T12:00:00+00:00, execution_date=20241120T120000, start_date=20241120T170940, end_date=20241120T170941
[2024-11-20T17:09:41.945+0000] {local_task_job_runner.py:266} INFO - Task exited with return code 0
[2024-11-20T17:09:41.961+0000] {taskinstance.py:3895} INFO - 1 downstream tasks scheduled from follow-on schedule check
[2024-11-20T17:09:41.966+0000] {local_task_job_runner.py:245} INFO - ::endgroup::
[2024-11-20T17:16:15.722+0000] {local_task_job_runner.py:123} INFO - ::group::Pre task execution logs
[2024-11-20T17:16:15.733+0000] {taskinstance.py:2613} INFO - Dependencies all met for dep_context=non-requeueable deps ti=<TaskInstance: bruno_mars.fetch_spotify_data scheduled__2024-11-20T12:00:00+00:00 [queued]>
[2024-11-20T17:16:15.740+0000] {taskinstance.py:2613} INFO - Dependencies all met for dep_context=requeueable deps ti=<TaskInstance: bruno_mars.fetch_spotify_data scheduled__2024-11-20T12:00:00+00:00 [queued]>
[2024-11-20T17:16:15.741+0000] {taskinstance.py:2866} INFO - Starting attempt 1 of 1
[2024-11-20T17:16:15.756+0000] {taskinstance.py:2889} INFO - Executing <Task(PythonOperator): fetch_spotify_data> on 2024-11-20 12:00:00+00:00
[2024-11-20T17:16:15.762+0000] {standard_task_runner.py:72} INFO - Started process 345 to run task
[2024-11-20T17:16:15.765+0000] {standard_task_runner.py:104} INFO - Running: ['airflow', 'tasks', 'run', 'bruno_mars', 'fetch_spotify_data', 'scheduled__2024-11-20T12:00:00+00:00', '--job-id', '157', '--raw', '--subdir', 'DAGS_FOLDER/bruno_mars.py', '--cfg-path', '/tmp/tmpyfdq_cop']
[2024-11-20T17:16:15.767+0000] {standard_task_runner.py:105} INFO - Job 157: Subtask fetch_spotify_data
[2024-11-20T17:16:15.785+0000] {logging_mixin.py:190} WARNING - /home/airflow/.local/lib/python3.12/site-packages/airflow/settings.py:209 DeprecationWarning: The sql_alchemy_conn option in [core] has been moved to the sql_alchemy_conn option in [database] - the old setting has been used, but please update your config.
[2024-11-20T17:16:15.812+0000] {task_command.py:467} INFO - Running <TaskInstance: bruno_mars.fetch_spotify_data scheduled__2024-11-20T12:00:00+00:00 [running]> on host 6aba41e3ae6f
[2024-11-20T17:16:15.814+0000] {logging_mixin.py:190} WARNING - /home/airflow/.local/lib/python3.12/site-packages/airflow/settings.py:470 DeprecationWarning: The sql_alchemy_conn option in [core] has been moved to the sql_alchemy_conn option in [database] - the old setting has been used, but please update your config.
[2024-11-20T17:16:15.876+0000] {taskinstance.py:3132} INFO - Exporting env vars: AIRFLOW_CTX_DAG_OWNER='airflow' AIRFLOW_CTX_DAG_ID='bruno_mars' AIRFLOW_CTX_TASK_ID='fetch_spotify_data' AIRFLOW_CTX_EXECUTION_DATE='2024-11-20T12:00:00+00:00' AIRFLOW_CTX_TRY_NUMBER='1' AIRFLOW_CTX_DAG_RUN_ID='scheduled__2024-11-20T12:00:00+00:00'
[2024-11-20T17:16:15.877+0000] {taskinstance.py:731} INFO - ::endgroup::
[2024-11-20T17:16:17.890+0000] {logging_mixin.py:190} INFO - Spotify data saved to bruno_mars_spotify.json successfully.
[2024-11-20T17:16:17.891+0000] {python.py:240} INFO - Done. Returned value was: None
[2024-11-20T17:16:17.898+0000] {taskinstance.py:340} INFO - ::group::Post task execution logs
[2024-11-20T17:16:17.898+0000] {taskinstance.py:352} INFO - Marking task as SUCCESS. dag_id=bruno_mars, task_id=fetch_spotify_data, run_id=scheduled__2024-11-20T12:00:00+00:00, execution_date=20241120T120000, start_date=20241120T171615, end_date=20241120T171617
[2024-11-20T17:16:17.951+0000] {local_task_job_runner.py:266} INFO - Task exited with return code 0
[2024-11-20T17:16:17.968+0000] {taskinstance.py:3895} INFO - 1 downstream tasks scheduled from follow-on schedule check
[2024-11-20T17:16:17.973+0000] {local_task_job_runner.py:245} INFO - ::endgroup::
