[2024-11-23T08:01:33.994+0000] {local_task_job_runner.py:123} INFO - ::group::Pre task execution logs
[2024-11-23T08:01:34.026+0000] {taskinstance.py:2613} INFO - Dependencies all met for dep_context=non-requeueable deps ti=<TaskInstance: taylor_swift.fetch_spotify_data scheduled__2024-11-22T15:00:00+00:00 [queued]>
[2024-11-23T08:01:34.046+0000] {taskinstance.py:2613} INFO - Dependencies all met for dep_context=requeueable deps ti=<TaskInstance: taylor_swift.fetch_spotify_data scheduled__2024-11-22T15:00:00+00:00 [queued]>
[2024-11-23T08:01:34.048+0000] {taskinstance.py:2866} INFO - Starting attempt 1 of 1
[2024-11-23T08:01:34.084+0000] {taskinstance.py:2889} INFO - Executing <Task(PythonOperator): fetch_spotify_data> on 2024-11-22 15:00:00+00:00
[2024-11-23T08:01:34.098+0000] {standard_task_runner.py:72} INFO - Started process 151 to run task
[2024-11-23T08:01:34.104+0000] {standard_task_runner.py:104} INFO - Running: ['airflow', 'tasks', 'run', 'taylor_swift', 'fetch_spotify_data', 'scheduled__2024-11-22T15:00:00+00:00', '--job-id', '356', '--raw', '--subdir', 'DAGS_FOLDER/taylor_swift.py', '--cfg-path', '/tmp/tmpwjvg2n46']
[2024-11-23T08:01:34.112+0000] {standard_task_runner.py:105} INFO - Job 356: Subtask fetch_spotify_data
[2024-11-23T08:01:34.156+0000] {logging_mixin.py:190} WARNING - /home/airflow/.local/lib/python3.12/site-packages/airflow/settings.py:209 DeprecationWarning: The sql_alchemy_conn option in [core] has been moved to the sql_alchemy_conn option in [database] - the old setting has been used, but please update your config.
[2024-11-23T08:01:34.267+0000] {task_command.py:467} INFO - Running <TaskInstance: taylor_swift.fetch_spotify_data scheduled__2024-11-22T15:00:00+00:00 [running]> on host 873bffc6ab09
[2024-11-23T08:01:34.273+0000] {logging_mixin.py:190} WARNING - /home/airflow/.local/lib/python3.12/site-packages/airflow/settings.py:470 DeprecationWarning: The sql_alchemy_conn option in [core] has been moved to the sql_alchemy_conn option in [database] - the old setting has been used, but please update your config.
[2024-11-23T08:01:34.520+0000] {taskinstance.py:3132} INFO - Exporting env vars: AIRFLOW_CTX_DAG_OWNER='airflow' AIRFLOW_CTX_DAG_ID='taylor_swift' AIRFLOW_CTX_TASK_ID='fetch_spotify_data' AIRFLOW_CTX_EXECUTION_DATE='2024-11-22T15:00:00+00:00' AIRFLOW_CTX_TRY_NUMBER='1' AIRFLOW_CTX_DAG_RUN_ID='scheduled__2024-11-22T15:00:00+00:00'
[2024-11-23T08:01:34.523+0000] {taskinstance.py:731} INFO - ::endgroup::
[2024-11-23T08:01:36.434+0000] {logging_mixin.py:190} INFO - Spotify data saved to taylor_swift_spotify.json successfully.
[2024-11-23T08:01:36.436+0000] {python.py:240} INFO - Done. Returned value was: None
[2024-11-23T08:01:36.452+0000] {taskinstance.py:340} INFO - ::group::Post task execution logs
[2024-11-23T08:01:36.453+0000] {taskinstance.py:352} INFO - Marking task as SUCCESS. dag_id=taylor_swift, task_id=fetch_spotify_data, run_id=scheduled__2024-11-22T15:00:00+00:00, execution_date=20241122T150000, start_date=20241123T080134, end_date=20241123T080136
[2024-11-23T08:01:36.501+0000] {local_task_job_runner.py:266} INFO - Task exited with return code 0
[2024-11-23T08:01:36.564+0000] {taskinstance.py:3895} INFO - 1 downstream tasks scheduled from follow-on schedule check
[2024-11-23T08:01:36.574+0000] {local_task_job_runner.py:245} INFO - ::endgroup::
