[2024-11-21T05:30:09.258+0000] {local_task_job_runner.py:123} INFO - ::group::Pre task execution logs
[2024-11-21T05:30:09.285+0000] {taskinstance.py:2613} INFO - Dependencies all met for dep_context=non-requeueable deps ti=<TaskInstance: 510.upsert_spotify_data scheduled__2024-11-21T00:00:00+00:00 [queued]>
[2024-11-21T05:30:09.305+0000] {taskinstance.py:2613} INFO - Dependencies all met for dep_context=requeueable deps ti=<TaskInstance: 510.upsert_spotify_data scheduled__2024-11-21T00:00:00+00:00 [queued]>
[2024-11-21T05:30:09.306+0000] {taskinstance.py:2866} INFO - Starting attempt 1 of 1
[2024-11-21T05:30:09.338+0000] {taskinstance.py:2889} INFO - Executing <Task(PythonOperator): upsert_spotify_data> on 2024-11-21 00:00:00+00:00
[2024-11-21T05:30:09.348+0000] {standard_task_runner.py:72} INFO - Started process 539 to run task
[2024-11-21T05:30:09.354+0000] {standard_task_runner.py:104} INFO - Running: ['airflow', 'tasks', 'run', '510', 'upsert_spotify_data', 'scheduled__2024-11-21T00:00:00+00:00', '--job-id', '273', '--raw', '--subdir', 'DAGS_FOLDER/510.py', '--cfg-path', '/tmp/tmpuszgoj95']
[2024-11-21T05:30:09.359+0000] {standard_task_runner.py:105} INFO - Job 273: Subtask upsert_spotify_data
[2024-11-21T05:30:09.388+0000] {logging_mixin.py:190} WARNING - /home/airflow/.local/lib/python3.12/site-packages/airflow/settings.py:209 DeprecationWarning: The sql_alchemy_conn option in [core] has been moved to the sql_alchemy_conn option in [database] - the old setting has been used, but please update your config.
[2024-11-21T05:30:09.470+0000] {task_command.py:467} INFO - Running <TaskInstance: 510.upsert_spotify_data scheduled__2024-11-21T00:00:00+00:00 [running]> on host 4ed801b530e9
[2024-11-21T05:30:09.474+0000] {logging_mixin.py:190} WARNING - /home/airflow/.local/lib/python3.12/site-packages/airflow/settings.py:470 DeprecationWarning: The sql_alchemy_conn option in [core] has been moved to the sql_alchemy_conn option in [database] - the old setting has been used, but please update your config.
[2024-11-21T05:30:09.800+0000] {taskinstance.py:3132} INFO - Exporting env vars: AIRFLOW_CTX_DAG_OWNER='airflow' AIRFLOW_CTX_DAG_ID='510' AIRFLOW_CTX_TASK_ID='upsert_spotify_data' AIRFLOW_CTX_EXECUTION_DATE='2024-11-21T00:00:00+00:00' AIRFLOW_CTX_TRY_NUMBER='1' AIRFLOW_CTX_DAG_RUN_ID='scheduled__2024-11-21T00:00:00+00:00'
[2024-11-21T05:30:09.809+0000] {taskinstance.py:731} INFO - ::endgroup::
[2024-11-21T05:30:10.241+0000] {logging_mixin.py:190} INFO - Data artis berhasil diupdate.
[2024-11-21T05:30:10.268+0000] {logging_mixin.py:190} INFO - Data kota Jakarta berhasil diupdate.
[2024-11-21T05:30:10.271+0000] {logging_mixin.py:190} INFO - Data kota Bandung berhasil diupdate.
[2024-11-21T05:30:10.275+0000] {logging_mixin.py:190} INFO - Data kota Surabaya berhasil diupdate.
[2024-11-21T05:30:10.282+0000] {logging_mixin.py:190} INFO - Data kota Semarang berhasil diupdate.
[2024-11-21T05:30:10.285+0000] {logging_mixin.py:190} INFO - Data kota Makassar berhasil diupdate.
[2024-11-21T05:30:10.307+0000] {logging_mixin.py:190} INFO - Track Esa berhasil diupdate.
[2024-11-21T05:30:10.310+0000] {logging_mixin.py:190} INFO - Track Sorry berhasil diupdate.
[2024-11-21T05:30:10.313+0000] {logging_mixin.py:190} INFO - Track Mama berhasil diupdate.
[2024-11-21T05:30:10.315+0000] {logging_mixin.py:190} INFO - Track Alive berhasil diupdate.
[2024-11-21T05:30:10.319+0000] {logging_mixin.py:190} INFO - Track Dead Clown berhasil diupdate.
[2024-11-21T05:30:10.323+0000] {logging_mixin.py:190} INFO - Track Callout berhasil diupdate.
[2024-11-21T05:30:10.326+0000] {logging_mixin.py:190} INFO - Track Emotional Renegades berhasil diupdate.
[2024-11-21T05:30:10.329+0000] {logging_mixin.py:190} INFO - Track Re-Mine berhasil diupdate.
[2024-11-21T05:30:10.331+0000] {logging_mixin.py:190} INFO - Track Death Parade berhasil diupdate.
[2024-11-21T05:30:10.334+0000] {logging_mixin.py:190} INFO - Track Emotional Renegades berhasil diupdate.
[2024-11-21T05:30:10.345+0000] {python.py:240} INFO - Done. Returned value was: None
[2024-11-21T05:30:10.365+0000] {taskinstance.py:340} INFO - ::group::Post task execution logs
[2024-11-21T05:30:10.366+0000] {taskinstance.py:352} INFO - Marking task as SUCCESS. dag_id=510, task_id=upsert_spotify_data, run_id=scheduled__2024-11-21T00:00:00+00:00, execution_date=20241121T000000, start_date=20241121T053009, end_date=20241121T053010
[2024-11-21T05:30:10.420+0000] {local_task_job_runner.py:266} INFO - Task exited with return code 0
[2024-11-21T05:30:10.452+0000] {taskinstance.py:3895} INFO - 0 downstream tasks scheduled from follow-on schedule check
[2024-11-21T05:30:10.455+0000] {local_task_job_runner.py:245} INFO - ::endgroup::
