[2024-11-21T05:27:26.175+0000] {local_task_job_runner.py:123} INFO - ::group::Pre task execution logs
[2024-11-21T05:27:26.197+0000] {taskinstance.py:2613} INFO - Dependencies all met for dep_context=non-requeueable deps ti=<TaskInstance: bmth.fetch_spotify_data scheduled__2024-11-21T00:00:00+00:00 [queued]>
[2024-11-21T05:27:26.214+0000] {taskinstance.py:2613} INFO - Dependencies all met for dep_context=requeueable deps ti=<TaskInstance: bmth.fetch_spotify_data scheduled__2024-11-21T00:00:00+00:00 [queued]>
[2024-11-21T05:27:26.215+0000] {taskinstance.py:2866} INFO - Starting attempt 1 of 1
[2024-11-21T05:27:26.243+0000] {taskinstance.py:2889} INFO - Executing <Task(PythonOperator): fetch_spotify_data> on 2024-11-21 00:00:00+00:00
[2024-11-21T05:27:26.252+0000] {standard_task_runner.py:72} INFO - Started process 351 to run task
[2024-11-21T05:27:26.257+0000] {standard_task_runner.py:104} INFO - Running: ['airflow', 'tasks', 'run', 'bmth', 'fetch_spotify_data', 'scheduled__2024-11-21T00:00:00+00:00', '--job-id', '260', '--raw', '--subdir', 'DAGS_FOLDER/bmth.py', '--cfg-path', '/tmp/tmppajbyo53']
[2024-11-21T05:27:26.261+0000] {standard_task_runner.py:105} INFO - Job 260: Subtask fetch_spotify_data
[2024-11-21T05:27:26.289+0000] {logging_mixin.py:190} WARNING - /home/airflow/.local/lib/python3.12/site-packages/airflow/settings.py:209 DeprecationWarning: The sql_alchemy_conn option in [core] has been moved to the sql_alchemy_conn option in [database] - the old setting has been used, but please update your config.
[2024-11-21T05:27:26.345+0000] {task_command.py:467} INFO - Running <TaskInstance: bmth.fetch_spotify_data scheduled__2024-11-21T00:00:00+00:00 [running]> on host 4ed801b530e9
[2024-11-21T05:27:26.348+0000] {logging_mixin.py:190} WARNING - /home/airflow/.local/lib/python3.12/site-packages/airflow/settings.py:470 DeprecationWarning: The sql_alchemy_conn option in [core] has been moved to the sql_alchemy_conn option in [database] - the old setting has been used, but please update your config.
[2024-11-21T05:27:26.491+0000] {taskinstance.py:3132} INFO - Exporting env vars: AIRFLOW_CTX_DAG_OWNER='airflow' AIRFLOW_CTX_DAG_ID='bmth' AIRFLOW_CTX_TASK_ID='fetch_spotify_data' AIRFLOW_CTX_EXECUTION_DATE='2024-11-21T00:00:00+00:00' AIRFLOW_CTX_TRY_NUMBER='1' AIRFLOW_CTX_DAG_RUN_ID='scheduled__2024-11-21T00:00:00+00:00'
[2024-11-21T05:27:26.493+0000] {taskinstance.py:731} INFO - ::endgroup::
[2024-11-21T05:27:28.201+0000] {logging_mixin.py:190} INFO - Spotify data saved to bmth_spotify.json successfully.
[2024-11-21T05:27:28.204+0000] {python.py:240} INFO - Done. Returned value was: None
[2024-11-21T05:27:28.239+0000] {taskinstance.py:340} INFO - ::group::Post task execution logs
[2024-11-21T05:27:28.241+0000] {taskinstance.py:352} INFO - Marking task as SUCCESS. dag_id=bmth, task_id=fetch_spotify_data, run_id=scheduled__2024-11-21T00:00:00+00:00, execution_date=20241121T000000, start_date=20241121T052726, end_date=20241121T052728
[2024-11-21T05:27:28.564+0000] {local_task_job_runner.py:266} INFO - Task exited with return code 0
[2024-11-21T05:27:28.618+0000] {taskinstance.py:3895} INFO - 1 downstream tasks scheduled from follow-on schedule check
[2024-11-21T05:27:28.626+0000] {local_task_job_runner.py:245} INFO - ::endgroup::
[2024-11-22T14:15:11.611+0000] {local_task_job_runner.py:123} INFO - ::group::Pre task execution logs
[2024-11-22T14:15:11.620+0000] {taskinstance.py:2613} INFO - Dependencies all met for dep_context=non-requeueable deps ti=<TaskInstance: bmth.fetch_spotify_data scheduled__2024-11-21T00:00:00+00:00 [queued]>
[2024-11-22T14:15:11.626+0000] {taskinstance.py:2613} INFO - Dependencies all met for dep_context=requeueable deps ti=<TaskInstance: bmth.fetch_spotify_data scheduled__2024-11-21T00:00:00+00:00 [queued]>
[2024-11-22T14:15:11.627+0000] {taskinstance.py:2866} INFO - Starting attempt 1 of 1
[2024-11-22T14:15:11.643+0000] {taskinstance.py:2889} INFO - Executing <Task(PythonOperator): fetch_spotify_data> on 2024-11-21 00:00:00+00:00
[2024-11-22T14:15:11.646+0000] {standard_task_runner.py:72} INFO - Started process 85 to run task
[2024-11-22T14:15:11.648+0000] {standard_task_runner.py:104} INFO - Running: ['airflow', 'tasks', 'run', 'bmth', 'fetch_spotify_data', 'scheduled__2024-11-21T00:00:00+00:00', '--job-id', '309', '--raw', '--subdir', 'DAGS_FOLDER/bmth.py', '--cfg-path', '/tmp/tmpr0g1aorh']
[2024-11-22T14:15:11.654+0000] {standard_task_runner.py:105} INFO - Job 309: Subtask fetch_spotify_data
[2024-11-22T14:15:11.668+0000] {logging_mixin.py:190} WARNING - /home/airflow/.local/lib/python3.12/site-packages/airflow/settings.py:209 DeprecationWarning: The sql_alchemy_conn option in [core] has been moved to the sql_alchemy_conn option in [database] - the old setting has been used, but please update your config.
[2024-11-22T14:15:11.693+0000] {task_command.py:467} INFO - Running <TaskInstance: bmth.fetch_spotify_data scheduled__2024-11-21T00:00:00+00:00 [running]> on host a87f321d68a4
[2024-11-22T14:15:11.694+0000] {logging_mixin.py:190} WARNING - /home/airflow/.local/lib/python3.12/site-packages/airflow/settings.py:470 DeprecationWarning: The sql_alchemy_conn option in [core] has been moved to the sql_alchemy_conn option in [database] - the old setting has been used, but please update your config.
[2024-11-22T14:15:11.762+0000] {taskinstance.py:3132} INFO - Exporting env vars: AIRFLOW_CTX_DAG_OWNER='airflow' AIRFLOW_CTX_DAG_ID='bmth' AIRFLOW_CTX_TASK_ID='fetch_spotify_data' AIRFLOW_CTX_EXECUTION_DATE='2024-11-21T00:00:00+00:00' AIRFLOW_CTX_TRY_NUMBER='1' AIRFLOW_CTX_DAG_RUN_ID='scheduled__2024-11-21T00:00:00+00:00'
[2024-11-22T14:15:11.763+0000] {taskinstance.py:731} INFO - ::endgroup::
[2024-11-22T14:15:14.585+0000] {logging_mixin.py:190} INFO - Spotify data saved to bmth_spotify.json successfully.
[2024-11-22T14:15:14.587+0000] {python.py:240} INFO - Done. Returned value was: None
[2024-11-22T14:15:14.597+0000] {taskinstance.py:340} INFO - ::group::Post task execution logs
[2024-11-22T14:15:14.599+0000] {taskinstance.py:352} INFO - Marking task as SUCCESS. dag_id=bmth, task_id=fetch_spotify_data, run_id=scheduled__2024-11-21T00:00:00+00:00, execution_date=20241121T000000, start_date=20241122T141511, end_date=20241122T141514
[2024-11-22T14:15:14.634+0000] {local_task_job_runner.py:266} INFO - Task exited with return code 0
[2024-11-22T14:15:14.663+0000] {taskinstance.py:3895} INFO - 1 downstream tasks scheduled from follow-on schedule check
[2024-11-22T14:15:14.669+0000] {local_task_job_runner.py:245} INFO - ::endgroup::
