[2024-11-19T04:59:18.519+0000] {local_task_job_runner.py:123} INFO - ::group::Pre task execution logs
[2024-11-19T04:59:18.539+0000] {taskinstance.py:2613} INFO - Dependencies all met for dep_context=non-requeueable deps ti=<TaskInstance: spotify_youtube_data_pipeline.fetch_spotify_data scheduled__2024-11-18T12:00:00+00:00 [queued]>
[2024-11-19T04:59:18.553+0000] {taskinstance.py:2613} INFO - Dependencies all met for dep_context=requeueable deps ti=<TaskInstance: spotify_youtube_data_pipeline.fetch_spotify_data scheduled__2024-11-18T12:00:00+00:00 [queued]>
[2024-11-19T04:59:18.554+0000] {taskinstance.py:2866} INFO - Starting attempt 1 of 1
[2024-11-19T04:59:18.583+0000] {taskinstance.py:2889} INFO - Executing <Task(PythonOperator): fetch_spotify_data> on 2024-11-18 12:00:00+00:00
[2024-11-19T04:59:18.595+0000] {standard_task_runner.py:72} INFO - Started process 74 to run task
[2024-11-19T04:59:18.613+0000] {standard_task_runner.py:104} INFO - Running: ['airflow', 'tasks', 'run', 'spotify_youtube_data_pipeline', 'fetch_spotify_data', 'scheduled__2024-11-18T12:00:00+00:00', '--job-id', '34', '--raw', '--subdir', 'DAGS_FOLDER/dag.py', '--cfg-path', '/tmp/tmpgak4k8ot']
[2024-11-19T04:59:18.627+0000] {standard_task_runner.py:105} INFO - Job 34: Subtask fetch_spotify_data
[2024-11-19T04:59:18.690+0000] {logging_mixin.py:190} WARNING - /home/airflow/.local/lib/python3.12/site-packages/airflow/settings.py:209 DeprecationWarning: The sql_alchemy_conn option in [core] has been moved to the sql_alchemy_conn option in [database] - the old setting has been used, but please update your config.
[2024-11-19T04:59:18.799+0000] {task_command.py:467} INFO - Running <TaskInstance: spotify_youtube_data_pipeline.fetch_spotify_data scheduled__2024-11-18T12:00:00+00:00 [running]> on host a65554b7e6d9
[2024-11-19T04:59:18.802+0000] {logging_mixin.py:190} WARNING - /home/airflow/.local/lib/python3.12/site-packages/airflow/settings.py:470 DeprecationWarning: The sql_alchemy_conn option in [core] has been moved to the sql_alchemy_conn option in [database] - the old setting has been used, but please update your config.
[2024-11-19T04:59:19.098+0000] {taskinstance.py:3132} INFO - Exporting env vars: AIRFLOW_CTX_DAG_OWNER='airflow' AIRFLOW_CTX_DAG_ID='spotify_youtube_data_pipeline' AIRFLOW_CTX_TASK_ID='fetch_spotify_data' AIRFLOW_CTX_EXECUTION_DATE='2024-11-18T12:00:00+00:00' AIRFLOW_CTX_TRY_NUMBER='1' AIRFLOW_CTX_DAG_RUN_ID='scheduled__2024-11-18T12:00:00+00:00'
[2024-11-19T04:59:19.104+0000] {taskinstance.py:731} INFO - ::endgroup::
[2024-11-19T04:59:20.837+0000] {logging_mixin.py:190} INFO - Spotify data saved to spotify_data.json successfully.
[2024-11-19T04:59:20.838+0000] {python.py:240} INFO - Done. Returned value was: None
[2024-11-19T04:59:20.850+0000] {taskinstance.py:340} INFO - ::group::Post task execution logs
[2024-11-19T04:59:20.851+0000] {taskinstance.py:352} INFO - Marking task as SUCCESS. dag_id=spotify_youtube_data_pipeline, task_id=fetch_spotify_data, run_id=scheduled__2024-11-18T12:00:00+00:00, execution_date=20241118T120000, start_date=20241119T045918, end_date=20241119T045920
[2024-11-19T04:59:20.925+0000] {local_task_job_runner.py:266} INFO - Task exited with return code 0
[2024-11-19T04:59:20.963+0000] {taskinstance.py:3895} INFO - 1 downstream tasks scheduled from follow-on schedule check
[2024-11-19T04:59:20.979+0000] {local_task_job_runner.py:245} INFO - ::endgroup::
