[2024-11-20T17:17:44.368+0000] {local_task_job_runner.py:123} INFO - ::group::Pre task execution logs
[2024-11-20T17:17:44.391+0000] {taskinstance.py:2613} INFO - Dependencies all met for dep_context=non-requeueable deps ti=<TaskInstance: dewa19.upsert_spotify_data scheduled__2024-11-20T12:00:00+00:00 [queued]>
[2024-11-20T17:17:44.403+0000] {taskinstance.py:2613} INFO - Dependencies all met for dep_context=requeueable deps ti=<TaskInstance: dewa19.upsert_spotify_data scheduled__2024-11-20T12:00:00+00:00 [queued]>
[2024-11-20T17:17:44.404+0000] {taskinstance.py:2866} INFO - Starting attempt 1 of 1
[2024-11-20T17:17:44.421+0000] {taskinstance.py:2889} INFO - Executing <Task(PythonOperator): upsert_spotify_data> on 2024-11-20 12:00:00+00:00
[2024-11-20T17:17:44.429+0000] {standard_task_runner.py:72} INFO - Started process 593 to run task
[2024-11-20T17:17:44.433+0000] {standard_task_runner.py:104} INFO - Running: ['airflow', 'tasks', 'run', 'dewa19', 'upsert_spotify_data', 'scheduled__2024-11-20T12:00:00+00:00', '--job-id', '176', '--raw', '--subdir', 'DAGS_FOLDER/dewa19.py', '--cfg-path', '/tmp/tmpj53_o0da']
[2024-11-20T17:17:44.435+0000] {standard_task_runner.py:105} INFO - Job 176: Subtask upsert_spotify_data
[2024-11-20T17:17:44.450+0000] {logging_mixin.py:190} WARNING - /home/airflow/.local/lib/python3.12/site-packages/airflow/settings.py:209 DeprecationWarning: The sql_alchemy_conn option in [core] has been moved to the sql_alchemy_conn option in [database] - the old setting has been used, but please update your config.
[2024-11-20T17:17:44.479+0000] {task_command.py:467} INFO - Running <TaskInstance: dewa19.upsert_spotify_data scheduled__2024-11-20T12:00:00+00:00 [running]> on host 6aba41e3ae6f
[2024-11-20T17:17:44.481+0000] {logging_mixin.py:190} WARNING - /home/airflow/.local/lib/python3.12/site-packages/airflow/settings.py:470 DeprecationWarning: The sql_alchemy_conn option in [core] has been moved to the sql_alchemy_conn option in [database] - the old setting has been used, but please update your config.
[2024-11-20T17:17:44.546+0000] {taskinstance.py:3132} INFO - Exporting env vars: AIRFLOW_CTX_DAG_OWNER='airflow' AIRFLOW_CTX_DAG_ID='dewa19' AIRFLOW_CTX_TASK_ID='upsert_spotify_data' AIRFLOW_CTX_EXECUTION_DATE='2024-11-20T12:00:00+00:00' AIRFLOW_CTX_TRY_NUMBER='1' AIRFLOW_CTX_DAG_RUN_ID='scheduled__2024-11-20T12:00:00+00:00'
[2024-11-20T17:17:44.548+0000] {taskinstance.py:731} INFO - ::endgroup::
[2024-11-20T17:17:44.605+0000] {logging_mixin.py:190} INFO - Data artis berhasil dimasukkan.
[2024-11-20T17:17:44.609+0000] {logging_mixin.py:190} INFO - Data kota Jakarta berhasil dimasukkan.
[2024-11-20T17:17:44.611+0000] {logging_mixin.py:190} INFO - Data kota Bandung berhasil dimasukkan.
[2024-11-20T17:17:44.612+0000] {logging_mixin.py:190} INFO - Data kota Surabaya berhasil dimasukkan.
[2024-11-20T17:17:44.613+0000] {logging_mixin.py:190} INFO - Data kota Makassar berhasil dimasukkan.
[2024-11-20T17:17:44.614+0000] {logging_mixin.py:190} INFO - Data kota Semarang berhasil dimasukkan.
[2024-11-20T17:17:44.618+0000] {logging_mixin.py:190} INFO - Track Kangen berhasil dimasukkan.
[2024-11-20T17:17:44.619+0000] {logging_mixin.py:190} INFO - Track Aku Milikmu berhasil dimasukkan.
[2024-11-20T17:17:44.621+0000] {logging_mixin.py:190} INFO - Track Risalah Hati berhasil dimasukkan.
[2024-11-20T17:17:44.621+0000] {logging_mixin.py:190} INFO - Track Separuh Nafas berhasil dimasukkan.
[2024-11-20T17:17:44.622+0000] {logging_mixin.py:190} INFO - Track Dewi berhasil dimasukkan.
[2024-11-20T17:17:44.623+0000] {logging_mixin.py:190} INFO - Track Roman Picisan berhasil dimasukkan.
[2024-11-20T17:17:44.625+0000] {logging_mixin.py:190} INFO - Track Cinta 'Kan Membawamu Kembali berhasil dimasukkan.
[2024-11-20T17:17:44.626+0000] {logging_mixin.py:190} INFO - Track Selimut Hati berhasil dimasukkan.
[2024-11-20T17:17:44.627+0000] {logging_mixin.py:190} INFO - Track Aku Cinta Kau Dan Dia berhasil dimasukkan.
[2024-11-20T17:17:44.628+0000] {logging_mixin.py:190} INFO - Track Larut berhasil dimasukkan.
[2024-11-20T17:17:44.632+0000] {python.py:240} INFO - Done. Returned value was: None
[2024-11-20T17:17:44.640+0000] {taskinstance.py:340} INFO - ::group::Post task execution logs
[2024-11-20T17:17:44.641+0000] {taskinstance.py:352} INFO - Marking task as SUCCESS. dag_id=dewa19, task_id=upsert_spotify_data, run_id=scheduled__2024-11-20T12:00:00+00:00, execution_date=20241120T120000, start_date=20241120T171744, end_date=20241120T171744
[2024-11-20T17:17:44.687+0000] {local_task_job_runner.py:266} INFO - Task exited with return code 0
[2024-11-20T17:17:44.698+0000] {taskinstance.py:3895} INFO - 0 downstream tasks scheduled from follow-on schedule check
[2024-11-20T17:17:44.699+0000] {local_task_job_runner.py:245} INFO - ::endgroup::
