[2024-11-21T05:28:50.329+0000] {local_task_job_runner.py:123} INFO - ::group::Pre task execution logs
[2024-11-21T05:28:50.368+0000] {taskinstance.py:2613} INFO - Dependencies all met for dep_context=non-requeueable deps ti=<TaskInstance: juicy_luicy.fetch_spotify_data scheduled__2024-11-21T00:00:00+00:00 [queued]>
[2024-11-21T05:28:50.393+0000] {taskinstance.py:2613} INFO - Dependencies all met for dep_context=requeueable deps ti=<TaskInstance: juicy_luicy.fetch_spotify_data scheduled__2024-11-21T00:00:00+00:00 [queued]>
[2024-11-21T05:28:50.394+0000] {taskinstance.py:2866} INFO - Starting attempt 1 of 1
[2024-11-21T05:28:50.446+0000] {taskinstance.py:2889} INFO - Executing <Task(PythonOperator): fetch_spotify_data> on 2024-11-21 00:00:00+00:00
[2024-11-21T05:28:50.459+0000] {standard_task_runner.py:72} INFO - Started process 441 to run task
[2024-11-21T05:28:50.466+0000] {standard_task_runner.py:104} INFO - Running: ['airflow', 'tasks', 'run', 'juicy_luicy', 'fetch_spotify_data', 'scheduled__2024-11-21T00:00:00+00:00', '--job-id', '266', '--raw', '--subdir', 'DAGS_FOLDER/juicy_luicy.py', '--cfg-path', '/tmp/tmphm_ngnf6']
[2024-11-21T05:28:50.476+0000] {standard_task_runner.py:105} INFO - Job 266: Subtask fetch_spotify_data
[2024-11-21T05:28:50.515+0000] {logging_mixin.py:190} WARNING - /home/airflow/.local/lib/python3.12/site-packages/airflow/settings.py:209 DeprecationWarning: The sql_alchemy_conn option in [core] has been moved to the sql_alchemy_conn option in [database] - the old setting has been used, but please update your config.
[2024-11-21T05:28:50.593+0000] {task_command.py:467} INFO - Running <TaskInstance: juicy_luicy.fetch_spotify_data scheduled__2024-11-21T00:00:00+00:00 [running]> on host 4ed801b530e9
[2024-11-21T05:28:50.601+0000] {logging_mixin.py:190} WARNING - /home/airflow/.local/lib/python3.12/site-packages/airflow/settings.py:470 DeprecationWarning: The sql_alchemy_conn option in [core] has been moved to the sql_alchemy_conn option in [database] - the old setting has been used, but please update your config.
[2024-11-21T05:28:50.819+0000] {taskinstance.py:3132} INFO - Exporting env vars: AIRFLOW_CTX_DAG_OWNER='airflow' AIRFLOW_CTX_DAG_ID='juicy_luicy' AIRFLOW_CTX_TASK_ID='fetch_spotify_data' AIRFLOW_CTX_EXECUTION_DATE='2024-11-21T00:00:00+00:00' AIRFLOW_CTX_TRY_NUMBER='1' AIRFLOW_CTX_DAG_RUN_ID='scheduled__2024-11-21T00:00:00+00:00'
[2024-11-21T05:28:50.821+0000] {taskinstance.py:731} INFO - ::endgroup::
[2024-11-21T05:28:52.590+0000] {logging_mixin.py:190} INFO - Spotify data saved to juicy_luicy_spotify.json successfully.
[2024-11-21T05:28:52.592+0000] {python.py:240} INFO - Done. Returned value was: None
[2024-11-21T05:28:52.633+0000] {taskinstance.py:340} INFO - ::group::Post task execution logs
[2024-11-21T05:28:52.635+0000] {taskinstance.py:352} INFO - Marking task as SUCCESS. dag_id=juicy_luicy, task_id=fetch_spotify_data, run_id=scheduled__2024-11-21T00:00:00+00:00, execution_date=20241121T000000, start_date=20241121T052850, end_date=20241121T052852
[2024-11-21T05:28:52.725+0000] {local_task_job_runner.py:266} INFO - Task exited with return code 0
[2024-11-21T05:28:52.826+0000] {taskinstance.py:3895} INFO - 1 downstream tasks scheduled from follow-on schedule check
[2024-11-21T05:28:52.863+0000] {local_task_job_runner.py:245} INFO - ::endgroup::
