[2024-11-21T05:31:55.337+0000] {local_task_job_runner.py:123} INFO - ::group::Pre task execution logs
[2024-11-21T05:31:55.368+0000] {taskinstance.py:2613} INFO - Dependencies all met for dep_context=non-requeueable deps ti=<TaskInstance: linkin_park.save_youtube_data scheduled__2024-11-21T00:00:00+00:00 [queued]>
[2024-11-21T05:31:55.391+0000] {taskinstance.py:2613} INFO - Dependencies all met for dep_context=requeueable deps ti=<TaskInstance: linkin_park.save_youtube_data scheduled__2024-11-21T00:00:00+00:00 [queued]>
[2024-11-21T05:31:55.393+0000] {taskinstance.py:2866} INFO - Starting attempt 1 of 1
[2024-11-21T05:31:55.438+0000] {taskinstance.py:2889} INFO - Executing <Task(PythonOperator): save_youtube_data> on 2024-11-21 00:00:00+00:00
[2024-11-21T05:31:55.453+0000] {standard_task_runner.py:72} INFO - Started process 705 to run task
[2024-11-21T05:31:55.462+0000] {standard_task_runner.py:104} INFO - Running: ['airflow', 'tasks', 'run', 'linkin_park', 'save_youtube_data', 'scheduled__2024-11-21T00:00:00+00:00', '--job-id', '284', '--raw', '--subdir', 'DAGS_FOLDER/linkin_park.py', '--cfg-path', '/tmp/tmp8fxynfh6']
[2024-11-21T05:31:55.467+0000] {standard_task_runner.py:105} INFO - Job 284: Subtask save_youtube_data
[2024-11-21T05:31:55.498+0000] {logging_mixin.py:190} WARNING - /home/airflow/.local/lib/python3.12/site-packages/airflow/settings.py:209 DeprecationWarning: The sql_alchemy_conn option in [core] has been moved to the sql_alchemy_conn option in [database] - the old setting has been used, but please update your config.
[2024-11-21T05:31:55.565+0000] {task_command.py:467} INFO - Running <TaskInstance: linkin_park.save_youtube_data scheduled__2024-11-21T00:00:00+00:00 [running]> on host 4ed801b530e9
[2024-11-21T05:31:55.569+0000] {logging_mixin.py:190} WARNING - /home/airflow/.local/lib/python3.12/site-packages/airflow/settings.py:470 DeprecationWarning: The sql_alchemy_conn option in [core] has been moved to the sql_alchemy_conn option in [database] - the old setting has been used, but please update your config.
[2024-11-21T05:31:55.747+0000] {taskinstance.py:3132} INFO - Exporting env vars: AIRFLOW_CTX_DAG_OWNER='airflow' AIRFLOW_CTX_DAG_ID='linkin_park' AIRFLOW_CTX_TASK_ID='save_youtube_data' AIRFLOW_CTX_EXECUTION_DATE='2024-11-21T00:00:00+00:00' AIRFLOW_CTX_TRY_NUMBER='1' AIRFLOW_CTX_DAG_RUN_ID='scheduled__2024-11-21T00:00:00+00:00'
[2024-11-21T05:31:55.748+0000] {taskinstance.py:731} INFO - ::endgroup::
[2024-11-21T05:31:55.893+0000] {logging_mixin.py:190} INFO - Successfully connected to MongoDB.
[2024-11-21T05:31:55.907+0000] {logging_mixin.py:190} INFO - Existing data found, moving to historical collection...
[2024-11-21T05:31:55.921+0000] {logging_mixin.py:190} INFO - Existing data moved to historical collection.
[2024-11-21T05:31:55.932+0000] {logging_mixin.py:190} INFO - New data for channel statistics successfully saved to MongoDB.
[2024-11-21T05:31:55.933+0000] {python.py:240} INFO - Done. Returned value was: None
[2024-11-21T05:31:55.950+0000] {taskinstance.py:340} INFO - ::group::Post task execution logs
[2024-11-21T05:31:55.951+0000] {taskinstance.py:352} INFO - Marking task as SUCCESS. dag_id=linkin_park, task_id=save_youtube_data, run_id=scheduled__2024-11-21T00:00:00+00:00, execution_date=20241121T000000, start_date=20241121T053155, end_date=20241121T053155
[2024-11-21T05:31:55.998+0000] {local_task_job_runner.py:266} INFO - Task exited with return code 0
[2024-11-21T05:31:56.032+0000] {taskinstance.py:3895} INFO - 0 downstream tasks scheduled from follow-on schedule check
[2024-11-21T05:31:56.035+0000] {local_task_job_runner.py:245} INFO - ::endgroup::
[2024-11-21T06:20:52.010+0000] {local_task_job_runner.py:123} INFO - ::group::Pre task execution logs
[2024-11-21T06:20:52.042+0000] {taskinstance.py:2613} INFO - Dependencies all met for dep_context=non-requeueable deps ti=<TaskInstance: linkin_park.save_youtube_data scheduled__2024-11-21T00:00:00+00:00 [queued]>
[2024-11-21T06:20:52.060+0000] {taskinstance.py:2613} INFO - Dependencies all met for dep_context=requeueable deps ti=<TaskInstance: linkin_park.save_youtube_data scheduled__2024-11-21T00:00:00+00:00 [queued]>
[2024-11-21T06:20:52.061+0000] {taskinstance.py:2866} INFO - Starting attempt 1 of 1
[2024-11-21T06:20:52.089+0000] {taskinstance.py:2889} INFO - Executing <Task(PythonOperator): save_youtube_data> on 2024-11-21 00:00:00+00:00
[2024-11-21T06:20:52.099+0000] {standard_task_runner.py:72} INFO - Started process 1554 to run task
[2024-11-21T06:20:52.105+0000] {standard_task_runner.py:104} INFO - Running: ['airflow', 'tasks', 'run', 'linkin_park', 'save_youtube_data', 'scheduled__2024-11-21T00:00:00+00:00', '--job-id', '300', '--raw', '--subdir', 'DAGS_FOLDER/linkin_park.py', '--cfg-path', '/tmp/tmpb584owhx']
[2024-11-21T06:20:52.109+0000] {standard_task_runner.py:105} INFO - Job 300: Subtask save_youtube_data
[2024-11-21T06:20:52.141+0000] {logging_mixin.py:190} WARNING - /home/airflow/.local/lib/python3.12/site-packages/airflow/settings.py:209 DeprecationWarning: The sql_alchemy_conn option in [core] has been moved to the sql_alchemy_conn option in [database] - the old setting has been used, but please update your config.
[2024-11-21T06:20:52.200+0000] {task_command.py:467} INFO - Running <TaskInstance: linkin_park.save_youtube_data scheduled__2024-11-21T00:00:00+00:00 [running]> on host 4ed801b530e9
[2024-11-21T06:20:52.204+0000] {logging_mixin.py:190} WARNING - /home/airflow/.local/lib/python3.12/site-packages/airflow/settings.py:470 DeprecationWarning: The sql_alchemy_conn option in [core] has been moved to the sql_alchemy_conn option in [database] - the old setting has been used, but please update your config.
[2024-11-21T06:20:52.334+0000] {taskinstance.py:3132} INFO - Exporting env vars: AIRFLOW_CTX_DAG_OWNER='airflow' AIRFLOW_CTX_DAG_ID='linkin_park' AIRFLOW_CTX_TASK_ID='save_youtube_data' AIRFLOW_CTX_EXECUTION_DATE='2024-11-21T00:00:00+00:00' AIRFLOW_CTX_TRY_NUMBER='1' AIRFLOW_CTX_DAG_RUN_ID='scheduled__2024-11-21T00:00:00+00:00'
[2024-11-21T06:20:52.336+0000] {taskinstance.py:731} INFO - ::endgroup::
[2024-11-21T06:20:52.437+0000] {logging_mixin.py:190} INFO - Successfully connected to MongoDB.
[2024-11-21T06:20:52.449+0000] {logging_mixin.py:190} INFO - Existing data found, moving to historical collection...
[2024-11-21T06:20:52.462+0000] {logging_mixin.py:190} INFO - Existing data moved to historical collection.
[2024-11-21T06:20:52.470+0000] {logging_mixin.py:190} INFO - New data for channel statistics successfully saved to MongoDB.
[2024-11-21T06:20:52.472+0000] {python.py:240} INFO - Done. Returned value was: None
[2024-11-21T06:20:52.484+0000] {taskinstance.py:340} INFO - ::group::Post task execution logs
[2024-11-21T06:20:52.485+0000] {taskinstance.py:352} INFO - Marking task as SUCCESS. dag_id=linkin_park, task_id=save_youtube_data, run_id=scheduled__2024-11-21T00:00:00+00:00, execution_date=20241121T000000, start_date=20241121T062052, end_date=20241121T062052
[2024-11-21T06:20:52.522+0000] {local_task_job_runner.py:266} INFO - Task exited with return code 0
[2024-11-21T06:20:52.549+0000] {taskinstance.py:3895} INFO - 0 downstream tasks scheduled from follow-on schedule check
[2024-11-21T06:20:52.551+0000] {local_task_job_runner.py:245} INFO - ::endgroup::
