[2024-11-21T05:26:55.209+0000] {local_task_job_runner.py:123} INFO - ::group::Pre task execution logs
[2024-11-21T05:26:55.231+0000] {taskinstance.py:2613} INFO - Dependencies all met for dep_context=non-requeueable deps ti=<TaskInstance: 510.fetch_youtube_data scheduled__2024-11-21T00:00:00+00:00 [queued]>
[2024-11-21T05:26:55.249+0000] {taskinstance.py:2613} INFO - Dependencies all met for dep_context=requeueable deps ti=<TaskInstance: 510.fetch_youtube_data scheduled__2024-11-21T00:00:00+00:00 [queued]>
[2024-11-21T05:26:55.250+0000] {taskinstance.py:2866} INFO - Starting attempt 1 of 1
[2024-11-21T05:26:55.287+0000] {taskinstance.py:2889} INFO - Executing <Task(PythonOperator): fetch_youtube_data> on 2024-11-21 00:00:00+00:00
[2024-11-21T05:26:55.297+0000] {standard_task_runner.py:72} INFO - Started process 310 to run task
[2024-11-21T05:26:55.303+0000] {standard_task_runner.py:104} INFO - Running: ['airflow', 'tasks', 'run', '510', 'fetch_youtube_data', 'scheduled__2024-11-21T00:00:00+00:00', '--job-id', '257', '--raw', '--subdir', 'DAGS_FOLDER/510.py', '--cfg-path', '/tmp/tmpoq8franz']
[2024-11-21T05:26:55.307+0000] {standard_task_runner.py:105} INFO - Job 257: Subtask fetch_youtube_data
[2024-11-21T05:26:55.341+0000] {logging_mixin.py:190} WARNING - /home/airflow/.local/lib/python3.12/site-packages/airflow/settings.py:209 DeprecationWarning: The sql_alchemy_conn option in [core] has been moved to the sql_alchemy_conn option in [database] - the old setting has been used, but please update your config.
[2024-11-21T05:26:55.411+0000] {task_command.py:467} INFO - Running <TaskInstance: 510.fetch_youtube_data scheduled__2024-11-21T00:00:00+00:00 [running]> on host 4ed801b530e9
[2024-11-21T05:26:55.420+0000] {logging_mixin.py:190} WARNING - /home/airflow/.local/lib/python3.12/site-packages/airflow/settings.py:470 DeprecationWarning: The sql_alchemy_conn option in [core] has been moved to the sql_alchemy_conn option in [database] - the old setting has been used, but please update your config.
[2024-11-21T05:26:55.704+0000] {taskinstance.py:3132} INFO - Exporting env vars: AIRFLOW_CTX_DAG_OWNER='airflow' AIRFLOW_CTX_DAG_ID='510' AIRFLOW_CTX_TASK_ID='fetch_youtube_data' AIRFLOW_CTX_EXECUTION_DATE='2024-11-21T00:00:00+00:00' AIRFLOW_CTX_TRY_NUMBER='1' AIRFLOW_CTX_DAG_RUN_ID='scheduled__2024-11-21T00:00:00+00:00'
[2024-11-21T05:26:55.711+0000] {taskinstance.py:731} INFO - ::endgroup::
[2024-11-21T05:26:55.800+0000] {logging_mixin.py:190} INFO - Fetching YouTube data...
[2024-11-21T05:26:56.067+0000] {logging_mixin.py:190} INFO - Error: API request failed with status code 429
[2024-11-21T05:26:56.069+0000] {python.py:240} INFO - Done. Returned value was: None
[2024-11-21T05:26:56.087+0000] {taskinstance.py:340} INFO - ::group::Post task execution logs
[2024-11-21T05:26:56.089+0000] {taskinstance.py:352} INFO - Marking task as SUCCESS. dag_id=510, task_id=fetch_youtube_data, run_id=scheduled__2024-11-21T00:00:00+00:00, execution_date=20241121T000000, start_date=20241121T052655, end_date=20241121T052656
[2024-11-21T05:26:56.165+0000] {local_task_job_runner.py:266} INFO - Task exited with return code 0
[2024-11-21T05:26:56.206+0000] {taskinstance.py:3895} INFO - 1 downstream tasks scheduled from follow-on schedule check
[2024-11-21T05:26:56.214+0000] {local_task_job_runner.py:245} INFO - ::endgroup::
