[2024-11-20T18:00:05.860+0000] {local_task_job_runner.py:123} INFO - ::group::Pre task execution logs
[2024-11-20T18:00:05.879+0000] {taskinstance.py:2613} INFO - Dependencies all met for dep_context=non-requeueable deps ti=<TaskInstance: 510.fetch_spotify_data scheduled__2024-11-20T15:00:00+00:00 [queued]>
[2024-11-20T18:00:05.888+0000] {taskinstance.py:2613} INFO - Dependencies all met for dep_context=requeueable deps ti=<TaskInstance: 510.fetch_spotify_data scheduled__2024-11-20T15:00:00+00:00 [queued]>
[2024-11-20T18:00:05.889+0000] {taskinstance.py:2866} INFO - Starting attempt 1 of 1
[2024-11-20T18:00:05.909+0000] {taskinstance.py:2889} INFO - Executing <Task(PythonOperator): fetch_spotify_data> on 2024-11-20 15:00:00+00:00
[2024-11-20T18:00:05.923+0000] {standard_task_runner.py:72} INFO - Started process 209 to run task
[2024-11-20T18:00:05.995+0000] {standard_task_runner.py:104} INFO - Running: ['airflow', 'tasks', 'run', '510', 'fetch_spotify_data', 'scheduled__2024-11-20T15:00:00+00:00', '--job-id', '184', '--raw', '--subdir', 'DAGS_FOLDER/510.py', '--cfg-path', '/tmp/tmpbo3xyxl9']
[2024-11-20T18:00:06.027+0000] {standard_task_runner.py:105} INFO - Job 184: Subtask fetch_spotify_data
[2024-11-20T18:00:06.137+0000] {logging_mixin.py:190} WARNING - /home/airflow/.local/lib/python3.12/site-packages/airflow/settings.py:209 DeprecationWarning: The sql_alchemy_conn option in [core] has been moved to the sql_alchemy_conn option in [database] - the old setting has been used, but please update your config.
[2024-11-20T18:00:06.335+0000] {task_command.py:467} INFO - Running <TaskInstance: 510.fetch_spotify_data scheduled__2024-11-20T15:00:00+00:00 [running]> on host 4ed801b530e9
[2024-11-20T18:00:06.339+0000] {logging_mixin.py:190} WARNING - /home/airflow/.local/lib/python3.12/site-packages/airflow/settings.py:470 DeprecationWarning: The sql_alchemy_conn option in [core] has been moved to the sql_alchemy_conn option in [database] - the old setting has been used, but please update your config.
[2024-11-20T18:00:06.720+0000] {taskinstance.py:3132} INFO - Exporting env vars: AIRFLOW_CTX_DAG_OWNER='airflow' AIRFLOW_CTX_DAG_ID='510' AIRFLOW_CTX_TASK_ID='fetch_spotify_data' AIRFLOW_CTX_EXECUTION_DATE='2024-11-20T15:00:00+00:00' AIRFLOW_CTX_TRY_NUMBER='1' AIRFLOW_CTX_DAG_RUN_ID='scheduled__2024-11-20T15:00:00+00:00'
[2024-11-20T18:00:06.727+0000] {taskinstance.py:731} INFO - ::endgroup::
[2024-11-20T18:00:08.786+0000] {logging_mixin.py:190} INFO - Spotify data saved to 510_spotify.json successfully.
[2024-11-20T18:00:08.787+0000] {python.py:240} INFO - Done. Returned value was: None
[2024-11-20T18:00:08.795+0000] {taskinstance.py:340} INFO - ::group::Post task execution logs
[2024-11-20T18:00:08.795+0000] {taskinstance.py:352} INFO - Marking task as SUCCESS. dag_id=510, task_id=fetch_spotify_data, run_id=scheduled__2024-11-20T15:00:00+00:00, execution_date=20241120T150000, start_date=20241120T180005, end_date=20241120T180008
[2024-11-20T18:00:08.846+0000] {local_task_job_runner.py:266} INFO - Task exited with return code 0
[2024-11-20T18:00:08.865+0000] {taskinstance.py:3895} INFO - 1 downstream tasks scheduled from follow-on schedule check
[2024-11-20T18:00:08.870+0000] {local_task_job_runner.py:245} INFO - ::endgroup::
