[2024-11-21T05:30:18.401+0000] {local_task_job_runner.py:123} INFO - ::group::Pre task execution logs
[2024-11-21T05:30:18.422+0000] {taskinstance.py:2613} INFO - Dependencies all met for dep_context=non-requeueable deps ti=<TaskInstance: bernadya.save_youtube_data scheduled__2024-11-21T00:00:00+00:00 [queued]>
[2024-11-21T05:30:18.436+0000] {taskinstance.py:2613} INFO - Dependencies all met for dep_context=requeueable deps ti=<TaskInstance: bernadya.save_youtube_data scheduled__2024-11-21T00:00:00+00:00 [queued]>
[2024-11-21T05:30:18.438+0000] {taskinstance.py:2866} INFO - Starting attempt 1 of 1
[2024-11-21T05:30:18.467+0000] {taskinstance.py:2889} INFO - Executing <Task(PythonOperator): save_youtube_data> on 2024-11-21 00:00:00+00:00
[2024-11-21T05:30:18.476+0000] {standard_task_runner.py:72} INFO - Started process 556 to run task
[2024-11-21T05:30:18.481+0000] {standard_task_runner.py:104} INFO - Running: ['airflow', 'tasks', 'run', 'bernadya', 'save_youtube_data', 'scheduled__2024-11-21T00:00:00+00:00', '--job-id', '274', '--raw', '--subdir', 'DAGS_FOLDER/bernadya.py', '--cfg-path', '/tmp/tmpeig56nim']
[2024-11-21T05:30:18.485+0000] {standard_task_runner.py:105} INFO - Job 274: Subtask save_youtube_data
[2024-11-21T05:30:18.511+0000] {logging_mixin.py:190} WARNING - /home/airflow/.local/lib/python3.12/site-packages/airflow/settings.py:209 DeprecationWarning: The sql_alchemy_conn option in [core] has been moved to the sql_alchemy_conn option in [database] - the old setting has been used, but please update your config.
[2024-11-21T05:30:18.562+0000] {task_command.py:467} INFO - Running <TaskInstance: bernadya.save_youtube_data scheduled__2024-11-21T00:00:00+00:00 [running]> on host 4ed801b530e9
[2024-11-21T05:30:18.565+0000] {logging_mixin.py:190} WARNING - /home/airflow/.local/lib/python3.12/site-packages/airflow/settings.py:470 DeprecationWarning: The sql_alchemy_conn option in [core] has been moved to the sql_alchemy_conn option in [database] - the old setting has been used, but please update your config.
[2024-11-21T05:30:18.698+0000] {taskinstance.py:3132} INFO - Exporting env vars: AIRFLOW_CTX_DAG_OWNER='airflow' AIRFLOW_CTX_DAG_ID='bernadya' AIRFLOW_CTX_TASK_ID='save_youtube_data' AIRFLOW_CTX_EXECUTION_DATE='2024-11-21T00:00:00+00:00' AIRFLOW_CTX_TRY_NUMBER='1' AIRFLOW_CTX_DAG_RUN_ID='scheduled__2024-11-21T00:00:00+00:00'
[2024-11-21T05:30:18.700+0000] {taskinstance.py:731} INFO - ::endgroup::
[2024-11-21T05:30:18.793+0000] {logging_mixin.py:190} INFO - Successfully connected to MongoDB.
[2024-11-21T05:30:18.807+0000] {logging_mixin.py:190} INFO - Existing data found, moving to historical collection...
[2024-11-21T05:30:18.820+0000] {logging_mixin.py:190} INFO - Existing data moved to historical collection.
[2024-11-21T05:30:18.826+0000] {logging_mixin.py:190} INFO - New data for channel statistics successfully saved to MongoDB.
[2024-11-21T05:30:18.827+0000] {python.py:240} INFO - Done. Returned value was: None
[2024-11-21T05:30:18.839+0000] {taskinstance.py:340} INFO - ::group::Post task execution logs
[2024-11-21T05:30:18.840+0000] {taskinstance.py:352} INFO - Marking task as SUCCESS. dag_id=bernadya, task_id=save_youtube_data, run_id=scheduled__2024-11-21T00:00:00+00:00, execution_date=20241121T000000, start_date=20241121T053018, end_date=20241121T053018
[2024-11-21T05:30:18.898+0000] {local_task_job_runner.py:266} INFO - Task exited with return code 0
[2024-11-21T05:30:18.920+0000] {taskinstance.py:3895} INFO - 0 downstream tasks scheduled from follow-on schedule check
[2024-11-21T05:30:18.922+0000] {local_task_job_runner.py:245} INFO - ::endgroup::
