[2024-11-20T21:00:06.925+0000] {local_task_job_runner.py:123} INFO - ::group::Pre task execution logs
[2024-11-20T21:00:06.939+0000] {taskinstance.py:2613} INFO - Dependencies all met for dep_context=non-requeueable deps ti=<TaskInstance: 510.fetch_spotify_data scheduled__2024-11-20T18:00:00+00:00 [queued]>
[2024-11-20T21:00:06.947+0000] {taskinstance.py:2613} INFO - Dependencies all met for dep_context=requeueable deps ti=<TaskInstance: 510.fetch_spotify_data scheduled__2024-11-20T18:00:00+00:00 [queued]>
[2024-11-20T21:00:06.948+0000] {taskinstance.py:2866} INFO - Starting attempt 1 of 1
[2024-11-20T21:00:06.969+0000] {taskinstance.py:2889} INFO - Executing <Task(PythonOperator): fetch_spotify_data> on 2024-11-20 18:00:00+00:00
[2024-11-20T21:00:06.978+0000] {standard_task_runner.py:72} INFO - Started process 3405 to run task
[2024-11-20T21:00:07.000+0000] {standard_task_runner.py:104} INFO - Running: ['airflow', 'tasks', 'run', '510', 'fetch_spotify_data', 'scheduled__2024-11-20T18:00:00+00:00', '--job-id', '216', '--raw', '--subdir', 'DAGS_FOLDER/510.py', '--cfg-path', '/tmp/tmpc11a8n5p']
[2024-11-20T21:00:07.007+0000] {standard_task_runner.py:105} INFO - Job 216: Subtask fetch_spotify_data
[2024-11-20T21:00:07.055+0000] {logging_mixin.py:190} WARNING - /home/airflow/.local/lib/python3.12/site-packages/airflow/settings.py:209 DeprecationWarning: The sql_alchemy_conn option in [core] has been moved to the sql_alchemy_conn option in [database] - the old setting has been used, but please update your config.
[2024-11-20T21:00:07.126+0000] {task_command.py:467} INFO - Running <TaskInstance: 510.fetch_spotify_data scheduled__2024-11-20T18:00:00+00:00 [running]> on host 4ed801b530e9
[2024-11-20T21:00:07.128+0000] {logging_mixin.py:190} WARNING - /home/airflow/.local/lib/python3.12/site-packages/airflow/settings.py:470 DeprecationWarning: The sql_alchemy_conn option in [core] has been moved to the sql_alchemy_conn option in [database] - the old setting has been used, but please update your config.
[2024-11-20T21:00:07.512+0000] {taskinstance.py:3132} INFO - Exporting env vars: AIRFLOW_CTX_DAG_OWNER='airflow' AIRFLOW_CTX_DAG_ID='510' AIRFLOW_CTX_TASK_ID='fetch_spotify_data' AIRFLOW_CTX_EXECUTION_DATE='2024-11-20T18:00:00+00:00' AIRFLOW_CTX_TRY_NUMBER='1' AIRFLOW_CTX_DAG_RUN_ID='scheduled__2024-11-20T18:00:00+00:00'
[2024-11-20T21:00:07.518+0000] {taskinstance.py:731} INFO - ::endgroup::
[2024-11-20T21:00:11.858+0000] {logging_mixin.py:190} INFO - Spotify data saved to 510_spotify.json successfully.
[2024-11-20T21:00:11.861+0000] {python.py:240} INFO - Done. Returned value was: None
[2024-11-20T21:00:11.870+0000] {taskinstance.py:340} INFO - ::group::Post task execution logs
[2024-11-20T21:00:11.871+0000] {taskinstance.py:352} INFO - Marking task as SUCCESS. dag_id=510, task_id=fetch_spotify_data, run_id=scheduled__2024-11-20T18:00:00+00:00, execution_date=20241120T180000, start_date=20241120T210006, end_date=20241120T210011
[2024-11-20T21:00:11.920+0000] {local_task_job_runner.py:266} INFO - Task exited with return code 0
[2024-11-20T21:00:11.941+0000] {taskinstance.py:3895} INFO - 1 downstream tasks scheduled from follow-on schedule check
[2024-11-20T21:00:11.944+0000] {local_task_job_runner.py:245} INFO - ::endgroup::
