[2024-11-22T14:16:22.285+0000] {local_task_job_runner.py:123} INFO - ::group::Pre task execution logs
[2024-11-22T14:16:22.294+0000] {taskinstance.py:2613} INFO - Dependencies all met for dep_context=non-requeueable deps ti=<TaskInstance: bmth.upsert_spotify_data scheduled__2024-11-22T00:00:00+00:00 [queued]>
[2024-11-22T14:16:22.300+0000] {taskinstance.py:2613} INFO - Dependencies all met for dep_context=requeueable deps ti=<TaskInstance: bmth.upsert_spotify_data scheduled__2024-11-22T00:00:00+00:00 [queued]>
[2024-11-22T14:16:22.301+0000] {taskinstance.py:2866} INFO - Starting attempt 1 of 1
[2024-11-22T14:16:22.315+0000] {taskinstance.py:2889} INFO - Executing <Task(PythonOperator): upsert_spotify_data> on 2024-11-22 00:00:00+00:00
[2024-11-22T14:16:22.319+0000] {standard_task_runner.py:72} INFO - Started process 242 to run task
[2024-11-22T14:16:22.321+0000] {standard_task_runner.py:104} INFO - Running: ['airflow', 'tasks', 'run', 'bmth', 'upsert_spotify_data', 'scheduled__2024-11-22T00:00:00+00:00', '--job-id', '322', '--raw', '--subdir', 'DAGS_FOLDER/bmth.py', '--cfg-path', '/tmp/tmpw_pmjfsu']
[2024-11-22T14:16:22.323+0000] {standard_task_runner.py:105} INFO - Job 322: Subtask upsert_spotify_data
[2024-11-22T14:16:22.337+0000] {logging_mixin.py:190} WARNING - /home/airflow/.local/lib/python3.12/site-packages/airflow/settings.py:209 DeprecationWarning: The sql_alchemy_conn option in [core] has been moved to the sql_alchemy_conn option in [database] - the old setting has been used, but please update your config.
[2024-11-22T14:16:22.361+0000] {task_command.py:467} INFO - Running <TaskInstance: bmth.upsert_spotify_data scheduled__2024-11-22T00:00:00+00:00 [running]> on host a87f321d68a4
[2024-11-22T14:16:22.363+0000] {logging_mixin.py:190} WARNING - /home/airflow/.local/lib/python3.12/site-packages/airflow/settings.py:470 DeprecationWarning: The sql_alchemy_conn option in [core] has been moved to the sql_alchemy_conn option in [database] - the old setting has been used, but please update your config.
[2024-11-22T14:16:22.427+0000] {taskinstance.py:3132} INFO - Exporting env vars: AIRFLOW_CTX_DAG_OWNER='airflow' AIRFLOW_CTX_DAG_ID='bmth' AIRFLOW_CTX_TASK_ID='upsert_spotify_data' AIRFLOW_CTX_EXECUTION_DATE='2024-11-22T00:00:00+00:00' AIRFLOW_CTX_TRY_NUMBER='1' AIRFLOW_CTX_DAG_RUN_ID='scheduled__2024-11-22T00:00:00+00:00'
[2024-11-22T14:16:22.428+0000] {taskinstance.py:731} INFO - ::endgroup::
[2024-11-22T14:16:22.478+0000] {logging_mixin.py:190} INFO - Data artis berhasil diupdate.
[2024-11-22T14:16:22.483+0000] {logging_mixin.py:190} INFO - Data kota Jakarta berhasil diupdate.
[2024-11-22T14:16:22.484+0000] {logging_mixin.py:190} INFO - Data kota São Paulo berhasil diupdate.
[2024-11-22T14:16:22.485+0000] {logging_mixin.py:190} INFO - Data kota London berhasil diupdate.
[2024-11-22T14:16:22.487+0000] {logging_mixin.py:190} INFO - Data kota Sydney berhasil diupdate.
[2024-11-22T14:16:22.488+0000] {logging_mixin.py:190} INFO - Data kota Melbourne berhasil diupdate.
[2024-11-22T14:16:22.491+0000] {logging_mixin.py:190} INFO - Track Throne berhasil diupdate.
[2024-11-22T14:16:22.492+0000] {logging_mixin.py:190} INFO - Track Can You Feel My Heart berhasil diupdate.
[2024-11-22T14:16:22.493+0000] {logging_mixin.py:190} INFO - Track Kingslayer (feat. BABYMETAL) berhasil diupdate.
[2024-11-22T14:16:22.494+0000] {logging_mixin.py:190} INFO - Track DArkSide berhasil diupdate.
[2024-11-22T14:16:22.495+0000] {logging_mixin.py:190} INFO - Track Drown berhasil diupdate.
[2024-11-22T14:16:22.496+0000] {logging_mixin.py:190} INFO - Track Kool-Aid berhasil diupdate.
[2024-11-22T14:16:22.498+0000] {logging_mixin.py:190} INFO - Track Sleepwalking berhasil diupdate.
[2024-11-22T14:16:22.499+0000] {logging_mixin.py:190} INFO - Track maybe (feat. Bring Me The Horizon) berhasil diupdate.
[2024-11-22T14:16:22.499+0000] {logging_mixin.py:190} INFO - Track LosT berhasil diupdate.
[2024-11-22T14:16:22.500+0000] {logging_mixin.py:190} INFO - Track Top 10 staTues tHat CriEd bloOd berhasil diupdate.
[2024-11-22T14:16:22.504+0000] {python.py:240} INFO - Done. Returned value was: None
[2024-11-22T14:16:22.509+0000] {taskinstance.py:340} INFO - ::group::Post task execution logs
[2024-11-22T14:16:22.510+0000] {taskinstance.py:352} INFO - Marking task as SUCCESS. dag_id=bmth, task_id=upsert_spotify_data, run_id=scheduled__2024-11-22T00:00:00+00:00, execution_date=20241122T000000, start_date=20241122T141622, end_date=20241122T141622
[2024-11-22T14:16:22.535+0000] {local_task_job_runner.py:266} INFO - Task exited with return code 0
[2024-11-22T14:16:22.545+0000] {taskinstance.py:3895} INFO - 0 downstream tasks scheduled from follow-on schedule check
[2024-11-22T14:16:22.546+0000] {local_task_job_runner.py:245} INFO - ::endgroup::
