[2024-11-19T04:59:57.002+0000] {local_task_job_runner.py:123} INFO - ::group::Pre task execution logs
[2024-11-19T04:59:57.026+0000] {taskinstance.py:2613} INFO - Dependencies all met for dep_context=non-requeueable deps ti=<TaskInstance: spotify_youtube_data_pipeline.save_youtube_data scheduled__2024-11-18T12:00:00+00:00 [queued]>
[2024-11-19T04:59:57.042+0000] {taskinstance.py:2613} INFO - Dependencies all met for dep_context=requeueable deps ti=<TaskInstance: spotify_youtube_data_pipeline.save_youtube_data scheduled__2024-11-18T12:00:00+00:00 [queued]>
[2024-11-19T04:59:57.043+0000] {taskinstance.py:2866} INFO - Starting attempt 1 of 1
[2024-11-19T04:59:57.076+0000] {taskinstance.py:2889} INFO - Executing <Task(PythonOperator): save_youtube_data> on 2024-11-18 12:00:00+00:00
[2024-11-19T04:59:57.088+0000] {standard_task_runner.py:72} INFO - Started process 97 to run task
[2024-11-19T04:59:57.116+0000] {standard_task_runner.py:104} INFO - Running: ['airflow', 'tasks', 'run', 'spotify_youtube_data_pipeline', 'save_youtube_data', 'scheduled__2024-11-18T12:00:00+00:00', '--job-id', '36', '--raw', '--subdir', 'DAGS_FOLDER/dag.py', '--cfg-path', '/tmp/tmp7qa145lz']
[2024-11-19T04:59:57.131+0000] {standard_task_runner.py:105} INFO - Job 36: Subtask save_youtube_data
[2024-11-19T04:59:57.229+0000] {logging_mixin.py:190} WARNING - /home/airflow/.local/lib/python3.12/site-packages/airflow/settings.py:209 DeprecationWarning: The sql_alchemy_conn option in [core] has been moved to the sql_alchemy_conn option in [database] - the old setting has been used, but please update your config.
[2024-11-19T04:59:57.391+0000] {task_command.py:467} INFO - Running <TaskInstance: spotify_youtube_data_pipeline.save_youtube_data scheduled__2024-11-18T12:00:00+00:00 [running]> on host a65554b7e6d9
[2024-11-19T04:59:57.400+0000] {logging_mixin.py:190} WARNING - /home/airflow/.local/lib/python3.12/site-packages/airflow/settings.py:470 DeprecationWarning: The sql_alchemy_conn option in [core] has been moved to the sql_alchemy_conn option in [database] - the old setting has been used, but please update your config.
[2024-11-19T04:59:57.649+0000] {taskinstance.py:3132} INFO - Exporting env vars: AIRFLOW_CTX_DAG_OWNER='airflow' AIRFLOW_CTX_DAG_ID='spotify_youtube_data_pipeline' AIRFLOW_CTX_TASK_ID='save_youtube_data' AIRFLOW_CTX_EXECUTION_DATE='2024-11-18T12:00:00+00:00' AIRFLOW_CTX_TRY_NUMBER='1' AIRFLOW_CTX_DAG_RUN_ID='scheduled__2024-11-18T12:00:00+00:00'
[2024-11-19T04:59:57.655+0000] {taskinstance.py:731} INFO - ::endgroup::
[2024-11-19T04:59:58.028+0000] {logging_mixin.py:190} INFO - Successfully connected to MongoDB.
[2024-11-19T04:59:58.097+0000] {logging_mixin.py:190} INFO - Existing data found, moving to historical collection...
[2024-11-19T04:59:58.128+0000] {logging_mixin.py:190} INFO - Existing data moved to historical collection.
[2024-11-19T04:59:58.138+0000] {logging_mixin.py:190} INFO - New data for channel statistics successfully saved to MongoDB.
[2024-11-19T04:59:58.140+0000] {python.py:240} INFO - Done. Returned value was: None
[2024-11-19T04:59:58.155+0000] {taskinstance.py:340} INFO - ::group::Post task execution logs
[2024-11-19T04:59:58.156+0000] {taskinstance.py:352} INFO - Marking task as SUCCESS. dag_id=spotify_youtube_data_pipeline, task_id=save_youtube_data, run_id=scheduled__2024-11-18T12:00:00+00:00, execution_date=20241118T120000, start_date=20241119T045957, end_date=20241119T045958
[2024-11-19T04:59:58.214+0000] {local_task_job_runner.py:266} INFO - Task exited with return code 0
[2024-11-19T04:59:58.243+0000] {taskinstance.py:3895} INFO - 0 downstream tasks scheduled from follow-on schedule check
[2024-11-19T04:59:58.246+0000] {local_task_job_runner.py:245} INFO - ::endgroup::
