[2024-11-20T18:02:24.949+0000] {local_task_job_runner.py:123} INFO - ::group::Pre task execution logs
[2024-11-20T18:02:24.960+0000] {taskinstance.py:2613} INFO - Dependencies all met for dep_context=non-requeueable deps ti=<TaskInstance: taylor_swift.upsert_spotify_data scheduled__2024-11-20T15:00:00+00:00 [queued]>
[2024-11-20T18:02:24.967+0000] {taskinstance.py:2613} INFO - Dependencies all met for dep_context=requeueable deps ti=<TaskInstance: taylor_swift.upsert_spotify_data scheduled__2024-11-20T15:00:00+00:00 [queued]>
[2024-11-20T18:02:24.967+0000] {taskinstance.py:2866} INFO - Starting attempt 1 of 1
[2024-11-20T18:02:24.982+0000] {taskinstance.py:2889} INFO - Executing <Task(PythonOperator): upsert_spotify_data> on 2024-11-20 15:00:00+00:00
[2024-11-20T18:02:24.987+0000] {standard_task_runner.py:72} INFO - Started process 613 to run task
[2024-11-20T18:02:24.990+0000] {standard_task_runner.py:104} INFO - Running: ['airflow', 'tasks', 'run', 'taylor_swift', 'upsert_spotify_data', 'scheduled__2024-11-20T15:00:00+00:00', '--job-id', '215', '--raw', '--subdir', 'DAGS_FOLDER/taylor_swift.py', '--cfg-path', '/tmp/tmpvn28n1sh']
[2024-11-20T18:02:24.992+0000] {standard_task_runner.py:105} INFO - Job 215: Subtask upsert_spotify_data
[2024-11-20T18:02:25.006+0000] {logging_mixin.py:190} WARNING - /home/airflow/.local/lib/python3.12/site-packages/airflow/settings.py:209 DeprecationWarning: The sql_alchemy_conn option in [core] has been moved to the sql_alchemy_conn option in [database] - the old setting has been used, but please update your config.
[2024-11-20T18:02:25.030+0000] {task_command.py:467} INFO - Running <TaskInstance: taylor_swift.upsert_spotify_data scheduled__2024-11-20T15:00:00+00:00 [running]> on host 4ed801b530e9
[2024-11-20T18:02:25.032+0000] {logging_mixin.py:190} WARNING - /home/airflow/.local/lib/python3.12/site-packages/airflow/settings.py:470 DeprecationWarning: The sql_alchemy_conn option in [core] has been moved to the sql_alchemy_conn option in [database] - the old setting has been used, but please update your config.
[2024-11-20T18:02:25.093+0000] {taskinstance.py:3132} INFO - Exporting env vars: AIRFLOW_CTX_DAG_OWNER='airflow' AIRFLOW_CTX_DAG_ID='taylor_swift' AIRFLOW_CTX_TASK_ID='upsert_spotify_data' AIRFLOW_CTX_EXECUTION_DATE='2024-11-20T15:00:00+00:00' AIRFLOW_CTX_TRY_NUMBER='1' AIRFLOW_CTX_DAG_RUN_ID='scheduled__2024-11-20T15:00:00+00:00'
[2024-11-20T18:02:25.094+0000] {taskinstance.py:731} INFO - ::endgroup::
[2024-11-20T18:02:25.145+0000] {logging_mixin.py:190} INFO - Data artis berhasil diupdate.
[2024-11-20T18:02:25.149+0000] {logging_mixin.py:190} INFO - Data kota Jakarta berhasil diupdate.
[2024-11-20T18:02:25.150+0000] {logging_mixin.py:190} INFO - Data kota London berhasil diupdate.
[2024-11-20T18:02:25.151+0000] {logging_mixin.py:190} INFO - Data kota Sydney berhasil diupdate.
[2024-11-20T18:02:25.152+0000] {logging_mixin.py:190} INFO - Data kota Quezon City berhasil diupdate.
[2024-11-20T18:02:25.153+0000] {logging_mixin.py:190} INFO - Data kota Melbourne berhasil diupdate.
[2024-11-20T18:02:25.156+0000] {logging_mixin.py:190} INFO - Track Cruel Summer berhasil diupdate.
[2024-11-20T18:02:25.157+0000] {logging_mixin.py:190} INFO - Track Fortnight (feat. Post Malone) berhasil diupdate.
[2024-11-20T18:02:25.158+0000] {logging_mixin.py:190} INFO - Track I Can Do It With a Broken Heart berhasil diupdate.
[2024-11-20T18:02:25.158+0000] {logging_mixin.py:190} INFO - Track august berhasil diupdate.
[2024-11-20T18:02:25.159+0000] {logging_mixin.py:190} INFO - Track cardigan berhasil diupdate.
[2024-11-20T18:02:25.160+0000] {logging_mixin.py:190} INFO - Track Lover berhasil diupdate.
[2024-11-20T18:02:25.160+0000] {logging_mixin.py:190} INFO - Track Don’t Blame Me berhasil diupdate.
[2024-11-20T18:02:25.161+0000] {logging_mixin.py:190} INFO - Track Anti-Hero berhasil diupdate.
[2024-11-20T18:02:25.162+0000] {logging_mixin.py:190} INFO - Track Blank Space berhasil diupdate.
[2024-11-20T18:02:25.163+0000] {logging_mixin.py:190} INFO - Track Guilty as Sin? berhasil diupdate.
[2024-11-20T18:02:25.166+0000] {python.py:240} INFO - Done. Returned value was: None
[2024-11-20T18:02:25.172+0000] {taskinstance.py:340} INFO - ::group::Post task execution logs
[2024-11-20T18:02:25.172+0000] {taskinstance.py:352} INFO - Marking task as SUCCESS. dag_id=taylor_swift, task_id=upsert_spotify_data, run_id=scheduled__2024-11-20T15:00:00+00:00, execution_date=20241120T150000, start_date=20241120T180224, end_date=20241120T180225
[2024-11-20T18:02:25.204+0000] {local_task_job_runner.py:266} INFO - Task exited with return code 0
[2024-11-20T18:02:25.215+0000] {taskinstance.py:3895} INFO - 0 downstream tasks scheduled from follow-on schedule check
[2024-11-20T18:02:25.216+0000] {local_task_job_runner.py:245} INFO - ::endgroup::
