[2024-11-20T21:01:02.733+0000] {local_task_job_runner.py:123} INFO - ::group::Pre task execution logs
[2024-11-20T21:01:02.742+0000] {taskinstance.py:2613} INFO - Dependencies all met for dep_context=non-requeueable deps ti=<TaskInstance: juicy_luicy.fetch_spotify_data scheduled__2024-11-20T18:00:00+00:00 [queued]>
[2024-11-20T21:01:02.748+0000] {taskinstance.py:2613} INFO - Dependencies all met for dep_context=requeueable deps ti=<TaskInstance: juicy_luicy.fetch_spotify_data scheduled__2024-11-20T18:00:00+00:00 [queued]>
[2024-11-20T21:01:02.749+0000] {taskinstance.py:2866} INFO - Starting attempt 1 of 1
[2024-11-20T21:01:02.763+0000] {taskinstance.py:2889} INFO - Executing <Task(PythonOperator): fetch_spotify_data> on 2024-11-20 18:00:00+00:00
[2024-11-20T21:01:02.770+0000] {standard_task_runner.py:72} INFO - Started process 3531 to run task
[2024-11-20T21:01:02.773+0000] {standard_task_runner.py:104} INFO - Running: ['airflow', 'tasks', 'run', 'juicy_luicy', 'fetch_spotify_data', 'scheduled__2024-11-20T18:00:00+00:00', '--job-id', '226', '--raw', '--subdir', 'DAGS_FOLDER/juicy_luicy.py', '--cfg-path', '/tmp/tmp64vdgjcm']
[2024-11-20T21:01:02.775+0000] {standard_task_runner.py:105} INFO - Job 226: Subtask fetch_spotify_data
[2024-11-20T21:01:02.790+0000] {logging_mixin.py:190} WARNING - /home/airflow/.local/lib/python3.12/site-packages/airflow/settings.py:209 DeprecationWarning: The sql_alchemy_conn option in [core] has been moved to the sql_alchemy_conn option in [database] - the old setting has been used, but please update your config.
[2024-11-20T21:01:02.815+0000] {task_command.py:467} INFO - Running <TaskInstance: juicy_luicy.fetch_spotify_data scheduled__2024-11-20T18:00:00+00:00 [running]> on host 4ed801b530e9
[2024-11-20T21:01:02.817+0000] {logging_mixin.py:190} WARNING - /home/airflow/.local/lib/python3.12/site-packages/airflow/settings.py:470 DeprecationWarning: The sql_alchemy_conn option in [core] has been moved to the sql_alchemy_conn option in [database] - the old setting has been used, but please update your config.
[2024-11-20T21:01:02.883+0000] {taskinstance.py:3132} INFO - Exporting env vars: AIRFLOW_CTX_DAG_OWNER='airflow' AIRFLOW_CTX_DAG_ID='juicy_luicy' AIRFLOW_CTX_TASK_ID='fetch_spotify_data' AIRFLOW_CTX_EXECUTION_DATE='2024-11-20T18:00:00+00:00' AIRFLOW_CTX_TRY_NUMBER='1' AIRFLOW_CTX_DAG_RUN_ID='scheduled__2024-11-20T18:00:00+00:00'
[2024-11-20T21:01:02.884+0000] {taskinstance.py:731} INFO - ::endgroup::
[2024-11-20T21:01:04.794+0000] {logging_mixin.py:190} INFO - Spotify data saved to juicy_luicy_spotify.json successfully.
[2024-11-20T21:01:04.795+0000] {python.py:240} INFO - Done. Returned value was: None
[2024-11-20T21:01:04.800+0000] {taskinstance.py:340} INFO - ::group::Post task execution logs
[2024-11-20T21:01:04.800+0000] {taskinstance.py:352} INFO - Marking task as SUCCESS. dag_id=juicy_luicy, task_id=fetch_spotify_data, run_id=scheduled__2024-11-20T18:00:00+00:00, execution_date=20241120T180000, start_date=20241120T210102, end_date=20241120T210104
[2024-11-20T21:01:04.838+0000] {local_task_job_runner.py:266} INFO - Task exited with return code 0
[2024-11-20T21:01:04.856+0000] {taskinstance.py:3895} INFO - 1 downstream tasks scheduled from follow-on schedule check
[2024-11-20T21:01:04.859+0000] {local_task_job_runner.py:245} INFO - ::endgroup::
