[2024-11-20T21:00:20.274+0000] {local_task_job_runner.py:123} INFO - ::group::Pre task execution logs
[2024-11-20T21:00:20.284+0000] {taskinstance.py:2613} INFO - Dependencies all met for dep_context=non-requeueable deps ti=<TaskInstance: bernadya.fetch_spotify_data scheduled__2024-11-20T18:00:00+00:00 [queued]>
[2024-11-20T21:00:20.290+0000] {taskinstance.py:2613} INFO - Dependencies all met for dep_context=requeueable deps ti=<TaskInstance: bernadya.fetch_spotify_data scheduled__2024-11-20T18:00:00+00:00 [queued]>
[2024-11-20T21:00:20.291+0000] {taskinstance.py:2866} INFO - Starting attempt 1 of 1
[2024-11-20T21:00:20.304+0000] {taskinstance.py:2889} INFO - Executing <Task(PythonOperator): fetch_spotify_data> on 2024-11-20 18:00:00+00:00
[2024-11-20T21:00:20.308+0000] {standard_task_runner.py:72} INFO - Started process 3427 to run task
[2024-11-20T21:00:20.313+0000] {standard_task_runner.py:104} INFO - Running: ['airflow', 'tasks', 'run', 'bernadya', 'fetch_spotify_data', 'scheduled__2024-11-20T18:00:00+00:00', '--job-id', '218', '--raw', '--subdir', 'DAGS_FOLDER/bernadya.py', '--cfg-path', '/tmp/tmpopdxwcqb']
[2024-11-20T21:00:20.315+0000] {standard_task_runner.py:105} INFO - Job 218: Subtask fetch_spotify_data
[2024-11-20T21:00:20.327+0000] {logging_mixin.py:190} WARNING - /home/airflow/.local/lib/python3.12/site-packages/airflow/settings.py:209 DeprecationWarning: The sql_alchemy_conn option in [core] has been moved to the sql_alchemy_conn option in [database] - the old setting has been used, but please update your config.
[2024-11-20T21:00:20.350+0000] {task_command.py:467} INFO - Running <TaskInstance: bernadya.fetch_spotify_data scheduled__2024-11-20T18:00:00+00:00 [running]> on host 4ed801b530e9
[2024-11-20T21:00:20.352+0000] {logging_mixin.py:190} WARNING - /home/airflow/.local/lib/python3.12/site-packages/airflow/settings.py:470 DeprecationWarning: The sql_alchemy_conn option in [core] has been moved to the sql_alchemy_conn option in [database] - the old setting has been used, but please update your config.
[2024-11-20T21:00:20.409+0000] {taskinstance.py:3132} INFO - Exporting env vars: AIRFLOW_CTX_DAG_OWNER='airflow' AIRFLOW_CTX_DAG_ID='bernadya' AIRFLOW_CTX_TASK_ID='fetch_spotify_data' AIRFLOW_CTX_EXECUTION_DATE='2024-11-20T18:00:00+00:00' AIRFLOW_CTX_TRY_NUMBER='1' AIRFLOW_CTX_DAG_RUN_ID='scheduled__2024-11-20T18:00:00+00:00'
[2024-11-20T21:00:20.410+0000] {taskinstance.py:731} INFO - ::endgroup::
[2024-11-20T21:00:22.945+0000] {logging_mixin.py:190} INFO - Spotify data saved to bernadya_spotify.json successfully.
[2024-11-20T21:00:22.946+0000] {python.py:240} INFO - Done. Returned value was: None
[2024-11-20T21:00:22.951+0000] {taskinstance.py:340} INFO - ::group::Post task execution logs
[2024-11-20T21:00:22.951+0000] {taskinstance.py:352} INFO - Marking task as SUCCESS. dag_id=bernadya, task_id=fetch_spotify_data, run_id=scheduled__2024-11-20T18:00:00+00:00, execution_date=20241120T180000, start_date=20241120T210020, end_date=20241120T210022
[2024-11-20T21:00:22.975+0000] {local_task_job_runner.py:266} INFO - Task exited with return code 0
[2024-11-20T21:00:22.991+0000] {taskinstance.py:3895} INFO - 1 downstream tasks scheduled from follow-on schedule check
[2024-11-20T21:00:22.996+0000] {local_task_job_runner.py:245} INFO - ::endgroup::
