[2024-11-22T14:16:30.413+0000] {local_task_job_runner.py:123} INFO - ::group::Pre task execution logs
[2024-11-22T14:16:30.423+0000] {taskinstance.py:2613} INFO - Dependencies all met for dep_context=non-requeueable deps ti=<TaskInstance: bruno_mars.upsert_spotify_data scheduled__2024-11-22T00:00:00+00:00 [queued]>
[2024-11-22T14:16:30.431+0000] {taskinstance.py:2613} INFO - Dependencies all met for dep_context=requeueable deps ti=<TaskInstance: bruno_mars.upsert_spotify_data scheduled__2024-11-22T00:00:00+00:00 [queued]>
[2024-11-22T14:16:30.432+0000] {taskinstance.py:2866} INFO - Starting attempt 1 of 1
[2024-11-22T14:16:30.446+0000] {taskinstance.py:2889} INFO - Executing <Task(PythonOperator): upsert_spotify_data> on 2024-11-22 00:00:00+00:00
[2024-11-22T14:16:30.450+0000] {standard_task_runner.py:72} INFO - Started process 267 to run task
[2024-11-22T14:16:30.453+0000] {standard_task_runner.py:104} INFO - Running: ['airflow', 'tasks', 'run', 'bruno_mars', 'upsert_spotify_data', 'scheduled__2024-11-22T00:00:00+00:00', '--job-id', '324', '--raw', '--subdir', 'DAGS_FOLDER/bruno_mars.py', '--cfg-path', '/tmp/tmp4ot5p64i']
[2024-11-22T14:16:30.454+0000] {standard_task_runner.py:105} INFO - Job 324: Subtask upsert_spotify_data
[2024-11-22T14:16:30.468+0000] {logging_mixin.py:190} WARNING - /home/airflow/.local/lib/python3.12/site-packages/airflow/settings.py:209 DeprecationWarning: The sql_alchemy_conn option in [core] has been moved to the sql_alchemy_conn option in [database] - the old setting has been used, but please update your config.
[2024-11-22T14:16:30.493+0000] {task_command.py:467} INFO - Running <TaskInstance: bruno_mars.upsert_spotify_data scheduled__2024-11-22T00:00:00+00:00 [running]> on host a87f321d68a4
[2024-11-22T14:16:30.495+0000] {logging_mixin.py:190} WARNING - /home/airflow/.local/lib/python3.12/site-packages/airflow/settings.py:470 DeprecationWarning: The sql_alchemy_conn option in [core] has been moved to the sql_alchemy_conn option in [database] - the old setting has been used, but please update your config.
[2024-11-22T14:16:30.559+0000] {taskinstance.py:3132} INFO - Exporting env vars: AIRFLOW_CTX_DAG_OWNER='airflow' AIRFLOW_CTX_DAG_ID='bruno_mars' AIRFLOW_CTX_TASK_ID='upsert_spotify_data' AIRFLOW_CTX_EXECUTION_DATE='2024-11-22T00:00:00+00:00' AIRFLOW_CTX_TRY_NUMBER='1' AIRFLOW_CTX_DAG_RUN_ID='scheduled__2024-11-22T00:00:00+00:00'
[2024-11-22T14:16:30.559+0000] {taskinstance.py:731} INFO - ::endgroup::
[2024-11-22T14:16:30.614+0000] {logging_mixin.py:190} INFO - Data artis berhasil diupdate.
[2024-11-22T14:16:30.619+0000] {logging_mixin.py:190} INFO - Data kota Jakarta berhasil diupdate.
[2024-11-22T14:16:30.620+0000] {logging_mixin.py:190} INFO - Data kota São Paulo berhasil diupdate.
[2024-11-22T14:16:30.622+0000] {logging_mixin.py:190} INFO - Data kota Quezon City berhasil diupdate.
[2024-11-22T14:16:30.625+0000] {logging_mixin.py:190} INFO - Data kota Santiago berhasil diupdate.
[2024-11-22T14:16:30.626+0000] {logging_mixin.py:190} INFO - Data kota Bandung berhasil diupdate.
[2024-11-22T14:16:30.632+0000] {logging_mixin.py:190} INFO - Track Die With A Smile berhasil diupdate.
[2024-11-22T14:16:30.633+0000] {logging_mixin.py:190} INFO - Track APT. berhasil diupdate.
[2024-11-22T14:16:30.634+0000] {logging_mixin.py:190} INFO - Track Locked out of Heaven berhasil diupdate.
[2024-11-22T14:16:30.636+0000] {logging_mixin.py:190} INFO - Track Just the Way You Are berhasil diupdate.
[2024-11-22T14:16:30.637+0000] {logging_mixin.py:190} INFO - Track That's What I Like berhasil diupdate.
[2024-11-22T14:16:30.638+0000] {logging_mixin.py:190} INFO - Track When I Was Your Man berhasil diupdate.
[2024-11-22T14:16:30.639+0000] {logging_mixin.py:190} INFO - Track It Will Rain berhasil diupdate.
[2024-11-22T14:16:30.640+0000] {logging_mixin.py:190} INFO - Track Grenade berhasil diupdate.
[2024-11-22T14:16:30.640+0000] {logging_mixin.py:190} INFO - Track Talking to the Moon berhasil diupdate.
[2024-11-22T14:16:30.642+0000] {logging_mixin.py:190} INFO - Track Marry You berhasil diupdate.
[2024-11-22T14:16:30.647+0000] {python.py:240} INFO - Done. Returned value was: None
[2024-11-22T14:16:30.654+0000] {taskinstance.py:340} INFO - ::group::Post task execution logs
[2024-11-22T14:16:30.654+0000] {taskinstance.py:352} INFO - Marking task as SUCCESS. dag_id=bruno_mars, task_id=upsert_spotify_data, run_id=scheduled__2024-11-22T00:00:00+00:00, execution_date=20241122T000000, start_date=20241122T141630, end_date=20241122T141630
[2024-11-22T14:16:30.706+0000] {local_task_job_runner.py:266} INFO - Task exited with return code 0
[2024-11-22T14:16:30.716+0000] {taskinstance.py:3895} INFO - 0 downstream tasks scheduled from follow-on schedule check
[2024-11-22T14:16:30.717+0000] {local_task_job_runner.py:245} INFO - ::endgroup::
