[2024-11-22T16:01:42.835+0000] {local_task_job_runner.py:123} INFO - ::group::Pre task execution logs
[2024-11-22T16:01:42.878+0000] {taskinstance.py:2613} INFO - Dependencies all met for dep_context=non-requeueable deps ti=<TaskInstance: taylor_swift.fetch_spotify_data scheduled__2024-11-22T15:30:00+00:00 [queued]>
[2024-11-22T16:01:42.902+0000] {taskinstance.py:2613} INFO - Dependencies all met for dep_context=requeueable deps ti=<TaskInstance: taylor_swift.fetch_spotify_data scheduled__2024-11-22T15:30:00+00:00 [queued]>
[2024-11-22T16:01:42.904+0000] {taskinstance.py:2866} INFO - Starting attempt 1 of 1
[2024-11-22T16:01:42.944+0000] {taskinstance.py:2889} INFO - Executing <Task(PythonOperator): fetch_spotify_data> on 2024-11-22 15:30:00+00:00
[2024-11-22T16:01:42.954+0000] {standard_task_runner.py:72} INFO - Started process 152 to run task
[2024-11-22T16:01:42.962+0000] {standard_task_runner.py:104} INFO - Running: ['airflow', 'tasks', 'run', 'taylor_swift', 'fetch_spotify_data', 'scheduled__2024-11-22T15:30:00+00:00', '--job-id', '337', '--raw', '--subdir', 'DAGS_FOLDER/taylor_swift.py', '--cfg-path', '/tmp/tmpd4pm7yr0']
[2024-11-22T16:01:42.971+0000] {standard_task_runner.py:105} INFO - Job 337: Subtask fetch_spotify_data
[2024-11-22T16:01:43.089+0000] {logging_mixin.py:190} WARNING - /home/airflow/.local/lib/python3.12/site-packages/airflow/settings.py:209 DeprecationWarning: The sql_alchemy_conn option in [core] has been moved to the sql_alchemy_conn option in [database] - the old setting has been used, but please update your config.
[2024-11-22T16:01:43.166+0000] {task_command.py:467} INFO - Running <TaskInstance: taylor_swift.fetch_spotify_data scheduled__2024-11-22T15:30:00+00:00 [running]> on host a87f321d68a4
[2024-11-22T16:01:43.170+0000] {logging_mixin.py:190} WARNING - /home/airflow/.local/lib/python3.12/site-packages/airflow/settings.py:470 DeprecationWarning: The sql_alchemy_conn option in [core] has been moved to the sql_alchemy_conn option in [database] - the old setting has been used, but please update your config.
[2024-11-22T16:01:43.323+0000] {taskinstance.py:3132} INFO - Exporting env vars: AIRFLOW_CTX_DAG_OWNER='airflow' AIRFLOW_CTX_DAG_ID='taylor_swift' AIRFLOW_CTX_TASK_ID='fetch_spotify_data' AIRFLOW_CTX_EXECUTION_DATE='2024-11-22T15:30:00+00:00' AIRFLOW_CTX_TRY_NUMBER='1' AIRFLOW_CTX_DAG_RUN_ID='scheduled__2024-11-22T15:30:00+00:00'
[2024-11-22T16:01:43.325+0000] {taskinstance.py:731} INFO - ::endgroup::
[2024-11-22T16:01:45.673+0000] {logging_mixin.py:190} INFO - Spotify data saved to taylor_swift_spotify.json successfully.
[2024-11-22T16:01:45.674+0000] {python.py:240} INFO - Done. Returned value was: None
[2024-11-22T16:01:45.685+0000] {taskinstance.py:340} INFO - ::group::Post task execution logs
[2024-11-22T16:01:45.686+0000] {taskinstance.py:352} INFO - Marking task as SUCCESS. dag_id=taylor_swift, task_id=fetch_spotify_data, run_id=scheduled__2024-11-22T15:30:00+00:00, execution_date=20241122T153000, start_date=20241122T160142, end_date=20241122T160145
[2024-11-22T16:01:45.750+0000] {local_task_job_runner.py:266} INFO - Task exited with return code 0
[2024-11-22T16:01:45.788+0000] {taskinstance.py:3895} INFO - 1 downstream tasks scheduled from follow-on schedule check
[2024-11-22T16:01:45.797+0000] {local_task_job_runner.py:245} INFO - ::endgroup::
