[2024-11-21T05:30:37.556+0000] {local_task_job_runner.py:123} INFO - ::group::Pre task execution logs
[2024-11-21T05:30:37.577+0000] {taskinstance.py:2613} INFO - Dependencies all met for dep_context=non-requeueable deps ti=<TaskInstance: bmth.save_youtube_data scheduled__2024-11-21T00:00:00+00:00 [queued]>
[2024-11-21T05:30:37.592+0000] {taskinstance.py:2613} INFO - Dependencies all met for dep_context=requeueable deps ti=<TaskInstance: bmth.save_youtube_data scheduled__2024-11-21T00:00:00+00:00 [queued]>
[2024-11-21T05:30:37.593+0000] {taskinstance.py:2866} INFO - Starting attempt 1 of 1
[2024-11-21T05:30:37.626+0000] {taskinstance.py:2889} INFO - Executing <Task(PythonOperator): save_youtube_data> on 2024-11-21 00:00:00+00:00
[2024-11-21T05:30:37.636+0000] {standard_task_runner.py:72} INFO - Started process 581 to run task
[2024-11-21T05:30:37.643+0000] {standard_task_runner.py:104} INFO - Running: ['airflow', 'tasks', 'run', 'bmth', 'save_youtube_data', 'scheduled__2024-11-21T00:00:00+00:00', '--job-id', '276', '--raw', '--subdir', 'DAGS_FOLDER/bmth.py', '--cfg-path', '/tmp/tmpen9_az31']
[2024-11-21T05:30:37.648+0000] {standard_task_runner.py:105} INFO - Job 276: Subtask save_youtube_data
[2024-11-21T05:30:37.676+0000] {logging_mixin.py:190} WARNING - /home/airflow/.local/lib/python3.12/site-packages/airflow/settings.py:209 DeprecationWarning: The sql_alchemy_conn option in [core] has been moved to the sql_alchemy_conn option in [database] - the old setting has been used, but please update your config.
[2024-11-21T05:30:37.747+0000] {task_command.py:467} INFO - Running <TaskInstance: bmth.save_youtube_data scheduled__2024-11-21T00:00:00+00:00 [running]> on host 4ed801b530e9
[2024-11-21T05:30:37.751+0000] {logging_mixin.py:190} WARNING - /home/airflow/.local/lib/python3.12/site-packages/airflow/settings.py:470 DeprecationWarning: The sql_alchemy_conn option in [core] has been moved to the sql_alchemy_conn option in [database] - the old setting has been used, but please update your config.
[2024-11-21T05:30:37.937+0000] {taskinstance.py:3132} INFO - Exporting env vars: AIRFLOW_CTX_DAG_OWNER='airflow' AIRFLOW_CTX_DAG_ID='bmth' AIRFLOW_CTX_TASK_ID='save_youtube_data' AIRFLOW_CTX_EXECUTION_DATE='2024-11-21T00:00:00+00:00' AIRFLOW_CTX_TRY_NUMBER='1' AIRFLOW_CTX_DAG_RUN_ID='scheduled__2024-11-21T00:00:00+00:00'
[2024-11-21T05:30:37.939+0000] {taskinstance.py:731} INFO - ::endgroup::
[2024-11-21T05:30:38.079+0000] {logging_mixin.py:190} INFO - Successfully connected to MongoDB.
[2024-11-21T05:30:38.093+0000] {logging_mixin.py:190} INFO - Existing data found, moving to historical collection...
[2024-11-21T05:30:38.114+0000] {logging_mixin.py:190} INFO - Existing data moved to historical collection.
[2024-11-21T05:30:38.126+0000] {logging_mixin.py:190} INFO - New data for channel statistics successfully saved to MongoDB.
[2024-11-21T05:30:38.128+0000] {python.py:240} INFO - Done. Returned value was: None
[2024-11-21T05:30:38.145+0000] {taskinstance.py:340} INFO - ::group::Post task execution logs
[2024-11-21T05:30:38.147+0000] {taskinstance.py:352} INFO - Marking task as SUCCESS. dag_id=bmth, task_id=save_youtube_data, run_id=scheduled__2024-11-21T00:00:00+00:00, execution_date=20241121T000000, start_date=20241121T053037, end_date=20241121T053038
[2024-11-21T05:30:38.222+0000] {local_task_job_runner.py:266} INFO - Task exited with return code 0
[2024-11-21T05:30:38.251+0000] {taskinstance.py:3895} INFO - 0 downstream tasks scheduled from follow-on schedule check
[2024-11-21T05:30:38.254+0000] {local_task_job_runner.py:245} INFO - ::endgroup::
[2024-11-22T14:16:10.680+0000] {local_task_job_runner.py:123} INFO - ::group::Pre task execution logs
[2024-11-22T14:16:10.694+0000] {taskinstance.py:2613} INFO - Dependencies all met for dep_context=non-requeueable deps ti=<TaskInstance: bmth.save_youtube_data scheduled__2024-11-21T00:00:00+00:00 [queued]>
[2024-11-22T14:16:10.700+0000] {taskinstance.py:2613} INFO - Dependencies all met for dep_context=requeueable deps ti=<TaskInstance: bmth.save_youtube_data scheduled__2024-11-21T00:00:00+00:00 [queued]>
[2024-11-22T14:16:10.701+0000] {taskinstance.py:2866} INFO - Starting attempt 1 of 1
[2024-11-22T14:16:10.721+0000] {taskinstance.py:2889} INFO - Executing <Task(PythonOperator): save_youtube_data> on 2024-11-21 00:00:00+00:00
[2024-11-22T14:16:10.727+0000] {standard_task_runner.py:72} INFO - Started process 201 to run task
[2024-11-22T14:16:10.732+0000] {standard_task_runner.py:104} INFO - Running: ['airflow', 'tasks', 'run', 'bmth', 'save_youtube_data', 'scheduled__2024-11-21T00:00:00+00:00', '--job-id', '319', '--raw', '--subdir', 'DAGS_FOLDER/bmth.py', '--cfg-path', '/tmp/tmp2abogb6m']
[2024-11-22T14:16:10.734+0000] {standard_task_runner.py:105} INFO - Job 319: Subtask save_youtube_data
[2024-11-22T14:16:10.749+0000] {logging_mixin.py:190} WARNING - /home/airflow/.local/lib/python3.12/site-packages/airflow/settings.py:209 DeprecationWarning: The sql_alchemy_conn option in [core] has been moved to the sql_alchemy_conn option in [database] - the old setting has been used, but please update your config.
[2024-11-22T14:16:10.775+0000] {task_command.py:467} INFO - Running <TaskInstance: bmth.save_youtube_data scheduled__2024-11-21T00:00:00+00:00 [running]> on host a87f321d68a4
[2024-11-22T14:16:10.776+0000] {logging_mixin.py:190} WARNING - /home/airflow/.local/lib/python3.12/site-packages/airflow/settings.py:470 DeprecationWarning: The sql_alchemy_conn option in [core] has been moved to the sql_alchemy_conn option in [database] - the old setting has been used, but please update your config.
[2024-11-22T14:16:10.847+0000] {taskinstance.py:3132} INFO - Exporting env vars: AIRFLOW_CTX_DAG_OWNER='airflow' AIRFLOW_CTX_DAG_ID='bmth' AIRFLOW_CTX_TASK_ID='save_youtube_data' AIRFLOW_CTX_EXECUTION_DATE='2024-11-21T00:00:00+00:00' AIRFLOW_CTX_TRY_NUMBER='1' AIRFLOW_CTX_DAG_RUN_ID='scheduled__2024-11-21T00:00:00+00:00'
[2024-11-22T14:16:10.848+0000] {taskinstance.py:731} INFO - ::endgroup::
[2024-11-22T14:16:11.001+0000] {logging_mixin.py:190} INFO - Successfully connected to MongoDB.
[2024-11-22T14:16:11.059+0000] {logging_mixin.py:190} INFO - Existing data found, moving to historical collection...
[2024-11-22T14:16:11.082+0000] {logging_mixin.py:190} INFO - Existing data moved to historical collection.
[2024-11-22T14:16:11.091+0000] {logging_mixin.py:190} INFO - New data for channel statistics successfully saved to MongoDB.
[2024-11-22T14:16:11.092+0000] {python.py:240} INFO - Done. Returned value was: None
[2024-11-22T14:16:11.099+0000] {taskinstance.py:340} INFO - ::group::Post task execution logs
[2024-11-22T14:16:11.100+0000] {taskinstance.py:352} INFO - Marking task as SUCCESS. dag_id=bmth, task_id=save_youtube_data, run_id=scheduled__2024-11-21T00:00:00+00:00, execution_date=20241121T000000, start_date=20241122T141610, end_date=20241122T141611
[2024-11-22T14:16:11.146+0000] {local_task_job_runner.py:266} INFO - Task exited with return code 0
[2024-11-22T14:16:11.156+0000] {taskinstance.py:3895} INFO - 0 downstream tasks scheduled from follow-on schedule check
[2024-11-22T14:16:11.157+0000] {local_task_job_runner.py:245} INFO - ::endgroup::
