[2024-11-23T08:01:08.484+0000] {local_task_job_runner.py:123} INFO - ::group::Pre task execution logs
[2024-11-23T08:01:08.522+0000] {taskinstance.py:2613} INFO - Dependencies all met for dep_context=non-requeueable deps ti=<TaskInstance: linkin_park.fetch_spotify_data scheduled__2024-11-22T15:00:00+00:00 [queued]>
[2024-11-23T08:01:08.546+0000] {taskinstance.py:2613} INFO - Dependencies all met for dep_context=requeueable deps ti=<TaskInstance: linkin_park.fetch_spotify_data scheduled__2024-11-22T15:00:00+00:00 [queued]>
[2024-11-23T08:01:08.548+0000] {taskinstance.py:2866} INFO - Starting attempt 1 of 1
[2024-11-23T08:01:08.591+0000] {taskinstance.py:2889} INFO - Executing <Task(PythonOperator): fetch_spotify_data> on 2024-11-22 15:00:00+00:00
[2024-11-23T08:01:08.600+0000] {standard_task_runner.py:72} INFO - Started process 125 to run task
[2024-11-23T08:01:08.605+0000] {standard_task_runner.py:104} INFO - Running: ['airflow', 'tasks', 'run', 'linkin_park', 'fetch_spotify_data', 'scheduled__2024-11-22T15:00:00+00:00', '--job-id', '354', '--raw', '--subdir', 'DAGS_FOLDER/linkin_park.py', '--cfg-path', '/tmp/tmpsbgh5r36']
[2024-11-23T08:01:08.610+0000] {standard_task_runner.py:105} INFO - Job 354: Subtask fetch_spotify_data
[2024-11-23T08:01:08.644+0000] {logging_mixin.py:190} WARNING - /home/airflow/.local/lib/python3.12/site-packages/airflow/settings.py:209 DeprecationWarning: The sql_alchemy_conn option in [core] has been moved to the sql_alchemy_conn option in [database] - the old setting has been used, but please update your config.
[2024-11-23T08:01:08.718+0000] {task_command.py:467} INFO - Running <TaskInstance: linkin_park.fetch_spotify_data scheduled__2024-11-22T15:00:00+00:00 [running]> on host 873bffc6ab09
[2024-11-23T08:01:08.722+0000] {logging_mixin.py:190} WARNING - /home/airflow/.local/lib/python3.12/site-packages/airflow/settings.py:470 DeprecationWarning: The sql_alchemy_conn option in [core] has been moved to the sql_alchemy_conn option in [database] - the old setting has been used, but please update your config.
[2024-11-23T08:01:08.992+0000] {taskinstance.py:3132} INFO - Exporting env vars: AIRFLOW_CTX_DAG_OWNER='airflow' AIRFLOW_CTX_DAG_ID='linkin_park' AIRFLOW_CTX_TASK_ID='fetch_spotify_data' AIRFLOW_CTX_EXECUTION_DATE='2024-11-22T15:00:00+00:00' AIRFLOW_CTX_TRY_NUMBER='1' AIRFLOW_CTX_DAG_RUN_ID='scheduled__2024-11-22T15:00:00+00:00'
[2024-11-23T08:01:08.995+0000] {taskinstance.py:731} INFO - ::endgroup::
[2024-11-23T08:01:10.999+0000] {logging_mixin.py:190} INFO - Spotify data saved to linkin_park_spotify.json successfully.
[2024-11-23T08:01:11.002+0000] {python.py:240} INFO - Done. Returned value was: None
[2024-11-23T08:01:11.019+0000] {taskinstance.py:340} INFO - ::group::Post task execution logs
[2024-11-23T08:01:11.020+0000] {taskinstance.py:352} INFO - Marking task as SUCCESS. dag_id=linkin_park, task_id=fetch_spotify_data, run_id=scheduled__2024-11-22T15:00:00+00:00, execution_date=20241122T150000, start_date=20241123T080108, end_date=20241123T080111
[2024-11-23T08:01:11.076+0000] {local_task_job_runner.py:266} INFO - Task exited with return code 0
[2024-11-23T08:01:11.152+0000] {taskinstance.py:3895} INFO - 1 downstream tasks scheduled from follow-on schedule check
[2024-11-23T08:01:11.163+0000] {local_task_job_runner.py:245} INFO - ::endgroup::
