[2024-11-20T17:18:03.218+0000] {local_task_job_runner.py:123} INFO - ::group::Pre task execution logs
[2024-11-20T17:18:03.244+0000] {taskinstance.py:2613} INFO - Dependencies all met for dep_context=non-requeueable deps ti=<TaskInstance: linkin_park.upsert_spotify_data scheduled__2024-11-20T12:00:00+00:00 [queued]>
[2024-11-20T17:18:03.263+0000] {taskinstance.py:2613} INFO - Dependencies all met for dep_context=requeueable deps ti=<TaskInstance: linkin_park.upsert_spotify_data scheduled__2024-11-20T12:00:00+00:00 [queued]>
[2024-11-20T17:18:03.266+0000] {taskinstance.py:2866} INFO - Starting attempt 1 of 1
[2024-11-20T17:18:03.294+0000] {taskinstance.py:2889} INFO - Executing <Task(PythonOperator): upsert_spotify_data> on 2024-11-20 12:00:00+00:00
[2024-11-20T17:18:03.304+0000] {standard_task_runner.py:72} INFO - Started process 643 to run task
[2024-11-20T17:18:03.308+0000] {standard_task_runner.py:104} INFO - Running: ['airflow', 'tasks', 'run', 'linkin_park', 'upsert_spotify_data', 'scheduled__2024-11-20T12:00:00+00:00', '--job-id', '180', '--raw', '--subdir', 'DAGS_FOLDER/linkin_park.py', '--cfg-path', '/tmp/tmp0afki0no']
[2024-11-20T17:18:03.316+0000] {standard_task_runner.py:105} INFO - Job 180: Subtask upsert_spotify_data
[2024-11-20T17:18:03.373+0000] {logging_mixin.py:190} WARNING - /home/airflow/.local/lib/python3.12/site-packages/airflow/settings.py:209 DeprecationWarning: The sql_alchemy_conn option in [core] has been moved to the sql_alchemy_conn option in [database] - the old setting has been used, but please update your config.
[2024-11-20T17:18:03.441+0000] {task_command.py:467} INFO - Running <TaskInstance: linkin_park.upsert_spotify_data scheduled__2024-11-20T12:00:00+00:00 [running]> on host 6aba41e3ae6f
[2024-11-20T17:18:03.445+0000] {logging_mixin.py:190} WARNING - /home/airflow/.local/lib/python3.12/site-packages/airflow/settings.py:470 DeprecationWarning: The sql_alchemy_conn option in [core] has been moved to the sql_alchemy_conn option in [database] - the old setting has been used, but please update your config.
[2024-11-20T17:18:03.548+0000] {taskinstance.py:3132} INFO - Exporting env vars: AIRFLOW_CTX_DAG_OWNER='airflow' AIRFLOW_CTX_DAG_ID='linkin_park' AIRFLOW_CTX_TASK_ID='upsert_spotify_data' AIRFLOW_CTX_EXECUTION_DATE='2024-11-20T12:00:00+00:00' AIRFLOW_CTX_TRY_NUMBER='1' AIRFLOW_CTX_DAG_RUN_ID='scheduled__2024-11-20T12:00:00+00:00'
[2024-11-20T17:18:03.549+0000] {taskinstance.py:731} INFO - ::endgroup::
[2024-11-20T17:18:03.631+0000] {logging_mixin.py:190} INFO - Data artis berhasil dimasukkan.
[2024-11-20T17:18:03.642+0000] {logging_mixin.py:190} INFO - Data kota São Paulo berhasil dimasukkan.
[2024-11-20T17:18:03.645+0000] {logging_mixin.py:190} INFO - Data kota Jakarta berhasil dimasukkan.
[2024-11-20T17:18:03.647+0000] {logging_mixin.py:190} INFO - Data kota Paris berhasil dimasukkan.
[2024-11-20T17:18:03.649+0000] {logging_mixin.py:190} INFO - Data kota Hamburg berhasil dimasukkan.
[2024-11-20T17:18:03.651+0000] {logging_mixin.py:190} INFO - Data kota London berhasil dimasukkan.
[2024-11-20T17:18:03.663+0000] {logging_mixin.py:190} INFO - Track The Emptiness Machine berhasil dimasukkan.
[2024-11-20T17:18:03.669+0000] {logging_mixin.py:190} INFO - Track Heavy Is the Crown berhasil dimasukkan.
[2024-11-20T17:18:03.678+0000] {logging_mixin.py:190} INFO - Track In the End berhasil dimasukkan.
[2024-11-20T17:18:03.684+0000] {logging_mixin.py:190} INFO - Track Numb berhasil dimasukkan.
[2024-11-20T17:18:03.691+0000] {logging_mixin.py:190} INFO - Track Faint berhasil dimasukkan.
[2024-11-20T17:18:03.697+0000] {logging_mixin.py:190} INFO - Track Over Each Other berhasil dimasukkan.
[2024-11-20T17:18:03.705+0000] {logging_mixin.py:190} INFO - Track One Step Closer berhasil dimasukkan.
[2024-11-20T17:18:03.711+0000] {logging_mixin.py:190} INFO - Track Two Faced berhasil dimasukkan.
[2024-11-20T17:18:03.713+0000] {logging_mixin.py:190} INFO - Track What I've Done berhasil dimasukkan.
[2024-11-20T17:18:03.718+0000] {logging_mixin.py:190} INFO - Track Bleed It Out berhasil dimasukkan.
[2024-11-20T17:18:03.732+0000] {python.py:240} INFO - Done. Returned value was: None
[2024-11-20T17:18:03.754+0000] {taskinstance.py:340} INFO - ::group::Post task execution logs
[2024-11-20T17:18:03.757+0000] {taskinstance.py:352} INFO - Marking task as SUCCESS. dag_id=linkin_park, task_id=upsert_spotify_data, run_id=scheduled__2024-11-20T12:00:00+00:00, execution_date=20241120T120000, start_date=20241120T171803, end_date=20241120T171803
[2024-11-20T17:18:03.811+0000] {local_task_job_runner.py:266} INFO - Task exited with return code 0
[2024-11-20T17:18:03.830+0000] {taskinstance.py:3895} INFO - 0 downstream tasks scheduled from follow-on schedule check
[2024-11-20T17:18:03.831+0000] {local_task_job_runner.py:245} INFO - ::endgroup::
