[2024-11-22T16:00:55.437+0000] {local_task_job_runner.py:123} INFO - ::group::Pre task execution logs
[2024-11-22T16:00:55.463+0000] {taskinstance.py:2613} INFO - Dependencies all met for dep_context=non-requeueable deps ti=<TaskInstance: bruno_mars.fetch_spotify_data scheduled__2024-11-22T15:30:00+00:00 [queued]>
[2024-11-22T16:00:55.483+0000] {taskinstance.py:2613} INFO - Dependencies all met for dep_context=requeueable deps ti=<TaskInstance: bruno_mars.fetch_spotify_data scheduled__2024-11-22T15:30:00+00:00 [queued]>
[2024-11-22T16:00:55.486+0000] {taskinstance.py:2866} INFO - Starting attempt 1 of 1
[2024-11-22T16:00:55.530+0000] {taskinstance.py:2889} INFO - Executing <Task(PythonOperator): fetch_spotify_data> on 2024-11-22 15:30:00+00:00
[2024-11-22T16:00:55.540+0000] {standard_task_runner.py:72} INFO - Started process 100 to run task
[2024-11-22T16:00:55.547+0000] {standard_task_runner.py:104} INFO - Running: ['airflow', 'tasks', 'run', 'bruno_mars', 'fetch_spotify_data', 'scheduled__2024-11-22T15:30:00+00:00', '--job-id', '333', '--raw', '--subdir', 'DAGS_FOLDER/bruno_mars.py', '--cfg-path', '/tmp/tmpr8viehv9']
[2024-11-22T16:00:55.558+0000] {standard_task_runner.py:105} INFO - Job 333: Subtask fetch_spotify_data
[2024-11-22T16:00:55.597+0000] {logging_mixin.py:190} WARNING - /home/airflow/.local/lib/python3.12/site-packages/airflow/settings.py:209 DeprecationWarning: The sql_alchemy_conn option in [core] has been moved to the sql_alchemy_conn option in [database] - the old setting has been used, but please update your config.
[2024-11-22T16:00:55.668+0000] {task_command.py:467} INFO - Running <TaskInstance: bruno_mars.fetch_spotify_data scheduled__2024-11-22T15:30:00+00:00 [running]> on host a87f321d68a4
[2024-11-22T16:00:55.673+0000] {logging_mixin.py:190} WARNING - /home/airflow/.local/lib/python3.12/site-packages/airflow/settings.py:470 DeprecationWarning: The sql_alchemy_conn option in [core] has been moved to the sql_alchemy_conn option in [database] - the old setting has been used, but please update your config.
[2024-11-22T16:00:55.828+0000] {taskinstance.py:3132} INFO - Exporting env vars: AIRFLOW_CTX_DAG_OWNER='airflow' AIRFLOW_CTX_DAG_ID='bruno_mars' AIRFLOW_CTX_TASK_ID='fetch_spotify_data' AIRFLOW_CTX_EXECUTION_DATE='2024-11-22T15:30:00+00:00' AIRFLOW_CTX_TRY_NUMBER='1' AIRFLOW_CTX_DAG_RUN_ID='scheduled__2024-11-22T15:30:00+00:00'
[2024-11-22T16:00:55.830+0000] {taskinstance.py:731} INFO - ::endgroup::
[2024-11-22T16:00:58.168+0000] {logging_mixin.py:190} INFO - Spotify data saved to bruno_mars_spotify.json successfully.
[2024-11-22T16:00:58.172+0000] {python.py:240} INFO - Done. Returned value was: None
[2024-11-22T16:00:58.199+0000] {taskinstance.py:340} INFO - ::group::Post task execution logs
[2024-11-22T16:00:58.201+0000] {taskinstance.py:352} INFO - Marking task as SUCCESS. dag_id=bruno_mars, task_id=fetch_spotify_data, run_id=scheduled__2024-11-22T15:30:00+00:00, execution_date=20241122T153000, start_date=20241122T160055, end_date=20241122T160058
[2024-11-22T16:00:58.262+0000] {local_task_job_runner.py:266} INFO - Task exited with return code 0
[2024-11-22T16:00:58.337+0000] {taskinstance.py:3895} INFO - 1 downstream tasks scheduled from follow-on schedule check
[2024-11-22T16:00:58.346+0000] {local_task_job_runner.py:245} INFO - ::endgroup::
