[2024-11-20T18:02:17.496+0000] {local_task_job_runner.py:123} INFO - ::group::Pre task execution logs
[2024-11-20T18:02:17.506+0000] {taskinstance.py:2613} INFO - Dependencies all met for dep_context=non-requeueable deps ti=<TaskInstance: linkin_park.upsert_spotify_data scheduled__2024-11-20T15:00:00+00:00 [queued]>
[2024-11-20T18:02:17.513+0000] {taskinstance.py:2613} INFO - Dependencies all met for dep_context=requeueable deps ti=<TaskInstance: linkin_park.upsert_spotify_data scheduled__2024-11-20T15:00:00+00:00 [queued]>
[2024-11-20T18:02:17.514+0000] {taskinstance.py:2866} INFO - Starting attempt 1 of 1
[2024-11-20T18:02:17.530+0000] {taskinstance.py:2889} INFO - Executing <Task(PythonOperator): upsert_spotify_data> on 2024-11-20 15:00:00+00:00
[2024-11-20T18:02:17.535+0000] {standard_task_runner.py:72} INFO - Started process 581 to run task
[2024-11-20T18:02:17.538+0000] {standard_task_runner.py:104} INFO - Running: ['airflow', 'tasks', 'run', 'linkin_park', 'upsert_spotify_data', 'scheduled__2024-11-20T15:00:00+00:00', '--job-id', '213', '--raw', '--subdir', 'DAGS_FOLDER/linkin_park.py', '--cfg-path', '/tmp/tmp7dgq6c9t']
[2024-11-20T18:02:17.541+0000] {standard_task_runner.py:105} INFO - Job 213: Subtask upsert_spotify_data
[2024-11-20T18:02:17.553+0000] {logging_mixin.py:190} WARNING - /home/airflow/.local/lib/python3.12/site-packages/airflow/settings.py:209 DeprecationWarning: The sql_alchemy_conn option in [core] has been moved to the sql_alchemy_conn option in [database] - the old setting has been used, but please update your config.
[2024-11-20T18:02:17.578+0000] {task_command.py:467} INFO - Running <TaskInstance: linkin_park.upsert_spotify_data scheduled__2024-11-20T15:00:00+00:00 [running]> on host 4ed801b530e9
[2024-11-20T18:02:17.580+0000] {logging_mixin.py:190} WARNING - /home/airflow/.local/lib/python3.12/site-packages/airflow/settings.py:470 DeprecationWarning: The sql_alchemy_conn option in [core] has been moved to the sql_alchemy_conn option in [database] - the old setting has been used, but please update your config.
[2024-11-20T18:02:17.643+0000] {taskinstance.py:3132} INFO - Exporting env vars: AIRFLOW_CTX_DAG_OWNER='airflow' AIRFLOW_CTX_DAG_ID='linkin_park' AIRFLOW_CTX_TASK_ID='upsert_spotify_data' AIRFLOW_CTX_EXECUTION_DATE='2024-11-20T15:00:00+00:00' AIRFLOW_CTX_TRY_NUMBER='1' AIRFLOW_CTX_DAG_RUN_ID='scheduled__2024-11-20T15:00:00+00:00'
[2024-11-20T18:02:17.644+0000] {taskinstance.py:731} INFO - ::endgroup::
[2024-11-20T18:02:17.694+0000] {logging_mixin.py:190} INFO - Data artis berhasil diupdate.
[2024-11-20T18:02:17.699+0000] {logging_mixin.py:190} INFO - Data kota São Paulo berhasil diupdate.
[2024-11-20T18:02:17.700+0000] {logging_mixin.py:190} INFO - Data kota Jakarta berhasil diupdate.
[2024-11-20T18:02:17.700+0000] {logging_mixin.py:190} INFO - Data kota Paris berhasil diupdate.
[2024-11-20T18:02:17.701+0000] {logging_mixin.py:190} INFO - Data kota Hamburg berhasil diupdate.
[2024-11-20T18:02:17.702+0000] {logging_mixin.py:190} INFO - Data kota London berhasil diupdate.
[2024-11-20T18:02:17.706+0000] {logging_mixin.py:190} INFO - Track The Emptiness Machine berhasil diupdate.
[2024-11-20T18:02:17.707+0000] {logging_mixin.py:190} INFO - Track Heavy Is the Crown berhasil diupdate.
[2024-11-20T18:02:17.707+0000] {logging_mixin.py:190} INFO - Track In the End berhasil diupdate.
[2024-11-20T18:02:17.708+0000] {logging_mixin.py:190} INFO - Track Numb berhasil diupdate.
[2024-11-20T18:02:17.709+0000] {logging_mixin.py:190} INFO - Track Faint berhasil diupdate.
[2024-11-20T18:02:17.711+0000] {logging_mixin.py:190} INFO - Track Over Each Other berhasil diupdate.
[2024-11-20T18:02:17.712+0000] {logging_mixin.py:190} INFO - Track One Step Closer berhasil diupdate.
[2024-11-20T18:02:17.713+0000] {logging_mixin.py:190} INFO - Track Two Faced berhasil diupdate.
[2024-11-20T18:02:17.714+0000] {logging_mixin.py:190} INFO - Track What I've Done berhasil diupdate.
[2024-11-20T18:02:17.714+0000] {logging_mixin.py:190} INFO - Track Bleed It Out berhasil diupdate.
[2024-11-20T18:02:17.717+0000] {python.py:240} INFO - Done. Returned value was: None
[2024-11-20T18:02:17.723+0000] {taskinstance.py:340} INFO - ::group::Post task execution logs
[2024-11-20T18:02:17.723+0000] {taskinstance.py:352} INFO - Marking task as SUCCESS. dag_id=linkin_park, task_id=upsert_spotify_data, run_id=scheduled__2024-11-20T15:00:00+00:00, execution_date=20241120T150000, start_date=20241120T180217, end_date=20241120T180217
[2024-11-20T18:02:17.752+0000] {local_task_job_runner.py:266} INFO - Task exited with return code 0
[2024-11-20T18:02:17.763+0000] {taskinstance.py:3895} INFO - 0 downstream tasks scheduled from follow-on schedule check
[2024-11-20T18:02:17.764+0000] {local_task_job_runner.py:245} INFO - ::endgroup::
