[2024-11-21T05:25:23.291+0000] {local_task_job_runner.py:123} INFO - ::group::Pre task execution logs
[2024-11-21T05:25:23.317+0000] {taskinstance.py:2613} INFO - Dependencies all met for dep_context=non-requeueable deps ti=<TaskInstance: bmth.fetch_youtube_data scheduled__2024-11-20T21:00:00+00:00 [queued]>
[2024-11-21T05:25:23.333+0000] {taskinstance.py:2613} INFO - Dependencies all met for dep_context=requeueable deps ti=<TaskInstance: bmth.fetch_youtube_data scheduled__2024-11-20T21:00:00+00:00 [queued]>
[2024-11-21T05:25:23.338+0000] {taskinstance.py:2866} INFO - Starting attempt 1 of 1
[2024-11-21T05:25:23.368+0000] {taskinstance.py:2889} INFO - Executing <Task(PythonOperator): fetch_youtube_data> on 2024-11-20 21:00:00+00:00
[2024-11-21T05:25:23.377+0000] {standard_task_runner.py:72} INFO - Started process 229 to run task
[2024-11-21T05:25:23.386+0000] {standard_task_runner.py:104} INFO - Running: ['airflow', 'tasks', 'run', 'bmth', 'fetch_youtube_data', 'scheduled__2024-11-20T21:00:00+00:00', '--job-id', '254', '--raw', '--subdir', 'DAGS_FOLDER/bmth.py', '--cfg-path', '/tmp/tmphqzjab16']
[2024-11-21T05:25:23.392+0000] {standard_task_runner.py:105} INFO - Job 254: Subtask fetch_youtube_data
[2024-11-21T05:25:23.419+0000] {logging_mixin.py:190} WARNING - /home/airflow/.local/lib/python3.12/site-packages/airflow/settings.py:209 DeprecationWarning: The sql_alchemy_conn option in [core] has been moved to the sql_alchemy_conn option in [database] - the old setting has been used, but please update your config.
[2024-11-21T05:25:23.474+0000] {task_command.py:467} INFO - Running <TaskInstance: bmth.fetch_youtube_data scheduled__2024-11-20T21:00:00+00:00 [running]> on host 4ed801b530e9
[2024-11-21T05:25:23.477+0000] {logging_mixin.py:190} WARNING - /home/airflow/.local/lib/python3.12/site-packages/airflow/settings.py:470 DeprecationWarning: The sql_alchemy_conn option in [core] has been moved to the sql_alchemy_conn option in [database] - the old setting has been used, but please update your config.
[2024-11-21T05:25:23.623+0000] {taskinstance.py:3132} INFO - Exporting env vars: AIRFLOW_CTX_DAG_OWNER='airflow' AIRFLOW_CTX_DAG_ID='bmth' AIRFLOW_CTX_TASK_ID='fetch_youtube_data' AIRFLOW_CTX_EXECUTION_DATE='2024-11-20T21:00:00+00:00' AIRFLOW_CTX_TRY_NUMBER='1' AIRFLOW_CTX_DAG_RUN_ID='scheduled__2024-11-20T21:00:00+00:00'
[2024-11-21T05:25:23.625+0000] {taskinstance.py:731} INFO - ::endgroup::
[2024-11-21T05:25:23.651+0000] {logging_mixin.py:190} INFO - Fetching YouTube data...
[2024-11-21T05:25:23.791+0000] {logging_mixin.py:190} INFO - Error: API request failed with status code 429
[2024-11-21T05:25:23.793+0000] {python.py:240} INFO - Done. Returned value was: None
[2024-11-21T05:25:23.809+0000] {taskinstance.py:340} INFO - ::group::Post task execution logs
[2024-11-21T05:25:23.811+0000] {taskinstance.py:352} INFO - Marking task as SUCCESS. dag_id=bmth, task_id=fetch_youtube_data, run_id=scheduled__2024-11-20T21:00:00+00:00, execution_date=20241120T210000, start_date=20241121T052523, end_date=20241121T052523
[2024-11-21T05:25:23.883+0000] {local_task_job_runner.py:266} INFO - Task exited with return code 0
[2024-11-21T05:25:23.924+0000] {taskinstance.py:3895} INFO - 1 downstream tasks scheduled from follow-on schedule check
[2024-11-21T05:25:23.933+0000] {local_task_job_runner.py:245} INFO - ::endgroup::
