[2024-11-19T09:00:18.888+0000] {local_task_job_runner.py:123} INFO - ::group::Pre task execution logs
[2024-11-19T09:00:18.912+0000] {taskinstance.py:2613} INFO - Dependencies all met for dep_context=non-requeueable deps ti=<TaskInstance: spotify_youtube_data_pipeline.upsert_spotify_data manual__2024-11-19T08:58:01.041517+00:00 [queued]>
[2024-11-19T09:00:18.936+0000] {taskinstance.py:2613} INFO - Dependencies all met for dep_context=requeueable deps ti=<TaskInstance: spotify_youtube_data_pipeline.upsert_spotify_data manual__2024-11-19T08:58:01.041517+00:00 [queued]>
[2024-11-19T09:00:18.937+0000] {taskinstance.py:2866} INFO - Starting attempt 1 of 1
[2024-11-19T09:00:18.969+0000] {taskinstance.py:2889} INFO - Executing <Task(PythonOperator): upsert_spotify_data> on 2024-11-19 08:58:01.041517+00:00
[2024-11-19T09:00:18.977+0000] {standard_task_runner.py:72} INFO - Started process 432 to run task
[2024-11-19T09:00:18.984+0000] {standard_task_runner.py:104} INFO - Running: ['airflow', 'tasks', 'run', 'spotify_youtube_data_pipeline', 'upsert_spotify_data', 'manual__2024-11-19T08:58:01.041517+00:00', '--job-id', '51', '--raw', '--subdir', 'DAGS_FOLDER/dag.py', '--cfg-path', '/tmp/tmpop2s04oi']
[2024-11-19T09:00:18.992+0000] {standard_task_runner.py:105} INFO - Job 51: Subtask upsert_spotify_data
[2024-11-19T09:00:19.025+0000] {logging_mixin.py:190} WARNING - /home/airflow/.local/lib/python3.12/site-packages/airflow/settings.py:209 DeprecationWarning: The sql_alchemy_conn option in [core] has been moved to the sql_alchemy_conn option in [database] - the old setting has been used, but please update your config.
[2024-11-19T09:00:19.092+0000] {task_command.py:467} INFO - Running <TaskInstance: spotify_youtube_data_pipeline.upsert_spotify_data manual__2024-11-19T08:58:01.041517+00:00 [running]> on host a65554b7e6d9
[2024-11-19T09:00:19.253+0000] {taskinstance.py:3132} INFO - Exporting env vars: AIRFLOW_CTX_DAG_OWNER='airflow' AIRFLOW_CTX_DAG_ID='spotify_youtube_data_pipeline' AIRFLOW_CTX_TASK_ID='upsert_spotify_data' AIRFLOW_CTX_EXECUTION_DATE='2024-11-19T08:58:01.041517+00:00' AIRFLOW_CTX_TRY_NUMBER='1' AIRFLOW_CTX_DAG_RUN_ID='manual__2024-11-19T08:58:01.041517+00:00'
[2024-11-19T09:00:19.255+0000] {taskinstance.py:731} INFO - ::endgroup::
[2024-11-19T09:00:19.451+0000] {logging_mixin.py:190} INFO - Data artis berhasil dimasukkan.
[2024-11-19T09:00:19.460+0000] {logging_mixin.py:190} INFO - Data kota Jakarta berhasil dimasukkan.
[2024-11-19T09:00:19.463+0000] {logging_mixin.py:190} INFO - Data kota Bandung berhasil dimasukkan.
[2024-11-19T09:00:19.465+0000] {logging_mixin.py:190} INFO - Data kota Surabaya berhasil dimasukkan.
[2024-11-19T09:00:19.467+0000] {logging_mixin.py:190} INFO - Data kota Makassar berhasil dimasukkan.
[2024-11-19T09:00:19.470+0000] {logging_mixin.py:190} INFO - Data kota Semarang berhasil dimasukkan.
[2024-11-19T09:00:19.480+0000] {logging_mixin.py:190} INFO - Track Satu Bulan berhasil dimasukkan.
[2024-11-19T09:00:19.482+0000] {logging_mixin.py:190} INFO - Track Untungnya, Hidup Harus Tetap Berjalan berhasil dimasukkan.
[2024-11-19T09:00:19.485+0000] {logging_mixin.py:190} INFO - Track Kata Mereka Ini Berlebihan berhasil dimasukkan.
[2024-11-19T09:00:19.487+0000] {logging_mixin.py:190} INFO - Track Apa Mungkin berhasil dimasukkan.
[2024-11-19T09:00:19.490+0000] {logging_mixin.py:190} INFO - Track Kini Mereka Tahu berhasil dimasukkan.
[2024-11-19T09:00:19.492+0000] {logging_mixin.py:190} INFO - Track Lama-Lama berhasil dimasukkan.
[2024-11-19T09:00:19.494+0000] {logging_mixin.py:190} INFO - Track Masa Sepi berhasil dimasukkan.
[2024-11-19T09:00:19.497+0000] {logging_mixin.py:190} INFO - Track Sialnya, Hidup Harus Tetap Berjalan berhasil dimasukkan.
[2024-11-19T09:00:19.499+0000] {logging_mixin.py:190} INFO - Track Terlintas berhasil dimasukkan.
[2024-11-19T09:00:19.501+0000] {logging_mixin.py:190} INFO - Track Sinyal-Sinyal berhasil dimasukkan.
[2024-11-19T09:00:19.508+0000] {python.py:240} INFO - Done. Returned value was: None
[2024-11-19T09:00:19.525+0000] {taskinstance.py:340} INFO - ::group::Post task execution logs
[2024-11-19T09:00:19.526+0000] {taskinstance.py:352} INFO - Marking task as SUCCESS. dag_id=spotify_youtube_data_pipeline, task_id=upsert_spotify_data, run_id=manual__2024-11-19T08:58:01.041517+00:00, execution_date=20241119T085801, start_date=20241119T090018, end_date=20241119T090019
[2024-11-19T09:00:19.562+0000] {local_task_job_runner.py:266} INFO - Task exited with return code 0
[2024-11-19T09:00:19.587+0000] {taskinstance.py:3895} INFO - 0 downstream tasks scheduled from follow-on schedule check
[2024-11-19T09:00:19.590+0000] {local_task_job_runner.py:245} INFO - ::endgroup::
