[2024-11-23T09:00:53.266+0000] {local_task_job_runner.py:123} INFO - ::group::Pre task execution logs
[2024-11-23T09:00:53.275+0000] {taskinstance.py:2613} INFO - Dependencies all met for dep_context=non-requeueable deps ti=<TaskInstance: bruno_mars.upsert_spotify_data scheduled__2024-11-23T06:00:00+00:00 [queued]>
[2024-11-23T09:00:53.281+0000] {taskinstance.py:2613} INFO - Dependencies all met for dep_context=requeueable deps ti=<TaskInstance: bruno_mars.upsert_spotify_data scheduled__2024-11-23T06:00:00+00:00 [queued]>
[2024-11-23T09:00:53.282+0000] {taskinstance.py:2866} INFO - Starting attempt 1 of 1
[2024-11-23T09:00:53.294+0000] {taskinstance.py:2889} INFO - Executing <Task(PythonOperator): upsert_spotify_data> on 2024-11-23 06:00:00+00:00
[2024-11-23T09:00:53.297+0000] {standard_task_runner.py:72} INFO - Started process 1048 to run task
[2024-11-23T09:00:53.300+0000] {standard_task_runner.py:104} INFO - Running: ['airflow', 'tasks', 'run', 'bruno_mars', 'upsert_spotify_data', 'scheduled__2024-11-23T06:00:00+00:00', '--job-id', '393', '--raw', '--subdir', 'DAGS_FOLDER/bruno_mars.py', '--cfg-path', '/tmp/tmpgndx_vbp']
[2024-11-23T09:00:53.302+0000] {standard_task_runner.py:105} INFO - Job 393: Subtask upsert_spotify_data
[2024-11-23T09:00:53.315+0000] {logging_mixin.py:190} WARNING - /home/airflow/.local/lib/python3.12/site-packages/airflow/settings.py:209 DeprecationWarning: The sql_alchemy_conn option in [core] has been moved to the sql_alchemy_conn option in [database] - the old setting has been used, but please update your config.
[2024-11-23T09:00:53.338+0000] {task_command.py:467} INFO - Running <TaskInstance: bruno_mars.upsert_spotify_data scheduled__2024-11-23T06:00:00+00:00 [running]> on host 873bffc6ab09
[2024-11-23T09:00:53.339+0000] {logging_mixin.py:190} WARNING - /home/airflow/.local/lib/python3.12/site-packages/airflow/settings.py:470 DeprecationWarning: The sql_alchemy_conn option in [core] has been moved to the sql_alchemy_conn option in [database] - the old setting has been used, but please update your config.
[2024-11-23T09:00:53.398+0000] {taskinstance.py:3132} INFO - Exporting env vars: AIRFLOW_CTX_DAG_OWNER='airflow' AIRFLOW_CTX_DAG_ID='bruno_mars' AIRFLOW_CTX_TASK_ID='upsert_spotify_data' AIRFLOW_CTX_EXECUTION_DATE='2024-11-23T06:00:00+00:00' AIRFLOW_CTX_TRY_NUMBER='1' AIRFLOW_CTX_DAG_RUN_ID='scheduled__2024-11-23T06:00:00+00:00'
[2024-11-23T09:00:53.399+0000] {taskinstance.py:731} INFO - ::endgroup::
[2024-11-23T09:00:53.450+0000] {logging_mixin.py:190} INFO - Data artis berhasil diupdate.
[2024-11-23T09:00:53.454+0000] {logging_mixin.py:190} INFO - Data kota Jakarta berhasil diupdate.
[2024-11-23T09:00:53.455+0000] {logging_mixin.py:190} INFO - Data kota São Paulo berhasil diupdate.
[2024-11-23T09:00:53.455+0000] {logging_mixin.py:190} INFO - Data kota Quezon City berhasil diupdate.
[2024-11-23T09:00:53.456+0000] {logging_mixin.py:190} INFO - Data kota Santiago berhasil diupdate.
[2024-11-23T09:00:53.457+0000] {logging_mixin.py:190} INFO - Data kota Bandung berhasil diupdate.
[2024-11-23T09:00:53.460+0000] {logging_mixin.py:190} INFO - Track Die With A Smile berhasil diupdate.
[2024-11-23T09:00:53.461+0000] {logging_mixin.py:190} INFO - Track APT. berhasil diupdate.
[2024-11-23T09:00:53.462+0000] {logging_mixin.py:190} INFO - Track Locked out of Heaven berhasil diupdate.
[2024-11-23T09:00:53.463+0000] {logging_mixin.py:190} INFO - Track Just the Way You Are berhasil diupdate.
[2024-11-23T09:00:53.463+0000] {logging_mixin.py:190} INFO - Track That's What I Like berhasil diupdate.
[2024-11-23T09:00:53.464+0000] {logging_mixin.py:190} INFO - Track When I Was Your Man berhasil diupdate.
[2024-11-23T09:00:53.465+0000] {logging_mixin.py:190} INFO - Track Grenade berhasil diupdate.
[2024-11-23T09:00:53.465+0000] {logging_mixin.py:190} INFO - Track It Will Rain berhasil diupdate.
[2024-11-23T09:00:53.467+0000] {logging_mixin.py:190} INFO - Track Talking to the Moon berhasil diupdate.
[2024-11-23T09:00:53.468+0000] {logging_mixin.py:190} INFO - Track Marry You berhasil diupdate.
[2024-11-23T09:00:53.471+0000] {python.py:240} INFO - Done. Returned value was: None
[2024-11-23T09:00:53.476+0000] {taskinstance.py:340} INFO - ::group::Post task execution logs
[2024-11-23T09:00:53.477+0000] {taskinstance.py:352} INFO - Marking task as SUCCESS. dag_id=bruno_mars, task_id=upsert_spotify_data, run_id=scheduled__2024-11-23T06:00:00+00:00, execution_date=20241123T060000, start_date=20241123T090053, end_date=20241123T090053
[2024-11-23T09:00:53.513+0000] {local_task_job_runner.py:266} INFO - Task exited with return code 0
[2024-11-23T09:00:53.523+0000] {taskinstance.py:3895} INFO - 0 downstream tasks scheduled from follow-on schedule check
[2024-11-23T09:00:53.525+0000] {local_task_job_runner.py:245} INFO - ::endgroup::
