[2024-11-19T09:34:01.327+0000] {local_task_job_runner.py:123} INFO - ::group::Pre task execution logs
[2024-11-19T09:34:01.338+0000] {taskinstance.py:2613} INFO - Dependencies all met for dep_context=non-requeueable deps ti=<TaskInstance: bruno_mars.save_youtube_data scheduled__2024-11-18T12:00:00+00:00 [queued]>
[2024-11-19T09:34:01.345+0000] {taskinstance.py:2613} INFO - Dependencies all met for dep_context=requeueable deps ti=<TaskInstance: bruno_mars.save_youtube_data scheduled__2024-11-18T12:00:00+00:00 [queued]>
[2024-11-19T09:34:01.346+0000] {taskinstance.py:2866} INFO - Starting attempt 1 of 1
[2024-11-19T09:34:01.361+0000] {taskinstance.py:2889} INFO - Executing <Task(PythonOperator): save_youtube_data> on 2024-11-18 12:00:00+00:00
[2024-11-19T09:34:01.366+0000] {standard_task_runner.py:72} INFO - Started process 170 to run task
[2024-11-19T09:34:01.370+0000] {standard_task_runner.py:104} INFO - Running: ['airflow', 'tasks', 'run', 'bruno_mars', 'save_youtube_data', 'scheduled__2024-11-18T12:00:00+00:00', '--job-id', '61', '--raw', '--subdir', 'DAGS_FOLDER/dag2.py', '--cfg-path', '/tmp/tmpnd8gnrop']
[2024-11-19T09:34:01.372+0000] {standard_task_runner.py:105} INFO - Job 61: Subtask save_youtube_data
[2024-11-19T09:34:01.387+0000] {logging_mixin.py:190} WARNING - /home/airflow/.local/lib/python3.12/site-packages/airflow/settings.py:209 DeprecationWarning: The sql_alchemy_conn option in [core] has been moved to the sql_alchemy_conn option in [database] - the old setting has been used, but please update your config.
[2024-11-19T09:34:01.416+0000] {task_command.py:467} INFO - Running <TaskInstance: bruno_mars.save_youtube_data scheduled__2024-11-18T12:00:00+00:00 [running]> on host 368b98dccfcf
[2024-11-19T09:34:01.418+0000] {logging_mixin.py:190} WARNING - /home/airflow/.local/lib/python3.12/site-packages/airflow/settings.py:470 DeprecationWarning: The sql_alchemy_conn option in [core] has been moved to the sql_alchemy_conn option in [database] - the old setting has been used, but please update your config.
[2024-11-19T09:34:01.481+0000] {taskinstance.py:3132} INFO - Exporting env vars: AIRFLOW_CTX_DAG_OWNER='airflow' AIRFLOW_CTX_DAG_ID='bruno_mars' AIRFLOW_CTX_TASK_ID='save_youtube_data' AIRFLOW_CTX_EXECUTION_DATE='2024-11-18T12:00:00+00:00' AIRFLOW_CTX_TRY_NUMBER='1' AIRFLOW_CTX_DAG_RUN_ID='scheduled__2024-11-18T12:00:00+00:00'
[2024-11-19T09:34:01.481+0000] {taskinstance.py:731} INFO - ::endgroup::
[2024-11-19T09:34:01.524+0000] {logging_mixin.py:190} INFO - Successfully connected to MongoDB.
[2024-11-19T09:34:01.530+0000] {logging_mixin.py:190} INFO - Existing data found, moving to historical collection...
[2024-11-19T09:34:01.532+0000] {logging_mixin.py:190} INFO - Existing data moved to historical collection.
[2024-11-19T09:34:01.535+0000] {logging_mixin.py:190} INFO - New data for channel statistics successfully saved to MongoDB.
[2024-11-19T09:34:01.536+0000] {python.py:240} INFO - Done. Returned value was: None
[2024-11-19T09:34:01.543+0000] {taskinstance.py:340} INFO - ::group::Post task execution logs
[2024-11-19T09:34:01.543+0000] {taskinstance.py:352} INFO - Marking task as SUCCESS. dag_id=bruno_mars, task_id=save_youtube_data, run_id=scheduled__2024-11-18T12:00:00+00:00, execution_date=20241118T120000, start_date=20241119T093401, end_date=20241119T093401
[2024-11-19T09:34:01.583+0000] {local_task_job_runner.py:266} INFO - Task exited with return code 0
[2024-11-19T09:34:01.596+0000] {taskinstance.py:3895} INFO - 0 downstream tasks scheduled from follow-on schedule check
[2024-11-19T09:34:01.598+0000] {local_task_job_runner.py:245} INFO - ::endgroup::
[2024-11-19T09:51:03.505+0000] {local_task_job_runner.py:123} INFO - ::group::Pre task execution logs
[2024-11-19T09:51:03.517+0000] {taskinstance.py:2613} INFO - Dependencies all met for dep_context=non-requeueable deps ti=<TaskInstance: bruno_mars.save_youtube_data scheduled__2024-11-18T12:00:00+00:00 [queued]>
[2024-11-19T09:51:03.524+0000] {taskinstance.py:2613} INFO - Dependencies all met for dep_context=requeueable deps ti=<TaskInstance: bruno_mars.save_youtube_data scheduled__2024-11-18T12:00:00+00:00 [queued]>
[2024-11-19T09:51:03.524+0000] {taskinstance.py:2866} INFO - Starting attempt 1 of 1
[2024-11-19T09:51:03.538+0000] {taskinstance.py:2889} INFO - Executing <Task(PythonOperator): save_youtube_data> on 2024-11-18 12:00:00+00:00
[2024-11-19T09:51:03.542+0000] {standard_task_runner.py:72} INFO - Started process 246 to run task
[2024-11-19T09:51:03.545+0000] {standard_task_runner.py:104} INFO - Running: ['airflow', 'tasks', 'run', 'bruno_mars', 'save_youtube_data', 'scheduled__2024-11-18T12:00:00+00:00', '--job-id', '89', '--raw', '--subdir', 'DAGS_FOLDER/dag2.py', '--cfg-path', '/tmp/tmpaz5vp929']
[2024-11-19T09:51:03.547+0000] {standard_task_runner.py:105} INFO - Job 89: Subtask save_youtube_data
[2024-11-19T09:51:03.562+0000] {logging_mixin.py:190} WARNING - /home/airflow/.local/lib/python3.12/site-packages/airflow/settings.py:209 DeprecationWarning: The sql_alchemy_conn option in [core] has been moved to the sql_alchemy_conn option in [database] - the old setting has been used, but please update your config.
[2024-11-19T09:51:03.593+0000] {task_command.py:467} INFO - Running <TaskInstance: bruno_mars.save_youtube_data scheduled__2024-11-18T12:00:00+00:00 [running]> on host 84d1fd291955
[2024-11-19T09:51:03.595+0000] {logging_mixin.py:190} WARNING - /home/airflow/.local/lib/python3.12/site-packages/airflow/settings.py:470 DeprecationWarning: The sql_alchemy_conn option in [core] has been moved to the sql_alchemy_conn option in [database] - the old setting has been used, but please update your config.
[2024-11-19T09:51:03.655+0000] {taskinstance.py:3132} INFO - Exporting env vars: AIRFLOW_CTX_DAG_OWNER='airflow' AIRFLOW_CTX_DAG_ID='bruno_mars' AIRFLOW_CTX_TASK_ID='save_youtube_data' AIRFLOW_CTX_EXECUTION_DATE='2024-11-18T12:00:00+00:00' AIRFLOW_CTX_TRY_NUMBER='1' AIRFLOW_CTX_DAG_RUN_ID='scheduled__2024-11-18T12:00:00+00:00'
[2024-11-19T09:51:03.656+0000] {taskinstance.py:731} INFO - ::endgroup::
[2024-11-19T09:51:03.701+0000] {logging_mixin.py:190} INFO - Successfully connected to MongoDB.
[2024-11-19T09:51:03.705+0000] {logging_mixin.py:190} INFO - Existing data found, moving to historical collection...
[2024-11-19T09:51:03.707+0000] {logging_mixin.py:190} INFO - Existing data moved to historical collection.
[2024-11-19T09:51:03.709+0000] {logging_mixin.py:190} INFO - New data for channel statistics successfully saved to MongoDB.
[2024-11-19T09:51:03.709+0000] {python.py:240} INFO - Done. Returned value was: None
[2024-11-19T09:51:03.715+0000] {taskinstance.py:340} INFO - ::group::Post task execution logs
[2024-11-19T09:51:03.716+0000] {taskinstance.py:352} INFO - Marking task as SUCCESS. dag_id=bruno_mars, task_id=save_youtube_data, run_id=scheduled__2024-11-18T12:00:00+00:00, execution_date=20241118T120000, start_date=20241119T095103, end_date=20241119T095103
[2024-11-19T09:51:03.759+0000] {local_task_job_runner.py:266} INFO - Task exited with return code 0
[2024-11-19T09:51:03.771+0000] {taskinstance.py:3895} INFO - 0 downstream tasks scheduled from follow-on schedule check
[2024-11-19T09:51:03.772+0000] {local_task_job_runner.py:245} INFO - ::endgroup::
[2024-11-19T09:56:27.896+0000] {local_task_job_runner.py:123} INFO - ::group::Pre task execution logs
[2024-11-19T09:56:27.913+0000] {taskinstance.py:2613} INFO - Dependencies all met for dep_context=non-requeueable deps ti=<TaskInstance: bruno_mars.save_youtube_data scheduled__2024-11-18T12:00:00+00:00 [queued]>
[2024-11-19T09:56:27.922+0000] {taskinstance.py:2613} INFO - Dependencies all met for dep_context=requeueable deps ti=<TaskInstance: bruno_mars.save_youtube_data scheduled__2024-11-18T12:00:00+00:00 [queued]>
[2024-11-19T09:56:27.923+0000] {taskinstance.py:2866} INFO - Starting attempt 1 of 1
[2024-11-19T09:56:27.937+0000] {taskinstance.py:2889} INFO - Executing <Task(PythonOperator): save_youtube_data> on 2024-11-18 12:00:00+00:00
[2024-11-19T09:56:27.943+0000] {standard_task_runner.py:72} INFO - Started process 148 to run task
[2024-11-19T09:56:27.947+0000] {standard_task_runner.py:104} INFO - Running: ['airflow', 'tasks', 'run', 'bruno_mars', 'save_youtube_data', 'scheduled__2024-11-18T12:00:00+00:00', '--job-id', '98', '--raw', '--subdir', 'DAGS_FOLDER/dag2.py', '--cfg-path', '/tmp/tmp40xt50gk']
[2024-11-19T09:56:27.950+0000] {standard_task_runner.py:105} INFO - Job 98: Subtask save_youtube_data
[2024-11-19T09:56:27.969+0000] {logging_mixin.py:190} WARNING - /home/airflow/.local/lib/python3.12/site-packages/airflow/settings.py:209 DeprecationWarning: The sql_alchemy_conn option in [core] has been moved to the sql_alchemy_conn option in [database] - the old setting has been used, but please update your config.
[2024-11-19T09:56:28.003+0000] {task_command.py:467} INFO - Running <TaskInstance: bruno_mars.save_youtube_data scheduled__2024-11-18T12:00:00+00:00 [running]> on host 6aba41e3ae6f
[2024-11-19T09:56:28.005+0000] {logging_mixin.py:190} WARNING - /home/airflow/.local/lib/python3.12/site-packages/airflow/settings.py:470 DeprecationWarning: The sql_alchemy_conn option in [core] has been moved to the sql_alchemy_conn option in [database] - the old setting has been used, but please update your config.
[2024-11-19T09:56:28.080+0000] {taskinstance.py:3132} INFO - Exporting env vars: AIRFLOW_CTX_DAG_OWNER='airflow' AIRFLOW_CTX_DAG_ID='bruno_mars' AIRFLOW_CTX_TASK_ID='save_youtube_data' AIRFLOW_CTX_EXECUTION_DATE='2024-11-18T12:00:00+00:00' AIRFLOW_CTX_TRY_NUMBER='1' AIRFLOW_CTX_DAG_RUN_ID='scheduled__2024-11-18T12:00:00+00:00'
[2024-11-19T09:56:28.081+0000] {taskinstance.py:731} INFO - ::endgroup::
[2024-11-19T09:56:28.127+0000] {logging_mixin.py:190} INFO - Successfully connected to MongoDB.
[2024-11-19T09:56:28.142+0000] {logging_mixin.py:190} INFO - New data for channel statistics successfully saved to MongoDB.
[2024-11-19T09:56:28.143+0000] {python.py:240} INFO - Done. Returned value was: None
[2024-11-19T09:56:28.149+0000] {taskinstance.py:340} INFO - ::group::Post task execution logs
[2024-11-19T09:56:28.150+0000] {taskinstance.py:352} INFO - Marking task as SUCCESS. dag_id=bruno_mars, task_id=save_youtube_data, run_id=scheduled__2024-11-18T12:00:00+00:00, execution_date=20241118T120000, start_date=20241119T095627, end_date=20241119T095628
[2024-11-19T09:56:28.202+0000] {local_task_job_runner.py:266} INFO - Task exited with return code 0
[2024-11-19T09:56:28.214+0000] {taskinstance.py:3895} INFO - 0 downstream tasks scheduled from follow-on schedule check
[2024-11-19T09:56:28.215+0000] {local_task_job_runner.py:245} INFO - ::endgroup::
[2024-11-19T10:00:36.279+0000] {local_task_job_runner.py:123} INFO - ::group::Pre task execution logs
[2024-11-19T10:00:36.290+0000] {taskinstance.py:2613} INFO - Dependencies all met for dep_context=non-requeueable deps ti=<TaskInstance: bruno_mars.save_youtube_data scheduled__2024-11-18T12:00:00+00:00 [queued]>
[2024-11-19T10:00:36.298+0000] {taskinstance.py:2613} INFO - Dependencies all met for dep_context=requeueable deps ti=<TaskInstance: bruno_mars.save_youtube_data scheduled__2024-11-18T12:00:00+00:00 [queued]>
[2024-11-19T10:00:36.299+0000] {taskinstance.py:2866} INFO - Starting attempt 1 of 1
[2024-11-19T10:00:36.312+0000] {taskinstance.py:2889} INFO - Executing <Task(PythonOperator): save_youtube_data> on 2024-11-18 12:00:00+00:00
[2024-11-19T10:00:36.316+0000] {standard_task_runner.py:72} INFO - Started process 258 to run task
[2024-11-19T10:00:36.319+0000] {standard_task_runner.py:104} INFO - Running: ['airflow', 'tasks', 'run', 'bruno_mars', 'save_youtube_data', 'scheduled__2024-11-18T12:00:00+00:00', '--job-id', '106', '--raw', '--subdir', 'DAGS_FOLDER/dag2.py', '--cfg-path', '/tmp/tmp0hnksv30']
[2024-11-19T10:00:36.321+0000] {standard_task_runner.py:105} INFO - Job 106: Subtask save_youtube_data
[2024-11-19T10:00:36.335+0000] {logging_mixin.py:190} WARNING - /home/airflow/.local/lib/python3.12/site-packages/airflow/settings.py:209 DeprecationWarning: The sql_alchemy_conn option in [core] has been moved to the sql_alchemy_conn option in [database] - the old setting has been used, but please update your config.
[2024-11-19T10:00:36.368+0000] {task_command.py:467} INFO - Running <TaskInstance: bruno_mars.save_youtube_data scheduled__2024-11-18T12:00:00+00:00 [running]> on host 6aba41e3ae6f
[2024-11-19T10:00:36.369+0000] {logging_mixin.py:190} WARNING - /home/airflow/.local/lib/python3.12/site-packages/airflow/settings.py:470 DeprecationWarning: The sql_alchemy_conn option in [core] has been moved to the sql_alchemy_conn option in [database] - the old setting has been used, but please update your config.
[2024-11-19T10:00:36.428+0000] {taskinstance.py:3132} INFO - Exporting env vars: AIRFLOW_CTX_DAG_OWNER='airflow' AIRFLOW_CTX_DAG_ID='bruno_mars' AIRFLOW_CTX_TASK_ID='save_youtube_data' AIRFLOW_CTX_EXECUTION_DATE='2024-11-18T12:00:00+00:00' AIRFLOW_CTX_TRY_NUMBER='1' AIRFLOW_CTX_DAG_RUN_ID='scheduled__2024-11-18T12:00:00+00:00'
[2024-11-19T10:00:36.429+0000] {taskinstance.py:731} INFO - ::endgroup::
[2024-11-19T10:00:36.474+0000] {logging_mixin.py:190} INFO - Successfully connected to MongoDB.
[2024-11-19T10:00:36.477+0000] {logging_mixin.py:190} INFO - Existing data found, moving to historical collection...
[2024-11-19T10:00:36.489+0000] {logging_mixin.py:190} INFO - Existing data moved to historical collection.
[2024-11-19T10:00:36.491+0000] {logging_mixin.py:190} INFO - New data for channel statistics successfully saved to MongoDB.
[2024-11-19T10:00:36.492+0000] {python.py:240} INFO - Done. Returned value was: None
[2024-11-19T10:00:36.497+0000] {taskinstance.py:340} INFO - ::group::Post task execution logs
[2024-11-19T10:00:36.498+0000] {taskinstance.py:352} INFO - Marking task as SUCCESS. dag_id=bruno_mars, task_id=save_youtube_data, run_id=scheduled__2024-11-18T12:00:00+00:00, execution_date=20241118T120000, start_date=20241119T100036, end_date=20241119T100036
[2024-11-19T10:00:36.534+0000] {local_task_job_runner.py:266} INFO - Task exited with return code 0
[2024-11-19T10:00:36.545+0000] {taskinstance.py:3895} INFO - 0 downstream tasks scheduled from follow-on schedule check
[2024-11-19T10:00:36.547+0000] {local_task_job_runner.py:245} INFO - ::endgroup::
[2024-11-19T10:03:08.886+0000] {local_task_job_runner.py:123} INFO - ::group::Pre task execution logs
[2024-11-19T10:03:08.897+0000] {taskinstance.py:2613} INFO - Dependencies all met for dep_context=non-requeueable deps ti=<TaskInstance: bruno_mars.save_youtube_data scheduled__2024-11-18T12:00:00+00:00 [queued]>
[2024-11-19T10:03:08.903+0000] {taskinstance.py:2613} INFO - Dependencies all met for dep_context=requeueable deps ti=<TaskInstance: bruno_mars.save_youtube_data scheduled__2024-11-18T12:00:00+00:00 [queued]>
[2024-11-19T10:03:08.904+0000] {taskinstance.py:2866} INFO - Starting attempt 1 of 1
[2024-11-19T10:03:08.916+0000] {taskinstance.py:2889} INFO - Executing <Task(PythonOperator): save_youtube_data> on 2024-11-18 12:00:00+00:00
[2024-11-19T10:03:08.921+0000] {standard_task_runner.py:72} INFO - Started process 362 to run task
[2024-11-19T10:03:08.924+0000] {standard_task_runner.py:104} INFO - Running: ['airflow', 'tasks', 'run', 'bruno_mars', 'save_youtube_data', 'scheduled__2024-11-18T12:00:00+00:00', '--job-id', '114', '--raw', '--subdir', 'DAGS_FOLDER/dag2.py', '--cfg-path', '/tmp/tmp_oetrms9']
[2024-11-19T10:03:08.927+0000] {standard_task_runner.py:105} INFO - Job 114: Subtask save_youtube_data
[2024-11-19T10:03:08.953+0000] {logging_mixin.py:190} WARNING - /home/airflow/.local/lib/python3.12/site-packages/airflow/settings.py:209 DeprecationWarning: The sql_alchemy_conn option in [core] has been moved to the sql_alchemy_conn option in [database] - the old setting has been used, but please update your config.
[2024-11-19T10:03:08.980+0000] {task_command.py:467} INFO - Running <TaskInstance: bruno_mars.save_youtube_data scheduled__2024-11-18T12:00:00+00:00 [running]> on host 6aba41e3ae6f
[2024-11-19T10:03:08.981+0000] {logging_mixin.py:190} WARNING - /home/airflow/.local/lib/python3.12/site-packages/airflow/settings.py:470 DeprecationWarning: The sql_alchemy_conn option in [core] has been moved to the sql_alchemy_conn option in [database] - the old setting has been used, but please update your config.
[2024-11-19T10:03:09.038+0000] {taskinstance.py:3132} INFO - Exporting env vars: AIRFLOW_CTX_DAG_OWNER='airflow' AIRFLOW_CTX_DAG_ID='bruno_mars' AIRFLOW_CTX_TASK_ID='save_youtube_data' AIRFLOW_CTX_EXECUTION_DATE='2024-11-18T12:00:00+00:00' AIRFLOW_CTX_TRY_NUMBER='1' AIRFLOW_CTX_DAG_RUN_ID='scheduled__2024-11-18T12:00:00+00:00'
[2024-11-19T10:03:09.039+0000] {taskinstance.py:731} INFO - ::endgroup::
[2024-11-19T10:03:09.093+0000] {logging_mixin.py:190} INFO - Successfully connected to MongoDB.
[2024-11-19T10:03:09.098+0000] {logging_mixin.py:190} INFO - Existing data found, moving to historical collection...
[2024-11-19T10:03:09.100+0000] {logging_mixin.py:190} INFO - Existing data moved to historical collection.
[2024-11-19T10:03:09.102+0000] {logging_mixin.py:190} INFO - New data for channel statistics successfully saved to MongoDB.
[2024-11-19T10:03:09.103+0000] {python.py:240} INFO - Done. Returned value was: None
[2024-11-19T10:03:09.108+0000] {taskinstance.py:340} INFO - ::group::Post task execution logs
[2024-11-19T10:03:09.109+0000] {taskinstance.py:352} INFO - Marking task as SUCCESS. dag_id=bruno_mars, task_id=save_youtube_data, run_id=scheduled__2024-11-18T12:00:00+00:00, execution_date=20241118T120000, start_date=20241119T100308, end_date=20241119T100309
[2024-11-19T10:03:09.138+0000] {local_task_job_runner.py:266} INFO - Task exited with return code 0
[2024-11-19T10:03:09.150+0000] {taskinstance.py:3895} INFO - 0 downstream tasks scheduled from follow-on schedule check
[2024-11-19T10:03:09.151+0000] {local_task_job_runner.py:245} INFO - ::endgroup::
