[2024-11-18T19:33:57.065+0000] {local_task_job_runner.py:123} INFO - ::group::Pre task execution logs
[2024-11-18T19:33:57.077+0000] {taskinstance.py:2613} INFO - Dependencies all met for dep_context=non-requeueable deps ti=<TaskInstance: spotify_youtube_data_pipeline.save_youtube_data manual__2024-11-18T19:33:38.828282+00:00 [queued]>
[2024-11-18T19:33:57.084+0000] {taskinstance.py:2613} INFO - Dependencies all met for dep_context=requeueable deps ti=<TaskInstance: spotify_youtube_data_pipeline.save_youtube_data manual__2024-11-18T19:33:38.828282+00:00 [queued]>
[2024-11-18T19:33:57.085+0000] {taskinstance.py:2866} INFO - Starting attempt 1 of 1
[2024-11-18T19:33:57.098+0000] {taskinstance.py:2889} INFO - Executing <Task(PythonOperator): save_youtube_data> on 2024-11-18 19:33:38.828282+00:00
[2024-11-18T19:33:57.111+0000] {standard_task_runner.py:72} INFO - Started process 100 to run task
[2024-11-18T19:33:57.123+0000] {standard_task_runner.py:104} INFO - Running: ['airflow', 'tasks', 'run', 'spotify_youtube_data_pipeline', 'save_youtube_data', 'manual__2024-11-18T19:33:38.828282+00:00', '--job-id', '8', '--raw', '--subdir', 'DAGS_FOLDER/dag.py', '--cfg-path', '/tmp/tmpisak__sv']
[2024-11-18T19:33:57.129+0000] {standard_task_runner.py:105} INFO - Job 8: Subtask save_youtube_data
[2024-11-18T19:33:57.146+0000] {logging_mixin.py:190} WARNING - /home/airflow/.local/lib/python3.12/site-packages/airflow/settings.py:209 DeprecationWarning: The sql_alchemy_conn option in [core] has been moved to the sql_alchemy_conn option in [database] - the old setting has been used, but please update your config.
[2024-11-18T19:33:57.179+0000] {task_command.py:467} INFO - Running <TaskInstance: spotify_youtube_data_pipeline.save_youtube_data manual__2024-11-18T19:33:38.828282+00:00 [running]> on host 4503a1a60902
[2024-11-18T19:33:57.243+0000] {taskinstance.py:3132} INFO - Exporting env vars: AIRFLOW_CTX_DAG_OWNER='airflow' AIRFLOW_CTX_DAG_ID='spotify_youtube_data_pipeline' AIRFLOW_CTX_TASK_ID='save_youtube_data' AIRFLOW_CTX_EXECUTION_DATE='2024-11-18T19:33:38.828282+00:00' AIRFLOW_CTX_TRY_NUMBER='1' AIRFLOW_CTX_DAG_RUN_ID='manual__2024-11-18T19:33:38.828282+00:00'
[2024-11-18T19:33:57.244+0000] {taskinstance.py:731} INFO - ::endgroup::
[2024-11-18T19:33:57.391+0000] {logging_mixin.py:190} INFO - Successfully connected to MongoDB.
[2024-11-18T19:33:57.441+0000] {logging_mixin.py:190} INFO - New YouTube data successfully saved to MongoDB.
[2024-11-18T19:33:57.442+0000] {python.py:240} INFO - Done. Returned value was: None
[2024-11-18T19:33:57.450+0000] {taskinstance.py:340} INFO - ::group::Post task execution logs
[2024-11-18T19:33:57.450+0000] {taskinstance.py:352} INFO - Marking task as SUCCESS. dag_id=spotify_youtube_data_pipeline, task_id=save_youtube_data, run_id=manual__2024-11-18T19:33:38.828282+00:00, execution_date=20241118T193338, start_date=20241118T193357, end_date=20241118T193357
[2024-11-18T19:33:57.496+0000] {local_task_job_runner.py:266} INFO - Task exited with return code 0
[2024-11-18T19:33:57.508+0000] {taskinstance.py:3895} INFO - 0 downstream tasks scheduled from follow-on schedule check
[2024-11-18T19:33:57.509+0000] {local_task_job_runner.py:245} INFO - ::endgroup::
