[2024-11-19T09:33:52.896+0000] {local_task_job_runner.py:123} INFO - ::group::Pre task execution logs
[2024-11-19T09:33:52.907+0000] {taskinstance.py:2613} INFO - Dependencies all met for dep_context=non-requeueable deps ti=<TaskInstance: bernadya.save_youtube_data scheduled__2024-11-18T12:00:00+00:00 [queued]>
[2024-11-19T09:33:52.914+0000] {taskinstance.py:2613} INFO - Dependencies all met for dep_context=requeueable deps ti=<TaskInstance: bernadya.save_youtube_data scheduled__2024-11-18T12:00:00+00:00 [queued]>
[2024-11-19T09:33:52.915+0000] {taskinstance.py:2866} INFO - Starting attempt 1 of 1
[2024-11-19T09:33:52.927+0000] {taskinstance.py:2889} INFO - Executing <Task(PythonOperator): save_youtube_data> on 2024-11-18 12:00:00+00:00
[2024-11-19T09:33:52.932+0000] {standard_task_runner.py:72} INFO - Started process 145 to run task
[2024-11-19T09:33:52.934+0000] {standard_task_runner.py:104} INFO - Running: ['airflow', 'tasks', 'run', 'bernadya', 'save_youtube_data', 'scheduled__2024-11-18T12:00:00+00:00', '--job-id', '59', '--raw', '--subdir', 'DAGS_FOLDER/dag.py', '--cfg-path', '/tmp/tmp4dajkd4f']
[2024-11-19T09:33:52.936+0000] {standard_task_runner.py:105} INFO - Job 59: Subtask save_youtube_data
[2024-11-19T09:33:52.951+0000] {logging_mixin.py:190} WARNING - /home/airflow/.local/lib/python3.12/site-packages/airflow/settings.py:209 DeprecationWarning: The sql_alchemy_conn option in [core] has been moved to the sql_alchemy_conn option in [database] - the old setting has been used, but please update your config.
[2024-11-19T09:33:52.979+0000] {task_command.py:467} INFO - Running <TaskInstance: bernadya.save_youtube_data scheduled__2024-11-18T12:00:00+00:00 [running]> on host 368b98dccfcf
[2024-11-19T09:33:52.981+0000] {logging_mixin.py:190} WARNING - /home/airflow/.local/lib/python3.12/site-packages/airflow/settings.py:470 DeprecationWarning: The sql_alchemy_conn option in [core] has been moved to the sql_alchemy_conn option in [database] - the old setting has been used, but please update your config.
[2024-11-19T09:33:53.044+0000] {taskinstance.py:3132} INFO - Exporting env vars: AIRFLOW_CTX_DAG_OWNER='airflow' AIRFLOW_CTX_DAG_ID='bernadya' AIRFLOW_CTX_TASK_ID='save_youtube_data' AIRFLOW_CTX_EXECUTION_DATE='2024-11-18T12:00:00+00:00' AIRFLOW_CTX_TRY_NUMBER='1' AIRFLOW_CTX_DAG_RUN_ID='scheduled__2024-11-18T12:00:00+00:00'
[2024-11-19T09:33:53.044+0000] {taskinstance.py:731} INFO - ::endgroup::
[2024-11-19T09:33:53.151+0000] {logging_mixin.py:190} INFO - Successfully connected to MongoDB.
[2024-11-19T09:33:53.196+0000] {logging_mixin.py:190} INFO - Existing data found, moving to historical collection...
[2024-11-19T09:33:53.227+0000] {logging_mixin.py:190} INFO - Existing data moved to historical collection.
[2024-11-19T09:33:53.233+0000] {logging_mixin.py:190} INFO - New data for channel statistics successfully saved to MongoDB.
[2024-11-19T09:33:53.233+0000] {python.py:240} INFO - Done. Returned value was: None
[2024-11-19T09:33:53.240+0000] {taskinstance.py:340} INFO - ::group::Post task execution logs
[2024-11-19T09:33:53.240+0000] {taskinstance.py:352} INFO - Marking task as SUCCESS. dag_id=bernadya, task_id=save_youtube_data, run_id=scheduled__2024-11-18T12:00:00+00:00, execution_date=20241118T120000, start_date=20241119T093352, end_date=20241119T093353
[2024-11-19T09:33:53.268+0000] {local_task_job_runner.py:266} INFO - Task exited with return code 0
[2024-11-19T09:33:53.280+0000] {taskinstance.py:3895} INFO - 0 downstream tasks scheduled from follow-on schedule check
[2024-11-19T09:33:53.281+0000] {local_task_job_runner.py:245} INFO - ::endgroup::
[2024-11-19T09:50:54.807+0000] {local_task_job_runner.py:123} INFO - ::group::Pre task execution logs
[2024-11-19T09:50:54.825+0000] {taskinstance.py:2613} INFO - Dependencies all met for dep_context=non-requeueable deps ti=<TaskInstance: bernadya.save_youtube_data scheduled__2024-11-18T12:00:00+00:00 [queued]>
[2024-11-19T09:50:54.837+0000] {taskinstance.py:2613} INFO - Dependencies all met for dep_context=requeueable deps ti=<TaskInstance: bernadya.save_youtube_data scheduled__2024-11-18T12:00:00+00:00 [queued]>
[2024-11-19T09:50:54.838+0000] {taskinstance.py:2866} INFO - Starting attempt 1 of 1
[2024-11-19T09:50:54.858+0000] {taskinstance.py:2889} INFO - Executing <Task(PythonOperator): save_youtube_data> on 2024-11-18 12:00:00+00:00
[2024-11-19T09:50:54.863+0000] {standard_task_runner.py:72} INFO - Started process 219 to run task
[2024-11-19T09:50:54.867+0000] {standard_task_runner.py:104} INFO - Running: ['airflow', 'tasks', 'run', 'bernadya', 'save_youtube_data', 'scheduled__2024-11-18T12:00:00+00:00', '--job-id', '87', '--raw', '--subdir', 'DAGS_FOLDER/dag.py', '--cfg-path', '/tmp/tmp8q554nd0']
[2024-11-19T09:50:54.869+0000] {standard_task_runner.py:105} INFO - Job 87: Subtask save_youtube_data
[2024-11-19T09:50:54.888+0000] {logging_mixin.py:190} WARNING - /home/airflow/.local/lib/python3.12/site-packages/airflow/settings.py:209 DeprecationWarning: The sql_alchemy_conn option in [core] has been moved to the sql_alchemy_conn option in [database] - the old setting has been used, but please update your config.
[2024-11-19T09:50:54.923+0000] {task_command.py:467} INFO - Running <TaskInstance: bernadya.save_youtube_data scheduled__2024-11-18T12:00:00+00:00 [running]> on host 84d1fd291955
[2024-11-19T09:50:54.925+0000] {logging_mixin.py:190} WARNING - /home/airflow/.local/lib/python3.12/site-packages/airflow/settings.py:470 DeprecationWarning: The sql_alchemy_conn option in [core] has been moved to the sql_alchemy_conn option in [database] - the old setting has been used, but please update your config.
[2024-11-19T09:50:54.986+0000] {taskinstance.py:3132} INFO - Exporting env vars: AIRFLOW_CTX_DAG_OWNER='airflow' AIRFLOW_CTX_DAG_ID='bernadya' AIRFLOW_CTX_TASK_ID='save_youtube_data' AIRFLOW_CTX_EXECUTION_DATE='2024-11-18T12:00:00+00:00' AIRFLOW_CTX_TRY_NUMBER='1' AIRFLOW_CTX_DAG_RUN_ID='scheduled__2024-11-18T12:00:00+00:00'
[2024-11-19T09:50:54.986+0000] {taskinstance.py:731} INFO - ::endgroup::
[2024-11-19T09:50:55.027+0000] {logging_mixin.py:190} INFO - Successfully connected to MongoDB.
[2024-11-19T09:50:55.033+0000] {logging_mixin.py:190} INFO - Existing data found, moving to historical collection...
[2024-11-19T09:50:55.035+0000] {logging_mixin.py:190} INFO - Existing data moved to historical collection.
[2024-11-19T09:50:55.036+0000] {logging_mixin.py:190} INFO - New data for channel statistics successfully saved to MongoDB.
[2024-11-19T09:50:55.038+0000] {python.py:240} INFO - Done. Returned value was: None
[2024-11-19T09:50:55.044+0000] {taskinstance.py:340} INFO - ::group::Post task execution logs
[2024-11-19T09:50:55.045+0000] {taskinstance.py:352} INFO - Marking task as SUCCESS. dag_id=bernadya, task_id=save_youtube_data, run_id=scheduled__2024-11-18T12:00:00+00:00, execution_date=20241118T120000, start_date=20241119T095054, end_date=20241119T095055
[2024-11-19T09:50:55.081+0000] {local_task_job_runner.py:266} INFO - Task exited with return code 0
[2024-11-19T09:50:55.100+0000] {taskinstance.py:3895} INFO - 0 downstream tasks scheduled from follow-on schedule check
[2024-11-19T09:50:55.102+0000] {local_task_job_runner.py:245} INFO - ::endgroup::
[2024-11-19T09:56:19.528+0000] {local_task_job_runner.py:123} INFO - ::group::Pre task execution logs
[2024-11-19T09:56:19.539+0000] {taskinstance.py:2613} INFO - Dependencies all met for dep_context=non-requeueable deps ti=<TaskInstance: bernadya.save_youtube_data scheduled__2024-11-18T12:00:00+00:00 [queued]>
[2024-11-19T09:56:19.546+0000] {taskinstance.py:2613} INFO - Dependencies all met for dep_context=requeueable deps ti=<TaskInstance: bernadya.save_youtube_data scheduled__2024-11-18T12:00:00+00:00 [queued]>
[2024-11-19T09:56:19.546+0000] {taskinstance.py:2866} INFO - Starting attempt 1 of 1
[2024-11-19T09:56:19.559+0000] {taskinstance.py:2889} INFO - Executing <Task(PythonOperator): save_youtube_data> on 2024-11-18 12:00:00+00:00
[2024-11-19T09:56:19.562+0000] {standard_task_runner.py:72} INFO - Started process 121 to run task
[2024-11-19T09:56:19.564+0000] {standard_task_runner.py:104} INFO - Running: ['airflow', 'tasks', 'run', 'bernadya', 'save_youtube_data', 'scheduled__2024-11-18T12:00:00+00:00', '--job-id', '96', '--raw', '--subdir', 'DAGS_FOLDER/dag.py', '--cfg-path', '/tmp/tmpk8j7d76d']
[2024-11-19T09:56:19.566+0000] {standard_task_runner.py:105} INFO - Job 96: Subtask save_youtube_data
[2024-11-19T09:56:19.580+0000] {logging_mixin.py:190} WARNING - /home/airflow/.local/lib/python3.12/site-packages/airflow/settings.py:209 DeprecationWarning: The sql_alchemy_conn option in [core] has been moved to the sql_alchemy_conn option in [database] - the old setting has been used, but please update your config.
[2024-11-19T09:56:19.606+0000] {task_command.py:467} INFO - Running <TaskInstance: bernadya.save_youtube_data scheduled__2024-11-18T12:00:00+00:00 [running]> on host 6aba41e3ae6f
[2024-11-19T09:56:19.607+0000] {logging_mixin.py:190} WARNING - /home/airflow/.local/lib/python3.12/site-packages/airflow/settings.py:470 DeprecationWarning: The sql_alchemy_conn option in [core] has been moved to the sql_alchemy_conn option in [database] - the old setting has been used, but please update your config.
[2024-11-19T09:56:19.676+0000] {taskinstance.py:3132} INFO - Exporting env vars: AIRFLOW_CTX_DAG_OWNER='airflow' AIRFLOW_CTX_DAG_ID='bernadya' AIRFLOW_CTX_TASK_ID='save_youtube_data' AIRFLOW_CTX_EXECUTION_DATE='2024-11-18T12:00:00+00:00' AIRFLOW_CTX_TRY_NUMBER='1' AIRFLOW_CTX_DAG_RUN_ID='scheduled__2024-11-18T12:00:00+00:00'
[2024-11-19T09:56:19.679+0000] {taskinstance.py:731} INFO - ::endgroup::
[2024-11-19T09:56:19.759+0000] {logging_mixin.py:190} INFO - Successfully connected to MongoDB.
[2024-11-19T09:56:19.788+0000] {logging_mixin.py:190} INFO - New data for channel statistics successfully saved to MongoDB.
[2024-11-19T09:56:19.789+0000] {python.py:240} INFO - Done. Returned value was: None
[2024-11-19T09:56:19.795+0000] {taskinstance.py:340} INFO - ::group::Post task execution logs
[2024-11-19T09:56:19.796+0000] {taskinstance.py:352} INFO - Marking task as SUCCESS. dag_id=bernadya, task_id=save_youtube_data, run_id=scheduled__2024-11-18T12:00:00+00:00, execution_date=20241118T120000, start_date=20241119T095619, end_date=20241119T095619
[2024-11-19T09:56:19.818+0000] {local_task_job_runner.py:266} INFO - Task exited with return code 0
[2024-11-19T09:56:19.830+0000] {taskinstance.py:3895} INFO - 0 downstream tasks scheduled from follow-on schedule check
[2024-11-19T09:56:19.831+0000] {local_task_job_runner.py:245} INFO - ::endgroup::
[2024-11-19T10:00:28.549+0000] {local_task_job_runner.py:123} INFO - ::group::Pre task execution logs
[2024-11-19T10:00:28.560+0000] {taskinstance.py:2613} INFO - Dependencies all met for dep_context=non-requeueable deps ti=<TaskInstance: bernadya.save_youtube_data scheduled__2024-11-18T12:00:00+00:00 [queued]>
[2024-11-19T10:00:28.567+0000] {taskinstance.py:2613} INFO - Dependencies all met for dep_context=requeueable deps ti=<TaskInstance: bernadya.save_youtube_data scheduled__2024-11-18T12:00:00+00:00 [queued]>
[2024-11-19T10:00:28.568+0000] {taskinstance.py:2866} INFO - Starting attempt 1 of 1
[2024-11-19T10:00:28.582+0000] {taskinstance.py:2889} INFO - Executing <Task(PythonOperator): save_youtube_data> on 2024-11-18 12:00:00+00:00
[2024-11-19T10:00:28.586+0000] {standard_task_runner.py:72} INFO - Started process 231 to run task
[2024-11-19T10:00:28.588+0000] {standard_task_runner.py:104} INFO - Running: ['airflow', 'tasks', 'run', 'bernadya', 'save_youtube_data', 'scheduled__2024-11-18T12:00:00+00:00', '--job-id', '104', '--raw', '--subdir', 'DAGS_FOLDER/dag.py', '--cfg-path', '/tmp/tmpdkqssfjc']
[2024-11-19T10:00:28.591+0000] {standard_task_runner.py:105} INFO - Job 104: Subtask save_youtube_data
[2024-11-19T10:00:28.606+0000] {logging_mixin.py:190} WARNING - /home/airflow/.local/lib/python3.12/site-packages/airflow/settings.py:209 DeprecationWarning: The sql_alchemy_conn option in [core] has been moved to the sql_alchemy_conn option in [database] - the old setting has been used, but please update your config.
[2024-11-19T10:00:28.633+0000] {task_command.py:467} INFO - Running <TaskInstance: bernadya.save_youtube_data scheduled__2024-11-18T12:00:00+00:00 [running]> on host 6aba41e3ae6f
[2024-11-19T10:00:28.635+0000] {logging_mixin.py:190} WARNING - /home/airflow/.local/lib/python3.12/site-packages/airflow/settings.py:470 DeprecationWarning: The sql_alchemy_conn option in [core] has been moved to the sql_alchemy_conn option in [database] - the old setting has been used, but please update your config.
[2024-11-19T10:00:28.697+0000] {taskinstance.py:3132} INFO - Exporting env vars: AIRFLOW_CTX_DAG_OWNER='airflow' AIRFLOW_CTX_DAG_ID='bernadya' AIRFLOW_CTX_TASK_ID='save_youtube_data' AIRFLOW_CTX_EXECUTION_DATE='2024-11-18T12:00:00+00:00' AIRFLOW_CTX_TRY_NUMBER='1' AIRFLOW_CTX_DAG_RUN_ID='scheduled__2024-11-18T12:00:00+00:00'
[2024-11-19T10:00:28.698+0000] {taskinstance.py:731} INFO - ::endgroup::
[2024-11-19T10:00:28.744+0000] {logging_mixin.py:190} INFO - Successfully connected to MongoDB.
[2024-11-19T10:00:28.751+0000] {logging_mixin.py:190} INFO - Existing data found, moving to historical collection...
[2024-11-19T10:00:28.767+0000] {logging_mixin.py:190} INFO - Existing data moved to historical collection.
[2024-11-19T10:00:28.770+0000] {logging_mixin.py:190} INFO - New data for channel statistics successfully saved to MongoDB.
[2024-11-19T10:00:28.771+0000] {python.py:240} INFO - Done. Returned value was: None
[2024-11-19T10:00:28.777+0000] {taskinstance.py:340} INFO - ::group::Post task execution logs
[2024-11-19T10:00:28.778+0000] {taskinstance.py:352} INFO - Marking task as SUCCESS. dag_id=bernadya, task_id=save_youtube_data, run_id=scheduled__2024-11-18T12:00:00+00:00, execution_date=20241118T120000, start_date=20241119T100028, end_date=20241119T100028
[2024-11-19T10:00:28.802+0000] {local_task_job_runner.py:266} INFO - Task exited with return code 0
[2024-11-19T10:00:28.817+0000] {taskinstance.py:3895} INFO - 0 downstream tasks scheduled from follow-on schedule check
[2024-11-19T10:00:28.819+0000] {local_task_job_runner.py:245} INFO - ::endgroup::
[2024-11-19T10:03:01.253+0000] {local_task_job_runner.py:123} INFO - ::group::Pre task execution logs
[2024-11-19T10:03:01.264+0000] {taskinstance.py:2613} INFO - Dependencies all met for dep_context=non-requeueable deps ti=<TaskInstance: bernadya.save_youtube_data scheduled__2024-11-18T12:00:00+00:00 [queued]>
[2024-11-19T10:03:01.270+0000] {taskinstance.py:2613} INFO - Dependencies all met for dep_context=requeueable deps ti=<TaskInstance: bernadya.save_youtube_data scheduled__2024-11-18T12:00:00+00:00 [queued]>
[2024-11-19T10:03:01.271+0000] {taskinstance.py:2866} INFO - Starting attempt 1 of 1
[2024-11-19T10:03:01.283+0000] {taskinstance.py:2889} INFO - Executing <Task(PythonOperator): save_youtube_data> on 2024-11-18 12:00:00+00:00
[2024-11-19T10:03:01.287+0000] {standard_task_runner.py:72} INFO - Started process 335 to run task
[2024-11-19T10:03:01.289+0000] {standard_task_runner.py:104} INFO - Running: ['airflow', 'tasks', 'run', 'bernadya', 'save_youtube_data', 'scheduled__2024-11-18T12:00:00+00:00', '--job-id', '112', '--raw', '--subdir', 'DAGS_FOLDER/dag.py', '--cfg-path', '/tmp/tmprf9lcw2_']
[2024-11-19T10:03:01.291+0000] {standard_task_runner.py:105} INFO - Job 112: Subtask save_youtube_data
[2024-11-19T10:03:01.305+0000] {logging_mixin.py:190} WARNING - /home/airflow/.local/lib/python3.12/site-packages/airflow/settings.py:209 DeprecationWarning: The sql_alchemy_conn option in [core] has been moved to the sql_alchemy_conn option in [database] - the old setting has been used, but please update your config.
[2024-11-19T10:03:01.331+0000] {task_command.py:467} INFO - Running <TaskInstance: bernadya.save_youtube_data scheduled__2024-11-18T12:00:00+00:00 [running]> on host 6aba41e3ae6f
[2024-11-19T10:03:01.332+0000] {logging_mixin.py:190} WARNING - /home/airflow/.local/lib/python3.12/site-packages/airflow/settings.py:470 DeprecationWarning: The sql_alchemy_conn option in [core] has been moved to the sql_alchemy_conn option in [database] - the old setting has been used, but please update your config.
[2024-11-19T10:03:01.388+0000] {taskinstance.py:3132} INFO - Exporting env vars: AIRFLOW_CTX_DAG_OWNER='airflow' AIRFLOW_CTX_DAG_ID='bernadya' AIRFLOW_CTX_TASK_ID='save_youtube_data' AIRFLOW_CTX_EXECUTION_DATE='2024-11-18T12:00:00+00:00' AIRFLOW_CTX_TRY_NUMBER='1' AIRFLOW_CTX_DAG_RUN_ID='scheduled__2024-11-18T12:00:00+00:00'
[2024-11-19T10:03:01.389+0000] {taskinstance.py:731} INFO - ::endgroup::
[2024-11-19T10:03:01.431+0000] {logging_mixin.py:190} INFO - Successfully connected to MongoDB.
[2024-11-19T10:03:01.435+0000] {logging_mixin.py:190} INFO - Existing data found, moving to historical collection...
[2024-11-19T10:03:01.438+0000] {logging_mixin.py:190} INFO - Existing data moved to historical collection.
[2024-11-19T10:03:01.440+0000] {logging_mixin.py:190} INFO - New data for channel statistics successfully saved to MongoDB.
[2024-11-19T10:03:01.440+0000] {python.py:240} INFO - Done. Returned value was: None
[2024-11-19T10:03:01.446+0000] {taskinstance.py:340} INFO - ::group::Post task execution logs
[2024-11-19T10:03:01.446+0000] {taskinstance.py:352} INFO - Marking task as SUCCESS. dag_id=bernadya, task_id=save_youtube_data, run_id=scheduled__2024-11-18T12:00:00+00:00, execution_date=20241118T120000, start_date=20241119T100301, end_date=20241119T100301
[2024-11-19T10:03:01.463+0000] {local_task_job_runner.py:266} INFO - Task exited with return code 0
[2024-11-19T10:03:01.473+0000] {taskinstance.py:3895} INFO - 0 downstream tasks scheduled from follow-on schedule check
[2024-11-19T10:03:01.474+0000] {local_task_job_runner.py:245} INFO - ::endgroup::
