[2024-11-19T05:10:41.155+0000] {local_task_job_runner.py:123} INFO - ::group::Pre task execution logs
[2024-11-19T05:10:41.189+0000] {taskinstance.py:2613} INFO - Dependencies all met for dep_context=non-requeueable deps ti=<TaskInstance: spotify_youtube_data_pipeline.upsert_spotify_data manual__2024-11-19T05:09:57.505971+00:00 [queued]>
[2024-11-19T05:10:41.220+0000] {taskinstance.py:2613} INFO - Dependencies all met for dep_context=requeueable deps ti=<TaskInstance: spotify_youtube_data_pipeline.upsert_spotify_data manual__2024-11-19T05:09:57.505971+00:00 [queued]>
[2024-11-19T05:10:41.222+0000] {taskinstance.py:2866} INFO - Starting attempt 1 of 1
[2024-11-19T05:10:41.265+0000] {taskinstance.py:2889} INFO - Executing <Task(PythonOperator): upsert_spotify_data> on 2024-11-19 05:09:57.505971+00:00
[2024-11-19T05:10:41.275+0000] {standard_task_runner.py:72} INFO - Started process 178 to run task
[2024-11-19T05:10:41.281+0000] {standard_task_runner.py:104} INFO - Running: ['airflow', 'tasks', 'run', 'spotify_youtube_data_pipeline', 'upsert_spotify_data', 'manual__2024-11-19T05:09:57.505971+00:00', '--job-id', '41', '--raw', '--subdir', 'DAGS_FOLDER/dag.py', '--cfg-path', '/tmp/tmpx9xlvqsx']
[2024-11-19T05:10:41.287+0000] {standard_task_runner.py:105} INFO - Job 41: Subtask upsert_spotify_data
[2024-11-19T05:10:41.319+0000] {logging_mixin.py:190} WARNING - /home/airflow/.local/lib/python3.12/site-packages/airflow/settings.py:209 DeprecationWarning: The sql_alchemy_conn option in [core] has been moved to the sql_alchemy_conn option in [database] - the old setting has been used, but please update your config.
[2024-11-19T05:10:41.386+0000] {task_command.py:467} INFO - Running <TaskInstance: spotify_youtube_data_pipeline.upsert_spotify_data manual__2024-11-19T05:09:57.505971+00:00 [running]> on host a65554b7e6d9
[2024-11-19T05:10:41.526+0000] {taskinstance.py:3132} INFO - Exporting env vars: AIRFLOW_CTX_DAG_OWNER='airflow' AIRFLOW_CTX_DAG_ID='spotify_youtube_data_pipeline' AIRFLOW_CTX_TASK_ID='upsert_spotify_data' AIRFLOW_CTX_EXECUTION_DATE='2024-11-19T05:09:57.505971+00:00' AIRFLOW_CTX_TRY_NUMBER='1' AIRFLOW_CTX_DAG_RUN_ID='manual__2024-11-19T05:09:57.505971+00:00'
[2024-11-19T05:10:41.528+0000] {taskinstance.py:731} INFO - ::endgroup::
[2024-11-19T05:10:41.709+0000] {logging_mixin.py:190} INFO - Data artis berhasil diupdate.
[2024-11-19T05:10:41.720+0000] {logging_mixin.py:190} INFO - Data kota Jakarta berhasil diupdate.
[2024-11-19T05:10:41.723+0000] {logging_mixin.py:190} INFO - Data kota Bandung berhasil diupdate.
[2024-11-19T05:10:41.725+0000] {logging_mixin.py:190} INFO - Data kota Surabaya berhasil diupdate.
[2024-11-19T05:10:41.728+0000] {logging_mixin.py:190} INFO - Data kota Makassar berhasil diupdate.
[2024-11-19T05:10:41.730+0000] {logging_mixin.py:190} INFO - Data kota Semarang berhasil diupdate.
[2024-11-19T05:10:41.738+0000] {logging_mixin.py:190} INFO - Track Satu Bulan berhasil diupdate.
[2024-11-19T05:10:41.740+0000] {logging_mixin.py:190} INFO - Track Untungnya, Hidup Harus Tetap Berjalan berhasil diupdate.
[2024-11-19T05:10:41.742+0000] {logging_mixin.py:190} INFO - Track Kata Mereka Ini Berlebihan berhasil diupdate.
[2024-11-19T05:10:41.744+0000] {logging_mixin.py:190} INFO - Track Apa Mungkin berhasil diupdate.
[2024-11-19T05:10:41.746+0000] {logging_mixin.py:190} INFO - Track Kini Mereka Tahu berhasil diupdate.
[2024-11-19T05:10:41.751+0000] {logging_mixin.py:190} INFO - Track Lama-Lama berhasil diupdate.
[2024-11-19T05:10:41.753+0000] {logging_mixin.py:190} INFO - Track Masa Sepi berhasil diupdate.
[2024-11-19T05:10:41.756+0000] {logging_mixin.py:190} INFO - Track Sialnya, Hidup Harus Tetap Berjalan berhasil diupdate.
[2024-11-19T05:10:41.759+0000] {logging_mixin.py:190} INFO - Track Terlintas berhasil diupdate.
[2024-11-19T05:10:41.762+0000] {logging_mixin.py:190} INFO - Track Sinyal-Sinyal berhasil diupdate.
[2024-11-19T05:10:41.769+0000] {python.py:240} INFO - Done. Returned value was: None
[2024-11-19T05:10:41.783+0000] {taskinstance.py:340} INFO - ::group::Post task execution logs
[2024-11-19T05:10:41.785+0000] {taskinstance.py:352} INFO - Marking task as SUCCESS. dag_id=spotify_youtube_data_pipeline, task_id=upsert_spotify_data, run_id=manual__2024-11-19T05:09:57.505971+00:00, execution_date=20241119T050957, start_date=20241119T051041, end_date=20241119T051041
[2024-11-19T05:10:41.822+0000] {local_task_job_runner.py:266} INFO - Task exited with return code 0
[2024-11-19T05:10:41.843+0000] {taskinstance.py:3895} INFO - 0 downstream tasks scheduled from follow-on schedule check
[2024-11-19T05:10:41.845+0000] {local_task_job_runner.py:245} INFO - ::endgroup::
