[2024-11-21T05:28:26.490+0000] {local_task_job_runner.py:123} INFO - ::group::Pre task execution logs
[2024-11-21T05:28:26.511+0000] {taskinstance.py:2613} INFO - Dependencies all met for dep_context=non-requeueable deps ti=<TaskInstance: dewa19.fetch_spotify_data scheduled__2024-11-21T00:00:00+00:00 [queued]>
[2024-11-21T05:28:26.525+0000] {taskinstance.py:2613} INFO - Dependencies all met for dep_context=requeueable deps ti=<TaskInstance: dewa19.fetch_spotify_data scheduled__2024-11-21T00:00:00+00:00 [queued]>
[2024-11-21T05:28:26.527+0000] {taskinstance.py:2866} INFO - Starting attempt 1 of 1
[2024-11-21T05:28:26.585+0000] {taskinstance.py:2889} INFO - Executing <Task(PythonOperator): fetch_spotify_data> on 2024-11-21 00:00:00+00:00
[2024-11-21T05:28:26.595+0000] {standard_task_runner.py:72} INFO - Started process 411 to run task
[2024-11-21T05:28:26.602+0000] {standard_task_runner.py:104} INFO - Running: ['airflow', 'tasks', 'run', 'dewa19', 'fetch_spotify_data', 'scheduled__2024-11-21T00:00:00+00:00', '--job-id', '264', '--raw', '--subdir', 'DAGS_FOLDER/dewa19.py', '--cfg-path', '/tmp/tmpz75_8t6i']
[2024-11-21T05:28:26.607+0000] {standard_task_runner.py:105} INFO - Job 264: Subtask fetch_spotify_data
[2024-11-21T05:28:26.634+0000] {logging_mixin.py:190} WARNING - /home/airflow/.local/lib/python3.12/site-packages/airflow/settings.py:209 DeprecationWarning: The sql_alchemy_conn option in [core] has been moved to the sql_alchemy_conn option in [database] - the old setting has been used, but please update your config.
[2024-11-21T05:28:26.684+0000] {task_command.py:467} INFO - Running <TaskInstance: dewa19.fetch_spotify_data scheduled__2024-11-21T00:00:00+00:00 [running]> on host 4ed801b530e9
[2024-11-21T05:28:26.687+0000] {logging_mixin.py:190} WARNING - /home/airflow/.local/lib/python3.12/site-packages/airflow/settings.py:470 DeprecationWarning: The sql_alchemy_conn option in [core] has been moved to the sql_alchemy_conn option in [database] - the old setting has been used, but please update your config.
[2024-11-21T05:28:26.816+0000] {taskinstance.py:3132} INFO - Exporting env vars: AIRFLOW_CTX_DAG_OWNER='airflow' AIRFLOW_CTX_DAG_ID='dewa19' AIRFLOW_CTX_TASK_ID='fetch_spotify_data' AIRFLOW_CTX_EXECUTION_DATE='2024-11-21T00:00:00+00:00' AIRFLOW_CTX_TRY_NUMBER='1' AIRFLOW_CTX_DAG_RUN_ID='scheduled__2024-11-21T00:00:00+00:00'
[2024-11-21T05:28:26.818+0000] {taskinstance.py:731} INFO - ::endgroup::
[2024-11-21T05:28:28.733+0000] {logging_mixin.py:190} INFO - Spotify data saved to dewa19_spotify.json successfully.
[2024-11-21T05:28:28.735+0000] {python.py:240} INFO - Done. Returned value was: None
[2024-11-21T05:28:28.746+0000] {taskinstance.py:340} INFO - ::group::Post task execution logs
[2024-11-21T05:28:28.747+0000] {taskinstance.py:352} INFO - Marking task as SUCCESS. dag_id=dewa19, task_id=fetch_spotify_data, run_id=scheduled__2024-11-21T00:00:00+00:00, execution_date=20241121T000000, start_date=20241121T052826, end_date=20241121T052828
[2024-11-21T05:28:28.790+0000] {local_task_job_runner.py:266} INFO - Task exited with return code 0
[2024-11-21T05:28:28.825+0000] {taskinstance.py:3895} INFO - 1 downstream tasks scheduled from follow-on schedule check
[2024-11-21T05:28:28.832+0000] {local_task_job_runner.py:245} INFO - ::endgroup::
