[2024-11-21T05:25:31.792+0000] {local_task_job_runner.py:123} INFO - ::group::Pre task execution logs
[2024-11-21T05:25:31.814+0000] {taskinstance.py:2613} INFO - Dependencies all met for dep_context=non-requeueable deps ti=<TaskInstance: bmth.fetch_spotify_data scheduled__2024-11-20T21:00:00+00:00 [queued]>
[2024-11-21T05:25:31.832+0000] {taskinstance.py:2613} INFO - Dependencies all met for dep_context=requeueable deps ti=<TaskInstance: bmth.fetch_spotify_data scheduled__2024-11-20T21:00:00+00:00 [queued]>
[2024-11-21T05:25:31.834+0000] {taskinstance.py:2866} INFO - Starting attempt 1 of 1
[2024-11-21T05:25:31.862+0000] {taskinstance.py:2889} INFO - Executing <Task(PythonOperator): fetch_spotify_data> on 2024-11-20 21:00:00+00:00
[2024-11-21T05:25:31.871+0000] {standard_task_runner.py:72} INFO - Started process 245 to run task
[2024-11-21T05:25:31.877+0000] {standard_task_runner.py:104} INFO - Running: ['airflow', 'tasks', 'run', 'bmth', 'fetch_spotify_data', 'scheduled__2024-11-20T21:00:00+00:00', '--job-id', '255', '--raw', '--subdir', 'DAGS_FOLDER/bmth.py', '--cfg-path', '/tmp/tmpbeed3k8h']
[2024-11-21T05:25:31.881+0000] {standard_task_runner.py:105} INFO - Job 255: Subtask fetch_spotify_data
[2024-11-21T05:25:31.906+0000] {logging_mixin.py:190} WARNING - /home/airflow/.local/lib/python3.12/site-packages/airflow/settings.py:209 DeprecationWarning: The sql_alchemy_conn option in [core] has been moved to the sql_alchemy_conn option in [database] - the old setting has been used, but please update your config.
[2024-11-21T05:25:31.958+0000] {task_command.py:467} INFO - Running <TaskInstance: bmth.fetch_spotify_data scheduled__2024-11-20T21:00:00+00:00 [running]> on host 4ed801b530e9
[2024-11-21T05:25:31.961+0000] {logging_mixin.py:190} WARNING - /home/airflow/.local/lib/python3.12/site-packages/airflow/settings.py:470 DeprecationWarning: The sql_alchemy_conn option in [core] has been moved to the sql_alchemy_conn option in [database] - the old setting has been used, but please update your config.
[2024-11-21T05:25:32.093+0000] {taskinstance.py:3132} INFO - Exporting env vars: AIRFLOW_CTX_DAG_OWNER='airflow' AIRFLOW_CTX_DAG_ID='bmth' AIRFLOW_CTX_TASK_ID='fetch_spotify_data' AIRFLOW_CTX_EXECUTION_DATE='2024-11-20T21:00:00+00:00' AIRFLOW_CTX_TRY_NUMBER='1' AIRFLOW_CTX_DAG_RUN_ID='scheduled__2024-11-20T21:00:00+00:00'
[2024-11-21T05:25:32.095+0000] {taskinstance.py:731} INFO - ::endgroup::
[2024-11-21T05:25:33.991+0000] {logging_mixin.py:190} INFO - Spotify data saved to bmth_spotify.json successfully.
[2024-11-21T05:25:33.996+0000] {python.py:240} INFO - Done. Returned value was: None
[2024-11-21T05:25:34.026+0000] {taskinstance.py:340} INFO - ::group::Post task execution logs
[2024-11-21T05:25:34.028+0000] {taskinstance.py:352} INFO - Marking task as SUCCESS. dag_id=bmth, task_id=fetch_spotify_data, run_id=scheduled__2024-11-20T21:00:00+00:00, execution_date=20241120T210000, start_date=20241121T052531, end_date=20241121T052534
[2024-11-21T05:25:34.104+0000] {local_task_job_runner.py:266} INFO - Task exited with return code 0
[2024-11-21T05:25:34.155+0000] {taskinstance.py:3895} INFO - 1 downstream tasks scheduled from follow-on schedule check
[2024-11-21T05:25:34.172+0000] {local_task_job_runner.py:245} INFO - ::endgroup::
