[2024-11-23T08:01:59.718+0000] {local_task_job_runner.py:123} INFO - ::group::Pre task execution logs
[2024-11-23T08:01:59.750+0000] {taskinstance.py:2613} INFO - Dependencies all met for dep_context=non-requeueable deps ti=<TaskInstance: bmth.fetch_spotify_data scheduled__2024-11-23T03:00:00+00:00 [queued]>
[2024-11-23T08:01:59.767+0000] {taskinstance.py:2613} INFO - Dependencies all met for dep_context=requeueable deps ti=<TaskInstance: bmth.fetch_spotify_data scheduled__2024-11-23T03:00:00+00:00 [queued]>
[2024-11-23T08:01:59.769+0000] {taskinstance.py:2866} INFO - Starting attempt 1 of 1
[2024-11-23T08:01:59.801+0000] {taskinstance.py:2889} INFO - Executing <Task(PythonOperator): fetch_spotify_data> on 2024-11-23 03:00:00+00:00
[2024-11-23T08:01:59.813+0000] {standard_task_runner.py:72} INFO - Started process 177 to run task
[2024-11-23T08:01:59.821+0000] {standard_task_runner.py:104} INFO - Running: ['airflow', 'tasks', 'run', 'bmth', 'fetch_spotify_data', 'scheduled__2024-11-23T03:00:00+00:00', '--job-id', '358', '--raw', '--subdir', 'DAGS_FOLDER/bmth.py', '--cfg-path', '/tmp/tmpl_2fryst']
[2024-11-23T08:01:59.831+0000] {standard_task_runner.py:105} INFO - Job 358: Subtask fetch_spotify_data
[2024-11-23T08:01:59.864+0000] {logging_mixin.py:190} WARNING - /home/airflow/.local/lib/python3.12/site-packages/airflow/settings.py:209 DeprecationWarning: The sql_alchemy_conn option in [core] has been moved to the sql_alchemy_conn option in [database] - the old setting has been used, but please update your config.
[2024-11-23T08:01:59.928+0000] {task_command.py:467} INFO - Running <TaskInstance: bmth.fetch_spotify_data scheduled__2024-11-23T03:00:00+00:00 [running]> on host 873bffc6ab09
[2024-11-23T08:01:59.932+0000] {logging_mixin.py:190} WARNING - /home/airflow/.local/lib/python3.12/site-packages/airflow/settings.py:470 DeprecationWarning: The sql_alchemy_conn option in [core] has been moved to the sql_alchemy_conn option in [database] - the old setting has been used, but please update your config.
[2024-11-23T08:02:00.095+0000] {taskinstance.py:3132} INFO - Exporting env vars: AIRFLOW_CTX_DAG_OWNER='airflow' AIRFLOW_CTX_DAG_ID='bmth' AIRFLOW_CTX_TASK_ID='fetch_spotify_data' AIRFLOW_CTX_EXECUTION_DATE='2024-11-23T03:00:00+00:00' AIRFLOW_CTX_TRY_NUMBER='1' AIRFLOW_CTX_DAG_RUN_ID='scheduled__2024-11-23T03:00:00+00:00'
[2024-11-23T08:02:00.097+0000] {taskinstance.py:731} INFO - ::endgroup::
[2024-11-23T08:02:02.218+0000] {logging_mixin.py:190} INFO - Spotify data saved to bmth_spotify.json successfully.
[2024-11-23T08:02:02.220+0000] {python.py:240} INFO - Done. Returned value was: None
[2024-11-23T08:02:02.235+0000] {taskinstance.py:340} INFO - ::group::Post task execution logs
[2024-11-23T08:02:02.236+0000] {taskinstance.py:352} INFO - Marking task as SUCCESS. dag_id=bmth, task_id=fetch_spotify_data, run_id=scheduled__2024-11-23T03:00:00+00:00, execution_date=20241123T030000, start_date=20241123T080159, end_date=20241123T080202
[2024-11-23T08:02:02.288+0000] {local_task_job_runner.py:266} INFO - Task exited with return code 0
[2024-11-23T08:02:02.330+0000] {taskinstance.py:3895} INFO - 1 downstream tasks scheduled from follow-on schedule check
[2024-11-23T08:02:02.337+0000] {local_task_job_runner.py:245} INFO - ::endgroup::
