[2024-11-20T17:09:54.845+0000] {local_task_job_runner.py:123} INFO - ::group::Pre task execution logs
[2024-11-20T17:09:54.856+0000] {taskinstance.py:2613} INFO - Dependencies all met for dep_context=non-requeueable deps ti=<TaskInstance: bernadya.upsert_spotify_data scheduled__2024-11-20T12:00:00+00:00 [queued]>
[2024-11-20T17:09:54.862+0000] {taskinstance.py:2613} INFO - Dependencies all met for dep_context=requeueable deps ti=<TaskInstance: bernadya.upsert_spotify_data scheduled__2024-11-20T12:00:00+00:00 [queued]>
[2024-11-20T17:09:54.862+0000] {taskinstance.py:2866} INFO - Starting attempt 1 of 1
[2024-11-20T17:09:54.877+0000] {taskinstance.py:2889} INFO - Executing <Task(PythonOperator): upsert_spotify_data> on 2024-11-20 12:00:00+00:00
[2024-11-20T17:09:54.881+0000] {standard_task_runner.py:72} INFO - Started process 139 to run task
[2024-11-20T17:09:54.883+0000] {standard_task_runner.py:104} INFO - Running: ['airflow', 'tasks', 'run', 'bernadya', 'upsert_spotify_data', 'scheduled__2024-11-20T12:00:00+00:00', '--job-id', '148', '--raw', '--subdir', 'DAGS_FOLDER/bernadya.py', '--cfg-path', '/tmp/tmp7hv7h84r']
[2024-11-20T17:09:54.886+0000] {standard_task_runner.py:105} INFO - Job 148: Subtask upsert_spotify_data
[2024-11-20T17:09:54.898+0000] {logging_mixin.py:190} WARNING - /home/airflow/.local/lib/python3.12/site-packages/airflow/settings.py:209 DeprecationWarning: The sql_alchemy_conn option in [core] has been moved to the sql_alchemy_conn option in [database] - the old setting has been used, but please update your config.
[2024-11-20T17:09:54.924+0000] {task_command.py:467} INFO - Running <TaskInstance: bernadya.upsert_spotify_data scheduled__2024-11-20T12:00:00+00:00 [running]> on host 6aba41e3ae6f
[2024-11-20T17:09:54.926+0000] {logging_mixin.py:190} WARNING - /home/airflow/.local/lib/python3.12/site-packages/airflow/settings.py:470 DeprecationWarning: The sql_alchemy_conn option in [core] has been moved to the sql_alchemy_conn option in [database] - the old setting has been used, but please update your config.
[2024-11-20T17:09:54.989+0000] {taskinstance.py:3132} INFO - Exporting env vars: AIRFLOW_CTX_DAG_OWNER='airflow' AIRFLOW_CTX_DAG_ID='bernadya' AIRFLOW_CTX_TASK_ID='upsert_spotify_data' AIRFLOW_CTX_EXECUTION_DATE='2024-11-20T12:00:00+00:00' AIRFLOW_CTX_TRY_NUMBER='1' AIRFLOW_CTX_DAG_RUN_ID='scheduled__2024-11-20T12:00:00+00:00'
[2024-11-20T17:09:54.990+0000] {taskinstance.py:731} INFO - ::endgroup::
[2024-11-20T17:09:55.086+0000] {logging_mixin.py:190} INFO - Data artis berhasil diupdate.
[2024-11-20T17:09:55.092+0000] {logging_mixin.py:190} INFO - Data kota Jakarta berhasil diupdate.
[2024-11-20T17:09:55.094+0000] {logging_mixin.py:190} INFO - Data kota Bandung berhasil diupdate.
[2024-11-20T17:09:55.095+0000] {logging_mixin.py:190} INFO - Data kota Surabaya berhasil diupdate.
[2024-11-20T17:09:55.096+0000] {logging_mixin.py:190} INFO - Data kota Makassar berhasil diupdate.
[2024-11-20T17:09:55.097+0000] {logging_mixin.py:190} INFO - Data kota Semarang berhasil diupdate.
[2024-11-20T17:09:55.103+0000] {logging_mixin.py:190} INFO - Track Satu Bulan berhasil diupdate.
[2024-11-20T17:09:55.104+0000] {logging_mixin.py:190} INFO - Track Untungnya, Hidup Harus Tetap Berjalan berhasil diupdate.
[2024-11-20T17:09:55.105+0000] {logging_mixin.py:190} INFO - Track Kata Mereka Ini Berlebihan berhasil diupdate.
[2024-11-20T17:09:55.106+0000] {logging_mixin.py:190} INFO - Track Apa Mungkin berhasil diupdate.
[2024-11-20T17:09:55.108+0000] {logging_mixin.py:190} INFO - Track Kini Mereka Tahu berhasil diupdate.
[2024-11-20T17:09:55.109+0000] {logging_mixin.py:190} INFO - Track Lama-Lama berhasil diupdate.
[2024-11-20T17:09:55.110+0000] {logging_mixin.py:190} INFO - Track Masa Sepi berhasil diupdate.
[2024-11-20T17:09:55.111+0000] {logging_mixin.py:190} INFO - Track Sialnya, Hidup Harus Tetap Berjalan berhasil diupdate.
[2024-11-20T17:09:55.112+0000] {logging_mixin.py:190} INFO - Track Terlintas berhasil diupdate.
[2024-11-20T17:09:55.114+0000] {logging_mixin.py:190} INFO - Track Sinyal-Sinyal berhasil diupdate.
[2024-11-20T17:09:55.118+0000] {python.py:240} INFO - Done. Returned value was: None
[2024-11-20T17:09:55.124+0000] {taskinstance.py:340} INFO - ::group::Post task execution logs
[2024-11-20T17:09:55.125+0000] {taskinstance.py:352} INFO - Marking task as SUCCESS. dag_id=bernadya, task_id=upsert_spotify_data, run_id=scheduled__2024-11-20T12:00:00+00:00, execution_date=20241120T120000, start_date=20241120T170954, end_date=20241120T170955
[2024-11-20T17:09:55.178+0000] {local_task_job_runner.py:266} INFO - Task exited with return code 0
[2024-11-20T17:09:55.190+0000] {taskinstance.py:3895} INFO - 0 downstream tasks scheduled from follow-on schedule check
[2024-11-20T17:09:55.191+0000] {local_task_job_runner.py:245} INFO - ::endgroup::
[2024-11-20T17:17:21.094+0000] {local_task_job_runner.py:123} INFO - ::group::Pre task execution logs
[2024-11-20T17:17:21.106+0000] {taskinstance.py:2613} INFO - Dependencies all met for dep_context=non-requeueable deps ti=<TaskInstance: bernadya.upsert_spotify_data scheduled__2024-11-20T12:00:00+00:00 [queued]>
[2024-11-20T17:17:21.112+0000] {taskinstance.py:2613} INFO - Dependencies all met for dep_context=requeueable deps ti=<TaskInstance: bernadya.upsert_spotify_data scheduled__2024-11-20T12:00:00+00:00 [queued]>
[2024-11-20T17:17:21.113+0000] {taskinstance.py:2866} INFO - Starting attempt 1 of 1
[2024-11-20T17:17:21.126+0000] {taskinstance.py:2889} INFO - Executing <Task(PythonOperator): upsert_spotify_data> on 2024-11-20 12:00:00+00:00
[2024-11-20T17:17:21.131+0000] {standard_task_runner.py:72} INFO - Started process 510 to run task
[2024-11-20T17:17:21.133+0000] {standard_task_runner.py:104} INFO - Running: ['airflow', 'tasks', 'run', 'bernadya', 'upsert_spotify_data', 'scheduled__2024-11-20T12:00:00+00:00', '--job-id', '170', '--raw', '--subdir', 'DAGS_FOLDER/bernadya.py', '--cfg-path', '/tmp/tmpr_u57ja_']
[2024-11-20T17:17:21.135+0000] {standard_task_runner.py:105} INFO - Job 170: Subtask upsert_spotify_data
[2024-11-20T17:17:21.150+0000] {logging_mixin.py:190} WARNING - /home/airflow/.local/lib/python3.12/site-packages/airflow/settings.py:209 DeprecationWarning: The sql_alchemy_conn option in [core] has been moved to the sql_alchemy_conn option in [database] - the old setting has been used, but please update your config.
[2024-11-20T17:17:21.174+0000] {task_command.py:467} INFO - Running <TaskInstance: bernadya.upsert_spotify_data scheduled__2024-11-20T12:00:00+00:00 [running]> on host 6aba41e3ae6f
[2024-11-20T17:17:21.175+0000] {logging_mixin.py:190} WARNING - /home/airflow/.local/lib/python3.12/site-packages/airflow/settings.py:470 DeprecationWarning: The sql_alchemy_conn option in [core] has been moved to the sql_alchemy_conn option in [database] - the old setting has been used, but please update your config.
[2024-11-20T17:17:21.233+0000] {taskinstance.py:3132} INFO - Exporting env vars: AIRFLOW_CTX_DAG_OWNER='airflow' AIRFLOW_CTX_DAG_ID='bernadya' AIRFLOW_CTX_TASK_ID='upsert_spotify_data' AIRFLOW_CTX_EXECUTION_DATE='2024-11-20T12:00:00+00:00' AIRFLOW_CTX_TRY_NUMBER='1' AIRFLOW_CTX_DAG_RUN_ID='scheduled__2024-11-20T12:00:00+00:00'
[2024-11-20T17:17:21.233+0000] {taskinstance.py:731} INFO - ::endgroup::
[2024-11-20T17:17:21.284+0000] {logging_mixin.py:190} INFO - Data artis berhasil dimasukkan.
[2024-11-20T17:17:21.288+0000] {logging_mixin.py:190} INFO - Data kota Jakarta berhasil dimasukkan.
[2024-11-20T17:17:21.289+0000] {logging_mixin.py:190} INFO - Data kota Bandung berhasil dimasukkan.
[2024-11-20T17:17:21.289+0000] {logging_mixin.py:190} INFO - Data kota Surabaya berhasil dimasukkan.
[2024-11-20T17:17:21.290+0000] {logging_mixin.py:190} INFO - Data kota Makassar berhasil dimasukkan.
[2024-11-20T17:17:21.291+0000] {logging_mixin.py:190} INFO - Data kota Semarang berhasil dimasukkan.
[2024-11-20T17:17:21.294+0000] {logging_mixin.py:190} INFO - Track Satu Bulan berhasil dimasukkan.
[2024-11-20T17:17:21.295+0000] {logging_mixin.py:190} INFO - Track Untungnya, Hidup Harus Tetap Berjalan berhasil dimasukkan.
[2024-11-20T17:17:21.295+0000] {logging_mixin.py:190} INFO - Track Kata Mereka Ini Berlebihan berhasil dimasukkan.
[2024-11-20T17:17:21.296+0000] {logging_mixin.py:190} INFO - Track Apa Mungkin berhasil dimasukkan.
[2024-11-20T17:17:21.297+0000] {logging_mixin.py:190} INFO - Track Kini Mereka Tahu berhasil dimasukkan.
[2024-11-20T17:17:21.298+0000] {logging_mixin.py:190} INFO - Track Lama-Lama berhasil dimasukkan.
[2024-11-20T17:17:21.299+0000] {logging_mixin.py:190} INFO - Track Masa Sepi berhasil dimasukkan.
[2024-11-20T17:17:21.299+0000] {logging_mixin.py:190} INFO - Track Sialnya, Hidup Harus Tetap Berjalan berhasil dimasukkan.
[2024-11-20T17:17:21.300+0000] {logging_mixin.py:190} INFO - Track Terlintas berhasil dimasukkan.
[2024-11-20T17:17:21.301+0000] {logging_mixin.py:190} INFO - Track Sinyal-Sinyal berhasil dimasukkan.
[2024-11-20T17:17:21.304+0000] {python.py:240} INFO - Done. Returned value was: None
[2024-11-20T17:17:21.311+0000] {taskinstance.py:340} INFO - ::group::Post task execution logs
[2024-11-20T17:17:21.311+0000] {taskinstance.py:352} INFO - Marking task as SUCCESS. dag_id=bernadya, task_id=upsert_spotify_data, run_id=scheduled__2024-11-20T12:00:00+00:00, execution_date=20241120T120000, start_date=20241120T171721, end_date=20241120T171721
[2024-11-20T17:17:21.347+0000] {local_task_job_runner.py:266} INFO - Task exited with return code 0
[2024-11-20T17:17:21.358+0000] {taskinstance.py:3895} INFO - 0 downstream tasks scheduled from follow-on schedule check
[2024-11-20T17:17:21.359+0000] {local_task_job_runner.py:245} INFO - ::endgroup::
