[2024-11-19T09:00:09.620+0000] {local_task_job_runner.py:123} INFO - ::group::Pre task execution logs
[2024-11-19T09:00:09.647+0000] {taskinstance.py:2613} INFO - Dependencies all met for dep_context=non-requeueable deps ti=<TaskInstance: spotify_youtube_data_pipeline.save_youtube_data manual__2024-11-19T08:58:01.041517+00:00 [queued]>
[2024-11-19T09:00:09.668+0000] {taskinstance.py:2613} INFO - Dependencies all met for dep_context=requeueable deps ti=<TaskInstance: spotify_youtube_data_pipeline.save_youtube_data manual__2024-11-19T08:58:01.041517+00:00 [queued]>
[2024-11-19T09:00:09.669+0000] {taskinstance.py:2866} INFO - Starting attempt 1 of 1
[2024-11-19T09:00:09.709+0000] {taskinstance.py:2889} INFO - Executing <Task(PythonOperator): save_youtube_data> on 2024-11-19 08:58:01.041517+00:00
[2024-11-19T09:00:09.717+0000] {standard_task_runner.py:72} INFO - Started process 417 to run task
[2024-11-19T09:00:09.724+0000] {standard_task_runner.py:104} INFO - Running: ['airflow', 'tasks', 'run', 'spotify_youtube_data_pipeline', 'save_youtube_data', 'manual__2024-11-19T08:58:01.041517+00:00', '--job-id', '50', '--raw', '--subdir', 'DAGS_FOLDER/dag.py', '--cfg-path', '/tmp/tmpqhl52ilt']
[2024-11-19T09:00:09.730+0000] {standard_task_runner.py:105} INFO - Job 50: Subtask save_youtube_data
[2024-11-19T09:00:09.757+0000] {logging_mixin.py:190} WARNING - /home/airflow/.local/lib/python3.12/site-packages/airflow/settings.py:209 DeprecationWarning: The sql_alchemy_conn option in [core] has been moved to the sql_alchemy_conn option in [database] - the old setting has been used, but please update your config.
[2024-11-19T09:00:09.808+0000] {task_command.py:467} INFO - Running <TaskInstance: spotify_youtube_data_pipeline.save_youtube_data manual__2024-11-19T08:58:01.041517+00:00 [running]> on host a65554b7e6d9
[2024-11-19T09:00:09.943+0000] {taskinstance.py:3132} INFO - Exporting env vars: AIRFLOW_CTX_DAG_OWNER='airflow' AIRFLOW_CTX_DAG_ID='spotify_youtube_data_pipeline' AIRFLOW_CTX_TASK_ID='save_youtube_data' AIRFLOW_CTX_EXECUTION_DATE='2024-11-19T08:58:01.041517+00:00' AIRFLOW_CTX_TRY_NUMBER='1' AIRFLOW_CTX_DAG_RUN_ID='manual__2024-11-19T08:58:01.041517+00:00'
[2024-11-19T09:00:09.945+0000] {taskinstance.py:731} INFO - ::endgroup::
[2024-11-19T09:00:10.088+0000] {logging_mixin.py:190} INFO - Successfully connected to MongoDB.
[2024-11-19T09:00:10.272+0000] {logging_mixin.py:190} INFO - New data for channel statistics successfully saved to MongoDB.
[2024-11-19T09:00:10.273+0000] {python.py:240} INFO - Done. Returned value was: None
[2024-11-19T09:00:10.287+0000] {taskinstance.py:340} INFO - ::group::Post task execution logs
[2024-11-19T09:00:10.288+0000] {taskinstance.py:352} INFO - Marking task as SUCCESS. dag_id=spotify_youtube_data_pipeline, task_id=save_youtube_data, run_id=manual__2024-11-19T08:58:01.041517+00:00, execution_date=20241119T085801, start_date=20241119T090009, end_date=20241119T090010
[2024-11-19T09:00:10.344+0000] {local_task_job_runner.py:266} INFO - Task exited with return code 0
[2024-11-19T09:00:10.366+0000] {taskinstance.py:3895} INFO - 0 downstream tasks scheduled from follow-on schedule check
[2024-11-19T09:00:10.369+0000] {local_task_job_runner.py:245} INFO - ::endgroup::
