[2024-11-19T12:00:38.055+0000] {local_task_job_runner.py:123} INFO - ::group::Pre task execution logs
[2024-11-19T12:00:38.064+0000] {taskinstance.py:2613} INFO - Dependencies all met for dep_context=non-requeueable deps ti=<TaskInstance: bruno_mars.upsert_spotify_data scheduled__2024-11-19T00:00:00+00:00 [queued]>
[2024-11-19T12:00:38.070+0000] {taskinstance.py:2613} INFO - Dependencies all met for dep_context=requeueable deps ti=<TaskInstance: bruno_mars.upsert_spotify_data scheduled__2024-11-19T00:00:00+00:00 [queued]>
[2024-11-19T12:00:38.071+0000] {taskinstance.py:2866} INFO - Starting attempt 1 of 1
[2024-11-19T12:00:38.086+0000] {taskinstance.py:2889} INFO - Executing <Task(PythonOperator): upsert_spotify_data> on 2024-11-19 00:00:00+00:00
[2024-11-19T12:00:38.090+0000] {standard_task_runner.py:72} INFO - Started process 929 to run task
[2024-11-19T12:00:38.092+0000] {standard_task_runner.py:104} INFO - Running: ['airflow', 'tasks', 'run', 'bruno_mars', 'upsert_spotify_data', 'scheduled__2024-11-19T00:00:00+00:00', '--job-id', '123', '--raw', '--subdir', 'DAGS_FOLDER/dag2.py', '--cfg-path', '/tmp/tmpbhy1uubd']
[2024-11-19T12:00:38.094+0000] {standard_task_runner.py:105} INFO - Job 123: Subtask upsert_spotify_data
[2024-11-19T12:00:38.105+0000] {logging_mixin.py:190} WARNING - /home/airflow/.local/lib/python3.12/site-packages/airflow/settings.py:209 DeprecationWarning: The sql_alchemy_conn option in [core] has been moved to the sql_alchemy_conn option in [database] - the old setting has been used, but please update your config.
[2024-11-19T12:00:38.130+0000] {task_command.py:467} INFO - Running <TaskInstance: bruno_mars.upsert_spotify_data scheduled__2024-11-19T00:00:00+00:00 [running]> on host 6aba41e3ae6f
[2024-11-19T12:00:38.131+0000] {logging_mixin.py:190} WARNING - /home/airflow/.local/lib/python3.12/site-packages/airflow/settings.py:470 DeprecationWarning: The sql_alchemy_conn option in [core] has been moved to the sql_alchemy_conn option in [database] - the old setting has been used, but please update your config.
[2024-11-19T12:00:38.190+0000] {taskinstance.py:3132} INFO - Exporting env vars: AIRFLOW_CTX_DAG_OWNER='airflow' AIRFLOW_CTX_DAG_ID='bruno_mars' AIRFLOW_CTX_TASK_ID='upsert_spotify_data' AIRFLOW_CTX_EXECUTION_DATE='2024-11-19T00:00:00+00:00' AIRFLOW_CTX_TRY_NUMBER='1' AIRFLOW_CTX_DAG_RUN_ID='scheduled__2024-11-19T00:00:00+00:00'
[2024-11-19T12:00:38.191+0000] {taskinstance.py:731} INFO - ::endgroup::
[2024-11-19T12:00:38.248+0000] {logging_mixin.py:190} INFO - Data artis berhasil diupdate.
[2024-11-19T12:00:38.252+0000] {logging_mixin.py:190} INFO - Data kota Jakarta berhasil diupdate.
[2024-11-19T12:00:38.253+0000] {logging_mixin.py:190} INFO - Data kota São Paulo berhasil diupdate.
[2024-11-19T12:00:38.254+0000] {logging_mixin.py:190} INFO - Data kota Quezon City berhasil diupdate.
[2024-11-19T12:00:38.255+0000] {logging_mixin.py:190} INFO - Data kota Santiago berhasil diupdate.
[2024-11-19T12:00:38.255+0000] {logging_mixin.py:190} INFO - Data kota Bandung berhasil diupdate.
[2024-11-19T12:00:38.259+0000] {logging_mixin.py:190} INFO - Track Die With A Smile berhasil diupdate.
[2024-11-19T12:00:38.260+0000] {logging_mixin.py:190} INFO - Track APT. berhasil diupdate.
[2024-11-19T12:00:38.261+0000] {logging_mixin.py:190} INFO - Track Locked out of Heaven berhasil diupdate.
[2024-11-19T12:00:38.262+0000] {logging_mixin.py:190} INFO - Track Just the Way You Are berhasil dimasukkan.
[2024-11-19T12:00:38.262+0000] {logging_mixin.py:190} INFO - Track That's What I Like berhasil diupdate.
[2024-11-19T12:00:38.263+0000] {logging_mixin.py:190} INFO - Track When I Was Your Man berhasil diupdate.
[2024-11-19T12:00:38.264+0000] {logging_mixin.py:190} INFO - Track It Will Rain berhasil dimasukkan.
[2024-11-19T12:00:38.265+0000] {logging_mixin.py:190} INFO - Track Grenade berhasil dimasukkan.
[2024-11-19T12:00:38.265+0000] {logging_mixin.py:190} INFO - Track Talking to the Moon berhasil dimasukkan.
[2024-11-19T12:00:38.266+0000] {logging_mixin.py:190} INFO - Track Treasure berhasil diupdate.
[2024-11-19T12:00:38.269+0000] {python.py:240} INFO - Done. Returned value was: None
[2024-11-19T12:00:38.274+0000] {taskinstance.py:340} INFO - ::group::Post task execution logs
[2024-11-19T12:00:38.275+0000] {taskinstance.py:352} INFO - Marking task as SUCCESS. dag_id=bruno_mars, task_id=upsert_spotify_data, run_id=scheduled__2024-11-19T00:00:00+00:00, execution_date=20241119T000000, start_date=20241119T120038, end_date=20241119T120038
[2024-11-19T12:00:38.306+0000] {local_task_job_runner.py:266} INFO - Task exited with return code 0
[2024-11-19T12:00:38.315+0000] {taskinstance.py:3895} INFO - 0 downstream tasks scheduled from follow-on schedule check
[2024-11-19T12:00:38.316+0000] {local_task_job_runner.py:245} INFO - ::endgroup::
