[2024-11-21T05:32:12.743+0000] {local_task_job_runner.py:123} INFO - ::group::Pre task execution logs
[2024-11-21T05:32:12.763+0000] {taskinstance.py:2613} INFO - Dependencies all met for dep_context=non-requeueable deps ti=<TaskInstance: taylor_swift.save_youtube_data scheduled__2024-11-21T00:00:00+00:00 [queued]>
[2024-11-21T05:32:12.776+0000] {taskinstance.py:2613} INFO - Dependencies all met for dep_context=requeueable deps ti=<TaskInstance: taylor_swift.save_youtube_data scheduled__2024-11-21T00:00:00+00:00 [queued]>
[2024-11-21T05:32:12.778+0000] {taskinstance.py:2866} INFO - Starting attempt 1 of 1
[2024-11-21T05:32:12.805+0000] {taskinstance.py:2889} INFO - Executing <Task(PythonOperator): save_youtube_data> on 2024-11-21 00:00:00+00:00
[2024-11-21T05:32:12.814+0000] {standard_task_runner.py:72} INFO - Started process 730 to run task
[2024-11-21T05:32:12.819+0000] {standard_task_runner.py:104} INFO - Running: ['airflow', 'tasks', 'run', 'taylor_swift', 'save_youtube_data', 'scheduled__2024-11-21T00:00:00+00:00', '--job-id', '286', '--raw', '--subdir', 'DAGS_FOLDER/taylor_swift.py', '--cfg-path', '/tmp/tmplxxtnia7']
[2024-11-21T05:32:12.822+0000] {standard_task_runner.py:105} INFO - Job 286: Subtask save_youtube_data
[2024-11-21T05:32:12.860+0000] {logging_mixin.py:190} WARNING - /home/airflow/.local/lib/python3.12/site-packages/airflow/settings.py:209 DeprecationWarning: The sql_alchemy_conn option in [core] has been moved to the sql_alchemy_conn option in [database] - the old setting has been used, but please update your config.
[2024-11-21T05:32:12.917+0000] {task_command.py:467} INFO - Running <TaskInstance: taylor_swift.save_youtube_data scheduled__2024-11-21T00:00:00+00:00 [running]> on host 4ed801b530e9
[2024-11-21T05:32:12.921+0000] {logging_mixin.py:190} WARNING - /home/airflow/.local/lib/python3.12/site-packages/airflow/settings.py:470 DeprecationWarning: The sql_alchemy_conn option in [core] has been moved to the sql_alchemy_conn option in [database] - the old setting has been used, but please update your config.
[2024-11-21T05:32:13.087+0000] {taskinstance.py:3132} INFO - Exporting env vars: AIRFLOW_CTX_DAG_OWNER='airflow' AIRFLOW_CTX_DAG_ID='taylor_swift' AIRFLOW_CTX_TASK_ID='save_youtube_data' AIRFLOW_CTX_EXECUTION_DATE='2024-11-21T00:00:00+00:00' AIRFLOW_CTX_TRY_NUMBER='1' AIRFLOW_CTX_DAG_RUN_ID='scheduled__2024-11-21T00:00:00+00:00'
[2024-11-21T05:32:13.089+0000] {taskinstance.py:731} INFO - ::endgroup::
[2024-11-21T05:32:13.194+0000] {logging_mixin.py:190} INFO - Successfully connected to MongoDB.
[2024-11-21T05:32:13.208+0000] {logging_mixin.py:190} INFO - Existing data found, moving to historical collection...
[2024-11-21T05:32:13.219+0000] {logging_mixin.py:190} INFO - Existing data moved to historical collection.
[2024-11-21T05:32:13.230+0000] {logging_mixin.py:190} INFO - New data for channel statistics successfully saved to MongoDB.
[2024-11-21T05:32:13.231+0000] {python.py:240} INFO - Done. Returned value was: None
[2024-11-21T05:32:13.245+0000] {taskinstance.py:340} INFO - ::group::Post task execution logs
[2024-11-21T05:32:13.246+0000] {taskinstance.py:352} INFO - Marking task as SUCCESS. dag_id=taylor_swift, task_id=save_youtube_data, run_id=scheduled__2024-11-21T00:00:00+00:00, execution_date=20241121T000000, start_date=20241121T053212, end_date=20241121T053213
[2024-11-21T05:32:13.317+0000] {local_task_job_runner.py:266} INFO - Task exited with return code 0
[2024-11-21T05:32:13.342+0000] {taskinstance.py:3895} INFO - 0 downstream tasks scheduled from follow-on schedule check
[2024-11-21T05:32:13.344+0000] {local_task_job_runner.py:245} INFO - ::endgroup::
[2024-11-21T06:21:08.022+0000] {local_task_job_runner.py:123} INFO - ::group::Pre task execution logs
[2024-11-21T06:21:08.045+0000] {taskinstance.py:2613} INFO - Dependencies all met for dep_context=non-requeueable deps ti=<TaskInstance: taylor_swift.save_youtube_data scheduled__2024-11-21T00:00:00+00:00 [queued]>
[2024-11-21T06:21:08.059+0000] {taskinstance.py:2613} INFO - Dependencies all met for dep_context=requeueable deps ti=<TaskInstance: taylor_swift.save_youtube_data scheduled__2024-11-21T00:00:00+00:00 [queued]>
[2024-11-21T06:21:08.060+0000] {taskinstance.py:2866} INFO - Starting attempt 1 of 1
[2024-11-21T06:21:08.086+0000] {taskinstance.py:2889} INFO - Executing <Task(PythonOperator): save_youtube_data> on 2024-11-21 00:00:00+00:00
[2024-11-21T06:21:08.095+0000] {standard_task_runner.py:72} INFO - Started process 1580 to run task
[2024-11-21T06:21:08.100+0000] {standard_task_runner.py:104} INFO - Running: ['airflow', 'tasks', 'run', 'taylor_swift', 'save_youtube_data', 'scheduled__2024-11-21T00:00:00+00:00', '--job-id', '302', '--raw', '--subdir', 'DAGS_FOLDER/taylor_swift.py', '--cfg-path', '/tmp/tmpi9vxp_eu']
[2024-11-21T06:21:08.104+0000] {standard_task_runner.py:105} INFO - Job 302: Subtask save_youtube_data
[2024-11-21T06:21:08.133+0000] {logging_mixin.py:190} WARNING - /home/airflow/.local/lib/python3.12/site-packages/airflow/settings.py:209 DeprecationWarning: The sql_alchemy_conn option in [core] has been moved to the sql_alchemy_conn option in [database] - the old setting has been used, but please update your config.
[2024-11-21T06:21:08.191+0000] {task_command.py:467} INFO - Running <TaskInstance: taylor_swift.save_youtube_data scheduled__2024-11-21T00:00:00+00:00 [running]> on host 4ed801b530e9
[2024-11-21T06:21:08.194+0000] {logging_mixin.py:190} WARNING - /home/airflow/.local/lib/python3.12/site-packages/airflow/settings.py:470 DeprecationWarning: The sql_alchemy_conn option in [core] has been moved to the sql_alchemy_conn option in [database] - the old setting has been used, but please update your config.
[2024-11-21T06:21:08.321+0000] {taskinstance.py:3132} INFO - Exporting env vars: AIRFLOW_CTX_DAG_OWNER='airflow' AIRFLOW_CTX_DAG_ID='taylor_swift' AIRFLOW_CTX_TASK_ID='save_youtube_data' AIRFLOW_CTX_EXECUTION_DATE='2024-11-21T00:00:00+00:00' AIRFLOW_CTX_TRY_NUMBER='1' AIRFLOW_CTX_DAG_RUN_ID='scheduled__2024-11-21T00:00:00+00:00'
[2024-11-21T06:21:08.323+0000] {taskinstance.py:731} INFO - ::endgroup::
[2024-11-21T06:21:08.414+0000] {logging_mixin.py:190} INFO - Successfully connected to MongoDB.
[2024-11-21T06:21:08.424+0000] {logging_mixin.py:190} INFO - Existing data found, moving to historical collection...
[2024-11-21T06:21:08.434+0000] {logging_mixin.py:190} INFO - Existing data moved to historical collection.
[2024-11-21T06:21:08.440+0000] {logging_mixin.py:190} INFO - New data for channel statistics successfully saved to MongoDB.
[2024-11-21T06:21:08.441+0000] {python.py:240} INFO - Done. Returned value was: None
[2024-11-21T06:21:08.452+0000] {taskinstance.py:340} INFO - ::group::Post task execution logs
[2024-11-21T06:21:08.453+0000] {taskinstance.py:352} INFO - Marking task as SUCCESS. dag_id=taylor_swift, task_id=save_youtube_data, run_id=scheduled__2024-11-21T00:00:00+00:00, execution_date=20241121T000000, start_date=20241121T062108, end_date=20241121T062108
[2024-11-21T06:21:08.517+0000] {local_task_job_runner.py:266} INFO - Task exited with return code 0
[2024-11-21T06:21:08.540+0000] {taskinstance.py:3895} INFO - 0 downstream tasks scheduled from follow-on schedule check
[2024-11-21T06:21:08.543+0000] {local_task_job_runner.py:245} INFO - ::endgroup::
