[2024-11-18T20:18:51.669+0000] {local_task_job_runner.py:123} INFO - ::group::Pre task execution logs
[2024-11-18T20:18:51.680+0000] {taskinstance.py:2613} INFO - Dependencies all met for dep_context=non-requeueable deps ti=<TaskInstance: spotify_youtube_data_pipeline.upsert_spotify_data scheduled__2024-11-18T00:00:00+00:00 [queued]>
[2024-11-18T20:18:51.686+0000] {taskinstance.py:2613} INFO - Dependencies all met for dep_context=requeueable deps ti=<TaskInstance: spotify_youtube_data_pipeline.upsert_spotify_data scheduled__2024-11-18T00:00:00+00:00 [queued]>
[2024-11-18T20:18:51.687+0000] {taskinstance.py:2866} INFO - Starting attempt 1 of 1
[2024-11-18T20:18:51.700+0000] {taskinstance.py:2889} INFO - Executing <Task(PythonOperator): upsert_spotify_data> on 2024-11-18 00:00:00+00:00
[2024-11-18T20:18:51.703+0000] {standard_task_runner.py:72} INFO - Started process 111 to run task
[2024-11-18T20:18:51.706+0000] {standard_task_runner.py:104} INFO - Running: ['airflow', 'tasks', 'run', 'spotify_youtube_data_pipeline', 'upsert_spotify_data', 'scheduled__2024-11-18T00:00:00+00:00', '--job-id', '28', '--raw', '--subdir', 'DAGS_FOLDER/dag.py', '--cfg-path', '/tmp/tmpcxxzcxpe']
[2024-11-18T20:18:51.708+0000] {standard_task_runner.py:105} INFO - Job 28: Subtask upsert_spotify_data
[2024-11-18T20:18:51.723+0000] {logging_mixin.py:190} WARNING - /home/airflow/.local/lib/python3.12/site-packages/airflow/settings.py:209 DeprecationWarning: The sql_alchemy_conn option in [core] has been moved to the sql_alchemy_conn option in [database] - the old setting has been used, but please update your config.
[2024-11-18T20:18:51.758+0000] {task_command.py:467} INFO - Running <TaskInstance: spotify_youtube_data_pipeline.upsert_spotify_data scheduled__2024-11-18T00:00:00+00:00 [running]> on host a65554b7e6d9
[2024-11-18T20:18:51.760+0000] {logging_mixin.py:190} WARNING - /home/airflow/.local/lib/python3.12/site-packages/airflow/settings.py:470 DeprecationWarning: The sql_alchemy_conn option in [core] has been moved to the sql_alchemy_conn option in [database] - the old setting has been used, but please update your config.
[2024-11-18T20:18:51.816+0000] {taskinstance.py:3132} INFO - Exporting env vars: AIRFLOW_CTX_DAG_OWNER='airflow' AIRFLOW_CTX_DAG_ID='spotify_youtube_data_pipeline' AIRFLOW_CTX_TASK_ID='upsert_spotify_data' AIRFLOW_CTX_EXECUTION_DATE='2024-11-18T00:00:00+00:00' AIRFLOW_CTX_TRY_NUMBER='1' AIRFLOW_CTX_DAG_RUN_ID='scheduled__2024-11-18T00:00:00+00:00'
[2024-11-18T20:18:51.817+0000] {taskinstance.py:731} INFO - ::endgroup::
[2024-11-18T20:18:51.878+0000] {logging_mixin.py:190} INFO - Data artis berhasil diupdate.
[2024-11-18T20:18:51.885+0000] {logging_mixin.py:190} INFO - Data kota Jakarta berhasil diupdate.
[2024-11-18T20:18:51.887+0000] {logging_mixin.py:190} INFO - Data kota Bandung berhasil diupdate.
[2024-11-18T20:18:51.888+0000] {logging_mixin.py:190} INFO - Data kota Surabaya berhasil diupdate.
[2024-11-18T20:18:51.889+0000] {logging_mixin.py:190} INFO - Data kota Makassar berhasil diupdate.
[2024-11-18T20:18:51.890+0000] {logging_mixin.py:190} INFO - Data kota Semarang berhasil diupdate.
[2024-11-18T20:18:51.896+0000] {logging_mixin.py:190} INFO - Track Satu Bulan berhasil diupdate.
[2024-11-18T20:18:51.897+0000] {logging_mixin.py:190} INFO - Track Untungnya, Hidup Harus Tetap Berjalan berhasil diupdate.
[2024-11-18T20:18:51.898+0000] {logging_mixin.py:190} INFO - Track Kata Mereka Ini Berlebihan berhasil diupdate.
[2024-11-18T20:18:51.898+0000] {logging_mixin.py:190} INFO - Track Apa Mungkin berhasil diupdate.
[2024-11-18T20:18:51.899+0000] {logging_mixin.py:190} INFO - Track Kini Mereka Tahu berhasil diupdate.
[2024-11-18T20:18:51.900+0000] {logging_mixin.py:190} INFO - Track Lama-Lama berhasil diupdate.
[2024-11-18T20:18:51.901+0000] {logging_mixin.py:190} INFO - Track Masa Sepi berhasil diupdate.
[2024-11-18T20:18:51.902+0000] {logging_mixin.py:190} INFO - Track Sialnya, Hidup Harus Tetap Berjalan berhasil diupdate.
[2024-11-18T20:18:51.902+0000] {logging_mixin.py:190} INFO - Track Terlintas berhasil diupdate.
[2024-11-18T20:18:51.903+0000] {logging_mixin.py:190} INFO - Track Sinyal-Sinyal berhasil diupdate.
[2024-11-18T20:18:51.907+0000] {python.py:240} INFO - Done. Returned value was: None
[2024-11-18T20:18:51.913+0000] {taskinstance.py:340} INFO - ::group::Post task execution logs
[2024-11-18T20:18:51.914+0000] {taskinstance.py:352} INFO - Marking task as SUCCESS. dag_id=spotify_youtube_data_pipeline, task_id=upsert_spotify_data, run_id=scheduled__2024-11-18T00:00:00+00:00, execution_date=20241118T000000, start_date=20241118T201851, end_date=20241118T201851
[2024-11-18T20:18:51.959+0000] {local_task_job_runner.py:266} INFO - Task exited with return code 0
[2024-11-18T20:18:51.970+0000] {taskinstance.py:3895} INFO - 0 downstream tasks scheduled from follow-on schedule check
[2024-11-18T20:18:51.971+0000] {local_task_job_runner.py:245} INFO - ::endgroup::
