[2024-11-20T17:17:53.349+0000] {local_task_job_runner.py:123} INFO - ::group::Pre task execution logs
[2024-11-20T17:17:53.360+0000] {taskinstance.py:2613} INFO - Dependencies all met for dep_context=non-requeueable deps ti=<TaskInstance: juicy_luicy.upsert_spotify_data scheduled__2024-11-20T12:00:00+00:00 [queued]>
[2024-11-20T17:17:53.368+0000] {taskinstance.py:2613} INFO - Dependencies all met for dep_context=requeueable deps ti=<TaskInstance: juicy_luicy.upsert_spotify_data scheduled__2024-11-20T12:00:00+00:00 [queued]>
[2024-11-20T17:17:53.369+0000] {taskinstance.py:2866} INFO - Starting attempt 1 of 1
[2024-11-20T17:17:53.380+0000] {taskinstance.py:2889} INFO - Executing <Task(PythonOperator): upsert_spotify_data> on 2024-11-20 12:00:00+00:00
[2024-11-20T17:17:53.385+0000] {standard_task_runner.py:72} INFO - Started process 618 to run task
[2024-11-20T17:17:53.388+0000] {standard_task_runner.py:104} INFO - Running: ['airflow', 'tasks', 'run', 'juicy_luicy', 'upsert_spotify_data', 'scheduled__2024-11-20T12:00:00+00:00', '--job-id', '178', '--raw', '--subdir', 'DAGS_FOLDER/juicy_luicy.py', '--cfg-path', '/tmp/tmpmcl4_khk']
[2024-11-20T17:17:53.390+0000] {standard_task_runner.py:105} INFO - Job 178: Subtask upsert_spotify_data
[2024-11-20T17:17:53.405+0000] {logging_mixin.py:190} WARNING - /home/airflow/.local/lib/python3.12/site-packages/airflow/settings.py:209 DeprecationWarning: The sql_alchemy_conn option in [core] has been moved to the sql_alchemy_conn option in [database] - the old setting has been used, but please update your config.
[2024-11-20T17:17:53.432+0000] {task_command.py:467} INFO - Running <TaskInstance: juicy_luicy.upsert_spotify_data scheduled__2024-11-20T12:00:00+00:00 [running]> on host 6aba41e3ae6f
[2024-11-20T17:17:53.434+0000] {logging_mixin.py:190} WARNING - /home/airflow/.local/lib/python3.12/site-packages/airflow/settings.py:470 DeprecationWarning: The sql_alchemy_conn option in [core] has been moved to the sql_alchemy_conn option in [database] - the old setting has been used, but please update your config.
[2024-11-20T17:17:53.498+0000] {taskinstance.py:3132} INFO - Exporting env vars: AIRFLOW_CTX_DAG_OWNER='airflow' AIRFLOW_CTX_DAG_ID='juicy_luicy' AIRFLOW_CTX_TASK_ID='upsert_spotify_data' AIRFLOW_CTX_EXECUTION_DATE='2024-11-20T12:00:00+00:00' AIRFLOW_CTX_TRY_NUMBER='1' AIRFLOW_CTX_DAG_RUN_ID='scheduled__2024-11-20T12:00:00+00:00'
[2024-11-20T17:17:53.499+0000] {taskinstance.py:731} INFO - ::endgroup::
[2024-11-20T17:17:53.552+0000] {logging_mixin.py:190} INFO - Data artis berhasil dimasukkan.
[2024-11-20T17:17:53.556+0000] {logging_mixin.py:190} INFO - Data kota Jakarta berhasil dimasukkan.
[2024-11-20T17:17:53.557+0000] {logging_mixin.py:190} INFO - Data kota Bandung berhasil dimasukkan.
[2024-11-20T17:17:53.558+0000] {logging_mixin.py:190} INFO - Data kota Surabaya berhasil dimasukkan.
[2024-11-20T17:17:53.558+0000] {logging_mixin.py:190} INFO - Data kota Makassar berhasil dimasukkan.
[2024-11-20T17:17:53.559+0000] {logging_mixin.py:190} INFO - Data kota Semarang berhasil dimasukkan.
[2024-11-20T17:17:53.562+0000] {logging_mixin.py:190} INFO - Track Sialan berhasil dimasukkan.
[2024-11-20T17:17:53.564+0000] {logging_mixin.py:190} INFO - Track Lantas berhasil dimasukkan.
[2024-11-20T17:17:53.565+0000] {logging_mixin.py:190} INFO - Track Tampar berhasil dimasukkan.
[2024-11-20T17:17:53.566+0000] {logging_mixin.py:190} INFO - Track Lampu Kuning berhasil dimasukkan.
[2024-11-20T17:17:53.567+0000] {logging_mixin.py:190} INFO - Track Tak Di Tanganku berhasil dimasukkan.
[2024-11-20T17:17:53.567+0000] {logging_mixin.py:190} INFO - Track Tanpa Tergesa berhasil dimasukkan.
[2024-11-20T17:17:53.569+0000] {logging_mixin.py:190} INFO - Track Bukan Orangnya berhasil dimasukkan.
[2024-11-20T17:17:53.571+0000] {logging_mixin.py:190} INFO - Track Asing berhasil dimasukkan.
[2024-11-20T17:17:53.572+0000] {logging_mixin.py:190} INFO - Track HAHAHA berhasil dimasukkan.
[2024-11-20T17:17:53.573+0000] {logging_mixin.py:190} INFO - Track Terlalu Tinggi berhasil dimasukkan.
[2024-11-20T17:17:53.576+0000] {python.py:240} INFO - Done. Returned value was: None
[2024-11-20T17:17:53.583+0000] {taskinstance.py:340} INFO - ::group::Post task execution logs
[2024-11-20T17:17:53.584+0000] {taskinstance.py:352} INFO - Marking task as SUCCESS. dag_id=juicy_luicy, task_id=upsert_spotify_data, run_id=scheduled__2024-11-20T12:00:00+00:00, execution_date=20241120T120000, start_date=20241120T171753, end_date=20241120T171753
[2024-11-20T17:17:53.602+0000] {local_task_job_runner.py:266} INFO - Task exited with return code 0
[2024-11-20T17:17:53.612+0000] {taskinstance.py:3895} INFO - 0 downstream tasks scheduled from follow-on schedule check
[2024-11-20T17:17:53.613+0000] {local_task_job_runner.py:245} INFO - ::endgroup::
