[2024-11-21T05:31:40.847+0000] {local_task_job_runner.py:123} INFO - ::group::Pre task execution logs
[2024-11-21T05:31:40.924+0000] {taskinstance.py:2613} INFO - Dependencies all met for dep_context=non-requeueable deps ti=<TaskInstance: juicy_luicy.upsert_spotify_data scheduled__2024-11-21T00:00:00+00:00 [queued]>
[2024-11-21T05:31:40.975+0000] {taskinstance.py:2613} INFO - Dependencies all met for dep_context=requeueable deps ti=<TaskInstance: juicy_luicy.upsert_spotify_data scheduled__2024-11-21T00:00:00+00:00 [queued]>
[2024-11-21T05:31:40.976+0000] {taskinstance.py:2866} INFO - Starting attempt 1 of 1
[2024-11-21T05:31:41.075+0000] {taskinstance.py:2889} INFO - Executing <Task(PythonOperator): upsert_spotify_data> on 2024-11-21 00:00:00+00:00
[2024-11-21T05:31:41.104+0000] {standard_task_runner.py:72} INFO - Started process 688 to run task
[2024-11-21T05:31:41.112+0000] {standard_task_runner.py:104} INFO - Running: ['airflow', 'tasks', 'run', 'juicy_luicy', 'upsert_spotify_data', 'scheduled__2024-11-21T00:00:00+00:00', '--job-id', '283', '--raw', '--subdir', 'DAGS_FOLDER/juicy_luicy.py', '--cfg-path', '/tmp/tmpocu9vzxc']
[2024-11-21T05:31:41.133+0000] {standard_task_runner.py:105} INFO - Job 283: Subtask upsert_spotify_data
[2024-11-21T05:31:41.227+0000] {logging_mixin.py:190} WARNING - /home/airflow/.local/lib/python3.12/site-packages/airflow/settings.py:209 DeprecationWarning: The sql_alchemy_conn option in [core] has been moved to the sql_alchemy_conn option in [database] - the old setting has been used, but please update your config.
[2024-11-21T05:31:41.399+0000] {task_command.py:467} INFO - Running <TaskInstance: juicy_luicy.upsert_spotify_data scheduled__2024-11-21T00:00:00+00:00 [running]> on host 4ed801b530e9
[2024-11-21T05:31:41.409+0000] {logging_mixin.py:190} WARNING - /home/airflow/.local/lib/python3.12/site-packages/airflow/settings.py:470 DeprecationWarning: The sql_alchemy_conn option in [core] has been moved to the sql_alchemy_conn option in [database] - the old setting has been used, but please update your config.
[2024-11-21T05:31:41.781+0000] {taskinstance.py:3132} INFO - Exporting env vars: AIRFLOW_CTX_DAG_OWNER='airflow' AIRFLOW_CTX_DAG_ID='juicy_luicy' AIRFLOW_CTX_TASK_ID='upsert_spotify_data' AIRFLOW_CTX_EXECUTION_DATE='2024-11-21T00:00:00+00:00' AIRFLOW_CTX_TRY_NUMBER='1' AIRFLOW_CTX_DAG_RUN_ID='scheduled__2024-11-21T00:00:00+00:00'
[2024-11-21T05:31:41.793+0000] {taskinstance.py:731} INFO - ::endgroup::
[2024-11-21T05:31:42.147+0000] {logging_mixin.py:190} INFO - Data artis berhasil diupdate.
[2024-11-21T05:31:42.184+0000] {logging_mixin.py:190} INFO - Data kota Jakarta berhasil diupdate.
[2024-11-21T05:31:42.200+0000] {logging_mixin.py:190} INFO - Data kota Bandung berhasil diupdate.
[2024-11-21T05:31:42.220+0000] {logging_mixin.py:190} INFO - Data kota Surabaya berhasil diupdate.
[2024-11-21T05:31:42.244+0000] {logging_mixin.py:190} INFO - Data kota Makassar berhasil diupdate.
[2024-11-21T05:31:42.256+0000] {logging_mixin.py:190} INFO - Data kota Semarang berhasil diupdate.
[2024-11-21T05:31:42.303+0000] {logging_mixin.py:190} INFO - Track Sialan berhasil diupdate.
[2024-11-21T05:31:42.323+0000] {logging_mixin.py:190} INFO - Track Lantas berhasil diupdate.
[2024-11-21T05:31:42.351+0000] {logging_mixin.py:190} INFO - Track Tampar berhasil diupdate.
[2024-11-21T05:31:42.358+0000] {logging_mixin.py:190} INFO - Track Lampu Kuning berhasil diupdate.
[2024-11-21T05:31:42.364+0000] {logging_mixin.py:190} INFO - Track Tak Di Tanganku berhasil diupdate.
[2024-11-21T05:31:42.367+0000] {logging_mixin.py:190} INFO - Track Tanpa Tergesa berhasil diupdate.
[2024-11-21T05:31:42.369+0000] {logging_mixin.py:190} INFO - Track Bukan Orangnya berhasil diupdate.
[2024-11-21T05:31:42.374+0000] {logging_mixin.py:190} INFO - Track Asing berhasil diupdate.
[2024-11-21T05:31:42.381+0000] {logging_mixin.py:190} INFO - Track HAHAHA berhasil diupdate.
[2024-11-21T05:31:42.391+0000] {logging_mixin.py:190} INFO - Track Terlalu Tinggi berhasil diupdate.
[2024-11-21T05:31:42.426+0000] {python.py:240} INFO - Done. Returned value was: None
[2024-11-21T05:31:42.449+0000] {taskinstance.py:340} INFO - ::group::Post task execution logs
[2024-11-21T05:31:42.455+0000] {taskinstance.py:352} INFO - Marking task as SUCCESS. dag_id=juicy_luicy, task_id=upsert_spotify_data, run_id=scheduled__2024-11-21T00:00:00+00:00, execution_date=20241121T000000, start_date=20241121T053140, end_date=20241121T053142
[2024-11-21T05:31:42.556+0000] {local_task_job_runner.py:266} INFO - Task exited with return code 0
[2024-11-21T05:31:42.629+0000] {taskinstance.py:3895} INFO - 0 downstream tasks scheduled from follow-on schedule check
[2024-11-21T05:31:42.648+0000] {local_task_job_runner.py:245} INFO - ::endgroup::
