[2024-11-21T05:29:20.794+0000] {local_task_job_runner.py:123} INFO - ::group::Pre task execution logs
[2024-11-21T05:29:20.815+0000] {taskinstance.py:2613} INFO - Dependencies all met for dep_context=non-requeueable deps ti=<TaskInstance: linkin_park.fetch_spotify_data scheduled__2024-11-21T00:00:00+00:00 [queued]>
[2024-11-21T05:29:20.830+0000] {taskinstance.py:2613} INFO - Dependencies all met for dep_context=requeueable deps ti=<TaskInstance: linkin_park.fetch_spotify_data scheduled__2024-11-21T00:00:00+00:00 [queued]>
[2024-11-21T05:29:20.832+0000] {taskinstance.py:2866} INFO - Starting attempt 1 of 1
[2024-11-21T05:29:20.861+0000] {taskinstance.py:2889} INFO - Executing <Task(PythonOperator): fetch_spotify_data> on 2024-11-21 00:00:00+00:00
[2024-11-21T05:29:20.870+0000] {standard_task_runner.py:72} INFO - Started process 471 to run task
[2024-11-21T05:29:20.876+0000] {standard_task_runner.py:104} INFO - Running: ['airflow', 'tasks', 'run', 'linkin_park', 'fetch_spotify_data', 'scheduled__2024-11-21T00:00:00+00:00', '--job-id', '268', '--raw', '--subdir', 'DAGS_FOLDER/linkin_park.py', '--cfg-path', '/tmp/tmpkvjtxqll']
[2024-11-21T05:29:20.880+0000] {standard_task_runner.py:105} INFO - Job 268: Subtask fetch_spotify_data
[2024-11-21T05:29:20.906+0000] {logging_mixin.py:190} WARNING - /home/airflow/.local/lib/python3.12/site-packages/airflow/settings.py:209 DeprecationWarning: The sql_alchemy_conn option in [core] has been moved to the sql_alchemy_conn option in [database] - the old setting has been used, but please update your config.
[2024-11-21T05:29:20.966+0000] {task_command.py:467} INFO - Running <TaskInstance: linkin_park.fetch_spotify_data scheduled__2024-11-21T00:00:00+00:00 [running]> on host 4ed801b530e9
[2024-11-21T05:29:20.970+0000] {logging_mixin.py:190} WARNING - /home/airflow/.local/lib/python3.12/site-packages/airflow/settings.py:470 DeprecationWarning: The sql_alchemy_conn option in [core] has been moved to the sql_alchemy_conn option in [database] - the old setting has been used, but please update your config.
[2024-11-21T05:29:21.165+0000] {taskinstance.py:3132} INFO - Exporting env vars: AIRFLOW_CTX_DAG_OWNER='airflow' AIRFLOW_CTX_DAG_ID='linkin_park' AIRFLOW_CTX_TASK_ID='fetch_spotify_data' AIRFLOW_CTX_EXECUTION_DATE='2024-11-21T00:00:00+00:00' AIRFLOW_CTX_TRY_NUMBER='1' AIRFLOW_CTX_DAG_RUN_ID='scheduled__2024-11-21T00:00:00+00:00'
[2024-11-21T05:29:21.167+0000] {taskinstance.py:731} INFO - ::endgroup::
[2024-11-21T05:29:22.822+0000] {logging_mixin.py:190} INFO - Spotify data saved to linkin_park_spotify.json successfully.
[2024-11-21T05:29:22.823+0000] {python.py:240} INFO - Done. Returned value was: None
[2024-11-21T05:29:22.834+0000] {taskinstance.py:340} INFO - ::group::Post task execution logs
[2024-11-21T05:29:22.836+0000] {taskinstance.py:352} INFO - Marking task as SUCCESS. dag_id=linkin_park, task_id=fetch_spotify_data, run_id=scheduled__2024-11-21T00:00:00+00:00, execution_date=20241121T000000, start_date=20241121T052920, end_date=20241121T052922
[2024-11-21T05:29:22.902+0000] {local_task_job_runner.py:266} INFO - Task exited with return code 0
[2024-11-21T05:29:22.943+0000] {taskinstance.py:3895} INFO - 1 downstream tasks scheduled from follow-on schedule check
[2024-11-21T05:29:22.951+0000] {local_task_job_runner.py:245} INFO - ::endgroup::
[2024-11-21T06:19:36.643+0000] {local_task_job_runner.py:123} INFO - ::group::Pre task execution logs
[2024-11-21T06:19:36.666+0000] {taskinstance.py:2613} INFO - Dependencies all met for dep_context=non-requeueable deps ti=<TaskInstance: linkin_park.fetch_spotify_data scheduled__2024-11-21T00:00:00+00:00 [queued]>
[2024-11-21T06:19:36.682+0000] {taskinstance.py:2613} INFO - Dependencies all met for dep_context=requeueable deps ti=<TaskInstance: linkin_park.fetch_spotify_data scheduled__2024-11-21T00:00:00+00:00 [queued]>
[2024-11-21T06:19:36.683+0000] {taskinstance.py:2866} INFO - Starting attempt 1 of 1
[2024-11-21T06:19:36.710+0000] {taskinstance.py:2889} INFO - Executing <Task(PythonOperator): fetch_spotify_data> on 2024-11-21 00:00:00+00:00
[2024-11-21T06:19:36.718+0000] {standard_task_runner.py:72} INFO - Started process 1449 to run task
[2024-11-21T06:19:36.723+0000] {standard_task_runner.py:104} INFO - Running: ['airflow', 'tasks', 'run', 'linkin_park', 'fetch_spotify_data', 'scheduled__2024-11-21T00:00:00+00:00', '--job-id', '292', '--raw', '--subdir', 'DAGS_FOLDER/linkin_park.py', '--cfg-path', '/tmp/tmp1kt5cn91']
[2024-11-21T06:19:36.727+0000] {standard_task_runner.py:105} INFO - Job 292: Subtask fetch_spotify_data
[2024-11-21T06:19:36.760+0000] {logging_mixin.py:190} WARNING - /home/airflow/.local/lib/python3.12/site-packages/airflow/settings.py:209 DeprecationWarning: The sql_alchemy_conn option in [core] has been moved to the sql_alchemy_conn option in [database] - the old setting has been used, but please update your config.
[2024-11-21T06:19:36.820+0000] {task_command.py:467} INFO - Running <TaskInstance: linkin_park.fetch_spotify_data scheduled__2024-11-21T00:00:00+00:00 [running]> on host 4ed801b530e9
[2024-11-21T06:19:36.823+0000] {logging_mixin.py:190} WARNING - /home/airflow/.local/lib/python3.12/site-packages/airflow/settings.py:470 DeprecationWarning: The sql_alchemy_conn option in [core] has been moved to the sql_alchemy_conn option in [database] - the old setting has been used, but please update your config.
[2024-11-21T06:19:36.961+0000] {taskinstance.py:3132} INFO - Exporting env vars: AIRFLOW_CTX_DAG_OWNER='airflow' AIRFLOW_CTX_DAG_ID='linkin_park' AIRFLOW_CTX_TASK_ID='fetch_spotify_data' AIRFLOW_CTX_EXECUTION_DATE='2024-11-21T00:00:00+00:00' AIRFLOW_CTX_TRY_NUMBER='1' AIRFLOW_CTX_DAG_RUN_ID='scheduled__2024-11-21T00:00:00+00:00'
[2024-11-21T06:19:36.963+0000] {taskinstance.py:731} INFO - ::endgroup::
[2024-11-21T06:19:40.214+0000] {logging_mixin.py:190} INFO - Spotify data saved to linkin_park_spotify.json successfully.
[2024-11-21T06:19:40.216+0000] {python.py:240} INFO - Done. Returned value was: None
[2024-11-21T06:19:40.233+0000] {taskinstance.py:340} INFO - ::group::Post task execution logs
[2024-11-21T06:19:40.234+0000] {taskinstance.py:352} INFO - Marking task as SUCCESS. dag_id=linkin_park, task_id=fetch_spotify_data, run_id=scheduled__2024-11-21T00:00:00+00:00, execution_date=20241121T000000, start_date=20241121T061936, end_date=20241121T061940
[2024-11-21T06:19:40.278+0000] {local_task_job_runner.py:266} INFO - Task exited with return code 0
[2024-11-21T06:19:40.319+0000] {taskinstance.py:3895} INFO - 1 downstream tasks scheduled from follow-on schedule check
[2024-11-21T06:19:40.326+0000] {local_task_job_runner.py:245} INFO - ::endgroup::
