[2024-11-20T17:09:59.722+0000] {local_task_job_runner.py:123} INFO - ::group::Pre task execution logs
[2024-11-20T17:09:59.733+0000] {taskinstance.py:2613} INFO - Dependencies all met for dep_context=non-requeueable deps ti=<TaskInstance: bruno_mars.save_youtube_data scheduled__2024-11-20T12:00:00+00:00 [queued]>
[2024-11-20T17:09:59.741+0000] {taskinstance.py:2613} INFO - Dependencies all met for dep_context=requeueable deps ti=<TaskInstance: bruno_mars.save_youtube_data scheduled__2024-11-20T12:00:00+00:00 [queued]>
[2024-11-20T17:09:59.742+0000] {taskinstance.py:2866} INFO - Starting attempt 1 of 1
[2024-11-20T17:09:59.755+0000] {taskinstance.py:2889} INFO - Executing <Task(PythonOperator): save_youtube_data> on 2024-11-20 12:00:00+00:00
[2024-11-20T17:09:59.759+0000] {standard_task_runner.py:72} INFO - Started process 158 to run task
[2024-11-20T17:09:59.761+0000] {standard_task_runner.py:104} INFO - Running: ['airflow', 'tasks', 'run', 'bruno_mars', 'save_youtube_data', 'scheduled__2024-11-20T12:00:00+00:00', '--job-id', '149', '--raw', '--subdir', 'DAGS_FOLDER/bruno_mars.py', '--cfg-path', '/tmp/tmplf2igp17']
[2024-11-20T17:09:59.763+0000] {standard_task_runner.py:105} INFO - Job 149: Subtask save_youtube_data
[2024-11-20T17:09:59.776+0000] {logging_mixin.py:190} WARNING - /home/airflow/.local/lib/python3.12/site-packages/airflow/settings.py:209 DeprecationWarning: The sql_alchemy_conn option in [core] has been moved to the sql_alchemy_conn option in [database] - the old setting has been used, but please update your config.
[2024-11-20T17:09:59.801+0000] {task_command.py:467} INFO - Running <TaskInstance: bruno_mars.save_youtube_data scheduled__2024-11-20T12:00:00+00:00 [running]> on host 6aba41e3ae6f
[2024-11-20T17:09:59.803+0000] {logging_mixin.py:190} WARNING - /home/airflow/.local/lib/python3.12/site-packages/airflow/settings.py:470 DeprecationWarning: The sql_alchemy_conn option in [core] has been moved to the sql_alchemy_conn option in [database] - the old setting has been used, but please update your config.
[2024-11-20T17:09:59.869+0000] {taskinstance.py:3132} INFO - Exporting env vars: AIRFLOW_CTX_DAG_OWNER='airflow' AIRFLOW_CTX_DAG_ID='bruno_mars' AIRFLOW_CTX_TASK_ID='save_youtube_data' AIRFLOW_CTX_EXECUTION_DATE='2024-11-20T12:00:00+00:00' AIRFLOW_CTX_TRY_NUMBER='1' AIRFLOW_CTX_DAG_RUN_ID='scheduled__2024-11-20T12:00:00+00:00'
[2024-11-20T17:09:59.870+0000] {taskinstance.py:731} INFO - ::endgroup::
[2024-11-20T17:09:59.913+0000] {logging_mixin.py:190} INFO - Successfully connected to MongoDB.
[2024-11-20T17:09:59.919+0000] {logging_mixin.py:190} INFO - Existing data found, moving to historical collection...
[2024-11-20T17:09:59.925+0000] {logging_mixin.py:190} INFO - Existing data moved to historical collection.
[2024-11-20T17:09:59.928+0000] {logging_mixin.py:190} INFO - New data for channel statistics successfully saved to MongoDB.
[2024-11-20T17:09:59.929+0000] {python.py:240} INFO - Done. Returned value was: None
[2024-11-20T17:09:59.934+0000] {taskinstance.py:340} INFO - ::group::Post task execution logs
[2024-11-20T17:09:59.935+0000] {taskinstance.py:352} INFO - Marking task as SUCCESS. dag_id=bruno_mars, task_id=save_youtube_data, run_id=scheduled__2024-11-20T12:00:00+00:00, execution_date=20241120T120000, start_date=20241120T170959, end_date=20241120T170959
[2024-11-20T17:09:59.975+0000] {local_task_job_runner.py:266} INFO - Task exited with return code 0
[2024-11-20T17:09:59.988+0000] {taskinstance.py:3895} INFO - 0 downstream tasks scheduled from follow-on schedule check
[2024-11-20T17:09:59.989+0000] {local_task_job_runner.py:245} INFO - ::endgroup::
[2024-11-20T17:17:32.231+0000] {local_task_job_runner.py:123} INFO - ::group::Pre task execution logs
[2024-11-20T17:17:32.243+0000] {taskinstance.py:2613} INFO - Dependencies all met for dep_context=non-requeueable deps ti=<TaskInstance: bruno_mars.save_youtube_data scheduled__2024-11-20T12:00:00+00:00 [queued]>
[2024-11-20T17:17:32.250+0000] {taskinstance.py:2613} INFO - Dependencies all met for dep_context=requeueable deps ti=<TaskInstance: bruno_mars.save_youtube_data scheduled__2024-11-20T12:00:00+00:00 [queued]>
[2024-11-20T17:17:32.250+0000] {taskinstance.py:2866} INFO - Starting attempt 1 of 1
[2024-11-20T17:17:32.264+0000] {taskinstance.py:2889} INFO - Executing <Task(PythonOperator): save_youtube_data> on 2024-11-20 12:00:00+00:00
[2024-11-20T17:17:32.269+0000] {standard_task_runner.py:72} INFO - Started process 546 to run task
[2024-11-20T17:17:32.272+0000] {standard_task_runner.py:104} INFO - Running: ['airflow', 'tasks', 'run', 'bruno_mars', 'save_youtube_data', 'scheduled__2024-11-20T12:00:00+00:00', '--job-id', '173', '--raw', '--subdir', 'DAGS_FOLDER/bruno_mars.py', '--cfg-path', '/tmp/tmpm0t2fnml']
[2024-11-20T17:17:32.273+0000] {standard_task_runner.py:105} INFO - Job 173: Subtask save_youtube_data
[2024-11-20T17:17:32.287+0000] {logging_mixin.py:190} WARNING - /home/airflow/.local/lib/python3.12/site-packages/airflow/settings.py:209 DeprecationWarning: The sql_alchemy_conn option in [core] has been moved to the sql_alchemy_conn option in [database] - the old setting has been used, but please update your config.
[2024-11-20T17:17:32.314+0000] {task_command.py:467} INFO - Running <TaskInstance: bruno_mars.save_youtube_data scheduled__2024-11-20T12:00:00+00:00 [running]> on host 6aba41e3ae6f
[2024-11-20T17:17:32.315+0000] {logging_mixin.py:190} WARNING - /home/airflow/.local/lib/python3.12/site-packages/airflow/settings.py:470 DeprecationWarning: The sql_alchemy_conn option in [core] has been moved to the sql_alchemy_conn option in [database] - the old setting has been used, but please update your config.
[2024-11-20T17:17:32.370+0000] {taskinstance.py:3132} INFO - Exporting env vars: AIRFLOW_CTX_DAG_OWNER='airflow' AIRFLOW_CTX_DAG_ID='bruno_mars' AIRFLOW_CTX_TASK_ID='save_youtube_data' AIRFLOW_CTX_EXECUTION_DATE='2024-11-20T12:00:00+00:00' AIRFLOW_CTX_TRY_NUMBER='1' AIRFLOW_CTX_DAG_RUN_ID='scheduled__2024-11-20T12:00:00+00:00'
[2024-11-20T17:17:32.371+0000] {taskinstance.py:731} INFO - ::endgroup::
[2024-11-20T17:17:32.413+0000] {logging_mixin.py:190} INFO - Successfully connected to MongoDB.
[2024-11-20T17:17:32.429+0000] {logging_mixin.py:190} INFO - New data for channel statistics successfully saved to MongoDB.
[2024-11-20T17:17:32.429+0000] {python.py:240} INFO - Done. Returned value was: None
[2024-11-20T17:17:32.434+0000] {taskinstance.py:340} INFO - ::group::Post task execution logs
[2024-11-20T17:17:32.435+0000] {taskinstance.py:352} INFO - Marking task as SUCCESS. dag_id=bruno_mars, task_id=save_youtube_data, run_id=scheduled__2024-11-20T12:00:00+00:00, execution_date=20241120T120000, start_date=20241120T171732, end_date=20241120T171732
[2024-11-20T17:17:32.485+0000] {local_task_job_runner.py:266} INFO - Task exited with return code 0
[2024-11-20T17:17:32.496+0000] {taskinstance.py:3895} INFO - 0 downstream tasks scheduled from follow-on schedule check
[2024-11-20T17:17:32.497+0000] {local_task_job_runner.py:245} INFO - ::endgroup::
