[2024-11-23T09:01:06.630+0000] {local_task_job_runner.py:123} INFO - ::group::Pre task execution logs
[2024-11-23T09:01:06.639+0000] {taskinstance.py:2613} INFO - Dependencies all met for dep_context=non-requeueable deps ti=<TaskInstance: taylor_swift.upsert_spotify_data scheduled__2024-11-23T06:00:00+00:00 [queued]>
[2024-11-23T09:01:06.645+0000] {taskinstance.py:2613} INFO - Dependencies all met for dep_context=requeueable deps ti=<TaskInstance: taylor_swift.upsert_spotify_data scheduled__2024-11-23T06:00:00+00:00 [queued]>
[2024-11-23T09:01:06.646+0000] {taskinstance.py:2866} INFO - Starting attempt 1 of 1
[2024-11-23T09:01:06.659+0000] {taskinstance.py:2889} INFO - Executing <Task(PythonOperator): upsert_spotify_data> on 2024-11-23 06:00:00+00:00
[2024-11-23T09:01:06.663+0000] {standard_task_runner.py:72} INFO - Started process 1098 to run task
[2024-11-23T09:01:06.665+0000] {standard_task_runner.py:104} INFO - Running: ['airflow', 'tasks', 'run', 'taylor_swift', 'upsert_spotify_data', 'scheduled__2024-11-23T06:00:00+00:00', '--job-id', '397', '--raw', '--subdir', 'DAGS_FOLDER/taylor_swift.py', '--cfg-path', '/tmp/tmp3us_a_t8']
[2024-11-23T09:01:06.667+0000] {standard_task_runner.py:105} INFO - Job 397: Subtask upsert_spotify_data
[2024-11-23T09:01:06.679+0000] {logging_mixin.py:190} WARNING - /home/airflow/.local/lib/python3.12/site-packages/airflow/settings.py:209 DeprecationWarning: The sql_alchemy_conn option in [core] has been moved to the sql_alchemy_conn option in [database] - the old setting has been used, but please update your config.
[2024-11-23T09:01:06.703+0000] {task_command.py:467} INFO - Running <TaskInstance: taylor_swift.upsert_spotify_data scheduled__2024-11-23T06:00:00+00:00 [running]> on host 873bffc6ab09
[2024-11-23T09:01:06.704+0000] {logging_mixin.py:190} WARNING - /home/airflow/.local/lib/python3.12/site-packages/airflow/settings.py:470 DeprecationWarning: The sql_alchemy_conn option in [core] has been moved to the sql_alchemy_conn option in [database] - the old setting has been used, but please update your config.
[2024-11-23T09:01:06.763+0000] {taskinstance.py:3132} INFO - Exporting env vars: AIRFLOW_CTX_DAG_OWNER='airflow' AIRFLOW_CTX_DAG_ID='taylor_swift' AIRFLOW_CTX_TASK_ID='upsert_spotify_data' AIRFLOW_CTX_EXECUTION_DATE='2024-11-23T06:00:00+00:00' AIRFLOW_CTX_TRY_NUMBER='1' AIRFLOW_CTX_DAG_RUN_ID='scheduled__2024-11-23T06:00:00+00:00'
[2024-11-23T09:01:06.764+0000] {taskinstance.py:731} INFO - ::endgroup::
[2024-11-23T09:01:06.811+0000] {logging_mixin.py:190} INFO - Data artis berhasil diupdate.
[2024-11-23T09:01:06.816+0000] {logging_mixin.py:190} INFO - Data kota Jakarta berhasil diupdate.
[2024-11-23T09:01:06.817+0000] {logging_mixin.py:190} INFO - Data kota London berhasil diupdate.
[2024-11-23T09:01:06.817+0000] {logging_mixin.py:190} INFO - Data kota Sydney berhasil diupdate.
[2024-11-23T09:01:06.818+0000] {logging_mixin.py:190} INFO - Data kota Quezon City berhasil diupdate.
[2024-11-23T09:01:06.819+0000] {logging_mixin.py:190} INFO - Data kota Melbourne berhasil diupdate.
[2024-11-23T09:01:06.822+0000] {logging_mixin.py:190} INFO - Track Cruel Summer berhasil diupdate.
[2024-11-23T09:01:06.823+0000] {logging_mixin.py:190} INFO - Track Fortnight (feat. Post Malone) berhasil diupdate.
[2024-11-23T09:01:06.824+0000] {logging_mixin.py:190} INFO - Track I Can Do It With a Broken Heart berhasil diupdate.
[2024-11-23T09:01:06.825+0000] {logging_mixin.py:190} INFO - Track august berhasil diupdate.
[2024-11-23T09:01:06.825+0000] {logging_mixin.py:190} INFO - Track cardigan berhasil diupdate.
[2024-11-23T09:01:06.826+0000] {logging_mixin.py:190} INFO - Track Lover berhasil diupdate.
[2024-11-23T09:01:06.828+0000] {logging_mixin.py:190} INFO - Track Don’t Blame Me berhasil diupdate.
[2024-11-23T09:01:06.829+0000] {logging_mixin.py:190} INFO - Track Anti-Hero berhasil diupdate.
[2024-11-23T09:01:06.830+0000] {logging_mixin.py:190} INFO - Track Blank Space berhasil diupdate.
[2024-11-23T09:01:06.832+0000] {logging_mixin.py:190} INFO - Track Guilty as Sin? berhasil diupdate.
[2024-11-23T09:01:06.835+0000] {python.py:240} INFO - Done. Returned value was: None
[2024-11-23T09:01:06.840+0000] {taskinstance.py:340} INFO - ::group::Post task execution logs
[2024-11-23T09:01:06.841+0000] {taskinstance.py:352} INFO - Marking task as SUCCESS. dag_id=taylor_swift, task_id=upsert_spotify_data, run_id=scheduled__2024-11-23T06:00:00+00:00, execution_date=20241123T060000, start_date=20241123T090106, end_date=20241123T090106
[2024-11-23T09:01:06.879+0000] {local_task_job_runner.py:266} INFO - Task exited with return code 0
[2024-11-23T09:01:06.889+0000] {taskinstance.py:3895} INFO - 0 downstream tasks scheduled from follow-on schedule check
[2024-11-23T09:01:06.890+0000] {local_task_job_runner.py:245} INFO - ::endgroup::
