[2024-11-22T16:02:49.688+0000] {local_task_job_runner.py:123} INFO - ::group::Pre task execution logs
[2024-11-22T16:02:49.708+0000] {taskinstance.py:2613} INFO - Dependencies all met for dep_context=non-requeueable deps ti=<TaskInstance: linkin_park.upsert_spotify_data scheduled__2024-11-22T15:30:00+00:00 [queued]>
[2024-11-22T16:02:49.722+0000] {taskinstance.py:2613} INFO - Dependencies all met for dep_context=requeueable deps ti=<TaskInstance: linkin_park.upsert_spotify_data scheduled__2024-11-22T15:30:00+00:00 [queued]>
[2024-11-22T16:02:49.725+0000] {taskinstance.py:2866} INFO - Starting attempt 1 of 1
[2024-11-22T16:02:49.752+0000] {taskinstance.py:2889} INFO - Executing <Task(PythonOperator): upsert_spotify_data> on 2024-11-22 15:30:00+00:00
[2024-11-22T16:02:49.761+0000] {standard_task_runner.py:72} INFO - Started process 246 to run task
[2024-11-22T16:02:49.766+0000] {standard_task_runner.py:104} INFO - Running: ['airflow', 'tasks', 'run', 'linkin_park', 'upsert_spotify_data', 'scheduled__2024-11-22T15:30:00+00:00', '--job-id', '344', '--raw', '--subdir', 'DAGS_FOLDER/linkin_park.py', '--cfg-path', '/tmp/tmpiahzs5hw']
[2024-11-22T16:02:49.770+0000] {standard_task_runner.py:105} INFO - Job 344: Subtask upsert_spotify_data
[2024-11-22T16:02:49.798+0000] {logging_mixin.py:190} WARNING - /home/airflow/.local/lib/python3.12/site-packages/airflow/settings.py:209 DeprecationWarning: The sql_alchemy_conn option in [core] has been moved to the sql_alchemy_conn option in [database] - the old setting has been used, but please update your config.
[2024-11-22T16:02:49.852+0000] {task_command.py:467} INFO - Running <TaskInstance: linkin_park.upsert_spotify_data scheduled__2024-11-22T15:30:00+00:00 [running]> on host a87f321d68a4
[2024-11-22T16:02:49.855+0000] {logging_mixin.py:190} WARNING - /home/airflow/.local/lib/python3.12/site-packages/airflow/settings.py:470 DeprecationWarning: The sql_alchemy_conn option in [core] has been moved to the sql_alchemy_conn option in [database] - the old setting has been used, but please update your config.
[2024-11-22T16:02:49.984+0000] {taskinstance.py:3132} INFO - Exporting env vars: AIRFLOW_CTX_DAG_OWNER='airflow' AIRFLOW_CTX_DAG_ID='linkin_park' AIRFLOW_CTX_TASK_ID='upsert_spotify_data' AIRFLOW_CTX_EXECUTION_DATE='2024-11-22T15:30:00+00:00' AIRFLOW_CTX_TRY_NUMBER='1' AIRFLOW_CTX_DAG_RUN_ID='scheduled__2024-11-22T15:30:00+00:00'
[2024-11-22T16:02:49.986+0000] {taskinstance.py:731} INFO - ::endgroup::
[2024-11-22T16:02:50.102+0000] {logging_mixin.py:190} INFO - Data artis berhasil diupdate.
[2024-11-22T16:02:50.112+0000] {logging_mixin.py:190} INFO - Data kota São Paulo berhasil diupdate.
[2024-11-22T16:02:50.114+0000] {logging_mixin.py:190} INFO - Data kota Jakarta berhasil diupdate.
[2024-11-22T16:02:50.116+0000] {logging_mixin.py:190} INFO - Data kota Paris berhasil diupdate.
[2024-11-22T16:02:50.118+0000] {logging_mixin.py:190} INFO - Data kota Hamburg berhasil diupdate.
[2024-11-22T16:02:50.120+0000] {logging_mixin.py:190} INFO - Data kota Santiago berhasil diupdate.
[2024-11-22T16:02:50.126+0000] {logging_mixin.py:190} INFO - Track The Emptiness Machine berhasil diupdate.
[2024-11-22T16:02:50.128+0000] {logging_mixin.py:190} INFO - Track Heavy Is the Crown berhasil diupdate.
[2024-11-22T16:02:50.130+0000] {logging_mixin.py:190} INFO - Track In the End berhasil diupdate.
[2024-11-22T16:02:50.132+0000] {logging_mixin.py:190} INFO - Track Numb berhasil diupdate.
[2024-11-22T16:02:50.133+0000] {logging_mixin.py:190} INFO - Track Faint berhasil diupdate.
[2024-11-22T16:02:50.135+0000] {logging_mixin.py:190} INFO - Track Over Each Other berhasil diupdate.
[2024-11-22T16:02:50.137+0000] {logging_mixin.py:190} INFO - Track One Step Closer berhasil diupdate.
[2024-11-22T16:02:50.139+0000] {logging_mixin.py:190} INFO - Track Two Faced berhasil diupdate.
[2024-11-22T16:02:50.141+0000] {logging_mixin.py:190} INFO - Track What I've Done berhasil diupdate.
[2024-11-22T16:02:50.143+0000] {logging_mixin.py:190} INFO - Track Bleed It Out berhasil diupdate.
[2024-11-22T16:02:50.149+0000] {python.py:240} INFO - Done. Returned value was: None
[2024-11-22T16:02:50.160+0000] {taskinstance.py:340} INFO - ::group::Post task execution logs
[2024-11-22T16:02:50.161+0000] {taskinstance.py:352} INFO - Marking task as SUCCESS. dag_id=linkin_park, task_id=upsert_spotify_data, run_id=scheduled__2024-11-22T15:30:00+00:00, execution_date=20241122T153000, start_date=20241122T160249, end_date=20241122T160250
[2024-11-22T16:02:50.224+0000] {local_task_job_runner.py:266} INFO - Task exited with return code 0
[2024-11-22T16:02:50.245+0000] {taskinstance.py:3895} INFO - 0 downstream tasks scheduled from follow-on schedule check
[2024-11-22T16:02:50.247+0000] {local_task_job_runner.py:245} INFO - ::endgroup::
