[2024-11-20T06:49:04.604+0000] {local_task_job_runner.py:123} INFO - ::group::Pre task execution logs
[2024-11-20T06:49:04.626+0000] {taskinstance.py:2613} INFO - Dependencies all met for dep_context=non-requeueable deps ti=<TaskInstance: bruno_mars.save_youtube_data scheduled__2024-11-19T12:00:00+00:00 [queued]>
[2024-11-20T06:49:04.641+0000] {taskinstance.py:2613} INFO - Dependencies all met for dep_context=requeueable deps ti=<TaskInstance: bruno_mars.save_youtube_data scheduled__2024-11-19T12:00:00+00:00 [queued]>
[2024-11-20T06:49:04.644+0000] {taskinstance.py:2866} INFO - Starting attempt 1 of 1
[2024-11-20T06:49:04.672+0000] {taskinstance.py:2889} INFO - Executing <Task(PythonOperator): save_youtube_data> on 2024-11-19 12:00:00+00:00
[2024-11-20T06:49:04.683+0000] {standard_task_runner.py:72} INFO - Started process 148 to run task
[2024-11-20T06:49:04.688+0000] {standard_task_runner.py:104} INFO - Running: ['airflow', 'tasks', 'run', 'bruno_mars', 'save_youtube_data', 'scheduled__2024-11-19T12:00:00+00:00', '--job-id', '131', '--raw', '--subdir', 'DAGS_FOLDER/dag2.py', '--cfg-path', '/tmp/tmpktn8l9a6']
[2024-11-20T06:49:04.692+0000] {standard_task_runner.py:105} INFO - Job 131: Subtask save_youtube_data
[2024-11-20T06:49:04.718+0000] {logging_mixin.py:190} WARNING - /home/airflow/.local/lib/python3.12/site-packages/airflow/settings.py:209 DeprecationWarning: The sql_alchemy_conn option in [core] has been moved to the sql_alchemy_conn option in [database] - the old setting has been used, but please update your config.
[2024-11-20T06:49:04.775+0000] {task_command.py:467} INFO - Running <TaskInstance: bruno_mars.save_youtube_data scheduled__2024-11-19T12:00:00+00:00 [running]> on host 6aba41e3ae6f
[2024-11-20T06:49:04.778+0000] {logging_mixin.py:190} WARNING - /home/airflow/.local/lib/python3.12/site-packages/airflow/settings.py:470 DeprecationWarning: The sql_alchemy_conn option in [core] has been moved to the sql_alchemy_conn option in [database] - the old setting has been used, but please update your config.
[2024-11-20T06:49:04.917+0000] {taskinstance.py:3132} INFO - Exporting env vars: AIRFLOW_CTX_DAG_OWNER='airflow' AIRFLOW_CTX_DAG_ID='bruno_mars' AIRFLOW_CTX_TASK_ID='save_youtube_data' AIRFLOW_CTX_EXECUTION_DATE='2024-11-19T12:00:00+00:00' AIRFLOW_CTX_TRY_NUMBER='1' AIRFLOW_CTX_DAG_RUN_ID='scheduled__2024-11-19T12:00:00+00:00'
[2024-11-20T06:49:04.919+0000] {taskinstance.py:731} INFO - ::endgroup::
[2024-11-20T06:49:05.014+0000] {logging_mixin.py:190} INFO - Successfully connected to MongoDB.
[2024-11-20T06:49:05.031+0000] {logging_mixin.py:190} INFO - Existing data found, moving to historical collection...
[2024-11-20T06:49:05.041+0000] {logging_mixin.py:190} INFO - Existing data moved to historical collection.
[2024-11-20T06:49:05.049+0000] {logging_mixin.py:190} INFO - New data for channel statistics successfully saved to MongoDB.
[2024-11-20T06:49:05.050+0000] {python.py:240} INFO - Done. Returned value was: None
[2024-11-20T06:49:05.063+0000] {taskinstance.py:340} INFO - ::group::Post task execution logs
[2024-11-20T06:49:05.065+0000] {taskinstance.py:352} INFO - Marking task as SUCCESS. dag_id=bruno_mars, task_id=save_youtube_data, run_id=scheduled__2024-11-19T12:00:00+00:00, execution_date=20241119T120000, start_date=20241120T064904, end_date=20241120T064905
[2024-11-20T06:49:05.105+0000] {local_task_job_runner.py:266} INFO - Task exited with return code 0
[2024-11-20T06:49:05.128+0000] {taskinstance.py:3895} INFO - 0 downstream tasks scheduled from follow-on schedule check
[2024-11-20T06:49:05.130+0000] {local_task_job_runner.py:245} INFO - ::endgroup::
