[2024-11-21T05:30:26.547+0000] {local_task_job_runner.py:123} INFO - ::group::Pre task execution logs
[2024-11-21T05:30:26.590+0000] {taskinstance.py:2613} INFO - Dependencies all met for dep_context=non-requeueable deps ti=<TaskInstance: bernadya.upsert_spotify_data scheduled__2024-11-21T00:00:00+00:00 [queued]>
[2024-11-21T05:30:26.616+0000] {taskinstance.py:2613} INFO - Dependencies all met for dep_context=requeueable deps ti=<TaskInstance: bernadya.upsert_spotify_data scheduled__2024-11-21T00:00:00+00:00 [queued]>
[2024-11-21T05:30:26.617+0000] {taskinstance.py:2866} INFO - Starting attempt 1 of 1
[2024-11-21T05:30:26.653+0000] {taskinstance.py:2889} INFO - Executing <Task(PythonOperator): upsert_spotify_data> on 2024-11-21 00:00:00+00:00
[2024-11-21T05:30:26.665+0000] {standard_task_runner.py:72} INFO - Started process 570 to run task
[2024-11-21T05:30:26.672+0000] {standard_task_runner.py:104} INFO - Running: ['airflow', 'tasks', 'run', 'bernadya', 'upsert_spotify_data', 'scheduled__2024-11-21T00:00:00+00:00', '--job-id', '275', '--raw', '--subdir', 'DAGS_FOLDER/bernadya.py', '--cfg-path', '/tmp/tmp3y3w6m71']
[2024-11-21T05:30:26.678+0000] {standard_task_runner.py:105} INFO - Job 275: Subtask upsert_spotify_data
[2024-11-21T05:30:26.713+0000] {logging_mixin.py:190} WARNING - /home/airflow/.local/lib/python3.12/site-packages/airflow/settings.py:209 DeprecationWarning: The sql_alchemy_conn option in [core] has been moved to the sql_alchemy_conn option in [database] - the old setting has been used, but please update your config.
[2024-11-21T05:30:26.765+0000] {task_command.py:467} INFO - Running <TaskInstance: bernadya.upsert_spotify_data scheduled__2024-11-21T00:00:00+00:00 [running]> on host 4ed801b530e9
[2024-11-21T05:30:26.768+0000] {logging_mixin.py:190} WARNING - /home/airflow/.local/lib/python3.12/site-packages/airflow/settings.py:470 DeprecationWarning: The sql_alchemy_conn option in [core] has been moved to the sql_alchemy_conn option in [database] - the old setting has been used, but please update your config.
[2024-11-21T05:30:26.911+0000] {taskinstance.py:3132} INFO - Exporting env vars: AIRFLOW_CTX_DAG_OWNER='airflow' AIRFLOW_CTX_DAG_ID='bernadya' AIRFLOW_CTX_TASK_ID='upsert_spotify_data' AIRFLOW_CTX_EXECUTION_DATE='2024-11-21T00:00:00+00:00' AIRFLOW_CTX_TRY_NUMBER='1' AIRFLOW_CTX_DAG_RUN_ID='scheduled__2024-11-21T00:00:00+00:00'
[2024-11-21T05:30:26.915+0000] {taskinstance.py:731} INFO - ::endgroup::
[2024-11-21T05:30:27.064+0000] {logging_mixin.py:190} INFO - Data artis berhasil diupdate.
[2024-11-21T05:30:27.072+0000] {logging_mixin.py:190} INFO - Data kota Jakarta berhasil diupdate.
[2024-11-21T05:30:27.075+0000] {logging_mixin.py:190} INFO - Data kota Bandung berhasil diupdate.
[2024-11-21T05:30:27.077+0000] {logging_mixin.py:190} INFO - Data kota Surabaya berhasil diupdate.
[2024-11-21T05:30:27.079+0000] {logging_mixin.py:190} INFO - Data kota Makassar berhasil diupdate.
[2024-11-21T05:30:27.081+0000] {logging_mixin.py:190} INFO - Data kota Semarang berhasil diupdate.
[2024-11-21T05:30:27.088+0000] {logging_mixin.py:190} INFO - Track Satu Bulan berhasil diupdate.
[2024-11-21T05:30:27.094+0000] {logging_mixin.py:190} INFO - Track Untungnya, Hidup Harus Tetap Berjalan berhasil diupdate.
[2024-11-21T05:30:27.096+0000] {logging_mixin.py:190} INFO - Track Kata Mereka Ini Berlebihan berhasil diupdate.
[2024-11-21T05:30:27.098+0000] {logging_mixin.py:190} INFO - Track Apa Mungkin berhasil diupdate.
[2024-11-21T05:30:27.100+0000] {logging_mixin.py:190} INFO - Track Kini Mereka Tahu berhasil diupdate.
[2024-11-21T05:30:27.102+0000] {logging_mixin.py:190} INFO - Track Lama-Lama berhasil diupdate.
[2024-11-21T05:30:27.103+0000] {logging_mixin.py:190} INFO - Track Masa Sepi berhasil diupdate.
[2024-11-21T05:30:27.105+0000] {logging_mixin.py:190} INFO - Track Sialnya, Hidup Harus Tetap Berjalan berhasil diupdate.
[2024-11-21T05:30:27.107+0000] {logging_mixin.py:190} INFO - Track Terlintas berhasil diupdate.
[2024-11-21T05:30:27.109+0000] {logging_mixin.py:190} INFO - Track Sinyal-Sinyal berhasil diupdate.
[2024-11-21T05:30:27.114+0000] {python.py:240} INFO - Done. Returned value was: None
[2024-11-21T05:30:27.126+0000] {taskinstance.py:340} INFO - ::group::Post task execution logs
[2024-11-21T05:30:27.127+0000] {taskinstance.py:352} INFO - Marking task as SUCCESS. dag_id=bernadya, task_id=upsert_spotify_data, run_id=scheduled__2024-11-21T00:00:00+00:00, execution_date=20241121T000000, start_date=20241121T053026, end_date=20241121T053027
[2024-11-21T05:30:27.170+0000] {local_task_job_runner.py:266} INFO - Task exited with return code 0
[2024-11-21T05:30:27.194+0000] {taskinstance.py:3895} INFO - 0 downstream tasks scheduled from follow-on schedule check
[2024-11-21T05:30:27.196+0000] {local_task_job_runner.py:245} INFO - ::endgroup::
