[2024-11-18T20:11:18.086+0000] {local_task_job_runner.py:123} INFO - ::group::Pre task execution logs
[2024-11-18T20:11:18.097+0000] {taskinstance.py:2613} INFO - Dependencies all met for dep_context=non-requeueable deps ti=<TaskInstance: spotify_youtube_data_pipeline.upsert_spotify_data manual__2024-11-18T19:33:38.828282+00:00 [queued]>
[2024-11-18T20:11:18.104+0000] {taskinstance.py:2613} INFO - Dependencies all met for dep_context=requeueable deps ti=<TaskInstance: spotify_youtube_data_pipeline.upsert_spotify_data manual__2024-11-18T19:33:38.828282+00:00 [queued]>
[2024-11-18T20:11:18.104+0000] {taskinstance.py:2866} INFO - Starting attempt 2 of 2
[2024-11-18T20:11:18.118+0000] {taskinstance.py:2889} INFO - Executing <Task(PythonOperator): upsert_spotify_data> on 2024-11-18 19:33:38.828282+00:00
[2024-11-18T20:11:18.123+0000] {standard_task_runner.py:72} INFO - Started process 114 to run task
[2024-11-18T20:11:18.125+0000] {standard_task_runner.py:104} INFO - Running: ['airflow', 'tasks', 'run', 'spotify_youtube_data_pipeline', 'upsert_spotify_data', 'manual__2024-11-18T19:33:38.828282+00:00', '--job-id', '23', '--raw', '--subdir', 'DAGS_FOLDER/dag.py', '--cfg-path', '/tmp/tmpw_740uif']
[2024-11-18T20:11:18.127+0000] {standard_task_runner.py:105} INFO - Job 23: Subtask upsert_spotify_data
[2024-11-18T20:11:18.143+0000] {logging_mixin.py:190} WARNING - /home/airflow/.local/lib/python3.12/site-packages/airflow/settings.py:209 DeprecationWarning: The sql_alchemy_conn option in [core] has been moved to the sql_alchemy_conn option in [database] - the old setting has been used, but please update your config.
[2024-11-18T20:11:18.167+0000] {task_command.py:467} INFO - Running <TaskInstance: spotify_youtube_data_pipeline.upsert_spotify_data manual__2024-11-18T19:33:38.828282+00:00 [running]> on host 184ee888f580
[2024-11-18T20:11:18.221+0000] {taskinstance.py:3132} INFO - Exporting env vars: AIRFLOW_CTX_DAG_OWNER='airflow' AIRFLOW_CTX_DAG_ID='spotify_youtube_data_pipeline' AIRFLOW_CTX_TASK_ID='upsert_spotify_data' AIRFLOW_CTX_EXECUTION_DATE='2024-11-18T19:33:38.828282+00:00' AIRFLOW_CTX_TRY_NUMBER='2' AIRFLOW_CTX_DAG_RUN_ID='manual__2024-11-18T19:33:38.828282+00:00'
[2024-11-18T20:11:18.222+0000] {taskinstance.py:731} INFO - ::endgroup::
[2024-11-18T20:11:18.299+0000] {logging_mixin.py:190} INFO - Data artis berhasil diupdate.
[2024-11-18T20:11:18.305+0000] {logging_mixin.py:190} INFO - Data kota Jakarta berhasil dimasukkan.
[2024-11-18T20:11:18.306+0000] {logging_mixin.py:190} INFO - Data kota Bandung berhasil dimasukkan.
[2024-11-18T20:11:18.308+0000] {logging_mixin.py:190} INFO - Data kota Surabaya berhasil dimasukkan.
[2024-11-18T20:11:18.309+0000] {logging_mixin.py:190} INFO - Data kota Makassar berhasil dimasukkan.
[2024-11-18T20:11:18.310+0000] {logging_mixin.py:190} INFO - Data kota Semarang berhasil dimasukkan.
[2024-11-18T20:11:18.315+0000] {logging_mixin.py:190} INFO - Track Satu Bulan berhasil dimasukkan.
[2024-11-18T20:11:18.316+0000] {logging_mixin.py:190} INFO - Track Untungnya, Hidup Harus Tetap Berjalan berhasil dimasukkan.
[2024-11-18T20:11:18.317+0000] {logging_mixin.py:190} INFO - Track Kata Mereka Ini Berlebihan berhasil dimasukkan.
[2024-11-18T20:11:18.318+0000] {logging_mixin.py:190} INFO - Track Apa Mungkin berhasil dimasukkan.
[2024-11-18T20:11:18.319+0000] {logging_mixin.py:190} INFO - Track Kini Mereka Tahu berhasil dimasukkan.
[2024-11-18T20:11:18.319+0000] {logging_mixin.py:190} INFO - Track Lama-Lama berhasil dimasukkan.
[2024-11-18T20:11:18.320+0000] {logging_mixin.py:190} INFO - Track Masa Sepi berhasil dimasukkan.
[2024-11-18T20:11:18.321+0000] {logging_mixin.py:190} INFO - Track Sialnya, Hidup Harus Tetap Berjalan berhasil dimasukkan.
[2024-11-18T20:11:18.322+0000] {logging_mixin.py:190} INFO - Track Terlintas berhasil dimasukkan.
[2024-11-18T20:11:18.323+0000] {logging_mixin.py:190} INFO - Track Sinyal-Sinyal berhasil dimasukkan.
[2024-11-18T20:11:18.327+0000] {python.py:240} INFO - Done. Returned value was: None
[2024-11-18T20:11:18.334+0000] {taskinstance.py:340} INFO - ::group::Post task execution logs
[2024-11-18T20:11:18.335+0000] {taskinstance.py:352} INFO - Marking task as SUCCESS. dag_id=spotify_youtube_data_pipeline, task_id=upsert_spotify_data, run_id=manual__2024-11-18T19:33:38.828282+00:00, execution_date=20241118T193338, start_date=20241118T201118, end_date=20241118T201118
[2024-11-18T20:11:18.380+0000] {local_task_job_runner.py:266} INFO - Task exited with return code 0
[2024-11-18T20:11:18.391+0000] {taskinstance.py:3895} INFO - 0 downstream tasks scheduled from follow-on schedule check
[2024-11-18T20:11:18.392+0000] {local_task_job_runner.py:245} INFO - ::endgroup::
