[2024-11-22T14:16:43.280+0000] {local_task_job_runner.py:123} INFO - ::group::Pre task execution logs
[2024-11-22T14:16:43.290+0000] {taskinstance.py:2613} INFO - Dependencies all met for dep_context=non-requeueable deps ti=<TaskInstance: taylor_swift.save_youtube_data scheduled__2024-11-22T00:00:00+00:00 [queued]>
[2024-11-22T14:16:43.296+0000] {taskinstance.py:2613} INFO - Dependencies all met for dep_context=requeueable deps ti=<TaskInstance: taylor_swift.save_youtube_data scheduled__2024-11-22T00:00:00+00:00 [queued]>
[2024-11-22T14:16:43.297+0000] {taskinstance.py:2866} INFO - Starting attempt 1 of 1
[2024-11-22T14:16:43.312+0000] {taskinstance.py:2889} INFO - Executing <Task(PythonOperator): save_youtube_data> on 2024-11-22 00:00:00+00:00
[2024-11-22T14:16:43.316+0000] {standard_task_runner.py:72} INFO - Started process 307 to run task
[2024-11-22T14:16:43.319+0000] {standard_task_runner.py:104} INFO - Running: ['airflow', 'tasks', 'run', 'taylor_swift', 'save_youtube_data', 'scheduled__2024-11-22T00:00:00+00:00', '--job-id', '327', '--raw', '--subdir', 'DAGS_FOLDER/taylor_swift.py', '--cfg-path', '/tmp/tmpazpln_g2']
[2024-11-22T14:16:43.321+0000] {standard_task_runner.py:105} INFO - Job 327: Subtask save_youtube_data
[2024-11-22T14:16:43.335+0000] {logging_mixin.py:190} WARNING - /home/airflow/.local/lib/python3.12/site-packages/airflow/settings.py:209 DeprecationWarning: The sql_alchemy_conn option in [core] has been moved to the sql_alchemy_conn option in [database] - the old setting has been used, but please update your config.
[2024-11-22T14:16:43.367+0000] {task_command.py:467} INFO - Running <TaskInstance: taylor_swift.save_youtube_data scheduled__2024-11-22T00:00:00+00:00 [running]> on host a87f321d68a4
[2024-11-22T14:16:43.368+0000] {logging_mixin.py:190} WARNING - /home/airflow/.local/lib/python3.12/site-packages/airflow/settings.py:470 DeprecationWarning: The sql_alchemy_conn option in [core] has been moved to the sql_alchemy_conn option in [database] - the old setting has been used, but please update your config.
[2024-11-22T14:16:43.439+0000] {taskinstance.py:3132} INFO - Exporting env vars: AIRFLOW_CTX_DAG_OWNER='airflow' AIRFLOW_CTX_DAG_ID='taylor_swift' AIRFLOW_CTX_TASK_ID='save_youtube_data' AIRFLOW_CTX_EXECUTION_DATE='2024-11-22T00:00:00+00:00' AIRFLOW_CTX_TRY_NUMBER='1' AIRFLOW_CTX_DAG_RUN_ID='scheduled__2024-11-22T00:00:00+00:00'
[2024-11-22T14:16:43.440+0000] {taskinstance.py:731} INFO - ::endgroup::
[2024-11-22T14:16:43.486+0000] {logging_mixin.py:190} INFO - Successfully connected to MongoDB.
[2024-11-22T14:16:43.492+0000] {logging_mixin.py:190} INFO - Existing data found, moving to historical collection...
[2024-11-22T14:16:43.497+0000] {logging_mixin.py:190} INFO - Existing data moved to historical collection.
[2024-11-22T14:16:43.501+0000] {logging_mixin.py:190} INFO - New data for channel statistics successfully saved to MongoDB.
[2024-11-22T14:16:43.502+0000] {python.py:240} INFO - Done. Returned value was: None
[2024-11-22T14:16:43.508+0000] {taskinstance.py:340} INFO - ::group::Post task execution logs
[2024-11-22T14:16:43.509+0000] {taskinstance.py:352} INFO - Marking task as SUCCESS. dag_id=taylor_swift, task_id=save_youtube_data, run_id=scheduled__2024-11-22T00:00:00+00:00, execution_date=20241122T000000, start_date=20241122T141643, end_date=20241122T141643
[2024-11-22T14:16:43.532+0000] {local_task_job_runner.py:266} INFO - Task exited with return code 0
[2024-11-22T14:16:43.542+0000] {taskinstance.py:3895} INFO - 0 downstream tasks scheduled from follow-on schedule check
[2024-11-22T14:16:43.543+0000] {local_task_job_runner.py:245} INFO - ::endgroup::
