[2024-11-19T12:00:31.335+0000] {local_task_job_runner.py:123} INFO - ::group::Pre task execution logs
[2024-11-19T12:00:31.344+0000] {taskinstance.py:2613} INFO - Dependencies all met for dep_context=non-requeueable deps ti=<TaskInstance: bernadya.upsert_spotify_data scheduled__2024-11-19T00:00:00+00:00 [queued]>
[2024-11-19T12:00:31.351+0000] {taskinstance.py:2613} INFO - Dependencies all met for dep_context=requeueable deps ti=<TaskInstance: bernadya.upsert_spotify_data scheduled__2024-11-19T00:00:00+00:00 [queued]>
[2024-11-19T12:00:31.352+0000] {taskinstance.py:2866} INFO - Starting attempt 1 of 1
[2024-11-19T12:00:31.366+0000] {taskinstance.py:2889} INFO - Executing <Task(PythonOperator): upsert_spotify_data> on 2024-11-19 00:00:00+00:00
[2024-11-19T12:00:31.369+0000] {standard_task_runner.py:72} INFO - Started process 904 to run task
[2024-11-19T12:00:31.372+0000] {standard_task_runner.py:104} INFO - Running: ['airflow', 'tasks', 'run', 'bernadya', 'upsert_spotify_data', 'scheduled__2024-11-19T00:00:00+00:00', '--job-id', '121', '--raw', '--subdir', 'DAGS_FOLDER/dag.py', '--cfg-path', '/tmp/tmp1cxklmqo']
[2024-11-19T12:00:31.374+0000] {standard_task_runner.py:105} INFO - Job 121: Subtask upsert_spotify_data
[2024-11-19T12:00:31.386+0000] {logging_mixin.py:190} WARNING - /home/airflow/.local/lib/python3.12/site-packages/airflow/settings.py:209 DeprecationWarning: The sql_alchemy_conn option in [core] has been moved to the sql_alchemy_conn option in [database] - the old setting has been used, but please update your config.
[2024-11-19T12:00:31.410+0000] {task_command.py:467} INFO - Running <TaskInstance: bernadya.upsert_spotify_data scheduled__2024-11-19T00:00:00+00:00 [running]> on host 6aba41e3ae6f
[2024-11-19T12:00:31.411+0000] {logging_mixin.py:190} WARNING - /home/airflow/.local/lib/python3.12/site-packages/airflow/settings.py:470 DeprecationWarning: The sql_alchemy_conn option in [core] has been moved to the sql_alchemy_conn option in [database] - the old setting has been used, but please update your config.
[2024-11-19T12:00:31.469+0000] {taskinstance.py:3132} INFO - Exporting env vars: AIRFLOW_CTX_DAG_OWNER='airflow' AIRFLOW_CTX_DAG_ID='bernadya' AIRFLOW_CTX_TASK_ID='upsert_spotify_data' AIRFLOW_CTX_EXECUTION_DATE='2024-11-19T00:00:00+00:00' AIRFLOW_CTX_TRY_NUMBER='1' AIRFLOW_CTX_DAG_RUN_ID='scheduled__2024-11-19T00:00:00+00:00'
[2024-11-19T12:00:31.469+0000] {taskinstance.py:731} INFO - ::endgroup::
[2024-11-19T12:00:31.543+0000] {logging_mixin.py:190} INFO - Data artis berhasil diupdate.
[2024-11-19T12:00:31.548+0000] {logging_mixin.py:190} INFO - Data kota Jakarta berhasil diupdate.
[2024-11-19T12:00:31.550+0000] {logging_mixin.py:190} INFO - Data kota Bandung berhasil diupdate.
[2024-11-19T12:00:31.551+0000] {logging_mixin.py:190} INFO - Data kota Surabaya berhasil diupdate.
[2024-11-19T12:00:31.552+0000] {logging_mixin.py:190} INFO - Data kota Makassar berhasil diupdate.
[2024-11-19T12:00:31.553+0000] {logging_mixin.py:190} INFO - Data kota Semarang berhasil diupdate.
[2024-11-19T12:00:31.558+0000] {logging_mixin.py:190} INFO - Track Satu Bulan berhasil diupdate.
[2024-11-19T12:00:31.559+0000] {logging_mixin.py:190} INFO - Track Untungnya, Hidup Harus Tetap Berjalan berhasil diupdate.
[2024-11-19T12:00:31.559+0000] {logging_mixin.py:190} INFO - Track Kata Mereka Ini Berlebihan berhasil diupdate.
[2024-11-19T12:00:31.560+0000] {logging_mixin.py:190} INFO - Track Apa Mungkin berhasil diupdate.
[2024-11-19T12:00:31.561+0000] {logging_mixin.py:190} INFO - Track Kini Mereka Tahu berhasil diupdate.
[2024-11-19T12:00:31.562+0000] {logging_mixin.py:190} INFO - Track Lama-Lama berhasil diupdate.
[2024-11-19T12:00:31.562+0000] {logging_mixin.py:190} INFO - Track Masa Sepi berhasil diupdate.
[2024-11-19T12:00:31.563+0000] {logging_mixin.py:190} INFO - Track Sialnya, Hidup Harus Tetap Berjalan berhasil diupdate.
[2024-11-19T12:00:31.564+0000] {logging_mixin.py:190} INFO - Track Terlintas berhasil diupdate.
[2024-11-19T12:00:31.564+0000] {logging_mixin.py:190} INFO - Track Sinyal-Sinyal berhasil diupdate.
[2024-11-19T12:00:31.569+0000] {python.py:240} INFO - Done. Returned value was: None
[2024-11-19T12:00:31.574+0000] {taskinstance.py:340} INFO - ::group::Post task execution logs
[2024-11-19T12:00:31.574+0000] {taskinstance.py:352} INFO - Marking task as SUCCESS. dag_id=bernadya, task_id=upsert_spotify_data, run_id=scheduled__2024-11-19T00:00:00+00:00, execution_date=20241119T000000, start_date=20241119T120031, end_date=20241119T120031
[2024-11-19T12:00:31.626+0000] {local_task_job_runner.py:266} INFO - Task exited with return code 0
[2024-11-19T12:00:31.636+0000] {taskinstance.py:3895} INFO - 0 downstream tasks scheduled from follow-on schedule check
[2024-11-19T12:00:31.637+0000] {local_task_job_runner.py:245} INFO - ::endgroup::
