[2024-11-20T12:00:37.581+0000] {local_task_job_runner.py:123} INFO - ::group::Pre task execution logs
[2024-11-20T12:00:37.591+0000] {taskinstance.py:2613} INFO - Dependencies all met for dep_context=non-requeueable deps ti=<TaskInstance: bernadya.upsert_spotify_data scheduled__2024-11-20T00:00:00+00:00 [queued]>
[2024-11-20T12:00:37.598+0000] {taskinstance.py:2613} INFO - Dependencies all met for dep_context=requeueable deps ti=<TaskInstance: bernadya.upsert_spotify_data scheduled__2024-11-20T00:00:00+00:00 [queued]>
[2024-11-20T12:00:37.599+0000] {taskinstance.py:2866} INFO - Starting attempt 1 of 1
[2024-11-20T12:00:37.614+0000] {taskinstance.py:2889} INFO - Executing <Task(PythonOperator): upsert_spotify_data> on 2024-11-20 00:00:00+00:00
[2024-11-20T12:00:37.619+0000] {standard_task_runner.py:72} INFO - Started process 411 to run task
[2024-11-20T12:00:37.628+0000] {standard_task_runner.py:104} INFO - Running: ['airflow', 'tasks', 'run', 'bernadya', 'upsert_spotify_data', 'scheduled__2024-11-20T00:00:00+00:00', '--job-id', '139', '--raw', '--subdir', 'DAGS_FOLDER/dag.py', '--cfg-path', '/tmp/tmp3sms30fv']
[2024-11-20T12:00:37.630+0000] {standard_task_runner.py:105} INFO - Job 139: Subtask upsert_spotify_data
[2024-11-20T12:00:37.645+0000] {logging_mixin.py:190} WARNING - /home/airflow/.local/lib/python3.12/site-packages/airflow/settings.py:209 DeprecationWarning: The sql_alchemy_conn option in [core] has been moved to the sql_alchemy_conn option in [database] - the old setting has been used, but please update your config.
[2024-11-20T12:00:37.674+0000] {task_command.py:467} INFO - Running <TaskInstance: bernadya.upsert_spotify_data scheduled__2024-11-20T00:00:00+00:00 [running]> on host 6aba41e3ae6f
[2024-11-20T12:00:37.675+0000] {logging_mixin.py:190} WARNING - /home/airflow/.local/lib/python3.12/site-packages/airflow/settings.py:470 DeprecationWarning: The sql_alchemy_conn option in [core] has been moved to the sql_alchemy_conn option in [database] - the old setting has been used, but please update your config.
[2024-11-20T12:00:37.749+0000] {taskinstance.py:3132} INFO - Exporting env vars: AIRFLOW_CTX_DAG_OWNER='airflow' AIRFLOW_CTX_DAG_ID='bernadya' AIRFLOW_CTX_TASK_ID='upsert_spotify_data' AIRFLOW_CTX_EXECUTION_DATE='2024-11-20T00:00:00+00:00' AIRFLOW_CTX_TRY_NUMBER='1' AIRFLOW_CTX_DAG_RUN_ID='scheduled__2024-11-20T00:00:00+00:00'
[2024-11-20T12:00:37.750+0000] {taskinstance.py:731} INFO - ::endgroup::
[2024-11-20T12:00:37.886+0000] {logging_mixin.py:190} INFO - Data artis berhasil diupdate.
[2024-11-20T12:00:37.894+0000] {logging_mixin.py:190} INFO - Data kota Jakarta berhasil diupdate.
[2024-11-20T12:00:37.896+0000] {logging_mixin.py:190} INFO - Data kota Bandung berhasil diupdate.
[2024-11-20T12:00:37.897+0000] {logging_mixin.py:190} INFO - Data kota Surabaya berhasil diupdate.
[2024-11-20T12:00:37.898+0000] {logging_mixin.py:190} INFO - Data kota Makassar berhasil diupdate.
[2024-11-20T12:00:37.900+0000] {logging_mixin.py:190} INFO - Data kota Semarang berhasil diupdate.
[2024-11-20T12:00:37.907+0000] {logging_mixin.py:190} INFO - Track Satu Bulan berhasil diupdate.
[2024-11-20T12:00:37.908+0000] {logging_mixin.py:190} INFO - Track Untungnya, Hidup Harus Tetap Berjalan berhasil diupdate.
[2024-11-20T12:00:37.909+0000] {logging_mixin.py:190} INFO - Track Kata Mereka Ini Berlebihan berhasil diupdate.
[2024-11-20T12:00:37.910+0000] {logging_mixin.py:190} INFO - Track Apa Mungkin berhasil diupdate.
[2024-11-20T12:00:37.911+0000] {logging_mixin.py:190} INFO - Track Kini Mereka Tahu berhasil diupdate.
[2024-11-20T12:00:37.912+0000] {logging_mixin.py:190} INFO - Track Lama-Lama berhasil diupdate.
[2024-11-20T12:00:37.913+0000] {logging_mixin.py:190} INFO - Track Masa Sepi berhasil diupdate.
[2024-11-20T12:00:37.914+0000] {logging_mixin.py:190} INFO - Track Sialnya, Hidup Harus Tetap Berjalan berhasil diupdate.
[2024-11-20T12:00:37.915+0000] {logging_mixin.py:190} INFO - Track Terlintas berhasil diupdate.
[2024-11-20T12:00:37.915+0000] {logging_mixin.py:190} INFO - Track Sinyal-Sinyal berhasil diupdate.
[2024-11-20T12:00:37.920+0000] {python.py:240} INFO - Done. Returned value was: None
[2024-11-20T12:00:37.927+0000] {taskinstance.py:340} INFO - ::group::Post task execution logs
[2024-11-20T12:00:37.928+0000] {taskinstance.py:352} INFO - Marking task as SUCCESS. dag_id=bernadya, task_id=upsert_spotify_data, run_id=scheduled__2024-11-20T00:00:00+00:00, execution_date=20241120T000000, start_date=20241120T120037, end_date=20241120T120037
[2024-11-20T12:00:37.963+0000] {local_task_job_runner.py:266} INFO - Task exited with return code 0
[2024-11-20T12:00:37.976+0000] {taskinstance.py:3895} INFO - 0 downstream tasks scheduled from follow-on schedule check
[2024-11-20T12:00:37.977+0000] {local_task_job_runner.py:245} INFO - ::endgroup::
