[2024-11-20T18:02:10.601+0000] {local_task_job_runner.py:123} INFO - ::group::Pre task execution logs
[2024-11-20T18:02:10.611+0000] {taskinstance.py:2613} INFO - Dependencies all met for dep_context=non-requeueable deps ti=<TaskInstance: juicy_luicy.upsert_spotify_data scheduled__2024-11-20T15:00:00+00:00 [queued]>
[2024-11-20T18:02:10.617+0000] {taskinstance.py:2613} INFO - Dependencies all met for dep_context=requeueable deps ti=<TaskInstance: juicy_luicy.upsert_spotify_data scheduled__2024-11-20T15:00:00+00:00 [queued]>
[2024-11-20T18:02:10.618+0000] {taskinstance.py:2866} INFO - Starting attempt 1 of 1
[2024-11-20T18:02:10.631+0000] {taskinstance.py:2889} INFO - Executing <Task(PythonOperator): upsert_spotify_data> on 2024-11-20 15:00:00+00:00
[2024-11-20T18:02:10.636+0000] {standard_task_runner.py:72} INFO - Started process 556 to run task
[2024-11-20T18:02:10.639+0000] {standard_task_runner.py:104} INFO - Running: ['airflow', 'tasks', 'run', 'juicy_luicy', 'upsert_spotify_data', 'scheduled__2024-11-20T15:00:00+00:00', '--job-id', '211', '--raw', '--subdir', 'DAGS_FOLDER/juicy_luicy.py', '--cfg-path', '/tmp/tmp8fnwmqri']
[2024-11-20T18:02:10.641+0000] {standard_task_runner.py:105} INFO - Job 211: Subtask upsert_spotify_data
[2024-11-20T18:02:10.654+0000] {logging_mixin.py:190} WARNING - /home/airflow/.local/lib/python3.12/site-packages/airflow/settings.py:209 DeprecationWarning: The sql_alchemy_conn option in [core] has been moved to the sql_alchemy_conn option in [database] - the old setting has been used, but please update your config.
[2024-11-20T18:02:10.678+0000] {task_command.py:467} INFO - Running <TaskInstance: juicy_luicy.upsert_spotify_data scheduled__2024-11-20T15:00:00+00:00 [running]> on host 4ed801b530e9
[2024-11-20T18:02:10.679+0000] {logging_mixin.py:190} WARNING - /home/airflow/.local/lib/python3.12/site-packages/airflow/settings.py:470 DeprecationWarning: The sql_alchemy_conn option in [core] has been moved to the sql_alchemy_conn option in [database] - the old setting has been used, but please update your config.
[2024-11-20T18:02:10.736+0000] {taskinstance.py:3132} INFO - Exporting env vars: AIRFLOW_CTX_DAG_OWNER='airflow' AIRFLOW_CTX_DAG_ID='juicy_luicy' AIRFLOW_CTX_TASK_ID='upsert_spotify_data' AIRFLOW_CTX_EXECUTION_DATE='2024-11-20T15:00:00+00:00' AIRFLOW_CTX_TRY_NUMBER='1' AIRFLOW_CTX_DAG_RUN_ID='scheduled__2024-11-20T15:00:00+00:00'
[2024-11-20T18:02:10.737+0000] {taskinstance.py:731} INFO - ::endgroup::
[2024-11-20T18:02:10.789+0000] {logging_mixin.py:190} INFO - Data artis berhasil diupdate.
[2024-11-20T18:02:10.794+0000] {logging_mixin.py:190} INFO - Data kota Jakarta berhasil diupdate.
[2024-11-20T18:02:10.796+0000] {logging_mixin.py:190} INFO - Data kota Bandung berhasil diupdate.
[2024-11-20T18:02:10.797+0000] {logging_mixin.py:190} INFO - Data kota Surabaya berhasil diupdate.
[2024-11-20T18:02:10.797+0000] {logging_mixin.py:190} INFO - Data kota Makassar berhasil diupdate.
[2024-11-20T18:02:10.798+0000] {logging_mixin.py:190} INFO - Data kota Semarang berhasil diupdate.
[2024-11-20T18:02:10.804+0000] {logging_mixin.py:190} INFO - Track Sialan berhasil diupdate.
[2024-11-20T18:02:10.806+0000] {logging_mixin.py:190} INFO - Track Lantas berhasil diupdate.
[2024-11-20T18:02:10.807+0000] {logging_mixin.py:190} INFO - Track Tampar berhasil diupdate.
[2024-11-20T18:02:10.807+0000] {logging_mixin.py:190} INFO - Track Lampu Kuning berhasil diupdate.
[2024-11-20T18:02:10.808+0000] {logging_mixin.py:190} INFO - Track Tak Di Tanganku berhasil diupdate.
[2024-11-20T18:02:10.809+0000] {logging_mixin.py:190} INFO - Track Tanpa Tergesa berhasil diupdate.
[2024-11-20T18:02:10.810+0000] {logging_mixin.py:190} INFO - Track Bukan Orangnya berhasil diupdate.
[2024-11-20T18:02:10.811+0000] {logging_mixin.py:190} INFO - Track Asing berhasil diupdate.
[2024-11-20T18:02:10.813+0000] {logging_mixin.py:190} INFO - Track HAHAHA berhasil diupdate.
[2024-11-20T18:02:10.814+0000] {logging_mixin.py:190} INFO - Track Terlalu Tinggi berhasil diupdate.
[2024-11-20T18:02:10.817+0000] {python.py:240} INFO - Done. Returned value was: None
[2024-11-20T18:02:10.822+0000] {taskinstance.py:340} INFO - ::group::Post task execution logs
[2024-11-20T18:02:10.823+0000] {taskinstance.py:352} INFO - Marking task as SUCCESS. dag_id=juicy_luicy, task_id=upsert_spotify_data, run_id=scheduled__2024-11-20T15:00:00+00:00, execution_date=20241120T150000, start_date=20241120T180210, end_date=20241120T180210
[2024-11-20T18:02:10.853+0000] {local_task_job_runner.py:266} INFO - Task exited with return code 0
[2024-11-20T18:02:10.863+0000] {taskinstance.py:3895} INFO - 0 downstream tasks scheduled from follow-on schedule check
[2024-11-20T18:02:10.863+0000] {local_task_job_runner.py:245} INFO - ::endgroup::
