[2024-11-20T17:17:48.898+0000] {local_task_job_runner.py:123} INFO - ::group::Pre task execution logs
[2024-11-20T17:17:48.912+0000] {taskinstance.py:2613} INFO - Dependencies all met for dep_context=non-requeueable deps ti=<TaskInstance: juicy_luicy.save_youtube_data scheduled__2024-11-20T12:00:00+00:00 [queued]>
[2024-11-20T17:17:48.921+0000] {taskinstance.py:2613} INFO - Dependencies all met for dep_context=requeueable deps ti=<TaskInstance: juicy_luicy.save_youtube_data scheduled__2024-11-20T12:00:00+00:00 [queued]>
[2024-11-20T17:17:48.922+0000] {taskinstance.py:2866} INFO - Starting attempt 1 of 1
[2024-11-20T17:17:48.939+0000] {taskinstance.py:2889} INFO - Executing <Task(PythonOperator): save_youtube_data> on 2024-11-20 12:00:00+00:00
[2024-11-20T17:17:48.945+0000] {standard_task_runner.py:72} INFO - Started process 604 to run task
[2024-11-20T17:17:48.947+0000] {standard_task_runner.py:104} INFO - Running: ['airflow', 'tasks', 'run', 'juicy_luicy', 'save_youtube_data', 'scheduled__2024-11-20T12:00:00+00:00', '--job-id', '177', '--raw', '--subdir', 'DAGS_FOLDER/juicy_luicy.py', '--cfg-path', '/tmp/tmpxckorr1z']
[2024-11-20T17:17:48.949+0000] {standard_task_runner.py:105} INFO - Job 177: Subtask save_youtube_data
[2024-11-20T17:17:48.970+0000] {logging_mixin.py:190} WARNING - /home/airflow/.local/lib/python3.12/site-packages/airflow/settings.py:209 DeprecationWarning: The sql_alchemy_conn option in [core] has been moved to the sql_alchemy_conn option in [database] - the old setting has been used, but please update your config.
[2024-11-20T17:17:49.024+0000] {task_command.py:467} INFO - Running <TaskInstance: juicy_luicy.save_youtube_data scheduled__2024-11-20T12:00:00+00:00 [running]> on host 6aba41e3ae6f
[2024-11-20T17:17:49.026+0000] {logging_mixin.py:190} WARNING - /home/airflow/.local/lib/python3.12/site-packages/airflow/settings.py:470 DeprecationWarning: The sql_alchemy_conn option in [core] has been moved to the sql_alchemy_conn option in [database] - the old setting has been used, but please update your config.
[2024-11-20T17:17:49.118+0000] {taskinstance.py:3132} INFO - Exporting env vars: AIRFLOW_CTX_DAG_OWNER='airflow' AIRFLOW_CTX_DAG_ID='juicy_luicy' AIRFLOW_CTX_TASK_ID='save_youtube_data' AIRFLOW_CTX_EXECUTION_DATE='2024-11-20T12:00:00+00:00' AIRFLOW_CTX_TRY_NUMBER='1' AIRFLOW_CTX_DAG_RUN_ID='scheduled__2024-11-20T12:00:00+00:00'
[2024-11-20T17:17:49.119+0000] {taskinstance.py:731} INFO - ::endgroup::
[2024-11-20T17:17:49.188+0000] {logging_mixin.py:190} INFO - Successfully connected to MongoDB.
[2024-11-20T17:17:49.219+0000] {logging_mixin.py:190} INFO - New data for channel statistics successfully saved to MongoDB.
[2024-11-20T17:17:49.227+0000] {python.py:240} INFO - Done. Returned value was: None
[2024-11-20T17:17:49.244+0000] {taskinstance.py:340} INFO - ::group::Post task execution logs
[2024-11-20T17:17:49.246+0000] {taskinstance.py:352} INFO - Marking task as SUCCESS. dag_id=juicy_luicy, task_id=save_youtube_data, run_id=scheduled__2024-11-20T12:00:00+00:00, execution_date=20241120T120000, start_date=20241120T171748, end_date=20241120T171749
[2024-11-20T17:17:49.322+0000] {local_task_job_runner.py:266} INFO - Task exited with return code 0
[2024-11-20T17:17:49.345+0000] {taskinstance.py:3895} INFO - 0 downstream tasks scheduled from follow-on schedule check
[2024-11-20T17:17:49.347+0000] {local_task_job_runner.py:245} INFO - ::endgroup::
