[2024-11-19T09:33:30.551+0000] {local_task_job_runner.py:123} INFO - ::group::Pre task execution logs
[2024-11-19T09:33:30.564+0000] {taskinstance.py:2613} INFO - Dependencies all met for dep_context=non-requeueable deps ti=<TaskInstance: bruno_mars.fetch_spotify_data scheduled__2024-11-18T12:00:00+00:00 [queued]>
[2024-11-19T09:33:30.571+0000] {taskinstance.py:2613} INFO - Dependencies all met for dep_context=requeueable deps ti=<TaskInstance: bruno_mars.fetch_spotify_data scheduled__2024-11-18T12:00:00+00:00 [queued]>
[2024-11-19T09:33:30.572+0000] {taskinstance.py:2866} INFO - Starting attempt 1 of 1
[2024-11-19T09:33:30.586+0000] {taskinstance.py:2889} INFO - Executing <Task(PythonOperator): fetch_spotify_data> on 2024-11-18 12:00:00+00:00
[2024-11-19T09:33:30.591+0000] {standard_task_runner.py:72} INFO - Started process 99 to run task
[2024-11-19T09:33:30.593+0000] {standard_task_runner.py:104} INFO - Running: ['airflow', 'tasks', 'run', 'bruno_mars', 'fetch_spotify_data', 'scheduled__2024-11-18T12:00:00+00:00', '--job-id', '55', '--raw', '--subdir', 'DAGS_FOLDER/dag2.py', '--cfg-path', '/tmp/tmpkz7n50og']
[2024-11-19T09:33:30.595+0000] {standard_task_runner.py:105} INFO - Job 55: Subtask fetch_spotify_data
[2024-11-19T09:33:30.609+0000] {logging_mixin.py:190} WARNING - /home/airflow/.local/lib/python3.12/site-packages/airflow/settings.py:209 DeprecationWarning: The sql_alchemy_conn option in [core] has been moved to the sql_alchemy_conn option in [database] - the old setting has been used, but please update your config.
[2024-11-19T09:33:30.635+0000] {task_command.py:467} INFO - Running <TaskInstance: bruno_mars.fetch_spotify_data scheduled__2024-11-18T12:00:00+00:00 [running]> on host 368b98dccfcf
[2024-11-19T09:33:30.636+0000] {logging_mixin.py:190} WARNING - /home/airflow/.local/lib/python3.12/site-packages/airflow/settings.py:470 DeprecationWarning: The sql_alchemy_conn option in [core] has been moved to the sql_alchemy_conn option in [database] - the old setting has been used, but please update your config.
[2024-11-19T09:33:30.704+0000] {taskinstance.py:3132} INFO - Exporting env vars: AIRFLOW_CTX_DAG_OWNER='airflow' AIRFLOW_CTX_DAG_ID='bruno_mars' AIRFLOW_CTX_TASK_ID='fetch_spotify_data' AIRFLOW_CTX_EXECUTION_DATE='2024-11-18T12:00:00+00:00' AIRFLOW_CTX_TRY_NUMBER='1' AIRFLOW_CTX_DAG_RUN_ID='scheduled__2024-11-18T12:00:00+00:00'
[2024-11-19T09:33:30.705+0000] {taskinstance.py:731} INFO - ::endgroup::
[2024-11-19T09:33:32.916+0000] {logging_mixin.py:190} INFO - Spotify data saved to spotify_data.json successfully.
[2024-11-19T09:33:32.917+0000] {python.py:240} INFO - Done. Returned value was: None
[2024-11-19T09:33:32.925+0000] {taskinstance.py:340} INFO - ::group::Post task execution logs
[2024-11-19T09:33:32.925+0000] {taskinstance.py:352} INFO - Marking task as SUCCESS. dag_id=bruno_mars, task_id=fetch_spotify_data, run_id=scheduled__2024-11-18T12:00:00+00:00, execution_date=20241118T120000, start_date=20241119T093330, end_date=20241119T093332
[2024-11-19T09:33:32.977+0000] {local_task_job_runner.py:266} INFO - Task exited with return code 0
[2024-11-19T09:33:32.997+0000] {taskinstance.py:3895} INFO - 1 downstream tasks scheduled from follow-on schedule check
[2024-11-19T09:33:33.001+0000] {local_task_job_runner.py:245} INFO - ::endgroup::
[2024-11-19T09:50:33.566+0000] {local_task_job_runner.py:123} INFO - ::group::Pre task execution logs
[2024-11-19T09:50:33.594+0000] {taskinstance.py:2613} INFO - Dependencies all met for dep_context=non-requeueable deps ti=<TaskInstance: bruno_mars.fetch_spotify_data scheduled__2024-11-18T12:00:00+00:00 [queued]>
[2024-11-19T09:50:33.617+0000] {taskinstance.py:2613} INFO - Dependencies all met for dep_context=requeueable deps ti=<TaskInstance: bruno_mars.fetch_spotify_data scheduled__2024-11-18T12:00:00+00:00 [queued]>
[2024-11-19T09:50:33.618+0000] {taskinstance.py:2866} INFO - Starting attempt 1 of 1
[2024-11-19T09:50:33.658+0000] {taskinstance.py:2889} INFO - Executing <Task(PythonOperator): fetch_spotify_data> on 2024-11-18 12:00:00+00:00
[2024-11-19T09:50:33.674+0000] {standard_task_runner.py:72} INFO - Started process 172 to run task
[2024-11-19T09:50:33.680+0000] {standard_task_runner.py:104} INFO - Running: ['airflow', 'tasks', 'run', 'bruno_mars', 'fetch_spotify_data', 'scheduled__2024-11-18T12:00:00+00:00', '--job-id', '83', '--raw', '--subdir', 'DAGS_FOLDER/dag2.py', '--cfg-path', '/tmp/tmpf0hixvod']
[2024-11-19T09:50:33.686+0000] {standard_task_runner.py:105} INFO - Job 83: Subtask fetch_spotify_data
[2024-11-19T09:50:33.729+0000] {logging_mixin.py:190} WARNING - /home/airflow/.local/lib/python3.12/site-packages/airflow/settings.py:209 DeprecationWarning: The sql_alchemy_conn option in [core] has been moved to the sql_alchemy_conn option in [database] - the old setting has been used, but please update your config.
[2024-11-19T09:50:33.793+0000] {task_command.py:467} INFO - Running <TaskInstance: bruno_mars.fetch_spotify_data scheduled__2024-11-18T12:00:00+00:00 [running]> on host 84d1fd291955
[2024-11-19T09:50:33.798+0000] {logging_mixin.py:190} WARNING - /home/airflow/.local/lib/python3.12/site-packages/airflow/settings.py:470 DeprecationWarning: The sql_alchemy_conn option in [core] has been moved to the sql_alchemy_conn option in [database] - the old setting has been used, but please update your config.
[2024-11-19T09:50:33.931+0000] {taskinstance.py:3132} INFO - Exporting env vars: AIRFLOW_CTX_DAG_OWNER='airflow' AIRFLOW_CTX_DAG_ID='bruno_mars' AIRFLOW_CTX_TASK_ID='fetch_spotify_data' AIRFLOW_CTX_EXECUTION_DATE='2024-11-18T12:00:00+00:00' AIRFLOW_CTX_TRY_NUMBER='1' AIRFLOW_CTX_DAG_RUN_ID='scheduled__2024-11-18T12:00:00+00:00'
[2024-11-19T09:50:33.932+0000] {taskinstance.py:731} INFO - ::endgroup::
[2024-11-19T09:50:38.176+0000] {logging_mixin.py:190} INFO - Spotify data saved to bruno_mars_spotify.json successfully.
[2024-11-19T09:50:38.177+0000] {python.py:240} INFO - Done. Returned value was: None
[2024-11-19T09:50:38.184+0000] {taskinstance.py:340} INFO - ::group::Post task execution logs
[2024-11-19T09:50:38.185+0000] {taskinstance.py:352} INFO - Marking task as SUCCESS. dag_id=bruno_mars, task_id=fetch_spotify_data, run_id=scheduled__2024-11-18T12:00:00+00:00, execution_date=20241118T120000, start_date=20241119T095033, end_date=20241119T095038
[2024-11-19T09:50:38.238+0000] {local_task_job_runner.py:266} INFO - Task exited with return code 0
[2024-11-19T09:50:38.291+0000] {taskinstance.py:3895} INFO - 1 downstream tasks scheduled from follow-on schedule check
[2024-11-19T09:50:38.298+0000] {local_task_job_runner.py:245} INFO - ::endgroup::
[2024-11-19T09:56:08.801+0000] {local_task_job_runner.py:123} INFO - ::group::Pre task execution logs
[2024-11-19T09:56:08.811+0000] {taskinstance.py:2613} INFO - Dependencies all met for dep_context=non-requeueable deps ti=<TaskInstance: bruno_mars.fetch_spotify_data scheduled__2024-11-18T12:00:00+00:00 [queued]>
[2024-11-19T09:56:08.816+0000] {taskinstance.py:2613} INFO - Dependencies all met for dep_context=requeueable deps ti=<TaskInstance: bruno_mars.fetch_spotify_data scheduled__2024-11-18T12:00:00+00:00 [queued]>
[2024-11-19T09:56:08.817+0000] {taskinstance.py:2866} INFO - Starting attempt 1 of 1
[2024-11-19T09:56:08.829+0000] {taskinstance.py:2889} INFO - Executing <Task(PythonOperator): fetch_spotify_data> on 2024-11-18 12:00:00+00:00
[2024-11-19T09:56:08.833+0000] {standard_task_runner.py:72} INFO - Started process 99 to run task
[2024-11-19T09:56:08.838+0000] {standard_task_runner.py:104} INFO - Running: ['airflow', 'tasks', 'run', 'bruno_mars', 'fetch_spotify_data', 'scheduled__2024-11-18T12:00:00+00:00', '--job-id', '94', '--raw', '--subdir', 'DAGS_FOLDER/dag2.py', '--cfg-path', '/tmp/tmphmxkrukn']
[2024-11-19T09:56:08.841+0000] {standard_task_runner.py:105} INFO - Job 94: Subtask fetch_spotify_data
[2024-11-19T09:56:08.857+0000] {logging_mixin.py:190} WARNING - /home/airflow/.local/lib/python3.12/site-packages/airflow/settings.py:209 DeprecationWarning: The sql_alchemy_conn option in [core] has been moved to the sql_alchemy_conn option in [database] - the old setting has been used, but please update your config.
[2024-11-19T09:56:08.888+0000] {task_command.py:467} INFO - Running <TaskInstance: bruno_mars.fetch_spotify_data scheduled__2024-11-18T12:00:00+00:00 [running]> on host 6aba41e3ae6f
[2024-11-19T09:56:08.889+0000] {logging_mixin.py:190} WARNING - /home/airflow/.local/lib/python3.12/site-packages/airflow/settings.py:470 DeprecationWarning: The sql_alchemy_conn option in [core] has been moved to the sql_alchemy_conn option in [database] - the old setting has been used, but please update your config.
[2024-11-19T09:56:08.951+0000] {taskinstance.py:3132} INFO - Exporting env vars: AIRFLOW_CTX_DAG_OWNER='airflow' AIRFLOW_CTX_DAG_ID='bruno_mars' AIRFLOW_CTX_TASK_ID='fetch_spotify_data' AIRFLOW_CTX_EXECUTION_DATE='2024-11-18T12:00:00+00:00' AIRFLOW_CTX_TRY_NUMBER='1' AIRFLOW_CTX_DAG_RUN_ID='scheduled__2024-11-18T12:00:00+00:00'
[2024-11-19T09:56:08.953+0000] {taskinstance.py:731} INFO - ::endgroup::
[2024-11-19T09:56:10.816+0000] {logging_mixin.py:190} INFO - Spotify data saved to bruno_mars_spotify.json successfully.
[2024-11-19T09:56:10.816+0000] {python.py:240} INFO - Done. Returned value was: None
[2024-11-19T09:56:10.825+0000] {taskinstance.py:340} INFO - ::group::Post task execution logs
[2024-11-19T09:56:10.826+0000] {taskinstance.py:352} INFO - Marking task as SUCCESS. dag_id=bruno_mars, task_id=fetch_spotify_data, run_id=scheduled__2024-11-18T12:00:00+00:00, execution_date=20241118T120000, start_date=20241119T095608, end_date=20241119T095610
[2024-11-19T09:56:10.863+0000] {local_task_job_runner.py:266} INFO - Task exited with return code 0
[2024-11-19T09:56:10.883+0000] {taskinstance.py:3895} INFO - 1 downstream tasks scheduled from follow-on schedule check
[2024-11-19T09:56:10.887+0000] {local_task_job_runner.py:245} INFO - ::endgroup::
[2024-11-19T10:00:17.367+0000] {local_task_job_runner.py:123} INFO - ::group::Pre task execution logs
[2024-11-19T10:00:17.379+0000] {taskinstance.py:2613} INFO - Dependencies all met for dep_context=non-requeueable deps ti=<TaskInstance: bruno_mars.fetch_spotify_data scheduled__2024-11-18T12:00:00+00:00 [queued]>
[2024-11-19T10:00:17.386+0000] {taskinstance.py:2613} INFO - Dependencies all met for dep_context=requeueable deps ti=<TaskInstance: bruno_mars.fetch_spotify_data scheduled__2024-11-18T12:00:00+00:00 [queued]>
[2024-11-19T10:00:17.387+0000] {taskinstance.py:2866} INFO - Starting attempt 1 of 1
[2024-11-19T10:00:17.401+0000] {taskinstance.py:2889} INFO - Executing <Task(PythonOperator): fetch_spotify_data> on 2024-11-18 12:00:00+00:00
[2024-11-19T10:00:17.406+0000] {standard_task_runner.py:72} INFO - Started process 209 to run task
[2024-11-19T10:00:17.408+0000] {standard_task_runner.py:104} INFO - Running: ['airflow', 'tasks', 'run', 'bruno_mars', 'fetch_spotify_data', 'scheduled__2024-11-18T12:00:00+00:00', '--job-id', '102', '--raw', '--subdir', 'DAGS_FOLDER/dag2.py', '--cfg-path', '/tmp/tmp6v4kxdl8']
[2024-11-19T10:00:17.410+0000] {standard_task_runner.py:105} INFO - Job 102: Subtask fetch_spotify_data
[2024-11-19T10:00:17.426+0000] {logging_mixin.py:190} WARNING - /home/airflow/.local/lib/python3.12/site-packages/airflow/settings.py:209 DeprecationWarning: The sql_alchemy_conn option in [core] has been moved to the sql_alchemy_conn option in [database] - the old setting has been used, but please update your config.
[2024-11-19T10:00:17.460+0000] {task_command.py:467} INFO - Running <TaskInstance: bruno_mars.fetch_spotify_data scheduled__2024-11-18T12:00:00+00:00 [running]> on host 6aba41e3ae6f
[2024-11-19T10:00:17.461+0000] {logging_mixin.py:190} WARNING - /home/airflow/.local/lib/python3.12/site-packages/airflow/settings.py:470 DeprecationWarning: The sql_alchemy_conn option in [core] has been moved to the sql_alchemy_conn option in [database] - the old setting has been used, but please update your config.
[2024-11-19T10:00:17.522+0000] {taskinstance.py:3132} INFO - Exporting env vars: AIRFLOW_CTX_DAG_OWNER='airflow' AIRFLOW_CTX_DAG_ID='bruno_mars' AIRFLOW_CTX_TASK_ID='fetch_spotify_data' AIRFLOW_CTX_EXECUTION_DATE='2024-11-18T12:00:00+00:00' AIRFLOW_CTX_TRY_NUMBER='1' AIRFLOW_CTX_DAG_RUN_ID='scheduled__2024-11-18T12:00:00+00:00'
[2024-11-19T10:00:17.523+0000] {taskinstance.py:731} INFO - ::endgroup::
[2024-11-19T10:00:19.559+0000] {logging_mixin.py:190} INFO - Spotify data saved to bruno_mars_spotify.json successfully.
[2024-11-19T10:00:19.560+0000] {python.py:240} INFO - Done. Returned value was: None
[2024-11-19T10:00:19.567+0000] {taskinstance.py:340} INFO - ::group::Post task execution logs
[2024-11-19T10:00:19.567+0000] {taskinstance.py:352} INFO - Marking task as SUCCESS. dag_id=bruno_mars, task_id=fetch_spotify_data, run_id=scheduled__2024-11-18T12:00:00+00:00, execution_date=20241118T120000, start_date=20241119T100017, end_date=20241119T100019
[2024-11-19T10:00:19.592+0000] {local_task_job_runner.py:266} INFO - Task exited with return code 0
[2024-11-19T10:00:19.613+0000] {taskinstance.py:3895} INFO - 1 downstream tasks scheduled from follow-on schedule check
[2024-11-19T10:00:19.617+0000] {local_task_job_runner.py:245} INFO - ::endgroup::
[2024-11-19T10:02:50.407+0000] {local_task_job_runner.py:123} INFO - ::group::Pre task execution logs
[2024-11-19T10:02:50.419+0000] {taskinstance.py:2613} INFO - Dependencies all met for dep_context=non-requeueable deps ti=<TaskInstance: bruno_mars.fetch_spotify_data scheduled__2024-11-18T12:00:00+00:00 [queued]>
[2024-11-19T10:02:50.426+0000] {taskinstance.py:2613} INFO - Dependencies all met for dep_context=requeueable deps ti=<TaskInstance: bruno_mars.fetch_spotify_data scheduled__2024-11-18T12:00:00+00:00 [queued]>
[2024-11-19T10:02:50.427+0000] {taskinstance.py:2866} INFO - Starting attempt 1 of 1
[2024-11-19T10:02:50.439+0000] {taskinstance.py:2889} INFO - Executing <Task(PythonOperator): fetch_spotify_data> on 2024-11-18 12:00:00+00:00
[2024-11-19T10:02:50.442+0000] {standard_task_runner.py:72} INFO - Started process 313 to run task
[2024-11-19T10:02:50.445+0000] {standard_task_runner.py:104} INFO - Running: ['airflow', 'tasks', 'run', 'bruno_mars', 'fetch_spotify_data', 'scheduled__2024-11-18T12:00:00+00:00', '--job-id', '110', '--raw', '--subdir', 'DAGS_FOLDER/dag2.py', '--cfg-path', '/tmp/tmpjn5co_5l']
[2024-11-19T10:02:50.447+0000] {standard_task_runner.py:105} INFO - Job 110: Subtask fetch_spotify_data
[2024-11-19T10:02:50.461+0000] {logging_mixin.py:190} WARNING - /home/airflow/.local/lib/python3.12/site-packages/airflow/settings.py:209 DeprecationWarning: The sql_alchemy_conn option in [core] has been moved to the sql_alchemy_conn option in [database] - the old setting has been used, but please update your config.
[2024-11-19T10:02:50.488+0000] {task_command.py:467} INFO - Running <TaskInstance: bruno_mars.fetch_spotify_data scheduled__2024-11-18T12:00:00+00:00 [running]> on host 6aba41e3ae6f
[2024-11-19T10:02:50.489+0000] {logging_mixin.py:190} WARNING - /home/airflow/.local/lib/python3.12/site-packages/airflow/settings.py:470 DeprecationWarning: The sql_alchemy_conn option in [core] has been moved to the sql_alchemy_conn option in [database] - the old setting has been used, but please update your config.
[2024-11-19T10:02:50.552+0000] {taskinstance.py:3132} INFO - Exporting env vars: AIRFLOW_CTX_DAG_OWNER='airflow' AIRFLOW_CTX_DAG_ID='bruno_mars' AIRFLOW_CTX_TASK_ID='fetch_spotify_data' AIRFLOW_CTX_EXECUTION_DATE='2024-11-18T12:00:00+00:00' AIRFLOW_CTX_TRY_NUMBER='1' AIRFLOW_CTX_DAG_RUN_ID='scheduled__2024-11-18T12:00:00+00:00'
[2024-11-19T10:02:50.553+0000] {taskinstance.py:731} INFO - ::endgroup::
[2024-11-19T10:02:52.802+0000] {logging_mixin.py:190} INFO - Spotify data saved to bruno_mars_spotify.json successfully.
[2024-11-19T10:02:52.803+0000] {python.py:240} INFO - Done. Returned value was: None
[2024-11-19T10:02:52.810+0000] {taskinstance.py:340} INFO - ::group::Post task execution logs
[2024-11-19T10:02:52.810+0000] {taskinstance.py:352} INFO - Marking task as SUCCESS. dag_id=bruno_mars, task_id=fetch_spotify_data, run_id=scheduled__2024-11-18T12:00:00+00:00, execution_date=20241118T120000, start_date=20241119T100250, end_date=20241119T100252
[2024-11-19T10:02:52.830+0000] {local_task_job_runner.py:266} INFO - Task exited with return code 0
[2024-11-19T10:02:52.848+0000] {taskinstance.py:3895} INFO - 1 downstream tasks scheduled from follow-on schedule check
[2024-11-19T10:02:52.851+0000] {local_task_job_runner.py:245} INFO - ::endgroup::
