[2024-11-19T12:00:16.641+0000] {local_task_job_runner.py:123} INFO - ::group::Pre task execution logs
[2024-11-19T12:00:16.652+0000] {taskinstance.py:2613} INFO - Dependencies all met for dep_context=non-requeueable deps ti=<TaskInstance: bruno_mars.fetch_spotify_data scheduled__2024-11-19T00:00:00+00:00 [queued]>
[2024-11-19T12:00:16.657+0000] {taskinstance.py:2613} INFO - Dependencies all met for dep_context=requeueable deps ti=<TaskInstance: bruno_mars.fetch_spotify_data scheduled__2024-11-19T00:00:00+00:00 [queued]>
[2024-11-19T12:00:16.658+0000] {taskinstance.py:2866} INFO - Starting attempt 1 of 1
[2024-11-19T12:00:16.670+0000] {taskinstance.py:2889} INFO - Executing <Task(PythonOperator): fetch_spotify_data> on 2024-11-19 00:00:00+00:00
[2024-11-19T12:00:16.674+0000] {standard_task_runner.py:72} INFO - Started process 868 to run task
[2024-11-19T12:00:16.677+0000] {standard_task_runner.py:104} INFO - Running: ['airflow', 'tasks', 'run', 'bruno_mars', 'fetch_spotify_data', 'scheduled__2024-11-19T00:00:00+00:00', '--job-id', '118', '--raw', '--subdir', 'DAGS_FOLDER/dag2.py', '--cfg-path', '/tmp/tmpcsnvu58j']
[2024-11-19T12:00:16.679+0000] {standard_task_runner.py:105} INFO - Job 118: Subtask fetch_spotify_data
[2024-11-19T12:00:16.692+0000] {logging_mixin.py:190} WARNING - /home/airflow/.local/lib/python3.12/site-packages/airflow/settings.py:209 DeprecationWarning: The sql_alchemy_conn option in [core] has been moved to the sql_alchemy_conn option in [database] - the old setting has been used, but please update your config.
[2024-11-19T12:00:16.715+0000] {task_command.py:467} INFO - Running <TaskInstance: bruno_mars.fetch_spotify_data scheduled__2024-11-19T00:00:00+00:00 [running]> on host 6aba41e3ae6f
[2024-11-19T12:00:16.717+0000] {logging_mixin.py:190} WARNING - /home/airflow/.local/lib/python3.12/site-packages/airflow/settings.py:470 DeprecationWarning: The sql_alchemy_conn option in [core] has been moved to the sql_alchemy_conn option in [database] - the old setting has been used, but please update your config.
[2024-11-19T12:00:16.779+0000] {taskinstance.py:3132} INFO - Exporting env vars: AIRFLOW_CTX_DAG_OWNER='airflow' AIRFLOW_CTX_DAG_ID='bruno_mars' AIRFLOW_CTX_TASK_ID='fetch_spotify_data' AIRFLOW_CTX_EXECUTION_DATE='2024-11-19T00:00:00+00:00' AIRFLOW_CTX_TRY_NUMBER='1' AIRFLOW_CTX_DAG_RUN_ID='scheduled__2024-11-19T00:00:00+00:00'
[2024-11-19T12:00:16.779+0000] {taskinstance.py:731} INFO - ::endgroup::
[2024-11-19T12:00:20.479+0000] {logging_mixin.py:190} INFO - Spotify data saved to bruno_mars_spotify.json successfully.
[2024-11-19T12:00:20.480+0000] {python.py:240} INFO - Done. Returned value was: None
[2024-11-19T12:00:20.485+0000] {taskinstance.py:340} INFO - ::group::Post task execution logs
[2024-11-19T12:00:20.486+0000] {taskinstance.py:352} INFO - Marking task as SUCCESS. dag_id=bruno_mars, task_id=fetch_spotify_data, run_id=scheduled__2024-11-19T00:00:00+00:00, execution_date=20241119T000000, start_date=20241119T120016, end_date=20241119T120020
[2024-11-19T12:00:20.519+0000] {local_task_job_runner.py:266} INFO - Task exited with return code 0
[2024-11-19T12:00:20.536+0000] {taskinstance.py:3895} INFO - 1 downstream tasks scheduled from follow-on schedule check
[2024-11-19T12:00:20.539+0000] {local_task_job_runner.py:245} INFO - ::endgroup::
