[2024-11-19T09:33:18.784+0000] {local_task_job_runner.py:123} INFO - ::group::Pre task execution logs
[2024-11-19T09:33:18.800+0000] {taskinstance.py:2613} INFO - Dependencies all met for dep_context=non-requeueable deps ti=<TaskInstance: bernadya.fetch_spotify_data scheduled__2024-11-18T12:00:00+00:00 [queued]>
[2024-11-19T09:33:18.809+0000] {taskinstance.py:2613} INFO - Dependencies all met for dep_context=requeueable deps ti=<TaskInstance: bernadya.fetch_spotify_data scheduled__2024-11-18T12:00:00+00:00 [queued]>
[2024-11-19T09:33:18.810+0000] {taskinstance.py:2866} INFO - Starting attempt 1 of 1
[2024-11-19T09:33:18.826+0000] {taskinstance.py:2889} INFO - Executing <Task(PythonOperator): fetch_spotify_data> on 2024-11-18 12:00:00+00:00
[2024-11-19T09:33:18.831+0000] {standard_task_runner.py:72} INFO - Started process 77 to run task
[2024-11-19T09:33:18.837+0000] {standard_task_runner.py:104} INFO - Running: ['airflow', 'tasks', 'run', 'bernadya', 'fetch_spotify_data', 'scheduled__2024-11-18T12:00:00+00:00', '--job-id', '53', '--raw', '--subdir', 'DAGS_FOLDER/dag.py', '--cfg-path', '/tmp/tmpuc2u5pnq']
[2024-11-19T09:33:18.842+0000] {standard_task_runner.py:105} INFO - Job 53: Subtask fetch_spotify_data
[2024-11-19T09:33:18.921+0000] {logging_mixin.py:190} WARNING - /home/airflow/.local/lib/python3.12/site-packages/airflow/settings.py:209 DeprecationWarning: The sql_alchemy_conn option in [core] has been moved to the sql_alchemy_conn option in [database] - the old setting has been used, but please update your config.
[2024-11-19T09:33:19.063+0000] {task_command.py:467} INFO - Running <TaskInstance: bernadya.fetch_spotify_data scheduled__2024-11-18T12:00:00+00:00 [running]> on host 368b98dccfcf
[2024-11-19T09:33:19.065+0000] {logging_mixin.py:190} WARNING - /home/airflow/.local/lib/python3.12/site-packages/airflow/settings.py:470 DeprecationWarning: The sql_alchemy_conn option in [core] has been moved to the sql_alchemy_conn option in [database] - the old setting has been used, but please update your config.
[2024-11-19T09:33:19.200+0000] {taskinstance.py:3132} INFO - Exporting env vars: AIRFLOW_CTX_DAG_OWNER='airflow' AIRFLOW_CTX_DAG_ID='bernadya' AIRFLOW_CTX_TASK_ID='fetch_spotify_data' AIRFLOW_CTX_EXECUTION_DATE='2024-11-18T12:00:00+00:00' AIRFLOW_CTX_TRY_NUMBER='1' AIRFLOW_CTX_DAG_RUN_ID='scheduled__2024-11-18T12:00:00+00:00'
[2024-11-19T09:33:19.201+0000] {taskinstance.py:731} INFO - ::endgroup::
[2024-11-19T09:33:21.249+0000] {logging_mixin.py:190} INFO - Spotify data saved to spotify_data.json successfully.
[2024-11-19T09:33:21.249+0000] {python.py:240} INFO - Done. Returned value was: None
[2024-11-19T09:33:21.257+0000] {taskinstance.py:340} INFO - ::group::Post task execution logs
[2024-11-19T09:33:21.258+0000] {taskinstance.py:352} INFO - Marking task as SUCCESS. dag_id=bernadya, task_id=fetch_spotify_data, run_id=scheduled__2024-11-18T12:00:00+00:00, execution_date=20241118T120000, start_date=20241119T093318, end_date=20241119T093321
[2024-11-19T09:33:21.304+0000] {local_task_job_runner.py:266} INFO - Task exited with return code 0
[2024-11-19T09:33:21.326+0000] {taskinstance.py:3895} INFO - 1 downstream tasks scheduled from follow-on schedule check
[2024-11-19T09:33:21.334+0000] {local_task_job_runner.py:245} INFO - ::endgroup::
[2024-11-19T09:50:22.140+0000] {local_task_job_runner.py:123} INFO - ::group::Pre task execution logs
[2024-11-19T09:50:22.153+0000] {taskinstance.py:2613} INFO - Dependencies all met for dep_context=non-requeueable deps ti=<TaskInstance: bernadya.fetch_spotify_data scheduled__2024-11-18T12:00:00+00:00 [queued]>
[2024-11-19T09:50:22.166+0000] {taskinstance.py:2613} INFO - Dependencies all met for dep_context=requeueable deps ti=<TaskInstance: bernadya.fetch_spotify_data scheduled__2024-11-18T12:00:00+00:00 [queued]>
[2024-11-19T09:50:22.167+0000] {taskinstance.py:2866} INFO - Starting attempt 1 of 1
[2024-11-19T09:50:22.185+0000] {taskinstance.py:2889} INFO - Executing <Task(PythonOperator): fetch_spotify_data> on 2024-11-18 12:00:00+00:00
[2024-11-19T09:50:22.190+0000] {standard_task_runner.py:72} INFO - Started process 148 to run task
[2024-11-19T09:50:22.194+0000] {standard_task_runner.py:104} INFO - Running: ['airflow', 'tasks', 'run', 'bernadya', 'fetch_spotify_data', 'scheduled__2024-11-18T12:00:00+00:00', '--job-id', '81', '--raw', '--subdir', 'DAGS_FOLDER/dag.py', '--cfg-path', '/tmp/tmpmwe1zntt']
[2024-11-19T09:50:22.197+0000] {standard_task_runner.py:105} INFO - Job 81: Subtask fetch_spotify_data
[2024-11-19T09:50:22.228+0000] {logging_mixin.py:190} WARNING - /home/airflow/.local/lib/python3.12/site-packages/airflow/settings.py:209 DeprecationWarning: The sql_alchemy_conn option in [core] has been moved to the sql_alchemy_conn option in [database] - the old setting has been used, but please update your config.
[2024-11-19T09:50:22.273+0000] {task_command.py:467} INFO - Running <TaskInstance: bernadya.fetch_spotify_data scheduled__2024-11-18T12:00:00+00:00 [running]> on host 84d1fd291955
[2024-11-19T09:50:22.278+0000] {logging_mixin.py:190} WARNING - /home/airflow/.local/lib/python3.12/site-packages/airflow/settings.py:470 DeprecationWarning: The sql_alchemy_conn option in [core] has been moved to the sql_alchemy_conn option in [database] - the old setting has been used, but please update your config.
[2024-11-19T09:50:22.377+0000] {taskinstance.py:3132} INFO - Exporting env vars: AIRFLOW_CTX_DAG_OWNER='airflow' AIRFLOW_CTX_DAG_ID='bernadya' AIRFLOW_CTX_TASK_ID='fetch_spotify_data' AIRFLOW_CTX_EXECUTION_DATE='2024-11-18T12:00:00+00:00' AIRFLOW_CTX_TRY_NUMBER='1' AIRFLOW_CTX_DAG_RUN_ID='scheduled__2024-11-18T12:00:00+00:00'
[2024-11-19T09:50:22.379+0000] {taskinstance.py:731} INFO - ::endgroup::
[2024-11-19T09:50:24.793+0000] {logging_mixin.py:190} INFO - Spotify data saved to bernadya_spotify.json successfully.
[2024-11-19T09:50:24.793+0000] {python.py:240} INFO - Done. Returned value was: None
[2024-11-19T09:50:24.802+0000] {taskinstance.py:340} INFO - ::group::Post task execution logs
[2024-11-19T09:50:24.802+0000] {taskinstance.py:352} INFO - Marking task as SUCCESS. dag_id=bernadya, task_id=fetch_spotify_data, run_id=scheduled__2024-11-18T12:00:00+00:00, execution_date=20241118T120000, start_date=20241119T095022, end_date=20241119T095024
[2024-11-19T09:50:24.820+0000] {local_task_job_runner.py:266} INFO - Task exited with return code 0
[2024-11-19T09:50:24.850+0000] {taskinstance.py:3895} INFO - 1 downstream tasks scheduled from follow-on schedule check
[2024-11-19T09:50:24.855+0000] {local_task_job_runner.py:245} INFO - ::endgroup::
[2024-11-19T09:55:59.185+0000] {local_task_job_runner.py:123} INFO - ::group::Pre task execution logs
[2024-11-19T09:55:59.195+0000] {taskinstance.py:2613} INFO - Dependencies all met for dep_context=non-requeueable deps ti=<TaskInstance: bernadya.fetch_spotify_data scheduled__2024-11-18T12:00:00+00:00 [queued]>
[2024-11-19T09:55:59.201+0000] {taskinstance.py:2613} INFO - Dependencies all met for dep_context=requeueable deps ti=<TaskInstance: bernadya.fetch_spotify_data scheduled__2024-11-18T12:00:00+00:00 [queued]>
[2024-11-19T09:55:59.202+0000] {taskinstance.py:2866} INFO - Starting attempt 1 of 1
[2024-11-19T09:55:59.214+0000] {taskinstance.py:2889} INFO - Executing <Task(PythonOperator): fetch_spotify_data> on 2024-11-18 12:00:00+00:00
[2024-11-19T09:55:59.219+0000] {standard_task_runner.py:72} INFO - Started process 77 to run task
[2024-11-19T09:55:59.222+0000] {standard_task_runner.py:104} INFO - Running: ['airflow', 'tasks', 'run', 'bernadya', 'fetch_spotify_data', 'scheduled__2024-11-18T12:00:00+00:00', '--job-id', '92', '--raw', '--subdir', 'DAGS_FOLDER/dag.py', '--cfg-path', '/tmp/tmpwfmtxcgy']
[2024-11-19T09:55:59.224+0000] {standard_task_runner.py:105} INFO - Job 92: Subtask fetch_spotify_data
[2024-11-19T09:55:59.240+0000] {logging_mixin.py:190} WARNING - /home/airflow/.local/lib/python3.12/site-packages/airflow/settings.py:209 DeprecationWarning: The sql_alchemy_conn option in [core] has been moved to the sql_alchemy_conn option in [database] - the old setting has been used, but please update your config.
[2024-11-19T09:55:59.268+0000] {task_command.py:467} INFO - Running <TaskInstance: bernadya.fetch_spotify_data scheduled__2024-11-18T12:00:00+00:00 [running]> on host 6aba41e3ae6f
[2024-11-19T09:55:59.269+0000] {logging_mixin.py:190} WARNING - /home/airflow/.local/lib/python3.12/site-packages/airflow/settings.py:470 DeprecationWarning: The sql_alchemy_conn option in [core] has been moved to the sql_alchemy_conn option in [database] - the old setting has been used, but please update your config.
[2024-11-19T09:55:59.332+0000] {taskinstance.py:3132} INFO - Exporting env vars: AIRFLOW_CTX_DAG_OWNER='airflow' AIRFLOW_CTX_DAG_ID='bernadya' AIRFLOW_CTX_TASK_ID='fetch_spotify_data' AIRFLOW_CTX_EXECUTION_DATE='2024-11-18T12:00:00+00:00' AIRFLOW_CTX_TRY_NUMBER='1' AIRFLOW_CTX_DAG_RUN_ID='scheduled__2024-11-18T12:00:00+00:00'
[2024-11-19T09:55:59.334+0000] {taskinstance.py:731} INFO - ::endgroup::
[2024-11-19T09:56:01.185+0000] {logging_mixin.py:190} INFO - Spotify data saved to bernadya_spotify.json successfully.
[2024-11-19T09:56:01.186+0000] {python.py:240} INFO - Done. Returned value was: None
[2024-11-19T09:56:01.192+0000] {taskinstance.py:340} INFO - ::group::Post task execution logs
[2024-11-19T09:56:01.193+0000] {taskinstance.py:352} INFO - Marking task as SUCCESS. dag_id=bernadya, task_id=fetch_spotify_data, run_id=scheduled__2024-11-18T12:00:00+00:00, execution_date=20241118T120000, start_date=20241119T095559, end_date=20241119T095601
[2024-11-19T09:56:01.208+0000] {local_task_job_runner.py:266} INFO - Task exited with return code 0
[2024-11-19T09:56:01.224+0000] {taskinstance.py:3895} INFO - 1 downstream tasks scheduled from follow-on schedule check
[2024-11-19T09:56:01.228+0000] {local_task_job_runner.py:245} INFO - ::endgroup::
[2024-11-19T10:00:06.254+0000] {local_task_job_runner.py:123} INFO - ::group::Pre task execution logs
[2024-11-19T10:00:06.265+0000] {taskinstance.py:2613} INFO - Dependencies all met for dep_context=non-requeueable deps ti=<TaskInstance: bernadya.fetch_spotify_data scheduled__2024-11-18T12:00:00+00:00 [queued]>
[2024-11-19T10:00:06.271+0000] {taskinstance.py:2613} INFO - Dependencies all met for dep_context=requeueable deps ti=<TaskInstance: bernadya.fetch_spotify_data scheduled__2024-11-18T12:00:00+00:00 [queued]>
[2024-11-19T10:00:06.271+0000] {taskinstance.py:2866} INFO - Starting attempt 1 of 1
[2024-11-19T10:00:06.284+0000] {taskinstance.py:2889} INFO - Executing <Task(PythonOperator): fetch_spotify_data> on 2024-11-18 12:00:00+00:00
[2024-11-19T10:00:06.288+0000] {standard_task_runner.py:72} INFO - Started process 187 to run task
[2024-11-19T10:00:06.290+0000] {standard_task_runner.py:104} INFO - Running: ['airflow', 'tasks', 'run', 'bernadya', 'fetch_spotify_data', 'scheduled__2024-11-18T12:00:00+00:00', '--job-id', '100', '--raw', '--subdir', 'DAGS_FOLDER/dag.py', '--cfg-path', '/tmp/tmpw9ala5yh']
[2024-11-19T10:00:06.292+0000] {standard_task_runner.py:105} INFO - Job 100: Subtask fetch_spotify_data
[2024-11-19T10:00:06.306+0000] {logging_mixin.py:190} WARNING - /home/airflow/.local/lib/python3.12/site-packages/airflow/settings.py:209 DeprecationWarning: The sql_alchemy_conn option in [core] has been moved to the sql_alchemy_conn option in [database] - the old setting has been used, but please update your config.
[2024-11-19T10:00:06.335+0000] {task_command.py:467} INFO - Running <TaskInstance: bernadya.fetch_spotify_data scheduled__2024-11-18T12:00:00+00:00 [running]> on host 6aba41e3ae6f
[2024-11-19T10:00:06.336+0000] {logging_mixin.py:190} WARNING - /home/airflow/.local/lib/python3.12/site-packages/airflow/settings.py:470 DeprecationWarning: The sql_alchemy_conn option in [core] has been moved to the sql_alchemy_conn option in [database] - the old setting has been used, but please update your config.
[2024-11-19T10:00:06.390+0000] {taskinstance.py:3132} INFO - Exporting env vars: AIRFLOW_CTX_DAG_OWNER='airflow' AIRFLOW_CTX_DAG_ID='bernadya' AIRFLOW_CTX_TASK_ID='fetch_spotify_data' AIRFLOW_CTX_EXECUTION_DATE='2024-11-18T12:00:00+00:00' AIRFLOW_CTX_TRY_NUMBER='1' AIRFLOW_CTX_DAG_RUN_ID='scheduled__2024-11-18T12:00:00+00:00'
[2024-11-19T10:00:06.391+0000] {taskinstance.py:731} INFO - ::endgroup::
[2024-11-19T10:00:09.014+0000] {logging_mixin.py:190} INFO - Spotify data saved to bernadya_spotify.json successfully.
[2024-11-19T10:00:09.014+0000] {python.py:240} INFO - Done. Returned value was: None
[2024-11-19T10:00:09.020+0000] {taskinstance.py:340} INFO - ::group::Post task execution logs
[2024-11-19T10:00:09.021+0000] {taskinstance.py:352} INFO - Marking task as SUCCESS. dag_id=bernadya, task_id=fetch_spotify_data, run_id=scheduled__2024-11-18T12:00:00+00:00, execution_date=20241118T120000, start_date=20241119T100006, end_date=20241119T100009
[2024-11-19T10:00:09.045+0000] {local_task_job_runner.py:266} INFO - Task exited with return code 0
[2024-11-19T10:00:09.063+0000] {taskinstance.py:3895} INFO - 1 downstream tasks scheduled from follow-on schedule check
[2024-11-19T10:00:09.066+0000] {local_task_job_runner.py:245} INFO - ::endgroup::
[2024-11-19T10:02:40.369+0000] {local_task_job_runner.py:123} INFO - ::group::Pre task execution logs
[2024-11-19T10:02:40.379+0000] {taskinstance.py:2613} INFO - Dependencies all met for dep_context=non-requeueable deps ti=<TaskInstance: bernadya.fetch_spotify_data scheduled__2024-11-18T12:00:00+00:00 [queued]>
[2024-11-19T10:02:40.385+0000] {taskinstance.py:2613} INFO - Dependencies all met for dep_context=requeueable deps ti=<TaskInstance: bernadya.fetch_spotify_data scheduled__2024-11-18T12:00:00+00:00 [queued]>
[2024-11-19T10:02:40.385+0000] {taskinstance.py:2866} INFO - Starting attempt 1 of 1
[2024-11-19T10:02:40.403+0000] {taskinstance.py:2889} INFO - Executing <Task(PythonOperator): fetch_spotify_data> on 2024-11-18 12:00:00+00:00
[2024-11-19T10:02:40.406+0000] {standard_task_runner.py:72} INFO - Started process 291 to run task
[2024-11-19T10:02:40.409+0000] {standard_task_runner.py:104} INFO - Running: ['airflow', 'tasks', 'run', 'bernadya', 'fetch_spotify_data', 'scheduled__2024-11-18T12:00:00+00:00', '--job-id', '108', '--raw', '--subdir', 'DAGS_FOLDER/dag.py', '--cfg-path', '/tmp/tmpbsi2mabs']
[2024-11-19T10:02:40.411+0000] {standard_task_runner.py:105} INFO - Job 108: Subtask fetch_spotify_data
[2024-11-19T10:02:40.425+0000] {logging_mixin.py:190} WARNING - /home/airflow/.local/lib/python3.12/site-packages/airflow/settings.py:209 DeprecationWarning: The sql_alchemy_conn option in [core] has been moved to the sql_alchemy_conn option in [database] - the old setting has been used, but please update your config.
[2024-11-19T10:02:40.450+0000] {task_command.py:467} INFO - Running <TaskInstance: bernadya.fetch_spotify_data scheduled__2024-11-18T12:00:00+00:00 [running]> on host 6aba41e3ae6f
[2024-11-19T10:02:40.451+0000] {logging_mixin.py:190} WARNING - /home/airflow/.local/lib/python3.12/site-packages/airflow/settings.py:470 DeprecationWarning: The sql_alchemy_conn option in [core] has been moved to the sql_alchemy_conn option in [database] - the old setting has been used, but please update your config.
[2024-11-19T10:02:40.507+0000] {taskinstance.py:3132} INFO - Exporting env vars: AIRFLOW_CTX_DAG_OWNER='airflow' AIRFLOW_CTX_DAG_ID='bernadya' AIRFLOW_CTX_TASK_ID='fetch_spotify_data' AIRFLOW_CTX_EXECUTION_DATE='2024-11-18T12:00:00+00:00' AIRFLOW_CTX_TRY_NUMBER='1' AIRFLOW_CTX_DAG_RUN_ID='scheduled__2024-11-18T12:00:00+00:00'
[2024-11-19T10:02:40.508+0000] {taskinstance.py:731} INFO - ::endgroup::
[2024-11-19T10:02:42.501+0000] {logging_mixin.py:190} INFO - Spotify data saved to bernadya_spotify.json successfully.
[2024-11-19T10:02:42.502+0000] {python.py:240} INFO - Done. Returned value was: None
[2024-11-19T10:02:42.509+0000] {taskinstance.py:340} INFO - ::group::Post task execution logs
[2024-11-19T10:02:42.510+0000] {taskinstance.py:352} INFO - Marking task as SUCCESS. dag_id=bernadya, task_id=fetch_spotify_data, run_id=scheduled__2024-11-18T12:00:00+00:00, execution_date=20241118T120000, start_date=20241119T100240, end_date=20241119T100242
[2024-11-19T10:02:42.552+0000] {local_task_job_runner.py:266} INFO - Task exited with return code 0
[2024-11-19T10:02:42.568+0000] {taskinstance.py:3895} INFO - 1 downstream tasks scheduled from follow-on schedule check
[2024-11-19T10:02:42.572+0000] {local_task_job_runner.py:245} INFO - ::endgroup::
