[2024-11-20T17:09:28.261+0000] {local_task_job_runner.py:123} INFO - ::group::Pre task execution logs
[2024-11-20T17:09:28.271+0000] {taskinstance.py:2613} INFO - Dependencies all met for dep_context=non-requeueable deps ti=<TaskInstance: bernadya.fetch_spotify_data scheduled__2024-11-20T12:00:00+00:00 [queued]>
[2024-11-20T17:09:28.278+0000] {taskinstance.py:2613} INFO - Dependencies all met for dep_context=requeueable deps ti=<TaskInstance: bernadya.fetch_spotify_data scheduled__2024-11-20T12:00:00+00:00 [queued]>
[2024-11-20T17:09:28.279+0000] {taskinstance.py:2866} INFO - Starting attempt 1 of 1
[2024-11-20T17:09:28.295+0000] {taskinstance.py:2889} INFO - Executing <Task(PythonOperator): fetch_spotify_data> on 2024-11-20 12:00:00+00:00
[2024-11-20T17:09:28.299+0000] {standard_task_runner.py:72} INFO - Started process 81 to run task
[2024-11-20T17:09:28.301+0000] {standard_task_runner.py:104} INFO - Running: ['airflow', 'tasks', 'run', 'bernadya', 'fetch_spotify_data', 'scheduled__2024-11-20T12:00:00+00:00', '--job-id', '143', '--raw', '--subdir', 'DAGS_FOLDER/bernadya.py', '--cfg-path', '/tmp/tmpfvkhrsoo']
[2024-11-20T17:09:28.303+0000] {standard_task_runner.py:105} INFO - Job 143: Subtask fetch_spotify_data
[2024-11-20T17:09:28.317+0000] {logging_mixin.py:190} WARNING - /home/airflow/.local/lib/python3.12/site-packages/airflow/settings.py:209 DeprecationWarning: The sql_alchemy_conn option in [core] has been moved to the sql_alchemy_conn option in [database] - the old setting has been used, but please update your config.
[2024-11-20T17:09:28.344+0000] {task_command.py:467} INFO - Running <TaskInstance: bernadya.fetch_spotify_data scheduled__2024-11-20T12:00:00+00:00 [running]> on host 6aba41e3ae6f
[2024-11-20T17:09:28.345+0000] {logging_mixin.py:190} WARNING - /home/airflow/.local/lib/python3.12/site-packages/airflow/settings.py:470 DeprecationWarning: The sql_alchemy_conn option in [core] has been moved to the sql_alchemy_conn option in [database] - the old setting has been used, but please update your config.
[2024-11-20T17:09:28.412+0000] {taskinstance.py:3132} INFO - Exporting env vars: AIRFLOW_CTX_DAG_OWNER='airflow' AIRFLOW_CTX_DAG_ID='bernadya' AIRFLOW_CTX_TASK_ID='fetch_spotify_data' AIRFLOW_CTX_EXECUTION_DATE='2024-11-20T12:00:00+00:00' AIRFLOW_CTX_TRY_NUMBER='1' AIRFLOW_CTX_DAG_RUN_ID='scheduled__2024-11-20T12:00:00+00:00'
[2024-11-20T17:09:28.413+0000] {taskinstance.py:731} INFO - ::endgroup::
[2024-11-20T17:09:31.265+0000] {logging_mixin.py:190} INFO - Spotify data saved to bernadya_spotify.json successfully.
[2024-11-20T17:09:31.266+0000] {python.py:240} INFO - Done. Returned value was: None
[2024-11-20T17:09:31.273+0000] {taskinstance.py:340} INFO - ::group::Post task execution logs
[2024-11-20T17:09:31.274+0000] {taskinstance.py:352} INFO - Marking task as SUCCESS. dag_id=bernadya, task_id=fetch_spotify_data, run_id=scheduled__2024-11-20T12:00:00+00:00, execution_date=20241120T120000, start_date=20241120T170928, end_date=20241120T170931
[2024-11-20T17:09:31.290+0000] {local_task_job_runner.py:266} INFO - Task exited with return code 0
[2024-11-20T17:09:31.309+0000] {taskinstance.py:3895} INFO - 1 downstream tasks scheduled from follow-on schedule check
[2024-11-20T17:09:31.312+0000] {local_task_job_runner.py:245} INFO - ::endgroup::
[2024-11-20T17:15:53.195+0000] {local_task_job_runner.py:123} INFO - ::group::Pre task execution logs
[2024-11-20T17:15:53.211+0000] {taskinstance.py:2613} INFO - Dependencies all met for dep_context=non-requeueable deps ti=<TaskInstance: bernadya.fetch_spotify_data scheduled__2024-11-20T12:00:00+00:00 [queued]>
[2024-11-20T17:15:53.220+0000] {taskinstance.py:2613} INFO - Dependencies all met for dep_context=requeueable deps ti=<TaskInstance: bernadya.fetch_spotify_data scheduled__2024-11-20T12:00:00+00:00 [queued]>
[2024-11-20T17:15:53.221+0000] {taskinstance.py:2866} INFO - Starting attempt 1 of 1
[2024-11-20T17:15:53.238+0000] {taskinstance.py:2889} INFO - Executing <Task(PythonOperator): fetch_spotify_data> on 2024-11-20 12:00:00+00:00
[2024-11-20T17:15:53.246+0000] {standard_task_runner.py:72} INFO - Started process 293 to run task
[2024-11-20T17:15:53.250+0000] {standard_task_runner.py:104} INFO - Running: ['airflow', 'tasks', 'run', 'bernadya', 'fetch_spotify_data', 'scheduled__2024-11-20T12:00:00+00:00', '--job-id', '153', '--raw', '--subdir', 'DAGS_FOLDER/bernadya.py', '--cfg-path', '/tmp/tmpextjr2fp']
[2024-11-20T17:15:53.252+0000] {standard_task_runner.py:105} INFO - Job 153: Subtask fetch_spotify_data
[2024-11-20T17:15:53.271+0000] {logging_mixin.py:190} WARNING - /home/airflow/.local/lib/python3.12/site-packages/airflow/settings.py:209 DeprecationWarning: The sql_alchemy_conn option in [core] has been moved to the sql_alchemy_conn option in [database] - the old setting has been used, but please update your config.
[2024-11-20T17:15:53.324+0000] {task_command.py:467} INFO - Running <TaskInstance: bernadya.fetch_spotify_data scheduled__2024-11-20T12:00:00+00:00 [running]> on host 6aba41e3ae6f
[2024-11-20T17:15:53.327+0000] {logging_mixin.py:190} WARNING - /home/airflow/.local/lib/python3.12/site-packages/airflow/settings.py:470 DeprecationWarning: The sql_alchemy_conn option in [core] has been moved to the sql_alchemy_conn option in [database] - the old setting has been used, but please update your config.
[2024-11-20T17:15:53.438+0000] {taskinstance.py:3132} INFO - Exporting env vars: AIRFLOW_CTX_DAG_OWNER='airflow' AIRFLOW_CTX_DAG_ID='bernadya' AIRFLOW_CTX_TASK_ID='fetch_spotify_data' AIRFLOW_CTX_EXECUTION_DATE='2024-11-20T12:00:00+00:00' AIRFLOW_CTX_TRY_NUMBER='1' AIRFLOW_CTX_DAG_RUN_ID='scheduled__2024-11-20T12:00:00+00:00'
[2024-11-20T17:15:53.439+0000] {taskinstance.py:731} INFO - ::endgroup::
[2024-11-20T17:15:55.516+0000] {logging_mixin.py:190} INFO - Spotify data saved to bernadya_spotify.json successfully.
[2024-11-20T17:15:55.518+0000] {python.py:240} INFO - Done. Returned value was: None
[2024-11-20T17:15:55.527+0000] {taskinstance.py:340} INFO - ::group::Post task execution logs
[2024-11-20T17:15:55.528+0000] {taskinstance.py:352} INFO - Marking task as SUCCESS. dag_id=bernadya, task_id=fetch_spotify_data, run_id=scheduled__2024-11-20T12:00:00+00:00, execution_date=20241120T120000, start_date=20241120T171553, end_date=20241120T171555
[2024-11-20T17:15:55.554+0000] {local_task_job_runner.py:266} INFO - Task exited with return code 0
[2024-11-20T17:15:55.574+0000] {taskinstance.py:3895} INFO - 1 downstream tasks scheduled from follow-on schedule check
[2024-11-20T17:15:55.579+0000] {local_task_job_runner.py:245} INFO - ::endgroup::
