[2024-11-19T05:10:51.350+0000] {local_task_job_runner.py:123} INFO - ::group::Pre task execution logs
[2024-11-19T05:10:51.374+0000] {taskinstance.py:2613} INFO - Dependencies all met for dep_context=non-requeueable deps ti=<TaskInstance: spotify_youtube_data_pipeline.fetch_spotify_data scheduled__2024-11-18T00:00:00+00:00 [queued]>
[2024-11-19T05:10:51.389+0000] {taskinstance.py:2613} INFO - Dependencies all met for dep_context=requeueable deps ti=<TaskInstance: spotify_youtube_data_pipeline.fetch_spotify_data scheduled__2024-11-18T00:00:00+00:00 [queued]>
[2024-11-19T05:10:51.391+0000] {taskinstance.py:2866} INFO - Starting attempt 2 of 2
[2024-11-19T05:10:51.420+0000] {taskinstance.py:2889} INFO - Executing <Task(PythonOperator): fetch_spotify_data> on 2024-11-18 00:00:00+00:00
[2024-11-19T05:10:51.427+0000] {standard_task_runner.py:72} INFO - Started process 189 to run task
[2024-11-19T05:10:51.432+0000] {standard_task_runner.py:104} INFO - Running: ['airflow', 'tasks', 'run', 'spotify_youtube_data_pipeline', 'fetch_spotify_data', 'scheduled__2024-11-18T00:00:00+00:00', '--job-id', '42', '--raw', '--subdir', 'DAGS_FOLDER/dag.py', '--cfg-path', '/tmp/tmpskzmlfnj']
[2024-11-19T05:10:51.436+0000] {standard_task_runner.py:105} INFO - Job 42: Subtask fetch_spotify_data
[2024-11-19T05:10:51.466+0000] {logging_mixin.py:190} WARNING - /home/airflow/.local/lib/python3.12/site-packages/airflow/settings.py:209 DeprecationWarning: The sql_alchemy_conn option in [core] has been moved to the sql_alchemy_conn option in [database] - the old setting has been used, but please update your config.
[2024-11-19T05:10:51.522+0000] {task_command.py:467} INFO - Running <TaskInstance: spotify_youtube_data_pipeline.fetch_spotify_data scheduled__2024-11-18T00:00:00+00:00 [running]> on host a65554b7e6d9
[2024-11-19T05:10:51.525+0000] {logging_mixin.py:190} WARNING - /home/airflow/.local/lib/python3.12/site-packages/airflow/settings.py:470 DeprecationWarning: The sql_alchemy_conn option in [core] has been moved to the sql_alchemy_conn option in [database] - the old setting has been used, but please update your config.
[2024-11-19T05:10:51.655+0000] {taskinstance.py:3132} INFO - Exporting env vars: AIRFLOW_CTX_DAG_OWNER='airflow' AIRFLOW_CTX_DAG_ID='spotify_youtube_data_pipeline' AIRFLOW_CTX_TASK_ID='fetch_spotify_data' AIRFLOW_CTX_EXECUTION_DATE='2024-11-18T00:00:00+00:00' AIRFLOW_CTX_TRY_NUMBER='2' AIRFLOW_CTX_DAG_RUN_ID='scheduled__2024-11-18T00:00:00+00:00'
[2024-11-19T05:10:51.657+0000] {taskinstance.py:731} INFO - ::endgroup::
[2024-11-19T05:10:56.321+0000] {logging_mixin.py:190} INFO - Spotify data saved to spotify_data.json successfully.
[2024-11-19T05:10:56.322+0000] {python.py:240} INFO - Done. Returned value was: None
[2024-11-19T05:10:56.339+0000] {taskinstance.py:340} INFO - ::group::Post task execution logs
[2024-11-19T05:10:56.340+0000] {taskinstance.py:352} INFO - Marking task as SUCCESS. dag_id=spotify_youtube_data_pipeline, task_id=fetch_spotify_data, run_id=scheduled__2024-11-18T00:00:00+00:00, execution_date=20241118T000000, start_date=20241119T051051, end_date=20241119T051056
[2024-11-19T05:10:56.395+0000] {local_task_job_runner.py:266} INFO - Task exited with return code 0
[2024-11-19T05:10:56.438+0000] {standard_task_runner.py:217} INFO - Process not found (most likely exited), stop collecting metrics
[2024-11-19T05:10:56.439+0000] {taskinstance.py:3895} INFO - 1 downstream tasks scheduled from follow-on schedule check
[2024-11-19T05:10:56.454+0000] {local_task_job_runner.py:245} INFO - ::endgroup::
