[2024-11-21T05:31:02.633+0000] {local_task_job_runner.py:123} INFO - ::group::Pre task execution logs
[2024-11-21T05:31:02.654+0000] {taskinstance.py:2613} INFO - Dependencies all met for dep_context=non-requeueable deps ti=<TaskInstance: bruno_mars.upsert_spotify_data scheduled__2024-11-21T00:00:00+00:00 [queued]>
[2024-11-21T05:31:02.669+0000] {taskinstance.py:2613} INFO - Dependencies all met for dep_context=requeueable deps ti=<TaskInstance: bruno_mars.upsert_spotify_data scheduled__2024-11-21T00:00:00+00:00 [queued]>
[2024-11-21T05:31:02.670+0000] {taskinstance.py:2866} INFO - Starting attempt 1 of 1
[2024-11-21T05:31:02.698+0000] {taskinstance.py:2889} INFO - Executing <Task(PythonOperator): upsert_spotify_data> on 2024-11-21 00:00:00+00:00
[2024-11-21T05:31:02.706+0000] {standard_task_runner.py:72} INFO - Started process 628 to run task
[2024-11-21T05:31:02.711+0000] {standard_task_runner.py:104} INFO - Running: ['airflow', 'tasks', 'run', 'bruno_mars', 'upsert_spotify_data', 'scheduled__2024-11-21T00:00:00+00:00', '--job-id', '279', '--raw', '--subdir', 'DAGS_FOLDER/bruno_mars.py', '--cfg-path', '/tmp/tmp89vu5fh6']
[2024-11-21T05:31:02.715+0000] {standard_task_runner.py:105} INFO - Job 279: Subtask upsert_spotify_data
[2024-11-21T05:31:02.739+0000] {logging_mixin.py:190} WARNING - /home/airflow/.local/lib/python3.12/site-packages/airflow/settings.py:209 DeprecationWarning: The sql_alchemy_conn option in [core] has been moved to the sql_alchemy_conn option in [database] - the old setting has been used, but please update your config.
[2024-11-21T05:31:02.793+0000] {task_command.py:467} INFO - Running <TaskInstance: bruno_mars.upsert_spotify_data scheduled__2024-11-21T00:00:00+00:00 [running]> on host 4ed801b530e9
[2024-11-21T05:31:02.796+0000] {logging_mixin.py:190} WARNING - /home/airflow/.local/lib/python3.12/site-packages/airflow/settings.py:470 DeprecationWarning: The sql_alchemy_conn option in [core] has been moved to the sql_alchemy_conn option in [database] - the old setting has been used, but please update your config.
[2024-11-21T05:31:02.928+0000] {taskinstance.py:3132} INFO - Exporting env vars: AIRFLOW_CTX_DAG_OWNER='airflow' AIRFLOW_CTX_DAG_ID='bruno_mars' AIRFLOW_CTX_TASK_ID='upsert_spotify_data' AIRFLOW_CTX_EXECUTION_DATE='2024-11-21T00:00:00+00:00' AIRFLOW_CTX_TRY_NUMBER='1' AIRFLOW_CTX_DAG_RUN_ID='scheduled__2024-11-21T00:00:00+00:00'
[2024-11-21T05:31:02.929+0000] {taskinstance.py:731} INFO - ::endgroup::
[2024-11-21T05:31:03.045+0000] {logging_mixin.py:190} INFO - Data artis berhasil diupdate.
[2024-11-21T05:31:03.053+0000] {logging_mixin.py:190} INFO - Data kota Jakarta berhasil diupdate.
[2024-11-21T05:31:03.056+0000] {logging_mixin.py:190} INFO - Data kota São Paulo berhasil diupdate.
[2024-11-21T05:31:03.058+0000] {logging_mixin.py:190} INFO - Data kota Quezon City berhasil diupdate.
[2024-11-21T05:31:03.061+0000] {logging_mixin.py:190} INFO - Data kota Santiago berhasil diupdate.
[2024-11-21T05:31:03.063+0000] {logging_mixin.py:190} INFO - Data kota Bandung berhasil diupdate.
[2024-11-21T05:31:03.072+0000] {logging_mixin.py:190} INFO - Track Die With A Smile berhasil diupdate.
[2024-11-21T05:31:03.074+0000] {logging_mixin.py:190} INFO - Track APT. berhasil diupdate.
[2024-11-21T05:31:03.076+0000] {logging_mixin.py:190} INFO - Track Locked out of Heaven berhasil diupdate.
[2024-11-21T05:31:03.078+0000] {logging_mixin.py:190} INFO - Track Just the Way You Are berhasil diupdate.
[2024-11-21T05:31:03.080+0000] {logging_mixin.py:190} INFO - Track That's What I Like berhasil diupdate.
[2024-11-21T05:31:03.082+0000] {logging_mixin.py:190} INFO - Track When I Was Your Man berhasil diupdate.
[2024-11-21T05:31:03.084+0000] {logging_mixin.py:190} INFO - Track It Will Rain berhasil diupdate.
[2024-11-21T05:31:03.086+0000] {logging_mixin.py:190} INFO - Track Grenade berhasil diupdate.
[2024-11-21T05:31:03.088+0000] {logging_mixin.py:190} INFO - Track Talking to the Moon berhasil diupdate.
[2024-11-21T05:31:03.091+0000] {logging_mixin.py:190} INFO - Track Marry You berhasil dimasukkan.
[2024-11-21T05:31:03.098+0000] {python.py:240} INFO - Done. Returned value was: None
[2024-11-21T05:31:03.110+0000] {taskinstance.py:340} INFO - ::group::Post task execution logs
[2024-11-21T05:31:03.111+0000] {taskinstance.py:352} INFO - Marking task as SUCCESS. dag_id=bruno_mars, task_id=upsert_spotify_data, run_id=scheduled__2024-11-21T00:00:00+00:00, execution_date=20241121T000000, start_date=20241121T053102, end_date=20241121T053103
[2024-11-21T05:31:03.168+0000] {local_task_job_runner.py:266} INFO - Task exited with return code 0
[2024-11-21T05:31:03.188+0000] {taskinstance.py:3895} INFO - 0 downstream tasks scheduled from follow-on schedule check
[2024-11-21T05:31:03.191+0000] {local_task_job_runner.py:245} INFO - ::endgroup::
[2024-11-21T06:20:43.659+0000] {local_task_job_runner.py:123} INFO - ::group::Pre task execution logs
[2024-11-21T06:20:43.683+0000] {taskinstance.py:2613} INFO - Dependencies all met for dep_context=non-requeueable deps ti=<TaskInstance: bruno_mars.upsert_spotify_data scheduled__2024-11-21T00:00:00+00:00 [queued]>
[2024-11-21T06:20:43.697+0000] {taskinstance.py:2613} INFO - Dependencies all met for dep_context=requeueable deps ti=<TaskInstance: bruno_mars.upsert_spotify_data scheduled__2024-11-21T00:00:00+00:00 [queued]>
[2024-11-21T06:20:43.698+0000] {taskinstance.py:2866} INFO - Starting attempt 1 of 1
[2024-11-21T06:20:43.726+0000] {taskinstance.py:2889} INFO - Executing <Task(PythonOperator): upsert_spotify_data> on 2024-11-21 00:00:00+00:00
[2024-11-21T06:20:43.735+0000] {standard_task_runner.py:72} INFO - Started process 1541 to run task
[2024-11-21T06:20:43.740+0000] {standard_task_runner.py:104} INFO - Running: ['airflow', 'tasks', 'run', 'bruno_mars', 'upsert_spotify_data', 'scheduled__2024-11-21T00:00:00+00:00', '--job-id', '299', '--raw', '--subdir', 'DAGS_FOLDER/bruno_mars.py', '--cfg-path', '/tmp/tmpv0op22qg']
[2024-11-21T06:20:43.744+0000] {standard_task_runner.py:105} INFO - Job 299: Subtask upsert_spotify_data
[2024-11-21T06:20:43.777+0000] {logging_mixin.py:190} WARNING - /home/airflow/.local/lib/python3.12/site-packages/airflow/settings.py:209 DeprecationWarning: The sql_alchemy_conn option in [core] has been moved to the sql_alchemy_conn option in [database] - the old setting has been used, but please update your config.
[2024-11-21T06:20:43.835+0000] {task_command.py:467} INFO - Running <TaskInstance: bruno_mars.upsert_spotify_data scheduled__2024-11-21T00:00:00+00:00 [running]> on host 4ed801b530e9
[2024-11-21T06:20:43.839+0000] {logging_mixin.py:190} WARNING - /home/airflow/.local/lib/python3.12/site-packages/airflow/settings.py:470 DeprecationWarning: The sql_alchemy_conn option in [core] has been moved to the sql_alchemy_conn option in [database] - the old setting has been used, but please update your config.
[2024-11-21T06:20:43.964+0000] {taskinstance.py:3132} INFO - Exporting env vars: AIRFLOW_CTX_DAG_OWNER='airflow' AIRFLOW_CTX_DAG_ID='bruno_mars' AIRFLOW_CTX_TASK_ID='upsert_spotify_data' AIRFLOW_CTX_EXECUTION_DATE='2024-11-21T00:00:00+00:00' AIRFLOW_CTX_TRY_NUMBER='1' AIRFLOW_CTX_DAG_RUN_ID='scheduled__2024-11-21T00:00:00+00:00'
[2024-11-21T06:20:43.966+0000] {taskinstance.py:731} INFO - ::endgroup::
[2024-11-21T06:20:44.090+0000] {logging_mixin.py:190} INFO - Data artis berhasil diupdate.
[2024-11-21T06:20:44.100+0000] {logging_mixin.py:190} INFO - Data kota Jakarta berhasil dimasukkan.
[2024-11-21T06:20:44.103+0000] {logging_mixin.py:190} INFO - Data kota São Paulo berhasil dimasukkan.
[2024-11-21T06:20:44.105+0000] {logging_mixin.py:190} INFO - Data kota Quezon City berhasil dimasukkan.
[2024-11-21T06:20:44.107+0000] {logging_mixin.py:190} INFO - Data kota Santiago berhasil dimasukkan.
[2024-11-21T06:20:44.109+0000] {logging_mixin.py:190} INFO - Data kota Bandung berhasil dimasukkan.
[2024-11-21T06:20:44.117+0000] {logging_mixin.py:190} INFO - Track Die With A Smile berhasil dimasukkan.
[2024-11-21T06:20:44.119+0000] {logging_mixin.py:190} INFO - Track APT. berhasil dimasukkan.
[2024-11-21T06:20:44.121+0000] {logging_mixin.py:190} INFO - Track Locked out of Heaven berhasil dimasukkan.
[2024-11-21T06:20:44.123+0000] {logging_mixin.py:190} INFO - Track Just the Way You Are berhasil dimasukkan.
[2024-11-21T06:20:44.126+0000] {logging_mixin.py:190} INFO - Track That's What I Like berhasil dimasukkan.
[2024-11-21T06:20:44.128+0000] {logging_mixin.py:190} INFO - Track When I Was Your Man berhasil dimasukkan.
[2024-11-21T06:20:44.131+0000] {logging_mixin.py:190} INFO - Track It Will Rain berhasil dimasukkan.
[2024-11-21T06:20:44.134+0000] {logging_mixin.py:190} INFO - Track Grenade berhasil dimasukkan.
[2024-11-21T06:20:44.137+0000] {logging_mixin.py:190} INFO - Track Talking to the Moon berhasil dimasukkan.
[2024-11-21T06:20:44.139+0000] {logging_mixin.py:190} INFO - Track Marry You berhasil dimasukkan.
[2024-11-21T06:20:44.146+0000] {python.py:240} INFO - Done. Returned value was: None
[2024-11-21T06:20:44.160+0000] {taskinstance.py:340} INFO - ::group::Post task execution logs
[2024-11-21T06:20:44.161+0000] {taskinstance.py:352} INFO - Marking task as SUCCESS. dag_id=bruno_mars, task_id=upsert_spotify_data, run_id=scheduled__2024-11-21T00:00:00+00:00, execution_date=20241121T000000, start_date=20241121T062043, end_date=20241121T062044
[2024-11-21T06:20:44.197+0000] {local_task_job_runner.py:266} INFO - Task exited with return code 0
[2024-11-21T06:20:44.221+0000] {taskinstance.py:3895} INFO - 0 downstream tasks scheduled from follow-on schedule check
[2024-11-21T06:20:44.223+0000] {local_task_job_runner.py:245} INFO - ::endgroup::
