[2024-11-20T21:02:15.813+0000] {local_task_job_runner.py:123} INFO - ::group::Pre task execution logs
[2024-11-20T21:02:15.823+0000] {taskinstance.py:2613} INFO - Dependencies all met for dep_context=non-requeueable deps ti=<TaskInstance: dewa19.upsert_spotify_data scheduled__2024-11-20T18:00:00+00:00 [queued]>
[2024-11-20T21:02:15.829+0000] {taskinstance.py:2613} INFO - Dependencies all met for dep_context=requeueable deps ti=<TaskInstance: dewa19.upsert_spotify_data scheduled__2024-11-20T18:00:00+00:00 [queued]>
[2024-11-20T21:02:15.830+0000] {taskinstance.py:2866} INFO - Starting attempt 1 of 1
[2024-11-20T21:02:15.842+0000] {taskinstance.py:2889} INFO - Executing <Task(PythonOperator): upsert_spotify_data> on 2024-11-20 18:00:00+00:00
[2024-11-20T21:02:15.847+0000] {standard_task_runner.py:72} INFO - Started process 3727 to run task
[2024-11-20T21:02:15.849+0000] {standard_task_runner.py:104} INFO - Running: ['airflow', 'tasks', 'run', 'dewa19', 'upsert_spotify_data', 'scheduled__2024-11-20T18:00:00+00:00', '--job-id', '241', '--raw', '--subdir', 'DAGS_FOLDER/dewa19.py', '--cfg-path', '/tmp/tmpkedjgagr']
[2024-11-20T21:02:15.851+0000] {standard_task_runner.py:105} INFO - Job 241: Subtask upsert_spotify_data
[2024-11-20T21:02:15.863+0000] {logging_mixin.py:190} WARNING - /home/airflow/.local/lib/python3.12/site-packages/airflow/settings.py:209 DeprecationWarning: The sql_alchemy_conn option in [core] has been moved to the sql_alchemy_conn option in [database] - the old setting has been used, but please update your config.
[2024-11-20T21:02:15.886+0000] {task_command.py:467} INFO - Running <TaskInstance: dewa19.upsert_spotify_data scheduled__2024-11-20T18:00:00+00:00 [running]> on host 4ed801b530e9
[2024-11-20T21:02:15.888+0000] {logging_mixin.py:190} WARNING - /home/airflow/.local/lib/python3.12/site-packages/airflow/settings.py:470 DeprecationWarning: The sql_alchemy_conn option in [core] has been moved to the sql_alchemy_conn option in [database] - the old setting has been used, but please update your config.
[2024-11-20T21:02:15.952+0000] {taskinstance.py:3132} INFO - Exporting env vars: AIRFLOW_CTX_DAG_OWNER='airflow' AIRFLOW_CTX_DAG_ID='dewa19' AIRFLOW_CTX_TASK_ID='upsert_spotify_data' AIRFLOW_CTX_EXECUTION_DATE='2024-11-20T18:00:00+00:00' AIRFLOW_CTX_TRY_NUMBER='1' AIRFLOW_CTX_DAG_RUN_ID='scheduled__2024-11-20T18:00:00+00:00'
[2024-11-20T21:02:15.952+0000] {taskinstance.py:731} INFO - ::endgroup::
[2024-11-20T21:02:16.000+0000] {logging_mixin.py:190} INFO - Data artis berhasil diupdate.
[2024-11-20T21:02:16.005+0000] {logging_mixin.py:190} INFO - Data kota Jakarta berhasil diupdate.
[2024-11-20T21:02:16.006+0000] {logging_mixin.py:190} INFO - Data kota Bandung berhasil diupdate.
[2024-11-20T21:02:16.006+0000] {logging_mixin.py:190} INFO - Data kota Surabaya berhasil diupdate.
[2024-11-20T21:02:16.007+0000] {logging_mixin.py:190} INFO - Data kota Makassar berhasil diupdate.
[2024-11-20T21:02:16.008+0000] {logging_mixin.py:190} INFO - Data kota Semarang berhasil diupdate.
[2024-11-20T21:02:16.011+0000] {logging_mixin.py:190} INFO - Track Kangen berhasil diupdate.
[2024-11-20T21:02:16.012+0000] {logging_mixin.py:190} INFO - Track Aku Milikmu berhasil diupdate.
[2024-11-20T21:02:16.013+0000] {logging_mixin.py:190} INFO - Track Risalah Hati berhasil diupdate.
[2024-11-20T21:02:16.013+0000] {logging_mixin.py:190} INFO - Track Separuh Nafas berhasil diupdate.
[2024-11-20T21:02:16.014+0000] {logging_mixin.py:190} INFO - Track Dewi berhasil diupdate.
[2024-11-20T21:02:16.014+0000] {logging_mixin.py:190} INFO - Track Roman Picisan berhasil diupdate.
[2024-11-20T21:02:16.017+0000] {logging_mixin.py:190} INFO - Track Cinta 'Kan Membawamu Kembali berhasil diupdate.
[2024-11-20T21:02:16.017+0000] {logging_mixin.py:190} INFO - Track Selimut Hati berhasil diupdate.
[2024-11-20T21:02:16.018+0000] {logging_mixin.py:190} INFO - Track Aku Cinta Kau Dan Dia berhasil diupdate.
[2024-11-20T21:02:16.019+0000] {logging_mixin.py:190} INFO - Track Larut berhasil diupdate.
[2024-11-20T21:02:16.022+0000] {python.py:240} INFO - Done. Returned value was: None
[2024-11-20T21:02:16.027+0000] {taskinstance.py:340} INFO - ::group::Post task execution logs
[2024-11-20T21:02:16.027+0000] {taskinstance.py:352} INFO - Marking task as SUCCESS. dag_id=dewa19, task_id=upsert_spotify_data, run_id=scheduled__2024-11-20T18:00:00+00:00, execution_date=20241120T180000, start_date=20241120T210215, end_date=20241120T210216
[2024-11-20T21:02:16.063+0000] {local_task_job_runner.py:266} INFO - Task exited with return code 0
[2024-11-20T21:02:16.073+0000] {taskinstance.py:3895} INFO - 0 downstream tasks scheduled from follow-on schedule check
[2024-11-20T21:02:16.074+0000] {local_task_job_runner.py:245} INFO - ::endgroup::
