[2024-11-20T06:47:57.490+0000] {local_task_job_runner.py:123} INFO - ::group::Pre task execution logs
[2024-11-20T06:47:57.511+0000] {taskinstance.py:2613} INFO - Dependencies all met for dep_context=non-requeueable deps ti=<TaskInstance: bernadya.fetch_spotify_data scheduled__2024-11-19T12:00:00+00:00 [queued]>
[2024-11-20T06:47:57.526+0000] {taskinstance.py:2613} INFO - Dependencies all met for dep_context=requeueable deps ti=<TaskInstance: bernadya.fetch_spotify_data scheduled__2024-11-19T12:00:00+00:00 [queued]>
[2024-11-20T06:47:57.527+0000] {taskinstance.py:2866} INFO - Starting attempt 1 of 1
[2024-11-20T06:47:57.559+0000] {taskinstance.py:2889} INFO - Executing <Task(PythonOperator): fetch_spotify_data> on 2024-11-19 12:00:00+00:00
[2024-11-20T06:47:57.566+0000] {standard_task_runner.py:72} INFO - Started process 75 to run task
[2024-11-20T06:47:57.571+0000] {standard_task_runner.py:104} INFO - Running: ['airflow', 'tasks', 'run', 'bernadya', 'fetch_spotify_data', 'scheduled__2024-11-19T12:00:00+00:00', '--job-id', '125', '--raw', '--subdir', 'DAGS_FOLDER/dag.py', '--cfg-path', '/tmp/tmpc3o705em']
[2024-11-20T06:47:57.576+0000] {standard_task_runner.py:105} INFO - Job 125: Subtask fetch_spotify_data
[2024-11-20T06:47:57.606+0000] {logging_mixin.py:190} WARNING - /home/airflow/.local/lib/python3.12/site-packages/airflow/settings.py:209 DeprecationWarning: The sql_alchemy_conn option in [core] has been moved to the sql_alchemy_conn option in [database] - the old setting has been used, but please update your config.
[2024-11-20T06:47:57.663+0000] {task_command.py:467} INFO - Running <TaskInstance: bernadya.fetch_spotify_data scheduled__2024-11-19T12:00:00+00:00 [running]> on host 6aba41e3ae6f
[2024-11-20T06:47:57.666+0000] {logging_mixin.py:190} WARNING - /home/airflow/.local/lib/python3.12/site-packages/airflow/settings.py:470 DeprecationWarning: The sql_alchemy_conn option in [core] has been moved to the sql_alchemy_conn option in [database] - the old setting has been used, but please update your config.
[2024-11-20T06:47:57.797+0000] {taskinstance.py:3132} INFO - Exporting env vars: AIRFLOW_CTX_DAG_OWNER='airflow' AIRFLOW_CTX_DAG_ID='bernadya' AIRFLOW_CTX_TASK_ID='fetch_spotify_data' AIRFLOW_CTX_EXECUTION_DATE='2024-11-19T12:00:00+00:00' AIRFLOW_CTX_TRY_NUMBER='1' AIRFLOW_CTX_DAG_RUN_ID='scheduled__2024-11-19T12:00:00+00:00'
[2024-11-20T06:47:57.798+0000] {taskinstance.py:731} INFO - ::endgroup::
[2024-11-20T06:48:00.129+0000] {logging_mixin.py:190} INFO - Spotify data saved to bernadya_spotify.json successfully.
[2024-11-20T06:48:00.131+0000] {python.py:240} INFO - Done. Returned value was: None
[2024-11-20T06:48:00.146+0000] {taskinstance.py:340} INFO - ::group::Post task execution logs
[2024-11-20T06:48:00.148+0000] {taskinstance.py:352} INFO - Marking task as SUCCESS. dag_id=bernadya, task_id=fetch_spotify_data, run_id=scheduled__2024-11-19T12:00:00+00:00, execution_date=20241119T120000, start_date=20241120T064757, end_date=20241120T064800
[2024-11-20T06:48:00.201+0000] {local_task_job_runner.py:266} INFO - Task exited with return code 0
[2024-11-20T06:48:00.239+0000] {taskinstance.py:3895} INFO - 1 downstream tasks scheduled from follow-on schedule check
[2024-11-20T06:48:00.245+0000] {local_task_job_runner.py:245} INFO - ::endgroup::
