[2024-11-21T05:30:55.024+0000] {local_task_job_runner.py:123} INFO - ::group::Pre task execution logs
[2024-11-21T05:30:55.044+0000] {taskinstance.py:2613} INFO - Dependencies all met for dep_context=non-requeueable deps ti=<TaskInstance: bruno_mars.save_youtube_data scheduled__2024-11-21T00:00:00+00:00 [queued]>
[2024-11-21T05:30:55.057+0000] {taskinstance.py:2613} INFO - Dependencies all met for dep_context=requeueable deps ti=<TaskInstance: bruno_mars.save_youtube_data scheduled__2024-11-21T00:00:00+00:00 [queued]>
[2024-11-21T05:30:55.059+0000] {taskinstance.py:2866} INFO - Starting attempt 1 of 1
[2024-11-21T05:30:55.085+0000] {taskinstance.py:2889} INFO - Executing <Task(PythonOperator): save_youtube_data> on 2024-11-21 00:00:00+00:00
[2024-11-21T05:30:55.094+0000] {standard_task_runner.py:72} INFO - Started process 614 to run task
[2024-11-21T05:30:55.099+0000] {standard_task_runner.py:104} INFO - Running: ['airflow', 'tasks', 'run', 'bruno_mars', 'save_youtube_data', 'scheduled__2024-11-21T00:00:00+00:00', '--job-id', '278', '--raw', '--subdir', 'DAGS_FOLDER/bruno_mars.py', '--cfg-path', '/tmp/tmp1je6vhq6']
[2024-11-21T05:30:55.103+0000] {standard_task_runner.py:105} INFO - Job 278: Subtask save_youtube_data
[2024-11-21T05:30:55.128+0000] {logging_mixin.py:190} WARNING - /home/airflow/.local/lib/python3.12/site-packages/airflow/settings.py:209 DeprecationWarning: The sql_alchemy_conn option in [core] has been moved to the sql_alchemy_conn option in [database] - the old setting has been used, but please update your config.
[2024-11-21T05:30:55.178+0000] {task_command.py:467} INFO - Running <TaskInstance: bruno_mars.save_youtube_data scheduled__2024-11-21T00:00:00+00:00 [running]> on host 4ed801b530e9
[2024-11-21T05:30:55.181+0000] {logging_mixin.py:190} WARNING - /home/airflow/.local/lib/python3.12/site-packages/airflow/settings.py:470 DeprecationWarning: The sql_alchemy_conn option in [core] has been moved to the sql_alchemy_conn option in [database] - the old setting has been used, but please update your config.
[2024-11-21T05:30:55.305+0000] {taskinstance.py:3132} INFO - Exporting env vars: AIRFLOW_CTX_DAG_OWNER='airflow' AIRFLOW_CTX_DAG_ID='bruno_mars' AIRFLOW_CTX_TASK_ID='save_youtube_data' AIRFLOW_CTX_EXECUTION_DATE='2024-11-21T00:00:00+00:00' AIRFLOW_CTX_TRY_NUMBER='1' AIRFLOW_CTX_DAG_RUN_ID='scheduled__2024-11-21T00:00:00+00:00'
[2024-11-21T05:30:55.307+0000] {taskinstance.py:731} INFO - ::endgroup::
[2024-11-21T05:30:55.402+0000] {logging_mixin.py:190} INFO - Successfully connected to MongoDB.
[2024-11-21T05:30:55.416+0000] {logging_mixin.py:190} INFO - Existing data found, moving to historical collection...
[2024-11-21T05:30:55.428+0000] {logging_mixin.py:190} INFO - Existing data moved to historical collection.
[2024-11-21T05:30:55.436+0000] {logging_mixin.py:190} INFO - New data for channel statistics successfully saved to MongoDB.
[2024-11-21T05:30:55.437+0000] {python.py:240} INFO - Done. Returned value was: None
[2024-11-21T05:30:55.449+0000] {taskinstance.py:340} INFO - ::group::Post task execution logs
[2024-11-21T05:30:55.450+0000] {taskinstance.py:352} INFO - Marking task as SUCCESS. dag_id=bruno_mars, task_id=save_youtube_data, run_id=scheduled__2024-11-21T00:00:00+00:00, execution_date=20241121T000000, start_date=20241121T053055, end_date=20241121T053055
[2024-11-21T05:30:55.515+0000] {local_task_job_runner.py:266} INFO - Task exited with return code 0
[2024-11-21T05:30:55.535+0000] {taskinstance.py:3895} INFO - 0 downstream tasks scheduled from follow-on schedule check
[2024-11-21T05:30:55.538+0000] {local_task_job_runner.py:245} INFO - ::endgroup::
[2024-11-21T06:20:35.603+0000] {local_task_job_runner.py:123} INFO - ::group::Pre task execution logs
[2024-11-21T06:20:35.627+0000] {taskinstance.py:2613} INFO - Dependencies all met for dep_context=non-requeueable deps ti=<TaskInstance: bruno_mars.save_youtube_data scheduled__2024-11-21T00:00:00+00:00 [queued]>
[2024-11-21T06:20:35.643+0000] {taskinstance.py:2613} INFO - Dependencies all met for dep_context=requeueable deps ti=<TaskInstance: bruno_mars.save_youtube_data scheduled__2024-11-21T00:00:00+00:00 [queued]>
[2024-11-21T06:20:35.644+0000] {taskinstance.py:2866} INFO - Starting attempt 1 of 1
[2024-11-21T06:20:35.670+0000] {taskinstance.py:2889} INFO - Executing <Task(PythonOperator): save_youtube_data> on 2024-11-21 00:00:00+00:00
[2024-11-21T06:20:35.678+0000] {standard_task_runner.py:72} INFO - Started process 1526 to run task
[2024-11-21T06:20:35.684+0000] {standard_task_runner.py:104} INFO - Running: ['airflow', 'tasks', 'run', 'bruno_mars', 'save_youtube_data', 'scheduled__2024-11-21T00:00:00+00:00', '--job-id', '298', '--raw', '--subdir', 'DAGS_FOLDER/bruno_mars.py', '--cfg-path', '/tmp/tmp0rb199am']
[2024-11-21T06:20:35.688+0000] {standard_task_runner.py:105} INFO - Job 298: Subtask save_youtube_data
[2024-11-21T06:20:35.719+0000] {logging_mixin.py:190} WARNING - /home/airflow/.local/lib/python3.12/site-packages/airflow/settings.py:209 DeprecationWarning: The sql_alchemy_conn option in [core] has been moved to the sql_alchemy_conn option in [database] - the old setting has been used, but please update your config.
[2024-11-21T06:20:35.775+0000] {task_command.py:467} INFO - Running <TaskInstance: bruno_mars.save_youtube_data scheduled__2024-11-21T00:00:00+00:00 [running]> on host 4ed801b530e9
[2024-11-21T06:20:35.779+0000] {logging_mixin.py:190} WARNING - /home/airflow/.local/lib/python3.12/site-packages/airflow/settings.py:470 DeprecationWarning: The sql_alchemy_conn option in [core] has been moved to the sql_alchemy_conn option in [database] - the old setting has been used, but please update your config.
[2024-11-21T06:20:35.899+0000] {taskinstance.py:3132} INFO - Exporting env vars: AIRFLOW_CTX_DAG_OWNER='airflow' AIRFLOW_CTX_DAG_ID='bruno_mars' AIRFLOW_CTX_TASK_ID='save_youtube_data' AIRFLOW_CTX_EXECUTION_DATE='2024-11-21T00:00:00+00:00' AIRFLOW_CTX_TRY_NUMBER='1' AIRFLOW_CTX_DAG_RUN_ID='scheduled__2024-11-21T00:00:00+00:00'
[2024-11-21T06:20:35.900+0000] {taskinstance.py:731} INFO - ::endgroup::
[2024-11-21T06:20:35.994+0000] {logging_mixin.py:190} INFO - Successfully connected to MongoDB.
[2024-11-21T06:20:36.006+0000] {logging_mixin.py:190} INFO - Existing data found, moving to historical collection...
[2024-11-21T06:20:36.014+0000] {logging_mixin.py:190} INFO - Existing data moved to historical collection.
[2024-11-21T06:20:36.021+0000] {logging_mixin.py:190} INFO - New data for channel statistics successfully saved to MongoDB.
[2024-11-21T06:20:36.023+0000] {python.py:240} INFO - Done. Returned value was: None
[2024-11-21T06:20:36.034+0000] {taskinstance.py:340} INFO - ::group::Post task execution logs
[2024-11-21T06:20:36.036+0000] {taskinstance.py:352} INFO - Marking task as SUCCESS. dag_id=bruno_mars, task_id=save_youtube_data, run_id=scheduled__2024-11-21T00:00:00+00:00, execution_date=20241121T000000, start_date=20241121T062035, end_date=20241121T062036
[2024-11-21T06:20:36.100+0000] {local_task_job_runner.py:266} INFO - Task exited with return code 0
[2024-11-21T06:20:36.124+0000] {taskinstance.py:3895} INFO - 0 downstream tasks scheduled from follow-on schedule check
[2024-11-21T06:20:36.127+0000] {local_task_job_runner.py:245} INFO - ::endgroup::
