[2024-11-20T17:17:13.884+0000] {local_task_job_runner.py:123} INFO - ::group::Pre task execution logs
[2024-11-20T17:17:13.896+0000] {taskinstance.py:2613} INFO - Dependencies all met for dep_context=non-requeueable deps ti=<TaskInstance: 510.upsert_spotify_data scheduled__2024-11-20T12:00:00+00:00 [queued]>
[2024-11-20T17:17:13.903+0000] {taskinstance.py:2613} INFO - Dependencies all met for dep_context=requeueable deps ti=<TaskInstance: 510.upsert_spotify_data scheduled__2024-11-20T12:00:00+00:00 [queued]>
[2024-11-20T17:17:13.904+0000] {taskinstance.py:2866} INFO - Starting attempt 1 of 1
[2024-11-20T17:17:13.916+0000] {taskinstance.py:2889} INFO - Executing <Task(PythonOperator): upsert_spotify_data> on 2024-11-20 12:00:00+00:00
[2024-11-20T17:17:13.923+0000] {standard_task_runner.py:72} INFO - Started process 485 to run task
[2024-11-20T17:17:13.926+0000] {standard_task_runner.py:104} INFO - Running: ['airflow', 'tasks', 'run', '510', 'upsert_spotify_data', 'scheduled__2024-11-20T12:00:00+00:00', '--job-id', '168', '--raw', '--subdir', 'DAGS_FOLDER/510.py', '--cfg-path', '/tmp/tmpgfijbepx']
[2024-11-20T17:17:13.927+0000] {standard_task_runner.py:105} INFO - Job 168: Subtask upsert_spotify_data
[2024-11-20T17:17:13.942+0000] {logging_mixin.py:190} WARNING - /home/airflow/.local/lib/python3.12/site-packages/airflow/settings.py:209 DeprecationWarning: The sql_alchemy_conn option in [core] has been moved to the sql_alchemy_conn option in [database] - the old setting has been used, but please update your config.
[2024-11-20T17:17:13.968+0000] {task_command.py:467} INFO - Running <TaskInstance: 510.upsert_spotify_data scheduled__2024-11-20T12:00:00+00:00 [running]> on host 6aba41e3ae6f
[2024-11-20T17:17:13.970+0000] {logging_mixin.py:190} WARNING - /home/airflow/.local/lib/python3.12/site-packages/airflow/settings.py:470 DeprecationWarning: The sql_alchemy_conn option in [core] has been moved to the sql_alchemy_conn option in [database] - the old setting has been used, but please update your config.
[2024-11-20T17:17:14.032+0000] {taskinstance.py:3132} INFO - Exporting env vars: AIRFLOW_CTX_DAG_OWNER='airflow' AIRFLOW_CTX_DAG_ID='510' AIRFLOW_CTX_TASK_ID='upsert_spotify_data' AIRFLOW_CTX_EXECUTION_DATE='2024-11-20T12:00:00+00:00' AIRFLOW_CTX_TRY_NUMBER='1' AIRFLOW_CTX_DAG_RUN_ID='scheduled__2024-11-20T12:00:00+00:00'
[2024-11-20T17:17:14.033+0000] {taskinstance.py:731} INFO - ::endgroup::
[2024-11-20T17:17:14.121+0000] {logging_mixin.py:190} INFO - Data artis berhasil dimasukkan.
[2024-11-20T17:17:14.126+0000] {logging_mixin.py:190} INFO - Data kota Jakarta berhasil dimasukkan.
[2024-11-20T17:17:14.127+0000] {logging_mixin.py:190} INFO - Data kota Bandung berhasil dimasukkan.
[2024-11-20T17:17:14.128+0000] {logging_mixin.py:190} INFO - Data kota Surabaya berhasil dimasukkan.
[2024-11-20T17:17:14.129+0000] {logging_mixin.py:190} INFO - Data kota Semarang berhasil dimasukkan.
[2024-11-20T17:17:14.130+0000] {logging_mixin.py:190} INFO - Data kota Makassar berhasil dimasukkan.
[2024-11-20T17:17:14.134+0000] {logging_mixin.py:190} INFO - Track Esa berhasil dimasukkan.
[2024-11-20T17:17:14.135+0000] {logging_mixin.py:190} INFO - Track Sorry berhasil dimasukkan.
[2024-11-20T17:17:14.136+0000] {logging_mixin.py:190} INFO - Track Mama berhasil dimasukkan.
[2024-11-20T17:17:14.138+0000] {logging_mixin.py:190} INFO - Track Alive berhasil dimasukkan.
[2024-11-20T17:17:14.140+0000] {logging_mixin.py:190} INFO - Track Dead Clown berhasil dimasukkan.
[2024-11-20T17:17:14.142+0000] {logging_mixin.py:190} INFO - Track Callout berhasil dimasukkan.
[2024-11-20T17:17:14.143+0000] {logging_mixin.py:190} INFO - Track Emotional Renegades berhasil dimasukkan.
[2024-11-20T17:17:14.145+0000] {logging_mixin.py:190} INFO - Track Re-Mine berhasil dimasukkan.
[2024-11-20T17:17:14.146+0000] {logging_mixin.py:190} INFO - Track Death Parade berhasil dimasukkan.
[2024-11-20T17:17:14.147+0000] {logging_mixin.py:190} INFO - Track Emotional Renegades berhasil dimasukkan.
[2024-11-20T17:17:14.153+0000] {python.py:240} INFO - Done. Returned value was: None
[2024-11-20T17:17:14.161+0000] {taskinstance.py:340} INFO - ::group::Post task execution logs
[2024-11-20T17:17:14.162+0000] {taskinstance.py:352} INFO - Marking task as SUCCESS. dag_id=510, task_id=upsert_spotify_data, run_id=scheduled__2024-11-20T12:00:00+00:00, execution_date=20241120T120000, start_date=20241120T171713, end_date=20241120T171714
[2024-11-20T17:17:14.179+0000] {local_task_job_runner.py:266} INFO - Task exited with return code 0
[2024-11-20T17:17:14.191+0000] {taskinstance.py:3895} INFO - 0 downstream tasks scheduled from follow-on schedule check
[2024-11-20T17:17:14.193+0000] {local_task_job_runner.py:245} INFO - ::endgroup::
