[2024-11-20T21:02:05.323+0000] {local_task_job_runner.py:123} INFO - ::group::Pre task execution logs
[2024-11-20T21:02:05.339+0000] {taskinstance.py:2613} INFO - Dependencies all met for dep_context=non-requeueable deps ti=<TaskInstance: bruno_mars.save_youtube_data scheduled__2024-11-20T18:00:00+00:00 [queued]>
[2024-11-20T21:02:05.350+0000] {taskinstance.py:2613} INFO - Dependencies all met for dep_context=requeueable deps ti=<TaskInstance: bruno_mars.save_youtube_data scheduled__2024-11-20T18:00:00+00:00 [queued]>
[2024-11-20T21:02:05.350+0000] {taskinstance.py:2866} INFO - Starting attempt 1 of 1
[2024-11-20T21:02:05.365+0000] {taskinstance.py:2889} INFO - Executing <Task(PythonOperator): save_youtube_data> on 2024-11-20 18:00:00+00:00
[2024-11-20T21:02:05.370+0000] {standard_task_runner.py:72} INFO - Started process 3688 to run task
[2024-11-20T21:02:05.374+0000] {standard_task_runner.py:104} INFO - Running: ['airflow', 'tasks', 'run', 'bruno_mars', 'save_youtube_data', 'scheduled__2024-11-20T18:00:00+00:00', '--job-id', '238', '--raw', '--subdir', 'DAGS_FOLDER/bruno_mars.py', '--cfg-path', '/tmp/tmp79g1yfsa']
[2024-11-20T21:02:05.376+0000] {standard_task_runner.py:105} INFO - Job 238: Subtask save_youtube_data
[2024-11-20T21:02:05.391+0000] {logging_mixin.py:190} WARNING - /home/airflow/.local/lib/python3.12/site-packages/airflow/settings.py:209 DeprecationWarning: The sql_alchemy_conn option in [core] has been moved to the sql_alchemy_conn option in [database] - the old setting has been used, but please update your config.
[2024-11-20T21:02:05.418+0000] {task_command.py:467} INFO - Running <TaskInstance: bruno_mars.save_youtube_data scheduled__2024-11-20T18:00:00+00:00 [running]> on host 4ed801b530e9
[2024-11-20T21:02:05.420+0000] {logging_mixin.py:190} WARNING - /home/airflow/.local/lib/python3.12/site-packages/airflow/settings.py:470 DeprecationWarning: The sql_alchemy_conn option in [core] has been moved to the sql_alchemy_conn option in [database] - the old setting has been used, but please update your config.
[2024-11-20T21:02:05.499+0000] {taskinstance.py:3132} INFO - Exporting env vars: AIRFLOW_CTX_DAG_OWNER='airflow' AIRFLOW_CTX_DAG_ID='bruno_mars' AIRFLOW_CTX_TASK_ID='save_youtube_data' AIRFLOW_CTX_EXECUTION_DATE='2024-11-20T18:00:00+00:00' AIRFLOW_CTX_TRY_NUMBER='1' AIRFLOW_CTX_DAG_RUN_ID='scheduled__2024-11-20T18:00:00+00:00'
[2024-11-20T21:02:05.500+0000] {taskinstance.py:731} INFO - ::endgroup::
[2024-11-20T21:02:05.542+0000] {logging_mixin.py:190} INFO - Successfully connected to MongoDB.
[2024-11-20T21:02:05.546+0000] {logging_mixin.py:190} INFO - Existing data found, moving to historical collection...
[2024-11-20T21:02:05.548+0000] {logging_mixin.py:190} INFO - Existing data moved to historical collection.
[2024-11-20T21:02:05.550+0000] {logging_mixin.py:190} INFO - New data for channel statistics successfully saved to MongoDB.
[2024-11-20T21:02:05.551+0000] {python.py:240} INFO - Done. Returned value was: None
[2024-11-20T21:02:05.556+0000] {taskinstance.py:340} INFO - ::group::Post task execution logs
[2024-11-20T21:02:05.556+0000] {taskinstance.py:352} INFO - Marking task as SUCCESS. dag_id=bruno_mars, task_id=save_youtube_data, run_id=scheduled__2024-11-20T18:00:00+00:00, execution_date=20241120T180000, start_date=20241120T210205, end_date=20241120T210205
[2024-11-20T21:02:05.587+0000] {local_task_job_runner.py:266} INFO - Task exited with return code 0
[2024-11-20T21:02:05.597+0000] {taskinstance.py:3895} INFO - 0 downstream tasks scheduled from follow-on schedule check
[2024-11-20T21:02:05.598+0000] {local_task_job_runner.py:245} INFO - ::endgroup::
