[2024-11-20T18:01:35.724+0000] {local_task_job_runner.py:123} INFO - ::group::Pre task execution logs
[2024-11-20T18:01:35.733+0000] {taskinstance.py:2613} INFO - Dependencies all met for dep_context=non-requeueable deps ti=<TaskInstance: 510.upsert_spotify_data scheduled__2024-11-20T15:00:00+00:00 [queued]>
[2024-11-20T18:01:35.741+0000] {taskinstance.py:2613} INFO - Dependencies all met for dep_context=requeueable deps ti=<TaskInstance: 510.upsert_spotify_data scheduled__2024-11-20T15:00:00+00:00 [queued]>
[2024-11-20T18:01:35.741+0000] {taskinstance.py:2866} INFO - Starting attempt 1 of 1
[2024-11-20T18:01:35.757+0000] {taskinstance.py:2889} INFO - Executing <Task(PythonOperator): upsert_spotify_data> on 2024-11-20 15:00:00+00:00
[2024-11-20T18:01:35.762+0000] {standard_task_runner.py:72} INFO - Started process 423 to run task
[2024-11-20T18:01:35.765+0000] {standard_task_runner.py:104} INFO - Running: ['airflow', 'tasks', 'run', '510', 'upsert_spotify_data', 'scheduled__2024-11-20T15:00:00+00:00', '--job-id', '201', '--raw', '--subdir', 'DAGS_FOLDER/510.py', '--cfg-path', '/tmp/tmpzesrd6mk']
[2024-11-20T18:01:35.768+0000] {standard_task_runner.py:105} INFO - Job 201: Subtask upsert_spotify_data
[2024-11-20T18:01:35.780+0000] {logging_mixin.py:190} WARNING - /home/airflow/.local/lib/python3.12/site-packages/airflow/settings.py:209 DeprecationWarning: The sql_alchemy_conn option in [core] has been moved to the sql_alchemy_conn option in [database] - the old setting has been used, but please update your config.
[2024-11-20T18:01:35.804+0000] {task_command.py:467} INFO - Running <TaskInstance: 510.upsert_spotify_data scheduled__2024-11-20T15:00:00+00:00 [running]> on host 4ed801b530e9
[2024-11-20T18:01:35.806+0000] {logging_mixin.py:190} WARNING - /home/airflow/.local/lib/python3.12/site-packages/airflow/settings.py:470 DeprecationWarning: The sql_alchemy_conn option in [core] has been moved to the sql_alchemy_conn option in [database] - the old setting has been used, but please update your config.
[2024-11-20T18:01:35.870+0000] {taskinstance.py:3132} INFO - Exporting env vars: AIRFLOW_CTX_DAG_OWNER='airflow' AIRFLOW_CTX_DAG_ID='510' AIRFLOW_CTX_TASK_ID='upsert_spotify_data' AIRFLOW_CTX_EXECUTION_DATE='2024-11-20T15:00:00+00:00' AIRFLOW_CTX_TRY_NUMBER='1' AIRFLOW_CTX_DAG_RUN_ID='scheduled__2024-11-20T15:00:00+00:00'
[2024-11-20T18:01:35.870+0000] {taskinstance.py:731} INFO - ::endgroup::
[2024-11-20T18:01:35.976+0000] {logging_mixin.py:190} INFO - Data artis berhasil diupdate.
[2024-11-20T18:01:35.981+0000] {logging_mixin.py:190} INFO - Data kota Jakarta berhasil diupdate.
[2024-11-20T18:01:35.982+0000] {logging_mixin.py:190} INFO - Data kota Bandung berhasil diupdate.
[2024-11-20T18:01:35.983+0000] {logging_mixin.py:190} INFO - Data kota Surabaya berhasil diupdate.
[2024-11-20T18:01:35.984+0000] {logging_mixin.py:190} INFO - Data kota Semarang berhasil diupdate.
[2024-11-20T18:01:35.985+0000] {logging_mixin.py:190} INFO - Data kota Makassar berhasil diupdate.
[2024-11-20T18:01:35.989+0000] {logging_mixin.py:190} INFO - Track Esa berhasil diupdate.
[2024-11-20T18:01:35.990+0000] {logging_mixin.py:190} INFO - Track Sorry berhasil diupdate.
[2024-11-20T18:01:35.991+0000] {logging_mixin.py:190} INFO - Track Mama berhasil diupdate.
[2024-11-20T18:01:35.992+0000] {logging_mixin.py:190} INFO - Track Alive berhasil diupdate.
[2024-11-20T18:01:35.993+0000] {logging_mixin.py:190} INFO - Track Dead Clown berhasil diupdate.
[2024-11-20T18:01:35.994+0000] {logging_mixin.py:190} INFO - Track Callout berhasil diupdate.
[2024-11-20T18:01:35.995+0000] {logging_mixin.py:190} INFO - Track Emotional Renegades berhasil diupdate.
[2024-11-20T18:01:35.995+0000] {logging_mixin.py:190} INFO - Track Re-Mine berhasil diupdate.
[2024-11-20T18:01:35.996+0000] {logging_mixin.py:190} INFO - Track Death Parade berhasil diupdate.
[2024-11-20T18:01:35.997+0000] {logging_mixin.py:190} INFO - Track Emotional Renegades berhasil diupdate.
[2024-11-20T18:01:36.000+0000] {python.py:240} INFO - Done. Returned value was: None
[2024-11-20T18:01:36.008+0000] {taskinstance.py:340} INFO - ::group::Post task execution logs
[2024-11-20T18:01:36.008+0000] {taskinstance.py:352} INFO - Marking task as SUCCESS. dag_id=510, task_id=upsert_spotify_data, run_id=scheduled__2024-11-20T15:00:00+00:00, execution_date=20241120T150000, start_date=20241120T180135, end_date=20241120T180136
[2024-11-20T18:01:36.060+0000] {local_task_job_runner.py:266} INFO - Task exited with return code 0
[2024-11-20T18:01:36.071+0000] {taskinstance.py:3895} INFO - 0 downstream tasks scheduled from follow-on schedule check
[2024-11-20T18:01:36.072+0000] {local_task_job_runner.py:245} INFO - ::endgroup::
