[2024-11-22T14:16:18.659+0000] {local_task_job_runner.py:123} INFO - ::group::Pre task execution logs
[2024-11-22T14:16:18.668+0000] {taskinstance.py:2613} INFO - Dependencies all met for dep_context=non-requeueable deps ti=<TaskInstance: bmth.save_youtube_data scheduled__2024-11-22T00:00:00+00:00 [queued]>
[2024-11-22T14:16:18.674+0000] {taskinstance.py:2613} INFO - Dependencies all met for dep_context=requeueable deps ti=<TaskInstance: bmth.save_youtube_data scheduled__2024-11-22T00:00:00+00:00 [queued]>
[2024-11-22T14:16:18.675+0000] {taskinstance.py:2866} INFO - Starting attempt 1 of 1
[2024-11-22T14:16:18.690+0000] {taskinstance.py:2889} INFO - Executing <Task(PythonOperator): save_youtube_data> on 2024-11-22 00:00:00+00:00
[2024-11-22T14:16:18.695+0000] {standard_task_runner.py:72} INFO - Started process 228 to run task
[2024-11-22T14:16:18.699+0000] {standard_task_runner.py:104} INFO - Running: ['airflow', 'tasks', 'run', 'bmth', 'save_youtube_data', 'scheduled__2024-11-22T00:00:00+00:00', '--job-id', '321', '--raw', '--subdir', 'DAGS_FOLDER/bmth.py', '--cfg-path', '/tmp/tmpl3no5oad']
[2024-11-22T14:16:18.701+0000] {standard_task_runner.py:105} INFO - Job 321: Subtask save_youtube_data
[2024-11-22T14:16:18.716+0000] {logging_mixin.py:190} WARNING - /home/airflow/.local/lib/python3.12/site-packages/airflow/settings.py:209 DeprecationWarning: The sql_alchemy_conn option in [core] has been moved to the sql_alchemy_conn option in [database] - the old setting has been used, but please update your config.
[2024-11-22T14:16:18.757+0000] {task_command.py:467} INFO - Running <TaskInstance: bmth.save_youtube_data scheduled__2024-11-22T00:00:00+00:00 [running]> on host a87f321d68a4
[2024-11-22T14:16:18.759+0000] {logging_mixin.py:190} WARNING - /home/airflow/.local/lib/python3.12/site-packages/airflow/settings.py:470 DeprecationWarning: The sql_alchemy_conn option in [core] has been moved to the sql_alchemy_conn option in [database] - the old setting has been used, but please update your config.
[2024-11-22T14:16:18.820+0000] {taskinstance.py:3132} INFO - Exporting env vars: AIRFLOW_CTX_DAG_OWNER='airflow' AIRFLOW_CTX_DAG_ID='bmth' AIRFLOW_CTX_TASK_ID='save_youtube_data' AIRFLOW_CTX_EXECUTION_DATE='2024-11-22T00:00:00+00:00' AIRFLOW_CTX_TRY_NUMBER='1' AIRFLOW_CTX_DAG_RUN_ID='scheduled__2024-11-22T00:00:00+00:00'
[2024-11-22T14:16:18.821+0000] {taskinstance.py:731} INFO - ::endgroup::
[2024-11-22T14:16:18.865+0000] {logging_mixin.py:190} INFO - Successfully connected to MongoDB.
[2024-11-22T14:16:18.869+0000] {logging_mixin.py:190} INFO - Existing data found, moving to historical collection...
[2024-11-22T14:16:18.874+0000] {logging_mixin.py:190} INFO - Existing data moved to historical collection.
[2024-11-22T14:16:18.878+0000] {logging_mixin.py:190} INFO - New data for channel statistics successfully saved to MongoDB.
[2024-11-22T14:16:18.879+0000] {python.py:240} INFO - Done. Returned value was: None
[2024-11-22T14:16:18.886+0000] {taskinstance.py:340} INFO - ::group::Post task execution logs
[2024-11-22T14:16:18.886+0000] {taskinstance.py:352} INFO - Marking task as SUCCESS. dag_id=bmth, task_id=save_youtube_data, run_id=scheduled__2024-11-22T00:00:00+00:00, execution_date=20241122T000000, start_date=20241122T141618, end_date=20241122T141618
[2024-11-22T14:16:18.912+0000] {local_task_job_runner.py:266} INFO - Task exited with return code 0
[2024-11-22T14:16:18.922+0000] {taskinstance.py:3895} INFO - 0 downstream tasks scheduled from follow-on schedule check
[2024-11-22T14:16:18.923+0000] {local_task_job_runner.py:245} INFO - ::endgroup::
