[2024-11-20T21:01:50.154+0000] {local_task_job_runner.py:123} INFO - ::group::Pre task execution logs
[2024-11-20T21:01:50.167+0000] {taskinstance.py:2613} INFO - Dependencies all met for dep_context=non-requeueable deps ti=<TaskInstance: bernadya.upsert_spotify_data scheduled__2024-11-20T18:00:00+00:00 [queued]>
[2024-11-20T21:01:50.176+0000] {taskinstance.py:2613} INFO - Dependencies all met for dep_context=requeueable deps ti=<TaskInstance: bernadya.upsert_spotify_data scheduled__2024-11-20T18:00:00+00:00 [queued]>
[2024-11-20T21:01:50.177+0000] {taskinstance.py:2866} INFO - Starting attempt 1 of 1
[2024-11-20T21:01:50.201+0000] {taskinstance.py:2889} INFO - Executing <Task(PythonOperator): upsert_spotify_data> on 2024-11-20 18:00:00+00:00
[2024-11-20T21:01:50.209+0000] {standard_task_runner.py:72} INFO - Started process 3644 to run task
[2024-11-20T21:01:50.213+0000] {standard_task_runner.py:104} INFO - Running: ['airflow', 'tasks', 'run', 'bernadya', 'upsert_spotify_data', 'scheduled__2024-11-20T18:00:00+00:00', '--job-id', '235', '--raw', '--subdir', 'DAGS_FOLDER/bernadya.py', '--cfg-path', '/tmp/tmpmip8c20q']
[2024-11-20T21:01:50.216+0000] {standard_task_runner.py:105} INFO - Job 235: Subtask upsert_spotify_data
[2024-11-20T21:01:50.233+0000] {logging_mixin.py:190} WARNING - /home/airflow/.local/lib/python3.12/site-packages/airflow/settings.py:209 DeprecationWarning: The sql_alchemy_conn option in [core] has been moved to the sql_alchemy_conn option in [database] - the old setting has been used, but please update your config.
[2024-11-20T21:01:50.264+0000] {task_command.py:467} INFO - Running <TaskInstance: bernadya.upsert_spotify_data scheduled__2024-11-20T18:00:00+00:00 [running]> on host 4ed801b530e9
[2024-11-20T21:01:50.265+0000] {logging_mixin.py:190} WARNING - /home/airflow/.local/lib/python3.12/site-packages/airflow/settings.py:470 DeprecationWarning: The sql_alchemy_conn option in [core] has been moved to the sql_alchemy_conn option in [database] - the old setting has been used, but please update your config.
[2024-11-20T21:01:50.335+0000] {taskinstance.py:3132} INFO - Exporting env vars: AIRFLOW_CTX_DAG_OWNER='airflow' AIRFLOW_CTX_DAG_ID='bernadya' AIRFLOW_CTX_TASK_ID='upsert_spotify_data' AIRFLOW_CTX_EXECUTION_DATE='2024-11-20T18:00:00+00:00' AIRFLOW_CTX_TRY_NUMBER='1' AIRFLOW_CTX_DAG_RUN_ID='scheduled__2024-11-20T18:00:00+00:00'
[2024-11-20T21:01:50.336+0000] {taskinstance.py:731} INFO - ::endgroup::
[2024-11-20T21:01:50.398+0000] {logging_mixin.py:190} INFO - Data artis berhasil diupdate.
[2024-11-20T21:01:50.404+0000] {logging_mixin.py:190} INFO - Data kota Jakarta berhasil diupdate.
[2024-11-20T21:01:50.405+0000] {logging_mixin.py:190} INFO - Data kota Bandung berhasil diupdate.
[2024-11-20T21:01:50.406+0000] {logging_mixin.py:190} INFO - Data kota Surabaya berhasil diupdate.
[2024-11-20T21:01:50.407+0000] {logging_mixin.py:190} INFO - Data kota Makassar berhasil diupdate.
[2024-11-20T21:01:50.408+0000] {logging_mixin.py:190} INFO - Data kota Semarang berhasil diupdate.
[2024-11-20T21:01:50.414+0000] {logging_mixin.py:190} INFO - Track Satu Bulan berhasil diupdate.
[2024-11-20T21:01:50.415+0000] {logging_mixin.py:190} INFO - Track Untungnya, Hidup Harus Tetap Berjalan berhasil diupdate.
[2024-11-20T21:01:50.416+0000] {logging_mixin.py:190} INFO - Track Kata Mereka Ini Berlebihan berhasil diupdate.
[2024-11-20T21:01:50.417+0000] {logging_mixin.py:190} INFO - Track Apa Mungkin berhasil diupdate.
[2024-11-20T21:01:50.418+0000] {logging_mixin.py:190} INFO - Track Kini Mereka Tahu berhasil diupdate.
[2024-11-20T21:01:50.420+0000] {logging_mixin.py:190} INFO - Track Lama-Lama berhasil diupdate.
[2024-11-20T21:01:50.421+0000] {logging_mixin.py:190} INFO - Track Masa Sepi berhasil diupdate.
[2024-11-20T21:01:50.422+0000] {logging_mixin.py:190} INFO - Track Sialnya, Hidup Harus Tetap Berjalan berhasil diupdate.
[2024-11-20T21:01:50.423+0000] {logging_mixin.py:190} INFO - Track Terlintas berhasil diupdate.
[2024-11-20T21:01:50.424+0000] {logging_mixin.py:190} INFO - Track Sinyal-Sinyal berhasil diupdate.
[2024-11-20T21:01:50.428+0000] {python.py:240} INFO - Done. Returned value was: None
[2024-11-20T21:01:50.435+0000] {taskinstance.py:340} INFO - ::group::Post task execution logs
[2024-11-20T21:01:50.436+0000] {taskinstance.py:352} INFO - Marking task as SUCCESS. dag_id=bernadya, task_id=upsert_spotify_data, run_id=scheduled__2024-11-20T18:00:00+00:00, execution_date=20241120T180000, start_date=20241120T210150, end_date=20241120T210150
[2024-11-20T21:01:50.468+0000] {local_task_job_runner.py:266} INFO - Task exited with return code 0
[2024-11-20T21:01:50.478+0000] {taskinstance.py:3895} INFO - 0 downstream tasks scheduled from follow-on schedule check
[2024-11-20T21:01:50.479+0000] {local_task_job_runner.py:245} INFO - ::endgroup::
