[2024-11-21T05:23:17.498+0000] {processor.py:186} INFO - Started process (PID=70) to work on /opt/airflow/dags/510.py
[2024-11-21T05:23:17.500+0000] {processor.py:914} INFO - Processing file /opt/airflow/dags/510.py for tasks to queue
[2024-11-21T05:23:17.504+0000] {logging_mixin.py:190} INFO - [2024-11-21T05:23:17.504+0000] {dagbag.py:588} INFO - Filling up the DagBag from /opt/airflow/dags/510.py
[2024-11-21T05:23:18.470+0000] {processor.py:925} INFO - DAG(s) '510' retrieved from /opt/airflow/dags/510.py
[2024-11-21T05:23:18.707+0000] {logging_mixin.py:190} INFO - [2024-11-21T05:23:18.707+0000] {dag.py:3239} INFO - Sync 1 DAGs
[2024-11-21T05:23:18.747+0000] {logging_mixin.py:190} INFO - [2024-11-21T05:23:18.746+0000] {dag.py:4180} INFO - Setting next_dagrun for 510 to 2024-11-21 00:00:00+00:00, run_after=2024-11-21 05:00:00+00:00
[2024-11-21T05:23:18.796+0000] {processor.py:208} INFO - Processing /opt/airflow/dags/510.py took 1.312 seconds
[2024-11-21T05:23:49.079+0000] {processor.py:186} INFO - Started process (PID=113) to work on /opt/airflow/dags/510.py
[2024-11-21T05:23:49.085+0000] {processor.py:914} INFO - Processing file /opt/airflow/dags/510.py for tasks to queue
[2024-11-21T05:23:49.095+0000] {logging_mixin.py:190} INFO - [2024-11-21T05:23:49.094+0000] {dagbag.py:588} INFO - Filling up the DagBag from /opt/airflow/dags/510.py
[2024-11-21T05:23:50.425+0000] {processor.py:925} INFO - DAG(s) '510' retrieved from /opt/airflow/dags/510.py
[2024-11-21T05:23:50.468+0000] {logging_mixin.py:190} INFO - [2024-11-21T05:23:50.467+0000] {dag.py:3239} INFO - Sync 1 DAGs
[2024-11-21T05:23:50.519+0000] {logging_mixin.py:190} INFO - [2024-11-21T05:23:50.518+0000] {dag.py:4180} INFO - Setting next_dagrun for 510 to 2024-11-21 00:00:00+00:00, run_after=2024-11-21 05:00:00+00:00
[2024-11-21T05:23:50.559+0000] {processor.py:208} INFO - Processing /opt/airflow/dags/510.py took 1.501 seconds
[2024-11-21T05:24:21.493+0000] {processor.py:186} INFO - Started process (PID=154) to work on /opt/airflow/dags/510.py
[2024-11-21T05:24:21.495+0000] {processor.py:914} INFO - Processing file /opt/airflow/dags/510.py for tasks to queue
[2024-11-21T05:24:21.500+0000] {logging_mixin.py:190} INFO - [2024-11-21T05:24:21.499+0000] {dagbag.py:588} INFO - Filling up the DagBag from /opt/airflow/dags/510.py
[2024-11-21T05:24:22.157+0000] {processor.py:925} INFO - DAG(s) '510' retrieved from /opt/airflow/dags/510.py
[2024-11-21T05:24:22.195+0000] {logging_mixin.py:190} INFO - [2024-11-21T05:24:22.195+0000] {dag.py:3239} INFO - Sync 1 DAGs
[2024-11-21T05:24:22.234+0000] {logging_mixin.py:190} INFO - [2024-11-21T05:24:22.234+0000] {dag.py:4180} INFO - Setting next_dagrun for 510 to 2024-11-21 00:00:00+00:00, run_after=2024-11-21 05:00:00+00:00
[2024-11-21T05:24:22.273+0000] {processor.py:208} INFO - Processing /opt/airflow/dags/510.py took 0.792 seconds
[2024-11-21T05:24:54.805+0000] {processor.py:186} INFO - Started process (PID=195) to work on /opt/airflow/dags/510.py
[2024-11-21T05:24:54.808+0000] {processor.py:914} INFO - Processing file /opt/airflow/dags/510.py for tasks to queue
[2024-11-21T05:24:54.814+0000] {logging_mixin.py:190} INFO - [2024-11-21T05:24:54.813+0000] {dagbag.py:588} INFO - Filling up the DagBag from /opt/airflow/dags/510.py
[2024-11-21T05:24:55.946+0000] {processor.py:925} INFO - DAG(s) '510' retrieved from /opt/airflow/dags/510.py
[2024-11-21T05:24:56.012+0000] {logging_mixin.py:190} INFO - [2024-11-21T05:24:56.011+0000] {dag.py:3239} INFO - Sync 1 DAGs
[2024-11-21T05:24:56.098+0000] {logging_mixin.py:190} INFO - [2024-11-21T05:24:56.097+0000] {dag.py:4180} INFO - Setting next_dagrun for 510 to 2024-11-21 00:00:00+00:00, run_after=2024-11-21 05:00:00+00:00
[2024-11-21T05:24:56.165+0000] {processor.py:208} INFO - Processing /opt/airflow/dags/510.py took 1.376 seconds
[2024-11-21T05:25:26.308+0000] {processor.py:186} INFO - Started process (PID=236) to work on /opt/airflow/dags/510.py
[2024-11-21T05:25:26.311+0000] {processor.py:914} INFO - Processing file /opt/airflow/dags/510.py for tasks to queue
[2024-11-21T05:25:26.317+0000] {logging_mixin.py:190} INFO - [2024-11-21T05:25:26.315+0000] {dagbag.py:588} INFO - Filling up the DagBag from /opt/airflow/dags/510.py
[2024-11-21T05:25:26.756+0000] {processor.py:925} INFO - DAG(s) '510' retrieved from /opt/airflow/dags/510.py
[2024-11-21T05:25:26.802+0000] {logging_mixin.py:190} INFO - [2024-11-21T05:25:26.801+0000] {dag.py:3239} INFO - Sync 1 DAGs
[2024-11-21T05:25:26.850+0000] {logging_mixin.py:190} INFO - [2024-11-21T05:25:26.850+0000] {dag.py:4180} INFO - Setting next_dagrun for 510 to 2024-11-21 00:00:00+00:00, run_after=2024-11-21 05:00:00+00:00
[2024-11-21T05:25:26.897+0000] {processor.py:208} INFO - Processing /opt/airflow/dags/510.py took 0.603 seconds
[2024-11-21T05:25:57.920+0000] {processor.py:186} INFO - Started process (PID=273) to work on /opt/airflow/dags/510.py
[2024-11-21T05:25:57.923+0000] {processor.py:914} INFO - Processing file /opt/airflow/dags/510.py for tasks to queue
[2024-11-21T05:25:57.933+0000] {logging_mixin.py:190} INFO - [2024-11-21T05:25:57.932+0000] {dagbag.py:588} INFO - Filling up the DagBag from /opt/airflow/dags/510.py
[2024-11-21T05:25:58.427+0000] {processor.py:925} INFO - DAG(s) '510' retrieved from /opt/airflow/dags/510.py
[2024-11-21T05:25:58.474+0000] {logging_mixin.py:190} INFO - [2024-11-21T05:25:58.474+0000] {dag.py:3239} INFO - Sync 1 DAGs
[2024-11-21T05:25:58.540+0000] {logging_mixin.py:190} INFO - [2024-11-21T05:25:58.540+0000] {dag.py:4180} INFO - Setting next_dagrun for 510 to 2024-11-21 00:00:00+00:00, run_after=2024-11-21 05:00:00+00:00
[2024-11-21T05:25:58.607+0000] {processor.py:208} INFO - Processing /opt/airflow/dags/510.py took 0.707 seconds
[2024-11-21T05:26:28.790+0000] {processor.py:186} INFO - Started process (PID=289) to work on /opt/airflow/dags/510.py
[2024-11-21T05:26:28.792+0000] {processor.py:914} INFO - Processing file /opt/airflow/dags/510.py for tasks to queue
[2024-11-21T05:26:28.798+0000] {logging_mixin.py:190} INFO - [2024-11-21T05:26:28.797+0000] {dagbag.py:588} INFO - Filling up the DagBag from /opt/airflow/dags/510.py
[2024-11-21T05:26:29.309+0000] {processor.py:925} INFO - DAG(s) '510' retrieved from /opt/airflow/dags/510.py
[2024-11-21T05:26:29.360+0000] {logging_mixin.py:190} INFO - [2024-11-21T05:26:29.359+0000] {dag.py:3239} INFO - Sync 1 DAGs
[2024-11-21T05:26:29.418+0000] {logging_mixin.py:190} INFO - [2024-11-21T05:26:29.418+0000] {dag.py:4180} INFO - Setting next_dagrun for 510 to 2024-11-21 00:00:00+00:00, run_after=2024-11-21 05:00:00+00:00
[2024-11-21T05:26:29.461+0000] {processor.py:208} INFO - Processing /opt/airflow/dags/510.py took 0.684 seconds
[2024-11-21T05:26:59.898+0000] {processor.py:186} INFO - Started process (PID=320) to work on /opt/airflow/dags/510.py
[2024-11-21T05:26:59.902+0000] {processor.py:914} INFO - Processing file /opt/airflow/dags/510.py for tasks to queue
[2024-11-21T05:26:59.908+0000] {logging_mixin.py:190} INFO - [2024-11-21T05:26:59.907+0000] {dagbag.py:588} INFO - Filling up the DagBag from /opt/airflow/dags/510.py
[2024-11-21T05:27:00.435+0000] {processor.py:925} INFO - DAG(s) '510' retrieved from /opt/airflow/dags/510.py
[2024-11-21T05:27:00.483+0000] {logging_mixin.py:190} INFO - [2024-11-21T05:27:00.482+0000] {dag.py:3239} INFO - Sync 1 DAGs
[2024-11-21T05:27:00.540+0000] {logging_mixin.py:190} INFO - [2024-11-21T05:27:00.540+0000] {dag.py:4180} INFO - Setting next_dagrun for 510 to 2024-11-21 05:00:00+00:00, run_after=2024-11-21 10:00:00+00:00
[2024-11-21T05:27:00.585+0000] {processor.py:208} INFO - Processing /opt/airflow/dags/510.py took 0.701 seconds
[2024-11-21T05:27:31.508+0000] {processor.py:186} INFO - Started process (PID=361) to work on /opt/airflow/dags/510.py
[2024-11-21T05:27:31.510+0000] {processor.py:914} INFO - Processing file /opt/airflow/dags/510.py for tasks to queue
[2024-11-21T05:27:31.516+0000] {logging_mixin.py:190} INFO - [2024-11-21T05:27:31.515+0000] {dagbag.py:588} INFO - Filling up the DagBag from /opt/airflow/dags/510.py
[2024-11-21T05:27:32.038+0000] {processor.py:925} INFO - DAG(s) '510' retrieved from /opt/airflow/dags/510.py
[2024-11-21T05:27:32.084+0000] {logging_mixin.py:190} INFO - [2024-11-21T05:27:32.083+0000] {dag.py:3239} INFO - Sync 1 DAGs
[2024-11-21T05:27:32.136+0000] {logging_mixin.py:190} INFO - [2024-11-21T05:27:32.136+0000] {dag.py:4180} INFO - Setting next_dagrun for 510 to 2024-11-21 05:00:00+00:00, run_after=2024-11-21 10:00:00+00:00
[2024-11-21T05:27:32.185+0000] {processor.py:208} INFO - Processing /opt/airflow/dags/510.py took 0.689 seconds
[2024-11-21T05:28:09.281+0000] {processor.py:186} INFO - Started process (PID=391) to work on /opt/airflow/dags/510.py
[2024-11-21T05:28:09.295+0000] {processor.py:914} INFO - Processing file /opt/airflow/dags/510.py for tasks to queue
[2024-11-21T05:28:09.320+0000] {logging_mixin.py:190} INFO - [2024-11-21T05:28:09.319+0000] {dagbag.py:588} INFO - Filling up the DagBag from /opt/airflow/dags/510.py
[2024-11-21T05:28:10.366+0000] {processor.py:925} INFO - DAG(s) '510' retrieved from /opt/airflow/dags/510.py
[2024-11-21T05:28:10.467+0000] {logging_mixin.py:190} INFO - [2024-11-21T05:28:10.466+0000] {dag.py:3239} INFO - Sync 1 DAGs
[2024-11-21T05:28:10.572+0000] {logging_mixin.py:190} INFO - [2024-11-21T05:28:10.571+0000] {dag.py:4180} INFO - Setting next_dagrun for 510 to 2024-11-21 05:00:00+00:00, run_after=2024-11-21 10:00:00+00:00
[2024-11-21T05:28:10.670+0000] {processor.py:208} INFO - Processing /opt/airflow/dags/510.py took 1.416 seconds
[2024-11-21T05:28:41.573+0000] {processor.py:186} INFO - Started process (PID=432) to work on /opt/airflow/dags/510.py
[2024-11-21T05:28:41.587+0000] {processor.py:914} INFO - Processing file /opt/airflow/dags/510.py for tasks to queue
[2024-11-21T05:28:41.595+0000] {logging_mixin.py:190} INFO - [2024-11-21T05:28:41.594+0000] {dagbag.py:588} INFO - Filling up the DagBag from /opt/airflow/dags/510.py
[2024-11-21T05:28:42.396+0000] {processor.py:925} INFO - DAG(s) '510' retrieved from /opt/airflow/dags/510.py
[2024-11-21T05:28:42.463+0000] {logging_mixin.py:190} INFO - [2024-11-21T05:28:42.463+0000] {dag.py:3239} INFO - Sync 1 DAGs
[2024-11-21T05:28:42.536+0000] {logging_mixin.py:190} INFO - [2024-11-21T05:28:42.535+0000] {dag.py:4180} INFO - Setting next_dagrun for 510 to 2024-11-21 05:00:00+00:00, run_after=2024-11-21 10:00:00+00:00
[2024-11-21T05:28:42.604+0000] {processor.py:208} INFO - Processing /opt/airflow/dags/510.py took 1.057 seconds
[2024-11-21T05:29:12.872+0000] {processor.py:186} INFO - Started process (PID=461) to work on /opt/airflow/dags/510.py
[2024-11-21T05:29:12.874+0000] {processor.py:914} INFO - Processing file /opt/airflow/dags/510.py for tasks to queue
[2024-11-21T05:29:12.880+0000] {logging_mixin.py:190} INFO - [2024-11-21T05:29:12.879+0000] {dagbag.py:588} INFO - Filling up the DagBag from /opt/airflow/dags/510.py
[2024-11-21T05:29:13.380+0000] {processor.py:925} INFO - DAG(s) '510' retrieved from /opt/airflow/dags/510.py
[2024-11-21T05:29:13.421+0000] {logging_mixin.py:190} INFO - [2024-11-21T05:29:13.420+0000] {dag.py:3239} INFO - Sync 1 DAGs
[2024-11-21T05:29:13.470+0000] {logging_mixin.py:190} INFO - [2024-11-21T05:29:13.469+0000] {dag.py:4180} INFO - Setting next_dagrun for 510 to 2024-11-21 05:00:00+00:00, run_after=2024-11-21 10:00:00+00:00
[2024-11-21T05:29:13.513+0000] {processor.py:208} INFO - Processing /opt/airflow/dags/510.py took 0.657 seconds
[2024-11-21T05:29:43.950+0000] {processor.py:186} INFO - Started process (PID=502) to work on /opt/airflow/dags/510.py
[2024-11-21T05:29:43.953+0000] {processor.py:914} INFO - Processing file /opt/airflow/dags/510.py for tasks to queue
[2024-11-21T05:29:43.958+0000] {logging_mixin.py:190} INFO - [2024-11-21T05:29:43.957+0000] {dagbag.py:588} INFO - Filling up the DagBag from /opt/airflow/dags/510.py
[2024-11-21T05:29:44.415+0000] {processor.py:925} INFO - DAG(s) '510' retrieved from /opt/airflow/dags/510.py
[2024-11-21T05:29:44.464+0000] {logging_mixin.py:190} INFO - [2024-11-21T05:29:44.463+0000] {dag.py:3239} INFO - Sync 1 DAGs
[2024-11-21T05:29:44.515+0000] {logging_mixin.py:190} INFO - [2024-11-21T05:29:44.515+0000] {dag.py:4180} INFO - Setting next_dagrun for 510 to 2024-11-21 05:00:00+00:00, run_after=2024-11-21 10:00:00+00:00
[2024-11-21T05:29:44.569+0000] {processor.py:208} INFO - Processing /opt/airflow/dags/510.py took 0.641 seconds
[2024-11-21T05:30:14.810+0000] {processor.py:186} INFO - Started process (PID=547) to work on /opt/airflow/dags/510.py
[2024-11-21T05:30:14.813+0000] {processor.py:914} INFO - Processing file /opt/airflow/dags/510.py for tasks to queue
[2024-11-21T05:30:14.818+0000] {logging_mixin.py:190} INFO - [2024-11-21T05:30:14.817+0000] {dagbag.py:588} INFO - Filling up the DagBag from /opt/airflow/dags/510.py
[2024-11-21T05:30:15.270+0000] {processor.py:925} INFO - DAG(s) '510' retrieved from /opt/airflow/dags/510.py
[2024-11-21T05:30:15.312+0000] {logging_mixin.py:190} INFO - [2024-11-21T05:30:15.312+0000] {dag.py:3239} INFO - Sync 1 DAGs
[2024-11-21T05:30:15.362+0000] {logging_mixin.py:190} INFO - [2024-11-21T05:30:15.361+0000] {dag.py:4180} INFO - Setting next_dagrun for 510 to 2024-11-21 05:00:00+00:00, run_after=2024-11-21 10:00:00+00:00
[2024-11-21T05:30:15.405+0000] {processor.py:208} INFO - Processing /opt/airflow/dags/510.py took 0.609 seconds
[2024-11-21T05:30:45.926+0000] {processor.py:186} INFO - Started process (PID=595) to work on /opt/airflow/dags/510.py
[2024-11-21T05:30:45.928+0000] {processor.py:914} INFO - Processing file /opt/airflow/dags/510.py for tasks to queue
[2024-11-21T05:30:45.933+0000] {logging_mixin.py:190} INFO - [2024-11-21T05:30:45.932+0000] {dagbag.py:588} INFO - Filling up the DagBag from /opt/airflow/dags/510.py
[2024-11-21T05:30:46.383+0000] {processor.py:925} INFO - DAG(s) '510' retrieved from /opt/airflow/dags/510.py
[2024-11-21T05:30:46.422+0000] {logging_mixin.py:190} INFO - [2024-11-21T05:30:46.422+0000] {dag.py:3239} INFO - Sync 1 DAGs
[2024-11-21T05:30:46.466+0000] {logging_mixin.py:190} INFO - [2024-11-21T05:30:46.465+0000] {dag.py:4180} INFO - Setting next_dagrun for 510 to 2024-11-21 05:00:00+00:00, run_after=2024-11-21 10:00:00+00:00
[2024-11-21T05:30:46.507+0000] {processor.py:208} INFO - Processing /opt/airflow/dags/510.py took 0.594 seconds
[2024-11-21T05:31:16.942+0000] {processor.py:186} INFO - Started process (PID=652) to work on /opt/airflow/dags/510.py
[2024-11-21T05:31:16.944+0000] {processor.py:914} INFO - Processing file /opt/airflow/dags/510.py for tasks to queue
[2024-11-21T05:31:16.950+0000] {logging_mixin.py:190} INFO - [2024-11-21T05:31:16.949+0000] {dagbag.py:588} INFO - Filling up the DagBag from /opt/airflow/dags/510.py
[2024-11-21T05:31:17.638+0000] {processor.py:925} INFO - DAG(s) '510' retrieved from /opt/airflow/dags/510.py
[2024-11-21T05:31:17.687+0000] {logging_mixin.py:190} INFO - [2024-11-21T05:31:17.687+0000] {dag.py:3239} INFO - Sync 1 DAGs
[2024-11-21T05:31:17.742+0000] {logging_mixin.py:190} INFO - [2024-11-21T05:31:17.742+0000] {dag.py:4180} INFO - Setting next_dagrun for 510 to 2024-11-21 05:00:00+00:00, run_after=2024-11-21 10:00:00+00:00
[2024-11-21T05:31:17.786+0000] {processor.py:208} INFO - Processing /opt/airflow/dags/510.py took 0.863 seconds
[2024-11-21T05:31:47.992+0000] {processor.py:186} INFO - Started process (PID=696) to work on /opt/airflow/dags/510.py
[2024-11-21T05:31:47.995+0000] {processor.py:914} INFO - Processing file /opt/airflow/dags/510.py for tasks to queue
[2024-11-21T05:31:48.001+0000] {logging_mixin.py:190} INFO - [2024-11-21T05:31:48.000+0000] {dagbag.py:588} INFO - Filling up the DagBag from /opt/airflow/dags/510.py
[2024-11-21T05:31:48.522+0000] {processor.py:925} INFO - DAG(s) '510' retrieved from /opt/airflow/dags/510.py
[2024-11-21T05:31:48.576+0000] {logging_mixin.py:190} INFO - [2024-11-21T05:31:48.576+0000] {dag.py:3239} INFO - Sync 1 DAGs
[2024-11-21T05:31:48.646+0000] {logging_mixin.py:190} INFO - [2024-11-21T05:31:48.645+0000] {dag.py:4180} INFO - Setting next_dagrun for 510 to 2024-11-21 05:00:00+00:00, run_after=2024-11-21 10:00:00+00:00
[2024-11-21T05:31:48.694+0000] {processor.py:208} INFO - Processing /opt/airflow/dags/510.py took 0.721 seconds
[2024-11-21T05:32:19.785+0000] {processor.py:186} INFO - Started process (PID=744) to work on /opt/airflow/dags/510.py
[2024-11-21T05:32:19.788+0000] {processor.py:914} INFO - Processing file /opt/airflow/dags/510.py for tasks to queue
[2024-11-21T05:32:19.797+0000] {logging_mixin.py:190} INFO - [2024-11-21T05:32:19.795+0000] {dagbag.py:588} INFO - Filling up the DagBag from /opt/airflow/dags/510.py
[2024-11-21T05:32:20.409+0000] {processor.py:925} INFO - DAG(s) '510' retrieved from /opt/airflow/dags/510.py
[2024-11-21T05:32:20.464+0000] {logging_mixin.py:190} INFO - [2024-11-21T05:32:20.463+0000] {dag.py:3239} INFO - Sync 1 DAGs
[2024-11-21T05:32:20.530+0000] {logging_mixin.py:190} INFO - [2024-11-21T05:32:20.529+0000] {dag.py:4180} INFO - Setting next_dagrun for 510 to 2024-11-21 05:00:00+00:00, run_after=2024-11-21 10:00:00+00:00
[2024-11-21T05:32:20.582+0000] {processor.py:208} INFO - Processing /opt/airflow/dags/510.py took 0.821 seconds
[2024-11-21T05:32:51.294+0000] {processor.py:186} INFO - Started process (PID=761) to work on /opt/airflow/dags/510.py
[2024-11-21T05:32:51.296+0000] {processor.py:914} INFO - Processing file /opt/airflow/dags/510.py for tasks to queue
[2024-11-21T05:32:51.300+0000] {logging_mixin.py:190} INFO - [2024-11-21T05:32:51.300+0000] {dagbag.py:588} INFO - Filling up the DagBag from /opt/airflow/dags/510.py
[2024-11-21T05:32:51.726+0000] {processor.py:925} INFO - DAG(s) '510' retrieved from /opt/airflow/dags/510.py
[2024-11-21T05:32:51.770+0000] {logging_mixin.py:190} INFO - [2024-11-21T05:32:51.770+0000] {dag.py:3239} INFO - Sync 1 DAGs
[2024-11-21T05:32:51.817+0000] {logging_mixin.py:190} INFO - [2024-11-21T05:32:51.816+0000] {dag.py:4180} INFO - Setting next_dagrun for 510 to 2024-11-21 05:00:00+00:00, run_after=2024-11-21 10:00:00+00:00
[2024-11-21T05:32:51.859+0000] {processor.py:208} INFO - Processing /opt/airflow/dags/510.py took 0.576 seconds
[2024-11-21T05:33:22.137+0000] {processor.py:186} INFO - Started process (PID=769) to work on /opt/airflow/dags/510.py
[2024-11-21T05:33:22.139+0000] {processor.py:914} INFO - Processing file /opt/airflow/dags/510.py for tasks to queue
[2024-11-21T05:33:22.143+0000] {logging_mixin.py:190} INFO - [2024-11-21T05:33:22.143+0000] {dagbag.py:588} INFO - Filling up the DagBag from /opt/airflow/dags/510.py
[2024-11-21T05:33:22.584+0000] {processor.py:925} INFO - DAG(s) '510' retrieved from /opt/airflow/dags/510.py
[2024-11-21T05:33:22.625+0000] {logging_mixin.py:190} INFO - [2024-11-21T05:33:22.625+0000] {dag.py:3239} INFO - Sync 1 DAGs
[2024-11-21T05:33:22.679+0000] {logging_mixin.py:190} INFO - [2024-11-21T05:33:22.678+0000] {dag.py:4180} INFO - Setting next_dagrun for 510 to 2024-11-21 05:00:00+00:00, run_after=2024-11-21 10:00:00+00:00
[2024-11-21T05:33:22.717+0000] {processor.py:208} INFO - Processing /opt/airflow/dags/510.py took 0.595 seconds
[2024-11-21T05:33:53.015+0000] {processor.py:186} INFO - Started process (PID=777) to work on /opt/airflow/dags/510.py
[2024-11-21T05:33:53.018+0000] {processor.py:914} INFO - Processing file /opt/airflow/dags/510.py for tasks to queue
[2024-11-21T05:33:53.023+0000] {logging_mixin.py:190} INFO - [2024-11-21T05:33:53.023+0000] {dagbag.py:588} INFO - Filling up the DagBag from /opt/airflow/dags/510.py
[2024-11-21T05:33:53.445+0000] {processor.py:925} INFO - DAG(s) '510' retrieved from /opt/airflow/dags/510.py
[2024-11-21T05:33:53.488+0000] {logging_mixin.py:190} INFO - [2024-11-21T05:33:53.488+0000] {dag.py:3239} INFO - Sync 1 DAGs
[2024-11-21T05:33:53.539+0000] {logging_mixin.py:190} INFO - [2024-11-21T05:33:53.539+0000] {dag.py:4180} INFO - Setting next_dagrun for 510 to 2024-11-21 05:00:00+00:00, run_after=2024-11-21 10:00:00+00:00
[2024-11-21T05:33:53.586+0000] {processor.py:208} INFO - Processing /opt/airflow/dags/510.py took 0.588 seconds
[2024-11-21T05:34:23.904+0000] {processor.py:186} INFO - Started process (PID=785) to work on /opt/airflow/dags/510.py
[2024-11-21T05:34:23.906+0000] {processor.py:914} INFO - Processing file /opt/airflow/dags/510.py for tasks to queue
[2024-11-21T05:34:23.911+0000] {logging_mixin.py:190} INFO - [2024-11-21T05:34:23.910+0000] {dagbag.py:588} INFO - Filling up the DagBag from /opt/airflow/dags/510.py
[2024-11-21T05:34:24.368+0000] {processor.py:925} INFO - DAG(s) '510' retrieved from /opt/airflow/dags/510.py
[2024-11-21T05:34:24.413+0000] {logging_mixin.py:190} INFO - [2024-11-21T05:34:24.413+0000] {dag.py:3239} INFO - Sync 1 DAGs
[2024-11-21T05:34:24.457+0000] {logging_mixin.py:190} INFO - [2024-11-21T05:34:24.457+0000] {dag.py:4180} INFO - Setting next_dagrun for 510 to 2024-11-21 05:00:00+00:00, run_after=2024-11-21 10:00:00+00:00
[2024-11-21T05:34:24.500+0000] {processor.py:208} INFO - Processing /opt/airflow/dags/510.py took 0.610 seconds
[2024-11-21T05:34:55.056+0000] {processor.py:186} INFO - Started process (PID=793) to work on /opt/airflow/dags/510.py
[2024-11-21T05:34:55.059+0000] {processor.py:914} INFO - Processing file /opt/airflow/dags/510.py for tasks to queue
[2024-11-21T05:34:55.065+0000] {logging_mixin.py:190} INFO - [2024-11-21T05:34:55.064+0000] {dagbag.py:588} INFO - Filling up the DagBag from /opt/airflow/dags/510.py
[2024-11-21T05:34:55.489+0000] {processor.py:925} INFO - DAG(s) '510' retrieved from /opt/airflow/dags/510.py
[2024-11-21T05:34:55.548+0000] {logging_mixin.py:190} INFO - [2024-11-21T05:34:55.547+0000] {dag.py:3239} INFO - Sync 1 DAGs
[2024-11-21T05:34:55.602+0000] {logging_mixin.py:190} INFO - [2024-11-21T05:34:55.601+0000] {dag.py:4180} INFO - Setting next_dagrun for 510 to 2024-11-21 05:00:00+00:00, run_after=2024-11-21 10:00:00+00:00
[2024-11-21T05:34:55.645+0000] {processor.py:208} INFO - Processing /opt/airflow/dags/510.py took 0.603 seconds
[2024-11-21T05:35:25.878+0000] {processor.py:186} INFO - Started process (PID=801) to work on /opt/airflow/dags/510.py
[2024-11-21T05:35:25.880+0000] {processor.py:914} INFO - Processing file /opt/airflow/dags/510.py for tasks to queue
[2024-11-21T05:35:25.885+0000] {logging_mixin.py:190} INFO - [2024-11-21T05:35:25.885+0000] {dagbag.py:588} INFO - Filling up the DagBag from /opt/airflow/dags/510.py
[2024-11-21T05:35:26.324+0000] {processor.py:925} INFO - DAG(s) '510' retrieved from /opt/airflow/dags/510.py
[2024-11-21T05:35:26.389+0000] {logging_mixin.py:190} INFO - [2024-11-21T05:35:26.388+0000] {dag.py:3239} INFO - Sync 1 DAGs
[2024-11-21T05:35:26.464+0000] {logging_mixin.py:190} INFO - [2024-11-21T05:35:26.464+0000] {dag.py:4180} INFO - Setting next_dagrun for 510 to 2024-11-21 05:00:00+00:00, run_after=2024-11-21 10:00:00+00:00
[2024-11-21T05:35:26.533+0000] {processor.py:208} INFO - Processing /opt/airflow/dags/510.py took 0.668 seconds
[2024-11-21T05:35:56.808+0000] {processor.py:186} INFO - Started process (PID=809) to work on /opt/airflow/dags/510.py
[2024-11-21T05:35:56.810+0000] {processor.py:914} INFO - Processing file /opt/airflow/dags/510.py for tasks to queue
[2024-11-21T05:35:56.814+0000] {logging_mixin.py:190} INFO - [2024-11-21T05:35:56.814+0000] {dagbag.py:588} INFO - Filling up the DagBag from /opt/airflow/dags/510.py
[2024-11-21T05:35:57.228+0000] {processor.py:925} INFO - DAG(s) '510' retrieved from /opt/airflow/dags/510.py
[2024-11-21T05:35:57.269+0000] {logging_mixin.py:190} INFO - [2024-11-21T05:35:57.269+0000] {dag.py:3239} INFO - Sync 1 DAGs
[2024-11-21T05:35:57.315+0000] {logging_mixin.py:190} INFO - [2024-11-21T05:35:57.315+0000] {dag.py:4180} INFO - Setting next_dagrun for 510 to 2024-11-21 05:00:00+00:00, run_after=2024-11-21 10:00:00+00:00
[2024-11-21T05:35:57.357+0000] {processor.py:208} INFO - Processing /opt/airflow/dags/510.py took 0.563 seconds
[2024-11-21T05:36:27.662+0000] {processor.py:186} INFO - Started process (PID=817) to work on /opt/airflow/dags/510.py
[2024-11-21T05:36:27.664+0000] {processor.py:914} INFO - Processing file /opt/airflow/dags/510.py for tasks to queue
[2024-11-21T05:36:27.669+0000] {logging_mixin.py:190} INFO - [2024-11-21T05:36:27.668+0000] {dagbag.py:588} INFO - Filling up the DagBag from /opt/airflow/dags/510.py
[2024-11-21T05:36:28.085+0000] {processor.py:925} INFO - DAG(s) '510' retrieved from /opt/airflow/dags/510.py
[2024-11-21T05:36:28.135+0000] {logging_mixin.py:190} INFO - [2024-11-21T05:36:28.134+0000] {dag.py:3239} INFO - Sync 1 DAGs
[2024-11-21T05:36:28.185+0000] {logging_mixin.py:190} INFO - [2024-11-21T05:36:28.184+0000] {dag.py:4180} INFO - Setting next_dagrun for 510 to 2024-11-21 05:00:00+00:00, run_after=2024-11-21 10:00:00+00:00
[2024-11-21T05:36:28.229+0000] {processor.py:208} INFO - Processing /opt/airflow/dags/510.py took 0.581 seconds
[2024-11-21T05:36:58.591+0000] {processor.py:186} INFO - Started process (PID=825) to work on /opt/airflow/dags/510.py
[2024-11-21T05:36:58.593+0000] {processor.py:914} INFO - Processing file /opt/airflow/dags/510.py for tasks to queue
[2024-11-21T05:36:58.598+0000] {logging_mixin.py:190} INFO - [2024-11-21T05:36:58.597+0000] {dagbag.py:588} INFO - Filling up the DagBag from /opt/airflow/dags/510.py
[2024-11-21T05:36:59.008+0000] {processor.py:925} INFO - DAG(s) '510' retrieved from /opt/airflow/dags/510.py
[2024-11-21T05:36:59.048+0000] {logging_mixin.py:190} INFO - [2024-11-21T05:36:59.047+0000] {dag.py:3239} INFO - Sync 1 DAGs
[2024-11-21T05:36:59.093+0000] {logging_mixin.py:190} INFO - [2024-11-21T05:36:59.093+0000] {dag.py:4180} INFO - Setting next_dagrun for 510 to 2024-11-21 05:00:00+00:00, run_after=2024-11-21 10:00:00+00:00
[2024-11-21T05:36:59.134+0000] {processor.py:208} INFO - Processing /opt/airflow/dags/510.py took 0.562 seconds
[2024-11-21T05:37:29.486+0000] {processor.py:186} INFO - Started process (PID=833) to work on /opt/airflow/dags/510.py
[2024-11-21T05:37:29.487+0000] {processor.py:914} INFO - Processing file /opt/airflow/dags/510.py for tasks to queue
[2024-11-21T05:37:29.492+0000] {logging_mixin.py:190} INFO - [2024-11-21T05:37:29.491+0000] {dagbag.py:588} INFO - Filling up the DagBag from /opt/airflow/dags/510.py
[2024-11-21T05:37:29.903+0000] {processor.py:925} INFO - DAG(s) '510' retrieved from /opt/airflow/dags/510.py
[2024-11-21T05:37:29.954+0000] {logging_mixin.py:190} INFO - [2024-11-21T05:37:29.954+0000] {dag.py:3239} INFO - Sync 1 DAGs
[2024-11-21T05:37:30.015+0000] {logging_mixin.py:190} INFO - [2024-11-21T05:37:30.014+0000] {dag.py:4180} INFO - Setting next_dagrun for 510 to 2024-11-21 05:00:00+00:00, run_after=2024-11-21 10:00:00+00:00
[2024-11-21T05:37:30.061+0000] {processor.py:208} INFO - Processing /opt/airflow/dags/510.py took 0.587 seconds
[2024-11-21T05:38:00.350+0000] {processor.py:186} INFO - Started process (PID=841) to work on /opt/airflow/dags/510.py
[2024-11-21T05:38:00.352+0000] {processor.py:914} INFO - Processing file /opt/airflow/dags/510.py for tasks to queue
[2024-11-21T05:38:00.359+0000] {logging_mixin.py:190} INFO - [2024-11-21T05:38:00.358+0000] {dagbag.py:588} INFO - Filling up the DagBag from /opt/airflow/dags/510.py
[2024-11-21T05:38:00.765+0000] {processor.py:925} INFO - DAG(s) '510' retrieved from /opt/airflow/dags/510.py
[2024-11-21T05:38:00.805+0000] {logging_mixin.py:190} INFO - [2024-11-21T05:38:00.805+0000] {dag.py:3239} INFO - Sync 1 DAGs
[2024-11-21T05:38:00.854+0000] {logging_mixin.py:190} INFO - [2024-11-21T05:38:00.853+0000] {dag.py:4180} INFO - Setting next_dagrun for 510 to 2024-11-21 05:00:00+00:00, run_after=2024-11-21 10:00:00+00:00
[2024-11-21T05:38:00.902+0000] {processor.py:208} INFO - Processing /opt/airflow/dags/510.py took 0.567 seconds
[2024-11-21T05:38:31.646+0000] {processor.py:186} INFO - Started process (PID=849) to work on /opt/airflow/dags/510.py
[2024-11-21T05:38:31.649+0000] {processor.py:914} INFO - Processing file /opt/airflow/dags/510.py for tasks to queue
[2024-11-21T05:38:31.653+0000] {logging_mixin.py:190} INFO - [2024-11-21T05:38:31.653+0000] {dagbag.py:588} INFO - Filling up the DagBag from /opt/airflow/dags/510.py
[2024-11-21T05:38:32.052+0000] {processor.py:925} INFO - DAG(s) '510' retrieved from /opt/airflow/dags/510.py
[2024-11-21T05:38:32.093+0000] {logging_mixin.py:190} INFO - [2024-11-21T05:38:32.092+0000] {dag.py:3239} INFO - Sync 1 DAGs
[2024-11-21T05:38:32.137+0000] {logging_mixin.py:190} INFO - [2024-11-21T05:38:32.136+0000] {dag.py:4180} INFO - Setting next_dagrun for 510 to 2024-11-21 05:00:00+00:00, run_after=2024-11-21 10:00:00+00:00
[2024-11-21T05:38:32.181+0000] {processor.py:208} INFO - Processing /opt/airflow/dags/510.py took 0.546 seconds
[2024-11-21T05:39:03.332+0000] {processor.py:186} INFO - Started process (PID=857) to work on /opt/airflow/dags/510.py
[2024-11-21T05:39:03.334+0000] {processor.py:914} INFO - Processing file /opt/airflow/dags/510.py for tasks to queue
[2024-11-21T05:39:03.339+0000] {logging_mixin.py:190} INFO - [2024-11-21T05:39:03.338+0000] {dagbag.py:588} INFO - Filling up the DagBag from /opt/airflow/dags/510.py
[2024-11-21T05:39:03.792+0000] {processor.py:925} INFO - DAG(s) '510' retrieved from /opt/airflow/dags/510.py
[2024-11-21T05:39:03.833+0000] {logging_mixin.py:190} INFO - [2024-11-21T05:39:03.832+0000] {dag.py:3239} INFO - Sync 1 DAGs
[2024-11-21T05:39:03.882+0000] {logging_mixin.py:190} INFO - [2024-11-21T05:39:03.881+0000] {dag.py:4180} INFO - Setting next_dagrun for 510 to 2024-11-21 05:00:00+00:00, run_after=2024-11-21 10:00:00+00:00
[2024-11-21T05:39:03.925+0000] {processor.py:208} INFO - Processing /opt/airflow/dags/510.py took 0.606 seconds
[2024-11-21T05:39:34.477+0000] {processor.py:186} INFO - Started process (PID=865) to work on /opt/airflow/dags/510.py
[2024-11-21T05:39:34.479+0000] {processor.py:914} INFO - Processing file /opt/airflow/dags/510.py for tasks to queue
[2024-11-21T05:39:34.484+0000] {logging_mixin.py:190} INFO - [2024-11-21T05:39:34.483+0000] {dagbag.py:588} INFO - Filling up the DagBag from /opt/airflow/dags/510.py
[2024-11-21T05:39:34.920+0000] {processor.py:925} INFO - DAG(s) '510' retrieved from /opt/airflow/dags/510.py
[2024-11-21T05:39:34.960+0000] {logging_mixin.py:190} INFO - [2024-11-21T05:39:34.960+0000] {dag.py:3239} INFO - Sync 1 DAGs
[2024-11-21T05:39:35.217+0000] {logging_mixin.py:190} INFO - [2024-11-21T05:39:35.216+0000] {dag.py:4180} INFO - Setting next_dagrun for 510 to 2024-11-21 05:00:00+00:00, run_after=2024-11-21 10:00:00+00:00
[2024-11-21T05:39:35.261+0000] {processor.py:208} INFO - Processing /opt/airflow/dags/510.py took 0.796 seconds
[2024-11-21T05:40:06.189+0000] {processor.py:186} INFO - Started process (PID=873) to work on /opt/airflow/dags/510.py
[2024-11-21T05:40:06.191+0000] {processor.py:914} INFO - Processing file /opt/airflow/dags/510.py for tasks to queue
[2024-11-21T05:40:06.197+0000] {logging_mixin.py:190} INFO - [2024-11-21T05:40:06.196+0000] {dagbag.py:588} INFO - Filling up the DagBag from /opt/airflow/dags/510.py
[2024-11-21T05:40:06.612+0000] {processor.py:925} INFO - DAG(s) '510' retrieved from /opt/airflow/dags/510.py
[2024-11-21T05:40:06.659+0000] {logging_mixin.py:190} INFO - [2024-11-21T05:40:06.658+0000] {dag.py:3239} INFO - Sync 1 DAGs
[2024-11-21T05:40:06.703+0000] {logging_mixin.py:190} INFO - [2024-11-21T05:40:06.703+0000] {dag.py:4180} INFO - Setting next_dagrun for 510 to 2024-11-21 05:00:00+00:00, run_after=2024-11-21 10:00:00+00:00
[2024-11-21T05:40:06.749+0000] {processor.py:208} INFO - Processing /opt/airflow/dags/510.py took 0.575 seconds
[2024-11-21T05:40:37.125+0000] {processor.py:186} INFO - Started process (PID=881) to work on /opt/airflow/dags/510.py
[2024-11-21T05:40:37.127+0000] {processor.py:914} INFO - Processing file /opt/airflow/dags/510.py for tasks to queue
[2024-11-21T05:40:37.132+0000] {logging_mixin.py:190} INFO - [2024-11-21T05:40:37.131+0000] {dagbag.py:588} INFO - Filling up the DagBag from /opt/airflow/dags/510.py
[2024-11-21T05:40:37.556+0000] {processor.py:925} INFO - DAG(s) '510' retrieved from /opt/airflow/dags/510.py
[2024-11-21T05:40:37.827+0000] {logging_mixin.py:190} INFO - [2024-11-21T05:40:37.827+0000] {dag.py:3239} INFO - Sync 1 DAGs
[2024-11-21T05:40:37.877+0000] {logging_mixin.py:190} INFO - [2024-11-21T05:40:37.877+0000] {dag.py:4180} INFO - Setting next_dagrun for 510 to 2024-11-21 05:00:00+00:00, run_after=2024-11-21 10:00:00+00:00
[2024-11-21T05:40:37.914+0000] {processor.py:208} INFO - Processing /opt/airflow/dags/510.py took 0.802 seconds
[2024-11-21T05:41:08.783+0000] {processor.py:186} INFO - Started process (PID=889) to work on /opt/airflow/dags/510.py
[2024-11-21T05:41:08.785+0000] {processor.py:914} INFO - Processing file /opt/airflow/dags/510.py for tasks to queue
[2024-11-21T05:41:08.790+0000] {logging_mixin.py:190} INFO - [2024-11-21T05:41:08.789+0000] {dagbag.py:588} INFO - Filling up the DagBag from /opt/airflow/dags/510.py
[2024-11-21T05:41:09.431+0000] {processor.py:925} INFO - DAG(s) '510' retrieved from /opt/airflow/dags/510.py
[2024-11-21T05:41:09.467+0000] {logging_mixin.py:190} INFO - [2024-11-21T05:41:09.467+0000] {dag.py:3239} INFO - Sync 1 DAGs
[2024-11-21T05:41:09.507+0000] {logging_mixin.py:190} INFO - [2024-11-21T05:41:09.507+0000] {dag.py:4180} INFO - Setting next_dagrun for 510 to 2024-11-21 05:00:00+00:00, run_after=2024-11-21 10:00:00+00:00
[2024-11-21T05:41:09.544+0000] {processor.py:208} INFO - Processing /opt/airflow/dags/510.py took 0.775 seconds
[2024-11-21T05:41:40.425+0000] {processor.py:186} INFO - Started process (PID=897) to work on /opt/airflow/dags/510.py
[2024-11-21T05:41:40.428+0000] {processor.py:914} INFO - Processing file /opt/airflow/dags/510.py for tasks to queue
[2024-11-21T05:41:40.433+0000] {logging_mixin.py:190} INFO - [2024-11-21T05:41:40.432+0000] {dagbag.py:588} INFO - Filling up the DagBag from /opt/airflow/dags/510.py
[2024-11-21T05:41:41.070+0000] {processor.py:925} INFO - DAG(s) '510' retrieved from /opt/airflow/dags/510.py
[2024-11-21T05:41:41.109+0000] {logging_mixin.py:190} INFO - [2024-11-21T05:41:41.108+0000] {dag.py:3239} INFO - Sync 1 DAGs
[2024-11-21T05:41:41.154+0000] {logging_mixin.py:190} INFO - [2024-11-21T05:41:41.154+0000] {dag.py:4180} INFO - Setting next_dagrun for 510 to 2024-11-21 05:00:00+00:00, run_after=2024-11-21 10:00:00+00:00
[2024-11-21T05:41:41.195+0000] {processor.py:208} INFO - Processing /opt/airflow/dags/510.py took 0.782 seconds
[2024-11-21T05:42:11.530+0000] {processor.py:186} INFO - Started process (PID=905) to work on /opt/airflow/dags/510.py
[2024-11-21T05:42:11.533+0000] {processor.py:914} INFO - Processing file /opt/airflow/dags/510.py for tasks to queue
[2024-11-21T05:42:11.541+0000] {logging_mixin.py:190} INFO - [2024-11-21T05:42:11.540+0000] {dagbag.py:588} INFO - Filling up the DagBag from /opt/airflow/dags/510.py
[2024-11-21T05:42:12.170+0000] {processor.py:925} INFO - DAG(s) '510' retrieved from /opt/airflow/dags/510.py
[2024-11-21T05:42:12.208+0000] {logging_mixin.py:190} INFO - [2024-11-21T05:42:12.208+0000] {dag.py:3239} INFO - Sync 1 DAGs
[2024-11-21T05:42:12.253+0000] {logging_mixin.py:190} INFO - [2024-11-21T05:42:12.252+0000] {dag.py:4180} INFO - Setting next_dagrun for 510 to 2024-11-21 05:00:00+00:00, run_after=2024-11-21 10:00:00+00:00
[2024-11-21T05:42:12.299+0000] {processor.py:208} INFO - Processing /opt/airflow/dags/510.py took 0.806 seconds
[2024-11-21T05:42:43.235+0000] {processor.py:186} INFO - Started process (PID=913) to work on /opt/airflow/dags/510.py
[2024-11-21T05:42:43.237+0000] {processor.py:914} INFO - Processing file /opt/airflow/dags/510.py for tasks to queue
[2024-11-21T05:42:43.242+0000] {logging_mixin.py:190} INFO - [2024-11-21T05:42:43.241+0000] {dagbag.py:588} INFO - Filling up the DagBag from /opt/airflow/dags/510.py
[2024-11-21T05:42:43.854+0000] {processor.py:925} INFO - DAG(s) '510' retrieved from /opt/airflow/dags/510.py
[2024-11-21T05:42:43.893+0000] {logging_mixin.py:190} INFO - [2024-11-21T05:42:43.893+0000] {dag.py:3239} INFO - Sync 1 DAGs
[2024-11-21T05:42:43.933+0000] {logging_mixin.py:190} INFO - [2024-11-21T05:42:43.933+0000] {dag.py:4180} INFO - Setting next_dagrun for 510 to 2024-11-21 05:00:00+00:00, run_after=2024-11-21 10:00:00+00:00
[2024-11-21T05:42:43.972+0000] {processor.py:208} INFO - Processing /opt/airflow/dags/510.py took 0.748 seconds
[2024-11-21T05:43:14.733+0000] {processor.py:186} INFO - Started process (PID=921) to work on /opt/airflow/dags/510.py
[2024-11-21T05:43:14.736+0000] {processor.py:914} INFO - Processing file /opt/airflow/dags/510.py for tasks to queue
[2024-11-21T05:43:14.741+0000] {logging_mixin.py:190} INFO - [2024-11-21T05:43:14.740+0000] {dagbag.py:588} INFO - Filling up the DagBag from /opt/airflow/dags/510.py
[2024-11-21T05:43:15.367+0000] {processor.py:925} INFO - DAG(s) '510' retrieved from /opt/airflow/dags/510.py
[2024-11-21T05:43:15.407+0000] {logging_mixin.py:190} INFO - [2024-11-21T05:43:15.407+0000] {dag.py:3239} INFO - Sync 1 DAGs
[2024-11-21T05:43:15.453+0000] {logging_mixin.py:190} INFO - [2024-11-21T05:43:15.453+0000] {dag.py:4180} INFO - Setting next_dagrun for 510 to 2024-11-21 05:00:00+00:00, run_after=2024-11-21 10:00:00+00:00
[2024-11-21T05:43:15.498+0000] {processor.py:208} INFO - Processing /opt/airflow/dags/510.py took 0.776 seconds
[2024-11-21T05:43:45.876+0000] {processor.py:186} INFO - Started process (PID=929) to work on /opt/airflow/dags/510.py
[2024-11-21T05:43:45.878+0000] {processor.py:914} INFO - Processing file /opt/airflow/dags/510.py for tasks to queue
[2024-11-21T05:43:45.883+0000] {logging_mixin.py:190} INFO - [2024-11-21T05:43:45.882+0000] {dagbag.py:588} INFO - Filling up the DagBag from /opt/airflow/dags/510.py
[2024-11-21T05:43:46.508+0000] {processor.py:925} INFO - DAG(s) '510' retrieved from /opt/airflow/dags/510.py
[2024-11-21T05:43:46.546+0000] {logging_mixin.py:190} INFO - [2024-11-21T05:43:46.545+0000] {dag.py:3239} INFO - Sync 1 DAGs
[2024-11-21T05:43:46.590+0000] {logging_mixin.py:190} INFO - [2024-11-21T05:43:46.590+0000] {dag.py:4180} INFO - Setting next_dagrun for 510 to 2024-11-21 05:00:00+00:00, run_after=2024-11-21 10:00:00+00:00
[2024-11-21T05:43:46.627+0000] {processor.py:208} INFO - Processing /opt/airflow/dags/510.py took 0.766 seconds
[2024-11-21T05:44:17.359+0000] {processor.py:186} INFO - Started process (PID=937) to work on /opt/airflow/dags/510.py
[2024-11-21T05:44:17.361+0000] {processor.py:914} INFO - Processing file /opt/airflow/dags/510.py for tasks to queue
[2024-11-21T05:44:17.366+0000] {logging_mixin.py:190} INFO - [2024-11-21T05:44:17.365+0000] {dagbag.py:588} INFO - Filling up the DagBag from /opt/airflow/dags/510.py
[2024-11-21T05:44:18.044+0000] {processor.py:925} INFO - DAG(s) '510' retrieved from /opt/airflow/dags/510.py
[2024-11-21T05:44:18.078+0000] {logging_mixin.py:190} INFO - [2024-11-21T05:44:18.078+0000] {dag.py:3239} INFO - Sync 1 DAGs
[2024-11-21T05:44:18.124+0000] {logging_mixin.py:190} INFO - [2024-11-21T05:44:18.122+0000] {dag.py:4180} INFO - Setting next_dagrun for 510 to 2024-11-21 05:00:00+00:00, run_after=2024-11-21 10:00:00+00:00
[2024-11-21T05:44:18.364+0000] {processor.py:208} INFO - Processing /opt/airflow/dags/510.py took 1.017 seconds
[2024-11-21T05:44:49.134+0000] {processor.py:186} INFO - Started process (PID=945) to work on /opt/airflow/dags/510.py
[2024-11-21T05:44:49.137+0000] {processor.py:914} INFO - Processing file /opt/airflow/dags/510.py for tasks to queue
[2024-11-21T05:44:49.143+0000] {logging_mixin.py:190} INFO - [2024-11-21T05:44:49.142+0000] {dagbag.py:588} INFO - Filling up the DagBag from /opt/airflow/dags/510.py
[2024-11-21T05:44:49.752+0000] {processor.py:925} INFO - DAG(s) '510' retrieved from /opt/airflow/dags/510.py
[2024-11-21T05:44:49.792+0000] {logging_mixin.py:190} INFO - [2024-11-21T05:44:49.791+0000] {dag.py:3239} INFO - Sync 1 DAGs
[2024-11-21T05:44:49.830+0000] {logging_mixin.py:190} INFO - [2024-11-21T05:44:49.830+0000] {dag.py:4180} INFO - Setting next_dagrun for 510 to 2024-11-21 05:00:00+00:00, run_after=2024-11-21 10:00:00+00:00
[2024-11-21T05:44:49.872+0000] {processor.py:208} INFO - Processing /opt/airflow/dags/510.py took 0.750 seconds
[2024-11-21T05:45:20.420+0000] {processor.py:186} INFO - Started process (PID=953) to work on /opt/airflow/dags/510.py
[2024-11-21T05:45:20.422+0000] {processor.py:914} INFO - Processing file /opt/airflow/dags/510.py for tasks to queue
[2024-11-21T05:45:20.426+0000] {logging_mixin.py:190} INFO - [2024-11-21T05:45:20.426+0000] {dagbag.py:588} INFO - Filling up the DagBag from /opt/airflow/dags/510.py
[2024-11-21T05:45:21.015+0000] {processor.py:925} INFO - DAG(s) '510' retrieved from /opt/airflow/dags/510.py
[2024-11-21T05:45:21.052+0000] {logging_mixin.py:190} INFO - [2024-11-21T05:45:21.051+0000] {dag.py:3239} INFO - Sync 1 DAGs
[2024-11-21T05:45:21.092+0000] {logging_mixin.py:190} INFO - [2024-11-21T05:45:21.091+0000] {dag.py:4180} INFO - Setting next_dagrun for 510 to 2024-11-21 05:00:00+00:00, run_after=2024-11-21 10:00:00+00:00
[2024-11-21T05:45:21.133+0000] {processor.py:208} INFO - Processing /opt/airflow/dags/510.py took 0.725 seconds
[2024-11-21T05:45:51.813+0000] {processor.py:186} INFO - Started process (PID=961) to work on /opt/airflow/dags/510.py
[2024-11-21T05:45:51.815+0000] {processor.py:914} INFO - Processing file /opt/airflow/dags/510.py for tasks to queue
[2024-11-21T05:45:51.820+0000] {logging_mixin.py:190} INFO - [2024-11-21T05:45:51.819+0000] {dagbag.py:588} INFO - Filling up the DagBag from /opt/airflow/dags/510.py
[2024-11-21T05:45:52.571+0000] {processor.py:925} INFO - DAG(s) '510' retrieved from /opt/airflow/dags/510.py
[2024-11-21T05:45:52.614+0000] {logging_mixin.py:190} INFO - [2024-11-21T05:45:52.613+0000] {dag.py:3239} INFO - Sync 1 DAGs
[2024-11-21T05:45:52.659+0000] {logging_mixin.py:190} INFO - [2024-11-21T05:45:52.658+0000] {dag.py:4180} INFO - Setting next_dagrun for 510 to 2024-11-21 05:00:00+00:00, run_after=2024-11-21 10:00:00+00:00
[2024-11-21T05:45:52.699+0000] {processor.py:208} INFO - Processing /opt/airflow/dags/510.py took 0.901 seconds
[2024-11-21T05:46:23.411+0000] {processor.py:186} INFO - Started process (PID=969) to work on /opt/airflow/dags/510.py
[2024-11-21T05:46:23.413+0000] {processor.py:914} INFO - Processing file /opt/airflow/dags/510.py for tasks to queue
[2024-11-21T05:46:23.418+0000] {logging_mixin.py:190} INFO - [2024-11-21T05:46:23.417+0000] {dagbag.py:588} INFO - Filling up the DagBag from /opt/airflow/dags/510.py
[2024-11-21T05:46:24.043+0000] {processor.py:925} INFO - DAG(s) '510' retrieved from /opt/airflow/dags/510.py
[2024-11-21T05:46:24.080+0000] {logging_mixin.py:190} INFO - [2024-11-21T05:46:24.079+0000] {dag.py:3239} INFO - Sync 1 DAGs
[2024-11-21T05:46:24.121+0000] {logging_mixin.py:190} INFO - [2024-11-21T05:46:24.121+0000] {dag.py:4180} INFO - Setting next_dagrun for 510 to 2024-11-21 05:00:00+00:00, run_after=2024-11-21 10:00:00+00:00
[2024-11-21T05:46:24.162+0000] {processor.py:208} INFO - Processing /opt/airflow/dags/510.py took 0.762 seconds
[2024-11-21T05:46:54.487+0000] {processor.py:186} INFO - Started process (PID=977) to work on /opt/airflow/dags/510.py
[2024-11-21T05:46:54.489+0000] {processor.py:914} INFO - Processing file /opt/airflow/dags/510.py for tasks to queue
[2024-11-21T05:46:54.494+0000] {logging_mixin.py:190} INFO - [2024-11-21T05:46:54.494+0000] {dagbag.py:588} INFO - Filling up the DagBag from /opt/airflow/dags/510.py
[2024-11-21T05:46:54.905+0000] {processor.py:925} INFO - DAG(s) '510' retrieved from /opt/airflow/dags/510.py
[2024-11-21T05:46:54.944+0000] {logging_mixin.py:190} INFO - [2024-11-21T05:46:54.943+0000] {dag.py:3239} INFO - Sync 1 DAGs
[2024-11-21T05:46:54.998+0000] {logging_mixin.py:190} INFO - [2024-11-21T05:46:54.997+0000] {dag.py:4180} INFO - Setting next_dagrun for 510 to 2024-11-21 05:00:00+00:00, run_after=2024-11-21 10:00:00+00:00
[2024-11-21T05:46:55.058+0000] {processor.py:208} INFO - Processing /opt/airflow/dags/510.py took 0.582 seconds
[2024-11-21T05:47:25.510+0000] {processor.py:186} INFO - Started process (PID=985) to work on /opt/airflow/dags/510.py
[2024-11-21T05:47:25.513+0000] {processor.py:914} INFO - Processing file /opt/airflow/dags/510.py for tasks to queue
[2024-11-21T05:47:25.517+0000] {logging_mixin.py:190} INFO - [2024-11-21T05:47:25.517+0000] {dagbag.py:588} INFO - Filling up the DagBag from /opt/airflow/dags/510.py
[2024-11-21T05:47:25.933+0000] {processor.py:925} INFO - DAG(s) '510' retrieved from /opt/airflow/dags/510.py
[2024-11-21T05:47:25.979+0000] {logging_mixin.py:190} INFO - [2024-11-21T05:47:25.978+0000] {dag.py:3239} INFO - Sync 1 DAGs
[2024-11-21T05:47:26.033+0000] {logging_mixin.py:190} INFO - [2024-11-21T05:47:26.033+0000] {dag.py:4180} INFO - Setting next_dagrun for 510 to 2024-11-21 05:00:00+00:00, run_after=2024-11-21 10:00:00+00:00
[2024-11-21T05:47:26.076+0000] {processor.py:208} INFO - Processing /opt/airflow/dags/510.py took 0.578 seconds
[2024-11-21T05:47:56.662+0000] {processor.py:186} INFO - Started process (PID=993) to work on /opt/airflow/dags/510.py
[2024-11-21T05:47:56.665+0000] {processor.py:914} INFO - Processing file /opt/airflow/dags/510.py for tasks to queue
[2024-11-21T05:47:56.669+0000] {logging_mixin.py:190} INFO - [2024-11-21T05:47:56.669+0000] {dagbag.py:588} INFO - Filling up the DagBag from /opt/airflow/dags/510.py
[2024-11-21T05:47:57.101+0000] {processor.py:925} INFO - DAG(s) '510' retrieved from /opt/airflow/dags/510.py
[2024-11-21T05:47:57.144+0000] {logging_mixin.py:190} INFO - [2024-11-21T05:47:57.144+0000] {dag.py:3239} INFO - Sync 1 DAGs
[2024-11-21T05:47:57.197+0000] {logging_mixin.py:190} INFO - [2024-11-21T05:47:57.196+0000] {dag.py:4180} INFO - Setting next_dagrun for 510 to 2024-11-21 05:00:00+00:00, run_after=2024-11-21 10:00:00+00:00
[2024-11-21T05:47:57.241+0000] {processor.py:208} INFO - Processing /opt/airflow/dags/510.py took 0.593 seconds
[2024-11-21T05:48:28.287+0000] {processor.py:186} INFO - Started process (PID=1001) to work on /opt/airflow/dags/510.py
[2024-11-21T05:48:28.289+0000] {processor.py:914} INFO - Processing file /opt/airflow/dags/510.py for tasks to queue
[2024-11-21T05:48:28.294+0000] {logging_mixin.py:190} INFO - [2024-11-21T05:48:28.293+0000] {dagbag.py:588} INFO - Filling up the DagBag from /opt/airflow/dags/510.py
[2024-11-21T05:48:28.702+0000] {processor.py:925} INFO - DAG(s) '510' retrieved from /opt/airflow/dags/510.py
[2024-11-21T05:48:28.752+0000] {logging_mixin.py:190} INFO - [2024-11-21T05:48:28.752+0000] {dag.py:3239} INFO - Sync 1 DAGs
[2024-11-21T05:48:28.810+0000] {logging_mixin.py:190} INFO - [2024-11-21T05:48:28.809+0000] {dag.py:4180} INFO - Setting next_dagrun for 510 to 2024-11-21 05:00:00+00:00, run_after=2024-11-21 10:00:00+00:00
[2024-11-21T05:48:28.854+0000] {processor.py:208} INFO - Processing /opt/airflow/dags/510.py took 0.579 seconds
[2024-11-21T05:48:59.775+0000] {processor.py:186} INFO - Started process (PID=1009) to work on /opt/airflow/dags/510.py
[2024-11-21T05:48:59.777+0000] {processor.py:914} INFO - Processing file /opt/airflow/dags/510.py for tasks to queue
[2024-11-21T05:48:59.782+0000] {logging_mixin.py:190} INFO - [2024-11-21T05:48:59.781+0000] {dagbag.py:588} INFO - Filling up the DagBag from /opt/airflow/dags/510.py
[2024-11-21T05:49:00.370+0000] {processor.py:925} INFO - DAG(s) '510' retrieved from /opt/airflow/dags/510.py
[2024-11-21T05:49:00.451+0000] {logging_mixin.py:190} INFO - [2024-11-21T05:49:00.451+0000] {dag.py:3239} INFO - Sync 1 DAGs
[2024-11-21T05:49:00.513+0000] {logging_mixin.py:190} INFO - [2024-11-21T05:49:00.513+0000] {dag.py:4180} INFO - Setting next_dagrun for 510 to 2024-11-21 05:00:00+00:00, run_after=2024-11-21 10:00:00+00:00
[2024-11-21T05:49:00.561+0000] {processor.py:208} INFO - Processing /opt/airflow/dags/510.py took 0.797 seconds
[2024-11-21T05:49:31.071+0000] {processor.py:186} INFO - Started process (PID=1017) to work on /opt/airflow/dags/510.py
[2024-11-21T05:49:31.074+0000] {processor.py:914} INFO - Processing file /opt/airflow/dags/510.py for tasks to queue
[2024-11-21T05:49:31.081+0000] {logging_mixin.py:190} INFO - [2024-11-21T05:49:31.080+0000] {dagbag.py:588} INFO - Filling up the DagBag from /opt/airflow/dags/510.py
[2024-11-21T05:49:31.634+0000] {processor.py:925} INFO - DAG(s) '510' retrieved from /opt/airflow/dags/510.py
[2024-11-21T05:49:31.678+0000] {logging_mixin.py:190} INFO - [2024-11-21T05:49:31.677+0000] {dag.py:3239} INFO - Sync 1 DAGs
[2024-11-21T05:49:31.726+0000] {logging_mixin.py:190} INFO - [2024-11-21T05:49:31.726+0000] {dag.py:4180} INFO - Setting next_dagrun for 510 to 2024-11-21 05:00:00+00:00, run_after=2024-11-21 10:00:00+00:00
[2024-11-21T05:49:31.771+0000] {processor.py:208} INFO - Processing /opt/airflow/dags/510.py took 0.718 seconds
[2024-11-21T05:50:02.116+0000] {processor.py:186} INFO - Started process (PID=1025) to work on /opt/airflow/dags/510.py
[2024-11-21T05:50:02.118+0000] {processor.py:914} INFO - Processing file /opt/airflow/dags/510.py for tasks to queue
[2024-11-21T05:50:02.123+0000] {logging_mixin.py:190} INFO - [2024-11-21T05:50:02.122+0000] {dagbag.py:588} INFO - Filling up the DagBag from /opt/airflow/dags/510.py
[2024-11-21T05:50:02.563+0000] {processor.py:925} INFO - DAG(s) '510' retrieved from /opt/airflow/dags/510.py
[2024-11-21T05:50:02.611+0000] {logging_mixin.py:190} INFO - [2024-11-21T05:50:02.610+0000] {dag.py:3239} INFO - Sync 1 DAGs
[2024-11-21T05:50:02.663+0000] {logging_mixin.py:190} INFO - [2024-11-21T05:50:02.663+0000] {dag.py:4180} INFO - Setting next_dagrun for 510 to 2024-11-21 05:00:00+00:00, run_after=2024-11-21 10:00:00+00:00
[2024-11-21T05:50:02.705+0000] {processor.py:208} INFO - Processing /opt/airflow/dags/510.py took 0.602 seconds
[2024-11-21T05:50:33.619+0000] {processor.py:186} INFO - Started process (PID=1033) to work on /opt/airflow/dags/510.py
[2024-11-21T05:50:33.621+0000] {processor.py:914} INFO - Processing file /opt/airflow/dags/510.py for tasks to queue
[2024-11-21T05:50:33.626+0000] {logging_mixin.py:190} INFO - [2024-11-21T05:50:33.625+0000] {dagbag.py:588} INFO - Filling up the DagBag from /opt/airflow/dags/510.py
[2024-11-21T05:50:34.020+0000] {processor.py:925} INFO - DAG(s) '510' retrieved from /opt/airflow/dags/510.py
[2024-11-21T05:50:34.062+0000] {logging_mixin.py:190} INFO - [2024-11-21T05:50:34.061+0000] {dag.py:3239} INFO - Sync 1 DAGs
[2024-11-21T05:50:34.114+0000] {logging_mixin.py:190} INFO - [2024-11-21T05:50:34.113+0000] {dag.py:4180} INFO - Setting next_dagrun for 510 to 2024-11-21 05:00:00+00:00, run_after=2024-11-21 10:00:00+00:00
[2024-11-21T05:50:34.157+0000] {processor.py:208} INFO - Processing /opt/airflow/dags/510.py took 0.550 seconds
[2024-11-21T05:51:04.769+0000] {processor.py:186} INFO - Started process (PID=1041) to work on /opt/airflow/dags/510.py
[2024-11-21T05:51:04.771+0000] {processor.py:914} INFO - Processing file /opt/airflow/dags/510.py for tasks to queue
[2024-11-21T05:51:04.775+0000] {logging_mixin.py:190} INFO - [2024-11-21T05:51:04.775+0000] {dagbag.py:588} INFO - Filling up the DagBag from /opt/airflow/dags/510.py
[2024-11-21T05:51:05.221+0000] {processor.py:925} INFO - DAG(s) '510' retrieved from /opt/airflow/dags/510.py
[2024-11-21T05:51:05.278+0000] {logging_mixin.py:190} INFO - [2024-11-21T05:51:05.278+0000] {dag.py:3239} INFO - Sync 1 DAGs
[2024-11-21T05:51:05.340+0000] {logging_mixin.py:190} INFO - [2024-11-21T05:51:05.340+0000] {dag.py:4180} INFO - Setting next_dagrun for 510 to 2024-11-21 05:00:00+00:00, run_after=2024-11-21 10:00:00+00:00
[2024-11-21T05:51:05.409+0000] {processor.py:208} INFO - Processing /opt/airflow/dags/510.py took 0.652 seconds
[2024-11-21T05:51:35.542+0000] {processor.py:186} INFO - Started process (PID=1049) to work on /opt/airflow/dags/510.py
[2024-11-21T05:51:35.544+0000] {processor.py:914} INFO - Processing file /opt/airflow/dags/510.py for tasks to queue
[2024-11-21T05:51:35.548+0000] {logging_mixin.py:190} INFO - [2024-11-21T05:51:35.548+0000] {dagbag.py:588} INFO - Filling up the DagBag from /opt/airflow/dags/510.py
[2024-11-21T05:51:35.951+0000] {processor.py:925} INFO - DAG(s) '510' retrieved from /opt/airflow/dags/510.py
[2024-11-21T05:51:35.996+0000] {logging_mixin.py:190} INFO - [2024-11-21T05:51:35.995+0000] {dag.py:3239} INFO - Sync 1 DAGs
[2024-11-21T05:51:36.047+0000] {logging_mixin.py:190} INFO - [2024-11-21T05:51:36.047+0000] {dag.py:4180} INFO - Setting next_dagrun for 510 to 2024-11-21 05:00:00+00:00, run_after=2024-11-21 10:00:00+00:00
[2024-11-21T05:51:36.090+0000] {processor.py:208} INFO - Processing /opt/airflow/dags/510.py took 0.560 seconds
[2024-11-21T05:52:06.486+0000] {processor.py:186} INFO - Started process (PID=1057) to work on /opt/airflow/dags/510.py
[2024-11-21T05:52:06.488+0000] {processor.py:914} INFO - Processing file /opt/airflow/dags/510.py for tasks to queue
[2024-11-21T05:52:06.493+0000] {logging_mixin.py:190} INFO - [2024-11-21T05:52:06.492+0000] {dagbag.py:588} INFO - Filling up the DagBag from /opt/airflow/dags/510.py
[2024-11-21T05:52:06.903+0000] {processor.py:925} INFO - DAG(s) '510' retrieved from /opt/airflow/dags/510.py
[2024-11-21T05:52:06.943+0000] {logging_mixin.py:190} INFO - [2024-11-21T05:52:06.943+0000] {dag.py:3239} INFO - Sync 1 DAGs
[2024-11-21T05:52:06.988+0000] {logging_mixin.py:190} INFO - [2024-11-21T05:52:06.987+0000] {dag.py:4180} INFO - Setting next_dagrun for 510 to 2024-11-21 05:00:00+00:00, run_after=2024-11-21 10:00:00+00:00
[2024-11-21T05:52:07.034+0000] {processor.py:208} INFO - Processing /opt/airflow/dags/510.py took 0.561 seconds
[2024-11-21T05:52:37.525+0000] {processor.py:186} INFO - Started process (PID=1065) to work on /opt/airflow/dags/510.py
[2024-11-21T05:52:37.527+0000] {processor.py:914} INFO - Processing file /opt/airflow/dags/510.py for tasks to queue
[2024-11-21T05:52:37.532+0000] {logging_mixin.py:190} INFO - [2024-11-21T05:52:37.531+0000] {dagbag.py:588} INFO - Filling up the DagBag from /opt/airflow/dags/510.py
[2024-11-21T05:52:37.945+0000] {processor.py:925} INFO - DAG(s) '510' retrieved from /opt/airflow/dags/510.py
[2024-11-21T05:52:37.984+0000] {logging_mixin.py:190} INFO - [2024-11-21T05:52:37.984+0000] {dag.py:3239} INFO - Sync 1 DAGs
[2024-11-21T05:52:38.030+0000] {logging_mixin.py:190} INFO - [2024-11-21T05:52:38.030+0000] {dag.py:4180} INFO - Setting next_dagrun for 510 to 2024-11-21 05:00:00+00:00, run_after=2024-11-21 10:00:00+00:00
[2024-11-21T05:52:38.073+0000] {processor.py:208} INFO - Processing /opt/airflow/dags/510.py took 0.560 seconds
[2024-11-21T05:53:08.737+0000] {processor.py:186} INFO - Started process (PID=1073) to work on /opt/airflow/dags/510.py
[2024-11-21T05:53:08.739+0000] {processor.py:914} INFO - Processing file /opt/airflow/dags/510.py for tasks to queue
[2024-11-21T05:53:08.744+0000] {logging_mixin.py:190} INFO - [2024-11-21T05:53:08.744+0000] {dagbag.py:588} INFO - Filling up the DagBag from /opt/airflow/dags/510.py
[2024-11-21T05:53:09.145+0000] {processor.py:925} INFO - DAG(s) '510' retrieved from /opt/airflow/dags/510.py
[2024-11-21T05:53:09.184+0000] {logging_mixin.py:190} INFO - [2024-11-21T05:53:09.184+0000] {dag.py:3239} INFO - Sync 1 DAGs
[2024-11-21T05:53:09.228+0000] {logging_mixin.py:190} INFO - [2024-11-21T05:53:09.228+0000] {dag.py:4180} INFO - Setting next_dagrun for 510 to 2024-11-21 05:00:00+00:00, run_after=2024-11-21 10:00:00+00:00
[2024-11-21T05:53:09.273+0000] {processor.py:208} INFO - Processing /opt/airflow/dags/510.py took 0.548 seconds
[2024-11-21T05:53:39.521+0000] {processor.py:186} INFO - Started process (PID=1081) to work on /opt/airflow/dags/510.py
[2024-11-21T05:53:39.523+0000] {processor.py:914} INFO - Processing file /opt/airflow/dags/510.py for tasks to queue
[2024-11-21T05:53:39.527+0000] {logging_mixin.py:190} INFO - [2024-11-21T05:53:39.527+0000] {dagbag.py:588} INFO - Filling up the DagBag from /opt/airflow/dags/510.py
[2024-11-21T05:53:39.926+0000] {processor.py:925} INFO - DAG(s) '510' retrieved from /opt/airflow/dags/510.py
[2024-11-21T05:53:39.965+0000] {logging_mixin.py:190} INFO - [2024-11-21T05:53:39.965+0000] {dag.py:3239} INFO - Sync 1 DAGs
[2024-11-21T05:53:40.009+0000] {logging_mixin.py:190} INFO - [2024-11-21T05:53:40.008+0000] {dag.py:4180} INFO - Setting next_dagrun for 510 to 2024-11-21 05:00:00+00:00, run_after=2024-11-21 10:00:00+00:00
[2024-11-21T05:53:40.050+0000] {processor.py:208} INFO - Processing /opt/airflow/dags/510.py took 0.542 seconds
[2024-11-21T05:54:10.504+0000] {processor.py:186} INFO - Started process (PID=1089) to work on /opt/airflow/dags/510.py
[2024-11-21T05:54:10.506+0000] {processor.py:914} INFO - Processing file /opt/airflow/dags/510.py for tasks to queue
[2024-11-21T05:54:10.511+0000] {logging_mixin.py:190} INFO - [2024-11-21T05:54:10.510+0000] {dagbag.py:588} INFO - Filling up the DagBag from /opt/airflow/dags/510.py
[2024-11-21T05:54:11.077+0000] {processor.py:925} INFO - DAG(s) '510' retrieved from /opt/airflow/dags/510.py
[2024-11-21T05:54:11.142+0000] {logging_mixin.py:190} INFO - [2024-11-21T05:54:11.141+0000] {dag.py:3239} INFO - Sync 1 DAGs
[2024-11-21T05:54:11.220+0000] {logging_mixin.py:190} INFO - [2024-11-21T05:54:11.219+0000] {dag.py:4180} INFO - Setting next_dagrun for 510 to 2024-11-21 05:00:00+00:00, run_after=2024-11-21 10:00:00+00:00
[2024-11-21T05:54:11.288+0000] {processor.py:208} INFO - Processing /opt/airflow/dags/510.py took 0.796 seconds
[2024-11-21T05:54:41.816+0000] {processor.py:186} INFO - Started process (PID=1097) to work on /opt/airflow/dags/510.py
[2024-11-21T05:54:41.818+0000] {processor.py:914} INFO - Processing file /opt/airflow/dags/510.py for tasks to queue
[2024-11-21T05:54:41.824+0000] {logging_mixin.py:190} INFO - [2024-11-21T05:54:41.823+0000] {dagbag.py:588} INFO - Filling up the DagBag from /opt/airflow/dags/510.py
[2024-11-21T05:54:42.415+0000] {processor.py:925} INFO - DAG(s) '510' retrieved from /opt/airflow/dags/510.py
[2024-11-21T05:54:42.462+0000] {logging_mixin.py:190} INFO - [2024-11-21T05:54:42.461+0000] {dag.py:3239} INFO - Sync 1 DAGs
[2024-11-21T05:54:42.510+0000] {logging_mixin.py:190} INFO - [2024-11-21T05:54:42.509+0000] {dag.py:4180} INFO - Setting next_dagrun for 510 to 2024-11-21 05:00:00+00:00, run_after=2024-11-21 10:00:00+00:00
[2024-11-21T05:54:42.558+0000] {processor.py:208} INFO - Processing /opt/airflow/dags/510.py took 0.755 seconds
[2024-11-21T05:55:12.736+0000] {processor.py:186} INFO - Started process (PID=1105) to work on /opt/airflow/dags/510.py
[2024-11-21T05:55:12.738+0000] {processor.py:914} INFO - Processing file /opt/airflow/dags/510.py for tasks to queue
[2024-11-21T05:55:12.743+0000] {logging_mixin.py:190} INFO - [2024-11-21T05:55:12.742+0000] {dagbag.py:588} INFO - Filling up the DagBag from /opt/airflow/dags/510.py
[2024-11-21T05:55:13.181+0000] {processor.py:925} INFO - DAG(s) '510' retrieved from /opt/airflow/dags/510.py
[2024-11-21T05:55:13.229+0000] {logging_mixin.py:190} INFO - [2024-11-21T05:55:13.229+0000] {dag.py:3239} INFO - Sync 1 DAGs
[2024-11-21T05:55:13.276+0000] {logging_mixin.py:190} INFO - [2024-11-21T05:55:13.275+0000] {dag.py:4180} INFO - Setting next_dagrun for 510 to 2024-11-21 05:00:00+00:00, run_after=2024-11-21 10:00:00+00:00
[2024-11-21T05:55:13.318+0000] {processor.py:208} INFO - Processing /opt/airflow/dags/510.py took 0.594 seconds
[2024-11-21T05:55:44.345+0000] {processor.py:186} INFO - Started process (PID=1113) to work on /opt/airflow/dags/510.py
[2024-11-21T05:55:44.348+0000] {processor.py:914} INFO - Processing file /opt/airflow/dags/510.py for tasks to queue
[2024-11-21T05:55:44.354+0000] {logging_mixin.py:190} INFO - [2024-11-21T05:55:44.352+0000] {dagbag.py:588} INFO - Filling up the DagBag from /opt/airflow/dags/510.py
[2024-11-21T05:55:44.776+0000] {processor.py:925} INFO - DAG(s) '510' retrieved from /opt/airflow/dags/510.py
[2024-11-21T05:55:44.817+0000] {logging_mixin.py:190} INFO - [2024-11-21T05:55:44.816+0000] {dag.py:3239} INFO - Sync 1 DAGs
[2024-11-21T05:55:44.861+0000] {logging_mixin.py:190} INFO - [2024-11-21T05:55:44.861+0000] {dag.py:4180} INFO - Setting next_dagrun for 510 to 2024-11-21 05:00:00+00:00, run_after=2024-11-21 10:00:00+00:00
[2024-11-21T05:55:44.903+0000] {processor.py:208} INFO - Processing /opt/airflow/dags/510.py took 0.574 seconds
[2024-11-21T05:56:15.461+0000] {processor.py:186} INFO - Started process (PID=1121) to work on /opt/airflow/dags/510.py
[2024-11-21T05:56:15.463+0000] {processor.py:914} INFO - Processing file /opt/airflow/dags/510.py for tasks to queue
[2024-11-21T05:56:15.468+0000] {logging_mixin.py:190} INFO - [2024-11-21T05:56:15.467+0000] {dagbag.py:588} INFO - Filling up the DagBag from /opt/airflow/dags/510.py
[2024-11-21T05:56:15.865+0000] {processor.py:925} INFO - DAG(s) '510' retrieved from /opt/airflow/dags/510.py
[2024-11-21T05:56:15.905+0000] {logging_mixin.py:190} INFO - [2024-11-21T05:56:15.904+0000] {dag.py:3239} INFO - Sync 1 DAGs
[2024-11-21T05:56:15.950+0000] {logging_mixin.py:190} INFO - [2024-11-21T05:56:15.949+0000] {dag.py:4180} INFO - Setting next_dagrun for 510 to 2024-11-21 05:00:00+00:00, run_after=2024-11-21 10:00:00+00:00
[2024-11-21T05:56:16.000+0000] {processor.py:208} INFO - Processing /opt/airflow/dags/510.py took 0.552 seconds
[2024-11-21T05:56:46.485+0000] {processor.py:186} INFO - Started process (PID=1129) to work on /opt/airflow/dags/510.py
[2024-11-21T05:56:46.487+0000] {processor.py:914} INFO - Processing file /opt/airflow/dags/510.py for tasks to queue
[2024-11-21T05:56:46.493+0000] {logging_mixin.py:190} INFO - [2024-11-21T05:56:46.492+0000] {dagbag.py:588} INFO - Filling up the DagBag from /opt/airflow/dags/510.py
[2024-11-21T05:56:46.940+0000] {processor.py:925} INFO - DAG(s) '510' retrieved from /opt/airflow/dags/510.py
[2024-11-21T05:56:46.988+0000] {logging_mixin.py:190} INFO - [2024-11-21T05:56:46.987+0000] {dag.py:3239} INFO - Sync 1 DAGs
[2024-11-21T05:56:47.039+0000] {logging_mixin.py:190} INFO - [2024-11-21T05:56:47.039+0000] {dag.py:4180} INFO - Setting next_dagrun for 510 to 2024-11-21 05:00:00+00:00, run_after=2024-11-21 10:00:00+00:00
[2024-11-21T05:56:47.105+0000] {processor.py:208} INFO - Processing /opt/airflow/dags/510.py took 0.633 seconds
[2024-11-21T05:57:17.466+0000] {processor.py:186} INFO - Started process (PID=1137) to work on /opt/airflow/dags/510.py
[2024-11-21T05:57:17.468+0000] {processor.py:914} INFO - Processing file /opt/airflow/dags/510.py for tasks to queue
[2024-11-21T05:57:17.472+0000] {logging_mixin.py:190} INFO - [2024-11-21T05:57:17.471+0000] {dagbag.py:588} INFO - Filling up the DagBag from /opt/airflow/dags/510.py
[2024-11-21T05:57:17.877+0000] {processor.py:925} INFO - DAG(s) '510' retrieved from /opt/airflow/dags/510.py
[2024-11-21T05:57:17.916+0000] {logging_mixin.py:190} INFO - [2024-11-21T05:57:17.916+0000] {dag.py:3239} INFO - Sync 1 DAGs
[2024-11-21T05:57:17.962+0000] {logging_mixin.py:190} INFO - [2024-11-21T05:57:17.962+0000] {dag.py:4180} INFO - Setting next_dagrun for 510 to 2024-11-21 05:00:00+00:00, run_after=2024-11-21 10:00:00+00:00
[2024-11-21T05:57:18.011+0000] {processor.py:208} INFO - Processing /opt/airflow/dags/510.py took 0.557 seconds
[2024-11-21T06:00:34.097+0000] {processor.py:186} INFO - Started process (PID=1145) to work on /opt/airflow/dags/510.py
[2024-11-21T06:00:34.099+0000] {processor.py:914} INFO - Processing file /opt/airflow/dags/510.py for tasks to queue
[2024-11-21T06:00:34.105+0000] {logging_mixin.py:190} INFO - [2024-11-21T06:00:34.104+0000] {dagbag.py:588} INFO - Filling up the DagBag from /opt/airflow/dags/510.py
[2024-11-21T06:00:34.658+0000] {processor.py:925} INFO - DAG(s) '510' retrieved from /opt/airflow/dags/510.py
[2024-11-21T06:00:34.712+0000] {logging_mixin.py:190} INFO - [2024-11-21T06:00:34.712+0000] {dag.py:3239} INFO - Sync 1 DAGs
[2024-11-21T06:00:34.781+0000] {logging_mixin.py:190} INFO - [2024-11-21T06:00:34.781+0000] {dag.py:4180} INFO - Setting next_dagrun for 510 to 2024-11-21 05:00:00+00:00, run_after=2024-11-21 10:00:00+00:00
[2024-11-21T06:00:34.834+0000] {processor.py:208} INFO - Processing /opt/airflow/dags/510.py took 0.753 seconds
[2024-11-21T06:01:05.700+0000] {processor.py:186} INFO - Started process (PID=1153) to work on /opt/airflow/dags/510.py
[2024-11-21T06:01:05.702+0000] {processor.py:914} INFO - Processing file /opt/airflow/dags/510.py for tasks to queue
[2024-11-21T06:01:05.706+0000] {logging_mixin.py:190} INFO - [2024-11-21T06:01:05.706+0000] {dagbag.py:588} INFO - Filling up the DagBag from /opt/airflow/dags/510.py
[2024-11-21T06:01:06.310+0000] {processor.py:925} INFO - DAG(s) '510' retrieved from /opt/airflow/dags/510.py
[2024-11-21T06:01:06.349+0000] {logging_mixin.py:190} INFO - [2024-11-21T06:01:06.349+0000] {dag.py:3239} INFO - Sync 1 DAGs
[2024-11-21T06:01:06.396+0000] {logging_mixin.py:190} INFO - [2024-11-21T06:01:06.396+0000] {dag.py:4180} INFO - Setting next_dagrun for 510 to 2024-11-21 05:00:00+00:00, run_after=2024-11-21 10:00:00+00:00
[2024-11-21T06:01:06.438+0000] {processor.py:208} INFO - Processing /opt/airflow/dags/510.py took 0.750 seconds
[2024-11-21T06:01:37.084+0000] {processor.py:186} INFO - Started process (PID=1161) to work on /opt/airflow/dags/510.py
[2024-11-21T06:01:37.086+0000] {processor.py:914} INFO - Processing file /opt/airflow/dags/510.py for tasks to queue
[2024-11-21T06:01:37.092+0000] {logging_mixin.py:190} INFO - [2024-11-21T06:01:37.090+0000] {dagbag.py:588} INFO - Filling up the DagBag from /opt/airflow/dags/510.py
[2024-11-21T06:01:37.587+0000] {processor.py:925} INFO - DAG(s) '510' retrieved from /opt/airflow/dags/510.py
[2024-11-21T06:01:37.640+0000] {logging_mixin.py:190} INFO - [2024-11-21T06:01:37.640+0000] {dag.py:3239} INFO - Sync 1 DAGs
[2024-11-21T06:01:37.703+0000] {logging_mixin.py:190} INFO - [2024-11-21T06:01:37.702+0000] {dag.py:4180} INFO - Setting next_dagrun for 510 to 2024-11-21 05:00:00+00:00, run_after=2024-11-21 10:00:00+00:00
[2024-11-21T06:01:37.750+0000] {processor.py:208} INFO - Processing /opt/airflow/dags/510.py took 0.681 seconds
[2024-11-21T06:02:08.059+0000] {processor.py:186} INFO - Started process (PID=1169) to work on /opt/airflow/dags/510.py
[2024-11-21T06:02:08.061+0000] {processor.py:914} INFO - Processing file /opt/airflow/dags/510.py for tasks to queue
[2024-11-21T06:02:08.066+0000] {logging_mixin.py:190} INFO - [2024-11-21T06:02:08.066+0000] {dagbag.py:588} INFO - Filling up the DagBag from /opt/airflow/dags/510.py
[2024-11-21T06:02:08.500+0000] {processor.py:925} INFO - DAG(s) '510' retrieved from /opt/airflow/dags/510.py
[2024-11-21T06:02:08.546+0000] {logging_mixin.py:190} INFO - [2024-11-21T06:02:08.546+0000] {dag.py:3239} INFO - Sync 1 DAGs
[2024-11-21T06:02:08.596+0000] {logging_mixin.py:190} INFO - [2024-11-21T06:02:08.596+0000] {dag.py:4180} INFO - Setting next_dagrun for 510 to 2024-11-21 05:00:00+00:00, run_after=2024-11-21 10:00:00+00:00
[2024-11-21T06:02:08.642+0000] {processor.py:208} INFO - Processing /opt/airflow/dags/510.py took 0.595 seconds
[2024-11-21T06:02:39.367+0000] {processor.py:186} INFO - Started process (PID=1177) to work on /opt/airflow/dags/510.py
[2024-11-21T06:02:39.371+0000] {processor.py:914} INFO - Processing file /opt/airflow/dags/510.py for tasks to queue
[2024-11-21T06:02:39.380+0000] {logging_mixin.py:190} INFO - [2024-11-21T06:02:39.379+0000] {dagbag.py:588} INFO - Filling up the DagBag from /opt/airflow/dags/510.py
[2024-11-21T06:02:39.942+0000] {processor.py:925} INFO - DAG(s) '510' retrieved from /opt/airflow/dags/510.py
[2024-11-21T06:02:39.989+0000] {logging_mixin.py:190} INFO - [2024-11-21T06:02:39.988+0000] {dag.py:3239} INFO - Sync 1 DAGs
[2024-11-21T06:02:40.047+0000] {logging_mixin.py:190} INFO - [2024-11-21T06:02:40.046+0000] {dag.py:4180} INFO - Setting next_dagrun for 510 to 2024-11-21 00:00:00+00:00, run_after=2024-11-21 05:00:00+00:00
[2024-11-21T06:02:40.094+0000] {processor.py:208} INFO - Processing /opt/airflow/dags/510.py took 0.750 seconds
[2024-11-21T06:03:11.463+0000] {processor.py:186} INFO - Started process (PID=1185) to work on /opt/airflow/dags/510.py
[2024-11-21T06:03:11.466+0000] {processor.py:914} INFO - Processing file /opt/airflow/dags/510.py for tasks to queue
[2024-11-21T06:03:11.474+0000] {logging_mixin.py:190} INFO - [2024-11-21T06:03:11.472+0000] {dagbag.py:588} INFO - Filling up the DagBag from /opt/airflow/dags/510.py
[2024-11-21T06:03:12.070+0000] {processor.py:925} INFO - DAG(s) '510' retrieved from /opt/airflow/dags/510.py
[2024-11-21T06:03:12.124+0000] {logging_mixin.py:190} INFO - [2024-11-21T06:03:12.123+0000] {dag.py:3239} INFO - Sync 1 DAGs
[2024-11-21T06:03:12.198+0000] {logging_mixin.py:190} INFO - [2024-11-21T06:03:12.198+0000] {dag.py:4180} INFO - Setting next_dagrun for 510 to 2024-11-21 00:00:00+00:00, run_after=2024-11-21 05:00:00+00:00
[2024-11-21T06:03:12.247+0000] {processor.py:208} INFO - Processing /opt/airflow/dags/510.py took 0.805 seconds
[2024-11-21T06:03:42.741+0000] {processor.py:186} INFO - Started process (PID=1193) to work on /opt/airflow/dags/510.py
[2024-11-21T06:03:42.744+0000] {processor.py:914} INFO - Processing file /opt/airflow/dags/510.py for tasks to queue
[2024-11-21T06:03:42.750+0000] {logging_mixin.py:190} INFO - [2024-11-21T06:03:42.749+0000] {dagbag.py:588} INFO - Filling up the DagBag from /opt/airflow/dags/510.py
[2024-11-21T06:03:43.339+0000] {processor.py:925} INFO - DAG(s) '510' retrieved from /opt/airflow/dags/510.py
[2024-11-21T06:03:43.393+0000] {logging_mixin.py:190} INFO - [2024-11-21T06:03:43.393+0000] {dag.py:3239} INFO - Sync 1 DAGs
[2024-11-21T06:03:43.453+0000] {logging_mixin.py:190} INFO - [2024-11-21T06:03:43.452+0000] {dag.py:4180} INFO - Setting next_dagrun for 510 to 2024-11-21 00:00:00+00:00, run_after=2024-11-21 05:00:00+00:00
[2024-11-21T06:03:43.503+0000] {processor.py:208} INFO - Processing /opt/airflow/dags/510.py took 0.776 seconds
[2024-11-21T06:04:13.954+0000] {processor.py:186} INFO - Started process (PID=1201) to work on /opt/airflow/dags/510.py
[2024-11-21T06:04:13.956+0000] {processor.py:914} INFO - Processing file /opt/airflow/dags/510.py for tasks to queue
[2024-11-21T06:04:13.961+0000] {logging_mixin.py:190} INFO - [2024-11-21T06:04:13.961+0000] {dagbag.py:588} INFO - Filling up the DagBag from /opt/airflow/dags/510.py
[2024-11-21T06:04:14.540+0000] {processor.py:925} INFO - DAG(s) '510' retrieved from /opt/airflow/dags/510.py
[2024-11-21T06:04:15.055+0000] {logging_mixin.py:190} INFO - [2024-11-21T06:04:15.054+0000] {dag.py:3239} INFO - Sync 1 DAGs
[2024-11-21T06:04:15.103+0000] {logging_mixin.py:190} INFO - [2024-11-21T06:04:15.103+0000] {dag.py:4180} INFO - Setting next_dagrun for 510 to 2024-11-21 00:00:00+00:00, run_after=2024-11-21 05:00:00+00:00
[2024-11-21T06:04:15.160+0000] {processor.py:208} INFO - Processing /opt/airflow/dags/510.py took 1.222 seconds
[2024-11-21T06:04:45.499+0000] {processor.py:186} INFO - Started process (PID=1209) to work on /opt/airflow/dags/510.py
[2024-11-21T06:04:45.501+0000] {processor.py:914} INFO - Processing file /opt/airflow/dags/510.py for tasks to queue
[2024-11-21T06:04:45.507+0000] {logging_mixin.py:190} INFO - [2024-11-21T06:04:45.506+0000] {dagbag.py:588} INFO - Filling up the DagBag from /opt/airflow/dags/510.py
[2024-11-21T06:04:45.964+0000] {processor.py:925} INFO - DAG(s) '510' retrieved from /opt/airflow/dags/510.py
[2024-11-21T06:04:46.007+0000] {logging_mixin.py:190} INFO - [2024-11-21T06:04:46.007+0000] {dag.py:3239} INFO - Sync 1 DAGs
[2024-11-21T06:04:46.260+0000] {logging_mixin.py:190} INFO - [2024-11-21T06:04:46.259+0000] {dag.py:4180} INFO - Setting next_dagrun for 510 to 2024-11-21 00:00:00+00:00, run_after=2024-11-21 05:00:00+00:00
[2024-11-21T06:04:46.301+0000] {processor.py:208} INFO - Processing /opt/airflow/dags/510.py took 0.828 seconds
[2024-11-21T06:05:16.708+0000] {processor.py:186} INFO - Started process (PID=1217) to work on /opt/airflow/dags/510.py
[2024-11-21T06:05:16.710+0000] {processor.py:914} INFO - Processing file /opt/airflow/dags/510.py for tasks to queue
[2024-11-21T06:05:16.714+0000] {logging_mixin.py:190} INFO - [2024-11-21T06:05:16.714+0000] {dagbag.py:588} INFO - Filling up the DagBag from /opt/airflow/dags/510.py
[2024-11-21T06:05:17.338+0000] {processor.py:925} INFO - DAG(s) '510' retrieved from /opt/airflow/dags/510.py
[2024-11-21T06:05:17.373+0000] {logging_mixin.py:190} INFO - [2024-11-21T06:05:17.373+0000] {dag.py:3239} INFO - Sync 1 DAGs
[2024-11-21T06:05:17.412+0000] {logging_mixin.py:190} INFO - [2024-11-21T06:05:17.412+0000] {dag.py:4180} INFO - Setting next_dagrun for 510 to 2024-11-21 00:00:00+00:00, run_after=2024-11-21 05:00:00+00:00
[2024-11-21T06:05:17.451+0000] {processor.py:208} INFO - Processing /opt/airflow/dags/510.py took 0.756 seconds
[2024-11-21T06:05:48.591+0000] {processor.py:186} INFO - Started process (PID=1225) to work on /opt/airflow/dags/510.py
[2024-11-21T06:05:48.592+0000] {processor.py:914} INFO - Processing file /opt/airflow/dags/510.py for tasks to queue
[2024-11-21T06:05:48.597+0000] {logging_mixin.py:190} INFO - [2024-11-21T06:05:48.597+0000] {dagbag.py:588} INFO - Filling up the DagBag from /opt/airflow/dags/510.py
[2024-11-21T06:05:49.244+0000] {processor.py:925} INFO - DAG(s) '510' retrieved from /opt/airflow/dags/510.py
[2024-11-21T06:05:49.280+0000] {logging_mixin.py:190} INFO - [2024-11-21T06:05:49.280+0000] {dag.py:3239} INFO - Sync 1 DAGs
[2024-11-21T06:05:49.319+0000] {logging_mixin.py:190} INFO - [2024-11-21T06:05:49.319+0000] {dag.py:4180} INFO - Setting next_dagrun for 510 to 2024-11-21 00:00:00+00:00, run_after=2024-11-21 05:00:00+00:00
[2024-11-21T06:05:49.362+0000] {processor.py:208} INFO - Processing /opt/airflow/dags/510.py took 0.784 seconds
[2024-11-21T06:06:20.160+0000] {processor.py:186} INFO - Started process (PID=1233) to work on /opt/airflow/dags/510.py
[2024-11-21T06:06:20.162+0000] {processor.py:914} INFO - Processing file /opt/airflow/dags/510.py for tasks to queue
[2024-11-21T06:06:20.167+0000] {logging_mixin.py:190} INFO - [2024-11-21T06:06:20.166+0000] {dagbag.py:588} INFO - Filling up the DagBag from /opt/airflow/dags/510.py
[2024-11-21T06:06:20.911+0000] {processor.py:925} INFO - DAG(s) '510' retrieved from /opt/airflow/dags/510.py
[2024-11-21T06:06:20.963+0000] {logging_mixin.py:190} INFO - [2024-11-21T06:06:20.962+0000] {dag.py:3239} INFO - Sync 1 DAGs
[2024-11-21T06:06:21.012+0000] {logging_mixin.py:190} INFO - [2024-11-21T06:06:21.012+0000] {dag.py:4180} INFO - Setting next_dagrun for 510 to 2024-11-21 00:00:00+00:00, run_after=2024-11-21 05:00:00+00:00
[2024-11-21T06:06:21.060+0000] {processor.py:208} INFO - Processing /opt/airflow/dags/510.py took 0.912 seconds
[2024-11-21T06:06:51.711+0000] {processor.py:186} INFO - Started process (PID=1241) to work on /opt/airflow/dags/510.py
[2024-11-21T06:06:51.714+0000] {processor.py:914} INFO - Processing file /opt/airflow/dags/510.py for tasks to queue
[2024-11-21T06:06:51.718+0000] {logging_mixin.py:190} INFO - [2024-11-21T06:06:51.718+0000] {dagbag.py:588} INFO - Filling up the DagBag from /opt/airflow/dags/510.py
[2024-11-21T06:06:52.374+0000] {processor.py:925} INFO - DAG(s) '510' retrieved from /opt/airflow/dags/510.py
[2024-11-21T06:06:52.413+0000] {logging_mixin.py:190} INFO - [2024-11-21T06:06:52.413+0000] {dag.py:3239} INFO - Sync 1 DAGs
[2024-11-21T06:06:52.459+0000] {logging_mixin.py:190} INFO - [2024-11-21T06:06:52.458+0000] {dag.py:4180} INFO - Setting next_dagrun for 510 to 2024-11-21 00:00:00+00:00, run_after=2024-11-21 05:00:00+00:00
[2024-11-21T06:06:52.505+0000] {processor.py:208} INFO - Processing /opt/airflow/dags/510.py took 0.807 seconds
[2024-11-21T06:07:23.030+0000] {processor.py:186} INFO - Started process (PID=1249) to work on /opt/airflow/dags/510.py
[2024-11-21T06:07:23.032+0000] {processor.py:914} INFO - Processing file /opt/airflow/dags/510.py for tasks to queue
[2024-11-21T06:07:23.037+0000] {logging_mixin.py:190} INFO - [2024-11-21T06:07:23.036+0000] {dagbag.py:588} INFO - Filling up the DagBag from /opt/airflow/dags/510.py
[2024-11-21T06:07:23.626+0000] {processor.py:925} INFO - DAG(s) '510' retrieved from /opt/airflow/dags/510.py
[2024-11-21T06:07:23.661+0000] {logging_mixin.py:190} INFO - [2024-11-21T06:07:23.661+0000] {dag.py:3239} INFO - Sync 1 DAGs
[2024-11-21T06:07:23.702+0000] {logging_mixin.py:190} INFO - [2024-11-21T06:07:23.702+0000] {dag.py:4180} INFO - Setting next_dagrun for 510 to 2024-11-21 00:00:00+00:00, run_after=2024-11-21 05:00:00+00:00
[2024-11-21T06:07:23.743+0000] {processor.py:208} INFO - Processing /opt/airflow/dags/510.py took 0.725 seconds
[2024-11-21T06:07:53.914+0000] {processor.py:186} INFO - Started process (PID=1257) to work on /opt/airflow/dags/510.py
[2024-11-21T06:07:53.916+0000] {processor.py:914} INFO - Processing file /opt/airflow/dags/510.py for tasks to queue
[2024-11-21T06:07:53.921+0000] {logging_mixin.py:190} INFO - [2024-11-21T06:07:53.920+0000] {dagbag.py:588} INFO - Filling up the DagBag from /opt/airflow/dags/510.py
[2024-11-21T06:07:54.556+0000] {processor.py:925} INFO - DAG(s) '510' retrieved from /opt/airflow/dags/510.py
[2024-11-21T06:07:54.591+0000] {logging_mixin.py:190} INFO - [2024-11-21T06:07:54.591+0000] {dag.py:3239} INFO - Sync 1 DAGs
[2024-11-21T06:07:54.632+0000] {logging_mixin.py:190} INFO - [2024-11-21T06:07:54.632+0000] {dag.py:4180} INFO - Setting next_dagrun for 510 to 2024-11-21 00:00:00+00:00, run_after=2024-11-21 05:00:00+00:00
[2024-11-21T06:07:54.674+0000] {processor.py:208} INFO - Processing /opt/airflow/dags/510.py took 0.782 seconds
[2024-11-21T06:08:25.332+0000] {processor.py:186} INFO - Started process (PID=1265) to work on /opt/airflow/dags/510.py
[2024-11-21T06:08:25.334+0000] {processor.py:914} INFO - Processing file /opt/airflow/dags/510.py for tasks to queue
[2024-11-21T06:08:25.339+0000] {logging_mixin.py:190} INFO - [2024-11-21T06:08:25.338+0000] {dagbag.py:588} INFO - Filling up the DagBag from /opt/airflow/dags/510.py
[2024-11-21T06:08:25.969+0000] {processor.py:925} INFO - DAG(s) '510' retrieved from /opt/airflow/dags/510.py
[2024-11-21T06:08:26.004+0000] {logging_mixin.py:190} INFO - [2024-11-21T06:08:26.004+0000] {dag.py:3239} INFO - Sync 1 DAGs
[2024-11-21T06:08:26.042+0000] {logging_mixin.py:190} INFO - [2024-11-21T06:08:26.042+0000] {dag.py:4180} INFO - Setting next_dagrun for 510 to 2024-11-21 00:00:00+00:00, run_after=2024-11-21 05:00:00+00:00
[2024-11-21T06:08:26.083+0000] {processor.py:208} INFO - Processing /opt/airflow/dags/510.py took 0.762 seconds
[2024-11-21T06:08:56.602+0000] {processor.py:186} INFO - Started process (PID=1273) to work on /opt/airflow/dags/510.py
[2024-11-21T06:08:56.605+0000] {processor.py:914} INFO - Processing file /opt/airflow/dags/510.py for tasks to queue
[2024-11-21T06:08:56.611+0000] {logging_mixin.py:190} INFO - [2024-11-21T06:08:56.610+0000] {dagbag.py:588} INFO - Filling up the DagBag from /opt/airflow/dags/510.py
[2024-11-21T06:08:57.352+0000] {processor.py:925} INFO - DAG(s) '510' retrieved from /opt/airflow/dags/510.py
[2024-11-21T06:08:57.591+0000] {logging_mixin.py:190} INFO - [2024-11-21T06:08:57.591+0000] {dag.py:3239} INFO - Sync 1 DAGs
[2024-11-21T06:08:57.619+0000] {logging_mixin.py:190} INFO - [2024-11-21T06:08:57.619+0000] {dag.py:3262} INFO - Creating ORM DAG for 510
[2024-11-21T06:08:57.641+0000] {logging_mixin.py:190} INFO - [2024-11-21T06:08:57.641+0000] {dag.py:4180} INFO - Setting next_dagrun for 510 to 2024-11-21 00:00:00+00:00, run_after=2024-11-21 05:00:00+00:00
[2024-11-21T06:08:57.693+0000] {processor.py:208} INFO - Processing /opt/airflow/dags/510.py took 1.106 seconds
[2024-11-21T06:09:28.038+0000] {processor.py:186} INFO - Started process (PID=1281) to work on /opt/airflow/dags/510.py
[2024-11-21T06:09:28.040+0000] {processor.py:914} INFO - Processing file /opt/airflow/dags/510.py for tasks to queue
[2024-11-21T06:09:28.046+0000] {logging_mixin.py:190} INFO - [2024-11-21T06:09:28.045+0000] {dagbag.py:588} INFO - Filling up the DagBag from /opt/airflow/dags/510.py
[2024-11-21T06:09:28.757+0000] {processor.py:925} INFO - DAG(s) '510' retrieved from /opt/airflow/dags/510.py
[2024-11-21T06:09:28.983+0000] {logging_mixin.py:190} INFO - [2024-11-21T06:09:28.983+0000] {dag.py:3239} INFO - Sync 1 DAGs
[2024-11-21T06:09:29.007+0000] {logging_mixin.py:190} INFO - [2024-11-21T06:09:29.007+0000] {dag.py:3262} INFO - Creating ORM DAG for 510
[2024-11-21T06:09:29.026+0000] {logging_mixin.py:190} INFO - [2024-11-21T06:09:29.026+0000] {dag.py:4180} INFO - Setting next_dagrun for 510 to 2024-11-21 00:00:00+00:00, run_after=2024-11-21 05:00:00+00:00
[2024-11-21T06:09:29.066+0000] {processor.py:208} INFO - Processing /opt/airflow/dags/510.py took 1.041 seconds
[2024-11-21T06:09:59.771+0000] {processor.py:186} INFO - Started process (PID=1289) to work on /opt/airflow/dags/510.py
[2024-11-21T06:09:59.773+0000] {processor.py:914} INFO - Processing file /opt/airflow/dags/510.py for tasks to queue
[2024-11-21T06:09:59.779+0000] {logging_mixin.py:190} INFO - [2024-11-21T06:09:59.778+0000] {dagbag.py:588} INFO - Filling up the DagBag from /opt/airflow/dags/510.py
[2024-11-21T06:10:00.428+0000] {processor.py:925} INFO - DAG(s) '510' retrieved from /opt/airflow/dags/510.py
[2024-11-21T06:10:00.464+0000] {logging_mixin.py:190} INFO - [2024-11-21T06:10:00.463+0000] {dag.py:3239} INFO - Sync 1 DAGs
[2024-11-21T06:10:00.505+0000] {logging_mixin.py:190} INFO - [2024-11-21T06:10:00.504+0000] {dag.py:4180} INFO - Setting next_dagrun for 510 to 2024-11-21 00:00:00+00:00, run_after=2024-11-21 05:00:00+00:00
[2024-11-21T06:10:00.542+0000] {processor.py:208} INFO - Processing /opt/airflow/dags/510.py took 0.786 seconds
[2024-11-21T06:10:31.161+0000] {processor.py:186} INFO - Started process (PID=1297) to work on /opt/airflow/dags/510.py
[2024-11-21T06:10:31.163+0000] {processor.py:914} INFO - Processing file /opt/airflow/dags/510.py for tasks to queue
[2024-11-21T06:10:31.167+0000] {logging_mixin.py:190} INFO - [2024-11-21T06:10:31.167+0000] {dagbag.py:588} INFO - Filling up the DagBag from /opt/airflow/dags/510.py
[2024-11-21T06:10:31.762+0000] {processor.py:925} INFO - DAG(s) '510' retrieved from /opt/airflow/dags/510.py
[2024-11-21T06:10:31.803+0000] {logging_mixin.py:190} INFO - [2024-11-21T06:10:31.803+0000] {dag.py:3239} INFO - Sync 1 DAGs
[2024-11-21T06:10:31.841+0000] {logging_mixin.py:190} INFO - [2024-11-21T06:10:31.840+0000] {dag.py:4180} INFO - Setting next_dagrun for 510 to 2024-11-21 00:00:00+00:00, run_after=2024-11-21 05:00:00+00:00
[2024-11-21T06:10:31.882+0000] {processor.py:208} INFO - Processing /opt/airflow/dags/510.py took 0.733 seconds
[2024-11-21T06:11:02.476+0000] {processor.py:186} INFO - Started process (PID=1305) to work on /opt/airflow/dags/510.py
[2024-11-21T06:11:02.478+0000] {processor.py:914} INFO - Processing file /opt/airflow/dags/510.py for tasks to queue
[2024-11-21T06:11:02.483+0000] {logging_mixin.py:190} INFO - [2024-11-21T06:11:02.482+0000] {dagbag.py:588} INFO - Filling up the DagBag from /opt/airflow/dags/510.py
[2024-11-21T06:11:03.005+0000] {processor.py:925} INFO - DAG(s) '510' retrieved from /opt/airflow/dags/510.py
[2024-11-21T06:11:03.058+0000] {logging_mixin.py:190} INFO - [2024-11-21T06:11:03.058+0000] {dag.py:3239} INFO - Sync 1 DAGs
[2024-11-21T06:11:03.102+0000] {logging_mixin.py:190} INFO - [2024-11-21T06:11:03.102+0000] {dag.py:4180} INFO - Setting next_dagrun for 510 to 2024-11-21 00:00:00+00:00, run_after=2024-11-21 05:00:00+00:00
[2024-11-21T06:11:03.149+0000] {processor.py:208} INFO - Processing /opt/airflow/dags/510.py took 0.685 seconds
[2024-11-21T06:11:34.145+0000] {processor.py:186} INFO - Started process (PID=1313) to work on /opt/airflow/dags/510.py
[2024-11-21T06:11:34.146+0000] {processor.py:914} INFO - Processing file /opt/airflow/dags/510.py for tasks to queue
[2024-11-21T06:11:34.151+0000] {logging_mixin.py:190} INFO - [2024-11-21T06:11:34.150+0000] {dagbag.py:588} INFO - Filling up the DagBag from /opt/airflow/dags/510.py
[2024-11-21T06:11:35.021+0000] {processor.py:925} INFO - DAG(s) '510' retrieved from /opt/airflow/dags/510.py
[2024-11-21T06:11:35.083+0000] {logging_mixin.py:190} INFO - [2024-11-21T06:11:35.082+0000] {dag.py:3239} INFO - Sync 1 DAGs
[2024-11-21T06:11:35.161+0000] {logging_mixin.py:190} INFO - [2024-11-21T06:11:35.160+0000] {dag.py:4180} INFO - Setting next_dagrun for 510 to 2024-11-21 00:00:00+00:00, run_after=2024-11-21 05:00:00+00:00
[2024-11-21T06:11:35.245+0000] {processor.py:208} INFO - Processing /opt/airflow/dags/510.py took 1.113 seconds
[2024-11-21T06:12:05.553+0000] {processor.py:186} INFO - Started process (PID=1321) to work on /opt/airflow/dags/510.py
[2024-11-21T06:12:05.555+0000] {processor.py:914} INFO - Processing file /opt/airflow/dags/510.py for tasks to queue
[2024-11-21T06:12:05.561+0000] {logging_mixin.py:190} INFO - [2024-11-21T06:12:05.560+0000] {dagbag.py:588} INFO - Filling up the DagBag from /opt/airflow/dags/510.py
[2024-11-21T06:12:06.031+0000] {processor.py:925} INFO - DAG(s) '510' retrieved from /opt/airflow/dags/510.py
[2024-11-21T06:12:06.081+0000] {logging_mixin.py:190} INFO - [2024-11-21T06:12:06.080+0000] {dag.py:3239} INFO - Sync 1 DAGs
[2024-11-21T06:12:06.151+0000] {logging_mixin.py:190} INFO - [2024-11-21T06:12:06.150+0000] {dag.py:4180} INFO - Setting next_dagrun for 510 to 2024-11-21 00:00:00+00:00, run_after=2024-11-21 05:00:00+00:00
[2024-11-21T06:12:06.202+0000] {processor.py:208} INFO - Processing /opt/airflow/dags/510.py took 0.665 seconds
[2024-11-21T06:12:36.415+0000] {processor.py:186} INFO - Started process (PID=1329) to work on /opt/airflow/dags/510.py
[2024-11-21T06:12:36.417+0000] {processor.py:914} INFO - Processing file /opt/airflow/dags/510.py for tasks to queue
[2024-11-21T06:12:36.425+0000] {logging_mixin.py:190} INFO - [2024-11-21T06:12:36.424+0000] {dagbag.py:588} INFO - Filling up the DagBag from /opt/airflow/dags/510.py
[2024-11-21T06:12:36.992+0000] {processor.py:925} INFO - DAG(s) '510' retrieved from /opt/airflow/dags/510.py
[2024-11-21T06:12:37.064+0000] {logging_mixin.py:190} INFO - [2024-11-21T06:12:37.063+0000] {dag.py:3239} INFO - Sync 1 DAGs
[2024-11-21T06:12:37.173+0000] {logging_mixin.py:190} INFO - [2024-11-21T06:12:37.172+0000] {dag.py:4180} INFO - Setting next_dagrun for 510 to 2024-11-21 00:00:00+00:00, run_after=2024-11-21 05:00:00+00:00
[2024-11-21T06:12:37.220+0000] {processor.py:208} INFO - Processing /opt/airflow/dags/510.py took 0.822 seconds
[2024-11-21T06:13:07.609+0000] {processor.py:186} INFO - Started process (PID=1337) to work on /opt/airflow/dags/510.py
[2024-11-21T06:13:07.611+0000] {processor.py:914} INFO - Processing file /opt/airflow/dags/510.py for tasks to queue
[2024-11-21T06:13:07.616+0000] {logging_mixin.py:190} INFO - [2024-11-21T06:13:07.615+0000] {dagbag.py:588} INFO - Filling up the DagBag from /opt/airflow/dags/510.py
[2024-11-21T06:13:08.079+0000] {processor.py:925} INFO - DAG(s) '510' retrieved from /opt/airflow/dags/510.py
[2024-11-21T06:13:08.121+0000] {logging_mixin.py:190} INFO - [2024-11-21T06:13:08.120+0000] {dag.py:3239} INFO - Sync 1 DAGs
[2024-11-21T06:13:08.170+0000] {logging_mixin.py:190} INFO - [2024-11-21T06:13:08.170+0000] {dag.py:4180} INFO - Setting next_dagrun for 510 to 2024-11-21 00:00:00+00:00, run_after=2024-11-21 05:00:00+00:00
[2024-11-21T06:13:08.212+0000] {processor.py:208} INFO - Processing /opt/airflow/dags/510.py took 0.617 seconds
[2024-11-21T06:13:38.490+0000] {processor.py:186} INFO - Started process (PID=1345) to work on /opt/airflow/dags/510.py
[2024-11-21T06:13:38.492+0000] {processor.py:914} INFO - Processing file /opt/airflow/dags/510.py for tasks to queue
[2024-11-21T06:13:38.499+0000] {logging_mixin.py:190} INFO - [2024-11-21T06:13:38.498+0000] {dagbag.py:588} INFO - Filling up the DagBag from /opt/airflow/dags/510.py
[2024-11-21T06:13:39.134+0000] {processor.py:925} INFO - DAG(s) '510' retrieved from /opt/airflow/dags/510.py
[2024-11-21T06:13:39.190+0000] {logging_mixin.py:190} INFO - [2024-11-21T06:13:39.189+0000] {dag.py:3239} INFO - Sync 1 DAGs
[2024-11-21T06:13:39.263+0000] {logging_mixin.py:190} INFO - [2024-11-21T06:13:39.262+0000] {dag.py:4180} INFO - Setting next_dagrun for 510 to 2024-11-21 00:00:00+00:00, run_after=2024-11-21 05:00:00+00:00
[2024-11-21T06:13:39.326+0000] {processor.py:208} INFO - Processing /opt/airflow/dags/510.py took 0.852 seconds
