[2024-11-21T05:23:16.545+0000] {processor.py:186} INFO - Started process (PID=67) to work on /opt/airflow/dags/bernadya.py
[2024-11-21T05:23:16.548+0000] {processor.py:914} INFO - Processing file /opt/airflow/dags/bernadya.py for tasks to queue
[2024-11-21T05:23:16.552+0000] {logging_mixin.py:190} INFO - [2024-11-21T05:23:16.551+0000] {dagbag.py:588} INFO - Filling up the DagBag from /opt/airflow/dags/bernadya.py
[2024-11-21T05:23:17.679+0000] {processor.py:925} INFO - DAG(s) 'bernadya' retrieved from /opt/airflow/dags/bernadya.py
[2024-11-21T05:23:17.990+0000] {logging_mixin.py:190} INFO - [2024-11-21T05:23:17.989+0000] {dag.py:3239} INFO - Sync 1 DAGs
[2024-11-21T05:23:18.057+0000] {logging_mixin.py:190} INFO - [2024-11-21T05:23:18.057+0000] {dag.py:4180} INFO - Setting next_dagrun for bernadya to 2024-11-21 00:00:00+00:00, run_after=2024-11-21 05:00:00+00:00
[2024-11-21T05:23:18.127+0000] {processor.py:208} INFO - Processing /opt/airflow/dags/bernadya.py took 1.597 seconds
[2024-11-21T05:23:48.938+0000] {processor.py:186} INFO - Started process (PID=112) to work on /opt/airflow/dags/bernadya.py
[2024-11-21T05:23:48.941+0000] {processor.py:914} INFO - Processing file /opt/airflow/dags/bernadya.py for tasks to queue
[2024-11-21T05:23:48.954+0000] {logging_mixin.py:190} INFO - [2024-11-21T05:23:48.953+0000] {dagbag.py:588} INFO - Filling up the DagBag from /opt/airflow/dags/bernadya.py
[2024-11-21T05:23:50.302+0000] {processor.py:925} INFO - DAG(s) 'bernadya' retrieved from /opt/airflow/dags/bernadya.py
[2024-11-21T05:23:50.352+0000] {logging_mixin.py:190} INFO - [2024-11-21T05:23:50.351+0000] {dag.py:3239} INFO - Sync 1 DAGs
[2024-11-21T05:23:50.404+0000] {logging_mixin.py:190} INFO - [2024-11-21T05:23:50.403+0000] {dag.py:4180} INFO - Setting next_dagrun for bernadya to 2024-11-21 00:00:00+00:00, run_after=2024-11-21 05:00:00+00:00
[2024-11-21T05:23:50.449+0000] {processor.py:208} INFO - Processing /opt/airflow/dags/bernadya.py took 1.549 seconds
[2024-11-21T05:24:20.610+0000] {processor.py:186} INFO - Started process (PID=153) to work on /opt/airflow/dags/bernadya.py
[2024-11-21T05:24:20.612+0000] {processor.py:914} INFO - Processing file /opt/airflow/dags/bernadya.py for tasks to queue
[2024-11-21T05:24:20.617+0000] {logging_mixin.py:190} INFO - [2024-11-21T05:24:20.617+0000] {dagbag.py:588} INFO - Filling up the DagBag from /opt/airflow/dags/bernadya.py
[2024-11-21T05:24:21.263+0000] {processor.py:925} INFO - DAG(s) 'bernadya' retrieved from /opt/airflow/dags/bernadya.py
[2024-11-21T05:24:21.301+0000] {logging_mixin.py:190} INFO - [2024-11-21T05:24:21.301+0000] {dag.py:3239} INFO - Sync 1 DAGs
[2024-11-21T05:24:21.342+0000] {logging_mixin.py:190} INFO - [2024-11-21T05:24:21.341+0000] {dag.py:4180} INFO - Setting next_dagrun for bernadya to 2024-11-21 00:00:00+00:00, run_after=2024-11-21 05:00:00+00:00
[2024-11-21T05:24:21.380+0000] {processor.py:208} INFO - Processing /opt/airflow/dags/bernadya.py took 0.785 seconds
[2024-11-21T05:24:53.973+0000] {processor.py:186} INFO - Started process (PID=194) to work on /opt/airflow/dags/bernadya.py
[2024-11-21T05:24:53.975+0000] {processor.py:914} INFO - Processing file /opt/airflow/dags/bernadya.py for tasks to queue
[2024-11-21T05:24:53.982+0000] {logging_mixin.py:190} INFO - [2024-11-21T05:24:53.981+0000] {dagbag.py:588} INFO - Filling up the DagBag from /opt/airflow/dags/bernadya.py
[2024-11-21T05:24:55.079+0000] {processor.py:925} INFO - DAG(s) 'bernadya' retrieved from /opt/airflow/dags/bernadya.py
[2024-11-21T05:24:55.138+0000] {logging_mixin.py:190} INFO - [2024-11-21T05:24:55.137+0000] {dag.py:3239} INFO - Sync 1 DAGs
[2024-11-21T05:24:55.206+0000] {logging_mixin.py:190} INFO - [2024-11-21T05:24:55.205+0000] {dag.py:4180} INFO - Setting next_dagrun for bernadya to 2024-11-21 00:00:00+00:00, run_after=2024-11-21 05:00:00+00:00
[2024-11-21T05:24:55.285+0000] {processor.py:208} INFO - Processing /opt/airflow/dags/bernadya.py took 1.330 seconds
[2024-11-21T05:25:25.625+0000] {processor.py:186} INFO - Started process (PID=235) to work on /opt/airflow/dags/bernadya.py
[2024-11-21T05:25:25.628+0000] {processor.py:914} INFO - Processing file /opt/airflow/dags/bernadya.py for tasks to queue
[2024-11-21T05:25:25.634+0000] {logging_mixin.py:190} INFO - [2024-11-21T05:25:25.633+0000] {dagbag.py:588} INFO - Filling up the DagBag from /opt/airflow/dags/bernadya.py
[2024-11-21T05:25:26.083+0000] {processor.py:925} INFO - DAG(s) 'bernadya' retrieved from /opt/airflow/dags/bernadya.py
[2024-11-21T05:25:26.124+0000] {logging_mixin.py:190} INFO - [2024-11-21T05:25:26.124+0000] {dag.py:3239} INFO - Sync 1 DAGs
[2024-11-21T05:25:26.173+0000] {logging_mixin.py:190} INFO - [2024-11-21T05:25:26.172+0000] {dag.py:4180} INFO - Setting next_dagrun for bernadya to 2024-11-21 00:00:00+00:00, run_after=2024-11-21 05:00:00+00:00
[2024-11-21T05:25:26.220+0000] {processor.py:208} INFO - Processing /opt/airflow/dags/bernadya.py took 0.610 seconds
[2024-11-21T05:25:56.988+0000] {processor.py:186} INFO - Started process (PID=272) to work on /opt/airflow/dags/bernadya.py
[2024-11-21T05:25:56.991+0000] {processor.py:914} INFO - Processing file /opt/airflow/dags/bernadya.py for tasks to queue
[2024-11-21T05:25:56.997+0000] {logging_mixin.py:190} INFO - [2024-11-21T05:25:56.996+0000] {dagbag.py:588} INFO - Filling up the DagBag from /opt/airflow/dags/bernadya.py
[2024-11-21T05:25:57.591+0000] {processor.py:925} INFO - DAG(s) 'bernadya' retrieved from /opt/airflow/dags/bernadya.py
[2024-11-21T05:25:57.653+0000] {logging_mixin.py:190} INFO - [2024-11-21T05:25:57.652+0000] {dag.py:3239} INFO - Sync 1 DAGs
[2024-11-21T05:25:57.736+0000] {logging_mixin.py:190} INFO - [2024-11-21T05:25:57.735+0000] {dag.py:4180} INFO - Setting next_dagrun for bernadya to 2024-11-21 00:00:00+00:00, run_after=2024-11-21 05:00:00+00:00
[2024-11-21T05:25:57.801+0000] {processor.py:208} INFO - Processing /opt/airflow/dags/bernadya.py took 0.829 seconds
[2024-11-21T05:26:28.118+0000] {processor.py:186} INFO - Started process (PID=288) to work on /opt/airflow/dags/bernadya.py
[2024-11-21T05:26:28.120+0000] {processor.py:914} INFO - Processing file /opt/airflow/dags/bernadya.py for tasks to queue
[2024-11-21T05:26:28.124+0000] {logging_mixin.py:190} INFO - [2024-11-21T05:26:28.123+0000] {dagbag.py:588} INFO - Filling up the DagBag from /opt/airflow/dags/bernadya.py
[2024-11-21T05:26:28.543+0000] {processor.py:925} INFO - DAG(s) 'bernadya' retrieved from /opt/airflow/dags/bernadya.py
[2024-11-21T05:26:28.596+0000] {logging_mixin.py:190} INFO - [2024-11-21T05:26:28.596+0000] {dag.py:3239} INFO - Sync 1 DAGs
[2024-11-21T05:26:28.649+0000] {logging_mixin.py:190} INFO - [2024-11-21T05:26:28.648+0000] {dag.py:4180} INFO - Setting next_dagrun for bernadya to 2024-11-21 00:00:00+00:00, run_after=2024-11-21 05:00:00+00:00
[2024-11-21T05:26:28.693+0000] {processor.py:208} INFO - Processing /opt/airflow/dags/bernadya.py took 0.587 seconds
[2024-11-21T05:26:59.035+0000] {processor.py:186} INFO - Started process (PID=319) to work on /opt/airflow/dags/bernadya.py
[2024-11-21T05:26:59.037+0000] {processor.py:914} INFO - Processing file /opt/airflow/dags/bernadya.py for tasks to queue
[2024-11-21T05:26:59.042+0000] {logging_mixin.py:190} INFO - [2024-11-21T05:26:59.042+0000] {dagbag.py:588} INFO - Filling up the DagBag from /opt/airflow/dags/bernadya.py
[2024-11-21T05:26:59.626+0000] {processor.py:925} INFO - DAG(s) 'bernadya' retrieved from /opt/airflow/dags/bernadya.py
[2024-11-21T05:26:59.688+0000] {logging_mixin.py:190} INFO - [2024-11-21T05:26:59.688+0000] {dag.py:3239} INFO - Sync 1 DAGs
[2024-11-21T05:26:59.759+0000] {logging_mixin.py:190} INFO - [2024-11-21T05:26:59.758+0000] {dag.py:4180} INFO - Setting next_dagrun for bernadya to 2024-11-21 05:00:00+00:00, run_after=2024-11-21 10:00:00+00:00
[2024-11-21T05:26:59.819+0000] {processor.py:208} INFO - Processing /opt/airflow/dags/bernadya.py took 0.798 seconds
[2024-11-21T05:27:30.751+0000] {processor.py:186} INFO - Started process (PID=360) to work on /opt/airflow/dags/bernadya.py
[2024-11-21T05:27:30.754+0000] {processor.py:914} INFO - Processing file /opt/airflow/dags/bernadya.py for tasks to queue
[2024-11-21T05:27:30.759+0000] {logging_mixin.py:190} INFO - [2024-11-21T05:27:30.759+0000] {dagbag.py:588} INFO - Filling up the DagBag from /opt/airflow/dags/bernadya.py
[2024-11-21T05:27:31.329+0000] {processor.py:925} INFO - DAG(s) 'bernadya' retrieved from /opt/airflow/dags/bernadya.py
[2024-11-21T05:27:31.369+0000] {logging_mixin.py:190} INFO - [2024-11-21T05:27:31.369+0000] {dag.py:3239} INFO - Sync 1 DAGs
[2024-11-21T05:27:31.414+0000] {logging_mixin.py:190} INFO - [2024-11-21T05:27:31.414+0000] {dag.py:4180} INFO - Setting next_dagrun for bernadya to 2024-11-21 05:00:00+00:00, run_after=2024-11-21 10:00:00+00:00
[2024-11-21T05:27:31.457+0000] {processor.py:208} INFO - Processing /opt/airflow/dags/bernadya.py took 0.719 seconds
[2024-11-21T05:28:07.873+0000] {processor.py:186} INFO - Started process (PID=390) to work on /opt/airflow/dags/bernadya.py
[2024-11-21T05:28:07.881+0000] {processor.py:914} INFO - Processing file /opt/airflow/dags/bernadya.py for tasks to queue
[2024-11-21T05:28:07.893+0000] {logging_mixin.py:190} INFO - [2024-11-21T05:28:07.891+0000] {dagbag.py:588} INFO - Filling up the DagBag from /opt/airflow/dags/bernadya.py
[2024-11-21T05:28:09.664+0000] {processor.py:925} INFO - DAG(s) 'bernadya' retrieved from /opt/airflow/dags/bernadya.py
[2024-11-21T05:28:09.752+0000] {logging_mixin.py:190} INFO - [2024-11-21T05:28:09.751+0000] {dag.py:3239} INFO - Sync 1 DAGs
[2024-11-21T05:28:09.858+0000] {logging_mixin.py:190} INFO - [2024-11-21T05:28:09.857+0000] {dag.py:4180} INFO - Setting next_dagrun for bernadya to 2024-11-21 05:00:00+00:00, run_after=2024-11-21 10:00:00+00:00
[2024-11-21T05:28:09.945+0000] {processor.py:208} INFO - Processing /opt/airflow/dags/bernadya.py took 2.100 seconds
[2024-11-21T05:28:40.433+0000] {processor.py:186} INFO - Started process (PID=431) to work on /opt/airflow/dags/bernadya.py
[2024-11-21T05:28:40.440+0000] {processor.py:914} INFO - Processing file /opt/airflow/dags/bernadya.py for tasks to queue
[2024-11-21T05:28:40.454+0000] {logging_mixin.py:190} INFO - [2024-11-21T05:28:40.450+0000] {dagbag.py:588} INFO - Filling up the DagBag from /opt/airflow/dags/bernadya.py
[2024-11-21T05:28:41.375+0000] {processor.py:925} INFO - DAG(s) 'bernadya' retrieved from /opt/airflow/dags/bernadya.py
[2024-11-21T05:28:41.486+0000] {logging_mixin.py:190} INFO - [2024-11-21T05:28:41.484+0000] {dag.py:3239} INFO - Sync 1 DAGs
[2024-11-21T05:28:41.604+0000] {logging_mixin.py:190} INFO - [2024-11-21T05:28:41.603+0000] {dag.py:4180} INFO - Setting next_dagrun for bernadya to 2024-11-21 05:00:00+00:00, run_after=2024-11-21 10:00:00+00:00
[2024-11-21T05:28:41.692+0000] {processor.py:208} INFO - Processing /opt/airflow/dags/bernadya.py took 1.285 seconds
[2024-11-21T05:29:12.058+0000] {processor.py:186} INFO - Started process (PID=460) to work on /opt/airflow/dags/bernadya.py
[2024-11-21T05:29:12.060+0000] {processor.py:914} INFO - Processing file /opt/airflow/dags/bernadya.py for tasks to queue
[2024-11-21T05:29:12.065+0000] {logging_mixin.py:190} INFO - [2024-11-21T05:29:12.064+0000] {dagbag.py:588} INFO - Filling up the DagBag from /opt/airflow/dags/bernadya.py
[2024-11-21T05:29:12.602+0000] {processor.py:925} INFO - DAG(s) 'bernadya' retrieved from /opt/airflow/dags/bernadya.py
[2024-11-21T05:29:12.646+0000] {logging_mixin.py:190} INFO - [2024-11-21T05:29:12.645+0000] {dag.py:3239} INFO - Sync 1 DAGs
[2024-11-21T05:29:12.704+0000] {logging_mixin.py:190} INFO - [2024-11-21T05:29:12.703+0000] {dag.py:4180} INFO - Setting next_dagrun for bernadya to 2024-11-21 05:00:00+00:00, run_after=2024-11-21 10:00:00+00:00
[2024-11-21T05:29:12.749+0000] {processor.py:208} INFO - Processing /opt/airflow/dags/bernadya.py took 0.703 seconds
[2024-11-21T05:29:43.110+0000] {processor.py:186} INFO - Started process (PID=501) to work on /opt/airflow/dags/bernadya.py
[2024-11-21T05:29:43.112+0000] {processor.py:914} INFO - Processing file /opt/airflow/dags/bernadya.py for tasks to queue
[2024-11-21T05:29:43.117+0000] {logging_mixin.py:190} INFO - [2024-11-21T05:29:43.116+0000] {dagbag.py:588} INFO - Filling up the DagBag from /opt/airflow/dags/bernadya.py
[2024-11-21T05:29:43.651+0000] {processor.py:925} INFO - DAG(s) 'bernadya' retrieved from /opt/airflow/dags/bernadya.py
[2024-11-21T05:29:43.692+0000] {logging_mixin.py:190} INFO - [2024-11-21T05:29:43.692+0000] {dag.py:3239} INFO - Sync 1 DAGs
[2024-11-21T05:29:43.765+0000] {logging_mixin.py:190} INFO - [2024-11-21T05:29:43.764+0000] {dag.py:4180} INFO - Setting next_dagrun for bernadya to 2024-11-21 05:00:00+00:00, run_after=2024-11-21 10:00:00+00:00
[2024-11-21T05:29:43.834+0000] {processor.py:208} INFO - Processing /opt/airflow/dags/bernadya.py took 0.737 seconds
[2024-11-21T05:30:14.448+0000] {processor.py:186} INFO - Started process (PID=546) to work on /opt/airflow/dags/bernadya.py
[2024-11-21T05:30:14.450+0000] {processor.py:914} INFO - Processing file /opt/airflow/dags/bernadya.py for tasks to queue
[2024-11-21T05:30:14.455+0000] {logging_mixin.py:190} INFO - [2024-11-21T05:30:14.454+0000] {dagbag.py:588} INFO - Filling up the DagBag from /opt/airflow/dags/bernadya.py
[2024-11-21T05:30:14.918+0000] {processor.py:925} INFO - DAG(s) 'bernadya' retrieved from /opt/airflow/dags/bernadya.py
[2024-11-21T05:30:14.969+0000] {logging_mixin.py:190} INFO - [2024-11-21T05:30:14.968+0000] {dag.py:3239} INFO - Sync 1 DAGs
[2024-11-21T05:30:15.018+0000] {logging_mixin.py:190} INFO - [2024-11-21T05:30:15.017+0000] {dag.py:4180} INFO - Setting next_dagrun for bernadya to 2024-11-21 05:00:00+00:00, run_after=2024-11-21 10:00:00+00:00
[2024-11-21T05:30:15.062+0000] {processor.py:208} INFO - Processing /opt/airflow/dags/bernadya.py took 0.628 seconds
[2024-11-21T05:30:45.242+0000] {processor.py:186} INFO - Started process (PID=593) to work on /opt/airflow/dags/bernadya.py
[2024-11-21T05:30:45.244+0000] {processor.py:914} INFO - Processing file /opt/airflow/dags/bernadya.py for tasks to queue
[2024-11-21T05:30:45.250+0000] {logging_mixin.py:190} INFO - [2024-11-21T05:30:45.249+0000] {dagbag.py:588} INFO - Filling up the DagBag from /opt/airflow/dags/bernadya.py
[2024-11-21T05:30:45.690+0000] {processor.py:925} INFO - DAG(s) 'bernadya' retrieved from /opt/airflow/dags/bernadya.py
[2024-11-21T05:30:45.738+0000] {logging_mixin.py:190} INFO - [2024-11-21T05:30:45.738+0000] {dag.py:3239} INFO - Sync 1 DAGs
[2024-11-21T05:30:45.784+0000] {logging_mixin.py:190} INFO - [2024-11-21T05:30:45.783+0000] {dag.py:4180} INFO - Setting next_dagrun for bernadya to 2024-11-21 05:00:00+00:00, run_after=2024-11-21 10:00:00+00:00
[2024-11-21T05:30:45.828+0000] {processor.py:208} INFO - Processing /opt/airflow/dags/bernadya.py took 0.602 seconds
[2024-11-21T05:31:16.910+0000] {processor.py:186} INFO - Started process (PID=651) to work on /opt/airflow/dags/bernadya.py
[2024-11-21T05:31:16.912+0000] {processor.py:914} INFO - Processing file /opt/airflow/dags/bernadya.py for tasks to queue
[2024-11-21T05:31:16.917+0000] {logging_mixin.py:190} INFO - [2024-11-21T05:31:16.916+0000] {dagbag.py:588} INFO - Filling up the DagBag from /opt/airflow/dags/bernadya.py
[2024-11-21T05:31:17.593+0000] {processor.py:925} INFO - DAG(s) 'bernadya' retrieved from /opt/airflow/dags/bernadya.py
[2024-11-21T05:31:17.663+0000] {logging_mixin.py:190} INFO - [2024-11-21T05:31:17.662+0000] {dag.py:3239} INFO - Sync 1 DAGs
[2024-11-21T05:31:17.723+0000] {logging_mixin.py:190} INFO - [2024-11-21T05:31:17.723+0000] {dag.py:4180} INFO - Setting next_dagrun for bernadya to 2024-11-21 05:00:00+00:00, run_after=2024-11-21 10:00:00+00:00
[2024-11-21T05:31:17.774+0000] {processor.py:208} INFO - Processing /opt/airflow/dags/bernadya.py took 0.877 seconds
[2024-11-21T05:31:47.957+0000] {processor.py:186} INFO - Started process (PID=695) to work on /opt/airflow/dags/bernadya.py
[2024-11-21T05:31:47.960+0000] {processor.py:914} INFO - Processing file /opt/airflow/dags/bernadya.py for tasks to queue
[2024-11-21T05:31:47.967+0000] {logging_mixin.py:190} INFO - [2024-11-21T05:31:47.965+0000] {dagbag.py:588} INFO - Filling up the DagBag from /opt/airflow/dags/bernadya.py
[2024-11-21T05:31:48.500+0000] {processor.py:925} INFO - DAG(s) 'bernadya' retrieved from /opt/airflow/dags/bernadya.py
[2024-11-21T05:31:48.554+0000] {logging_mixin.py:190} INFO - [2024-11-21T05:31:48.554+0000] {dag.py:3239} INFO - Sync 1 DAGs
[2024-11-21T05:31:48.620+0000] {logging_mixin.py:190} INFO - [2024-11-21T05:31:48.619+0000] {dag.py:4180} INFO - Setting next_dagrun for bernadya to 2024-11-21 05:00:00+00:00, run_after=2024-11-21 10:00:00+00:00
[2024-11-21T05:31:48.675+0000] {processor.py:208} INFO - Processing /opt/airflow/dags/bernadya.py took 0.733 seconds
[2024-11-21T05:32:19.739+0000] {processor.py:186} INFO - Started process (PID=743) to work on /opt/airflow/dags/bernadya.py
[2024-11-21T05:32:19.741+0000] {processor.py:914} INFO - Processing file /opt/airflow/dags/bernadya.py for tasks to queue
[2024-11-21T05:32:19.747+0000] {logging_mixin.py:190} INFO - [2024-11-21T05:32:19.746+0000] {dagbag.py:588} INFO - Filling up the DagBag from /opt/airflow/dags/bernadya.py
[2024-11-21T05:32:20.334+0000] {processor.py:925} INFO - DAG(s) 'bernadya' retrieved from /opt/airflow/dags/bernadya.py
[2024-11-21T05:32:20.391+0000] {logging_mixin.py:190} INFO - [2024-11-21T05:32:20.390+0000] {dag.py:3239} INFO - Sync 1 DAGs
[2024-11-21T05:32:20.457+0000] {logging_mixin.py:190} INFO - [2024-11-21T05:32:20.457+0000] {dag.py:4180} INFO - Setting next_dagrun for bernadya to 2024-11-21 05:00:00+00:00, run_after=2024-11-21 10:00:00+00:00
[2024-11-21T05:32:20.515+0000] {processor.py:208} INFO - Processing /opt/airflow/dags/bernadya.py took 0.793 seconds
[2024-11-21T05:32:51.297+0000] {processor.py:186} INFO - Started process (PID=760) to work on /opt/airflow/dags/bernadya.py
[2024-11-21T05:32:51.302+0000] {processor.py:914} INFO - Processing file /opt/airflow/dags/bernadya.py for tasks to queue
[2024-11-21T05:32:51.315+0000] {logging_mixin.py:190} INFO - [2024-11-21T05:32:51.313+0000] {dagbag.py:588} INFO - Filling up the DagBag from /opt/airflow/dags/bernadya.py
[2024-11-21T05:32:51.739+0000] {processor.py:925} INFO - DAG(s) 'bernadya' retrieved from /opt/airflow/dags/bernadya.py
[2024-11-21T05:32:51.780+0000] {logging_mixin.py:190} INFO - [2024-11-21T05:32:51.780+0000] {dag.py:3239} INFO - Sync 1 DAGs
[2024-11-21T05:32:51.827+0000] {logging_mixin.py:190} INFO - [2024-11-21T05:32:51.827+0000] {dag.py:4180} INFO - Setting next_dagrun for bernadya to 2024-11-21 05:00:00+00:00, run_after=2024-11-21 10:00:00+00:00
[2024-11-21T05:32:51.869+0000] {processor.py:208} INFO - Processing /opt/airflow/dags/bernadya.py took 0.604 seconds
[2024-11-21T05:33:22.102+0000] {processor.py:186} INFO - Started process (PID=768) to work on /opt/airflow/dags/bernadya.py
[2024-11-21T05:33:22.104+0000] {processor.py:914} INFO - Processing file /opt/airflow/dags/bernadya.py for tasks to queue
[2024-11-21T05:33:22.108+0000] {logging_mixin.py:190} INFO - [2024-11-21T05:33:22.108+0000] {dagbag.py:588} INFO - Filling up the DagBag from /opt/airflow/dags/bernadya.py
[2024-11-21T05:33:22.531+0000] {processor.py:925} INFO - DAG(s) 'bernadya' retrieved from /opt/airflow/dags/bernadya.py
[2024-11-21T05:33:22.581+0000] {logging_mixin.py:190} INFO - [2024-11-21T05:33:22.580+0000] {dag.py:3239} INFO - Sync 1 DAGs
[2024-11-21T05:33:22.627+0000] {logging_mixin.py:190} INFO - [2024-11-21T05:33:22.627+0000] {dag.py:4180} INFO - Setting next_dagrun for bernadya to 2024-11-21 05:00:00+00:00, run_after=2024-11-21 10:00:00+00:00
[2024-11-21T05:33:22.674+0000] {processor.py:208} INFO - Processing /opt/airflow/dags/bernadya.py took 0.584 seconds
[2024-11-21T05:33:52.982+0000] {processor.py:186} INFO - Started process (PID=776) to work on /opt/airflow/dags/bernadya.py
[2024-11-21T05:33:52.984+0000] {processor.py:914} INFO - Processing file /opt/airflow/dags/bernadya.py for tasks to queue
[2024-11-21T05:33:52.989+0000] {logging_mixin.py:190} INFO - [2024-11-21T05:33:52.988+0000] {dagbag.py:588} INFO - Filling up the DagBag from /opt/airflow/dags/bernadya.py
[2024-11-21T05:33:53.401+0000] {processor.py:925} INFO - DAG(s) 'bernadya' retrieved from /opt/airflow/dags/bernadya.py
[2024-11-21T05:33:53.443+0000] {logging_mixin.py:190} INFO - [2024-11-21T05:33:53.443+0000] {dag.py:3239} INFO - Sync 1 DAGs
[2024-11-21T05:33:53.502+0000] {logging_mixin.py:190} INFO - [2024-11-21T05:33:53.501+0000] {dag.py:4180} INFO - Setting next_dagrun for bernadya to 2024-11-21 05:00:00+00:00, run_after=2024-11-21 10:00:00+00:00
[2024-11-21T05:33:53.548+0000] {processor.py:208} INFO - Processing /opt/airflow/dags/bernadya.py took 0.578 seconds
[2024-11-21T05:34:23.876+0000] {processor.py:186} INFO - Started process (PID=784) to work on /opt/airflow/dags/bernadya.py
[2024-11-21T05:34:23.878+0000] {processor.py:914} INFO - Processing file /opt/airflow/dags/bernadya.py for tasks to queue
[2024-11-21T05:34:23.884+0000] {logging_mixin.py:190} INFO - [2024-11-21T05:34:23.883+0000] {dagbag.py:588} INFO - Filling up the DagBag from /opt/airflow/dags/bernadya.py
[2024-11-21T05:34:24.376+0000] {processor.py:925} INFO - DAG(s) 'bernadya' retrieved from /opt/airflow/dags/bernadya.py
[2024-11-21T05:34:24.422+0000] {logging_mixin.py:190} INFO - [2024-11-21T05:34:24.422+0000] {dag.py:3239} INFO - Sync 1 DAGs
[2024-11-21T05:34:24.468+0000] {logging_mixin.py:190} INFO - [2024-11-21T05:34:24.468+0000] {dag.py:4180} INFO - Setting next_dagrun for bernadya to 2024-11-21 05:00:00+00:00, run_after=2024-11-21 10:00:00+00:00
[2024-11-21T05:34:24.513+0000] {processor.py:208} INFO - Processing /opt/airflow/dags/bernadya.py took 0.650 seconds
[2024-11-21T05:34:55.027+0000] {processor.py:186} INFO - Started process (PID=792) to work on /opt/airflow/dags/bernadya.py
[2024-11-21T05:34:55.030+0000] {processor.py:914} INFO - Processing file /opt/airflow/dags/bernadya.py for tasks to queue
[2024-11-21T05:34:55.036+0000] {logging_mixin.py:190} INFO - [2024-11-21T05:34:55.035+0000] {dagbag.py:588} INFO - Filling up the DagBag from /opt/airflow/dags/bernadya.py
[2024-11-21T05:34:55.473+0000] {processor.py:925} INFO - DAG(s) 'bernadya' retrieved from /opt/airflow/dags/bernadya.py
[2024-11-21T05:34:55.516+0000] {logging_mixin.py:190} INFO - [2024-11-21T05:34:55.516+0000] {dag.py:3239} INFO - Sync 1 DAGs
[2024-11-21T05:34:55.589+0000] {logging_mixin.py:190} INFO - [2024-11-21T05:34:55.589+0000] {dag.py:4180} INFO - Setting next_dagrun for bernadya to 2024-11-21 05:00:00+00:00, run_after=2024-11-21 10:00:00+00:00
[2024-11-21T05:34:55.633+0000] {processor.py:208} INFO - Processing /opt/airflow/dags/bernadya.py took 0.622 seconds
[2024-11-21T05:35:25.756+0000] {processor.py:186} INFO - Started process (PID=800) to work on /opt/airflow/dags/bernadya.py
[2024-11-21T05:35:25.758+0000] {processor.py:914} INFO - Processing file /opt/airflow/dags/bernadya.py for tasks to queue
[2024-11-21T05:35:25.763+0000] {logging_mixin.py:190} INFO - [2024-11-21T05:35:25.762+0000] {dagbag.py:588} INFO - Filling up the DagBag from /opt/airflow/dags/bernadya.py
[2024-11-21T05:35:26.190+0000] {processor.py:925} INFO - DAG(s) 'bernadya' retrieved from /opt/airflow/dags/bernadya.py
[2024-11-21T05:35:26.233+0000] {logging_mixin.py:190} INFO - [2024-11-21T05:35:26.233+0000] {dag.py:3239} INFO - Sync 1 DAGs
[2024-11-21T05:35:26.285+0000] {logging_mixin.py:190} INFO - [2024-11-21T05:35:26.284+0000] {dag.py:4180} INFO - Setting next_dagrun for bernadya to 2024-11-21 05:00:00+00:00, run_after=2024-11-21 10:00:00+00:00
[2024-11-21T05:35:26.332+0000] {processor.py:208} INFO - Processing /opt/airflow/dags/bernadya.py took 0.591 seconds
[2024-11-21T05:35:56.778+0000] {processor.py:186} INFO - Started process (PID=808) to work on /opt/airflow/dags/bernadya.py
[2024-11-21T05:35:56.780+0000] {processor.py:914} INFO - Processing file /opt/airflow/dags/bernadya.py for tasks to queue
[2024-11-21T05:35:56.785+0000] {logging_mixin.py:190} INFO - [2024-11-21T05:35:56.785+0000] {dagbag.py:588} INFO - Filling up the DagBag from /opt/airflow/dags/bernadya.py
[2024-11-21T05:35:57.200+0000] {processor.py:925} INFO - DAG(s) 'bernadya' retrieved from /opt/airflow/dags/bernadya.py
[2024-11-21T05:35:57.246+0000] {logging_mixin.py:190} INFO - [2024-11-21T05:35:57.246+0000] {dag.py:3239} INFO - Sync 1 DAGs
[2024-11-21T05:35:57.292+0000] {logging_mixin.py:190} INFO - [2024-11-21T05:35:57.291+0000] {dag.py:4180} INFO - Setting next_dagrun for bernadya to 2024-11-21 05:00:00+00:00, run_after=2024-11-21 10:00:00+00:00
[2024-11-21T05:35:57.334+0000] {processor.py:208} INFO - Processing /opt/airflow/dags/bernadya.py took 0.568 seconds
[2024-11-21T05:36:27.634+0000] {processor.py:186} INFO - Started process (PID=816) to work on /opt/airflow/dags/bernadya.py
[2024-11-21T05:36:27.637+0000] {processor.py:914} INFO - Processing file /opt/airflow/dags/bernadya.py for tasks to queue
[2024-11-21T05:36:27.641+0000] {logging_mixin.py:190} INFO - [2024-11-21T05:36:27.641+0000] {dagbag.py:588} INFO - Filling up the DagBag from /opt/airflow/dags/bernadya.py
[2024-11-21T05:36:28.059+0000] {processor.py:925} INFO - DAG(s) 'bernadya' retrieved from /opt/airflow/dags/bernadya.py
[2024-11-21T05:36:28.105+0000] {logging_mixin.py:190} INFO - [2024-11-21T05:36:28.105+0000] {dag.py:3239} INFO - Sync 1 DAGs
[2024-11-21T05:36:28.158+0000] {logging_mixin.py:190} INFO - [2024-11-21T05:36:28.157+0000] {dag.py:4180} INFO - Setting next_dagrun for bernadya to 2024-11-21 05:00:00+00:00, run_after=2024-11-21 10:00:00+00:00
[2024-11-21T05:36:28.204+0000] {processor.py:208} INFO - Processing /opt/airflow/dags/bernadya.py took 0.581 seconds
[2024-11-21T05:36:58.557+0000] {processor.py:186} INFO - Started process (PID=824) to work on /opt/airflow/dags/bernadya.py
[2024-11-21T05:36:58.559+0000] {processor.py:914} INFO - Processing file /opt/airflow/dags/bernadya.py for tasks to queue
[2024-11-21T05:36:58.564+0000] {logging_mixin.py:190} INFO - [2024-11-21T05:36:58.563+0000] {dagbag.py:588} INFO - Filling up the DagBag from /opt/airflow/dags/bernadya.py
[2024-11-21T05:36:58.971+0000] {processor.py:925} INFO - DAG(s) 'bernadya' retrieved from /opt/airflow/dags/bernadya.py
[2024-11-21T05:36:59.013+0000] {logging_mixin.py:190} INFO - [2024-11-21T05:36:59.012+0000] {dag.py:3239} INFO - Sync 1 DAGs
[2024-11-21T05:36:59.060+0000] {logging_mixin.py:190} INFO - [2024-11-21T05:36:59.060+0000] {dag.py:4180} INFO - Setting next_dagrun for bernadya to 2024-11-21 05:00:00+00:00, run_after=2024-11-21 10:00:00+00:00
[2024-11-21T05:36:59.101+0000] {processor.py:208} INFO - Processing /opt/airflow/dags/bernadya.py took 0.557 seconds
[2024-11-21T05:37:29.463+0000] {processor.py:186} INFO - Started process (PID=832) to work on /opt/airflow/dags/bernadya.py
[2024-11-21T05:37:29.465+0000] {processor.py:914} INFO - Processing file /opt/airflow/dags/bernadya.py for tasks to queue
[2024-11-21T05:37:29.470+0000] {logging_mixin.py:190} INFO - [2024-11-21T05:37:29.469+0000] {dagbag.py:588} INFO - Filling up the DagBag from /opt/airflow/dags/bernadya.py
[2024-11-21T05:37:29.858+0000] {processor.py:925} INFO - DAG(s) 'bernadya' retrieved from /opt/airflow/dags/bernadya.py
[2024-11-21T05:37:29.898+0000] {logging_mixin.py:190} INFO - [2024-11-21T05:37:29.897+0000] {dag.py:3239} INFO - Sync 1 DAGs
[2024-11-21T05:37:29.949+0000] {logging_mixin.py:190} INFO - [2024-11-21T05:37:29.948+0000] {dag.py:4180} INFO - Setting next_dagrun for bernadya to 2024-11-21 05:00:00+00:00, run_after=2024-11-21 10:00:00+00:00
[2024-11-21T05:37:29.993+0000] {processor.py:208} INFO - Processing /opt/airflow/dags/bernadya.py took 0.547 seconds
[2024-11-21T05:38:00.322+0000] {processor.py:186} INFO - Started process (PID=840) to work on /opt/airflow/dags/bernadya.py
[2024-11-21T05:38:00.324+0000] {processor.py:914} INFO - Processing file /opt/airflow/dags/bernadya.py for tasks to queue
[2024-11-21T05:38:00.330+0000] {logging_mixin.py:190} INFO - [2024-11-21T05:38:00.329+0000] {dagbag.py:588} INFO - Filling up the DagBag from /opt/airflow/dags/bernadya.py
[2024-11-21T05:38:00.761+0000] {processor.py:925} INFO - DAG(s) 'bernadya' retrieved from /opt/airflow/dags/bernadya.py
[2024-11-21T05:38:00.802+0000] {logging_mixin.py:190} INFO - [2024-11-21T05:38:00.802+0000] {dag.py:3239} INFO - Sync 1 DAGs
[2024-11-21T05:38:00.853+0000] {logging_mixin.py:190} INFO - [2024-11-21T05:38:00.852+0000] {dag.py:4180} INFO - Setting next_dagrun for bernadya to 2024-11-21 05:00:00+00:00, run_after=2024-11-21 10:00:00+00:00
[2024-11-21T05:38:00.896+0000] {processor.py:208} INFO - Processing /opt/airflow/dags/bernadya.py took 0.590 seconds
[2024-11-21T05:38:31.003+0000] {processor.py:186} INFO - Started process (PID=848) to work on /opt/airflow/dags/bernadya.py
[2024-11-21T05:38:31.005+0000] {processor.py:914} INFO - Processing file /opt/airflow/dags/bernadya.py for tasks to queue
[2024-11-21T05:38:31.010+0000] {logging_mixin.py:190} INFO - [2024-11-21T05:38:31.009+0000] {dagbag.py:588} INFO - Filling up the DagBag from /opt/airflow/dags/bernadya.py
[2024-11-21T05:38:31.412+0000] {processor.py:925} INFO - DAG(s) 'bernadya' retrieved from /opt/airflow/dags/bernadya.py
[2024-11-21T05:38:31.455+0000] {logging_mixin.py:190} INFO - [2024-11-21T05:38:31.454+0000] {dag.py:3239} INFO - Sync 1 DAGs
[2024-11-21T05:38:31.501+0000] {logging_mixin.py:190} INFO - [2024-11-21T05:38:31.501+0000] {dag.py:4180} INFO - Setting next_dagrun for bernadya to 2024-11-21 05:00:00+00:00, run_after=2024-11-21 10:00:00+00:00
[2024-11-21T05:38:31.543+0000] {processor.py:208} INFO - Processing /opt/airflow/dags/bernadya.py took 0.552 seconds
[2024-11-21T05:39:03.021+0000] {processor.py:186} INFO - Started process (PID=856) to work on /opt/airflow/dags/bernadya.py
[2024-11-21T05:39:03.023+0000] {processor.py:914} INFO - Processing file /opt/airflow/dags/bernadya.py for tasks to queue
[2024-11-21T05:39:03.028+0000] {logging_mixin.py:190} INFO - [2024-11-21T05:39:03.027+0000] {dagbag.py:588} INFO - Filling up the DagBag from /opt/airflow/dags/bernadya.py
[2024-11-21T05:39:03.509+0000] {processor.py:925} INFO - DAG(s) 'bernadya' retrieved from /opt/airflow/dags/bernadya.py
[2024-11-21T05:39:03.560+0000] {logging_mixin.py:190} INFO - [2024-11-21T05:39:03.559+0000] {dag.py:3239} INFO - Sync 1 DAGs
[2024-11-21T05:39:03.613+0000] {logging_mixin.py:190} INFO - [2024-11-21T05:39:03.612+0000] {dag.py:4180} INFO - Setting next_dagrun for bernadya to 2024-11-21 05:00:00+00:00, run_after=2024-11-21 10:00:00+00:00
[2024-11-21T05:39:03.658+0000] {processor.py:208} INFO - Processing /opt/airflow/dags/bernadya.py took 0.651 seconds
[2024-11-21T05:39:34.072+0000] {processor.py:186} INFO - Started process (PID=864) to work on /opt/airflow/dags/bernadya.py
[2024-11-21T05:39:34.075+0000] {processor.py:914} INFO - Processing file /opt/airflow/dags/bernadya.py for tasks to queue
[2024-11-21T05:39:34.079+0000] {logging_mixin.py:190} INFO - [2024-11-21T05:39:34.079+0000] {dagbag.py:588} INFO - Filling up the DagBag from /opt/airflow/dags/bernadya.py
[2024-11-21T05:39:34.498+0000] {processor.py:925} INFO - DAG(s) 'bernadya' retrieved from /opt/airflow/dags/bernadya.py
[2024-11-21T05:39:34.538+0000] {logging_mixin.py:190} INFO - [2024-11-21T05:39:34.538+0000] {dag.py:3239} INFO - Sync 1 DAGs
[2024-11-21T05:39:34.586+0000] {logging_mixin.py:190} INFO - [2024-11-21T05:39:34.585+0000] {dag.py:4180} INFO - Setting next_dagrun for bernadya to 2024-11-21 05:00:00+00:00, run_after=2024-11-21 10:00:00+00:00
[2024-11-21T05:39:34.837+0000] {processor.py:208} INFO - Processing /opt/airflow/dags/bernadya.py took 0.776 seconds
[2024-11-21T05:40:05.414+0000] {processor.py:186} INFO - Started process (PID=872) to work on /opt/airflow/dags/bernadya.py
[2024-11-21T05:40:05.416+0000] {processor.py:914} INFO - Processing file /opt/airflow/dags/bernadya.py for tasks to queue
[2024-11-21T05:40:05.423+0000] {logging_mixin.py:190} INFO - [2024-11-21T05:40:05.422+0000] {dagbag.py:588} INFO - Filling up the DagBag from /opt/airflow/dags/bernadya.py
[2024-11-21T05:40:05.946+0000] {processor.py:925} INFO - DAG(s) 'bernadya' retrieved from /opt/airflow/dags/bernadya.py
[2024-11-21T05:40:05.990+0000] {logging_mixin.py:190} INFO - [2024-11-21T05:40:05.989+0000] {dag.py:3239} INFO - Sync 1 DAGs
[2024-11-21T05:40:06.039+0000] {logging_mixin.py:190} INFO - [2024-11-21T05:40:06.039+0000] {dag.py:4180} INFO - Setting next_dagrun for bernadya to 2024-11-21 05:00:00+00:00, run_after=2024-11-21 10:00:00+00:00
[2024-11-21T05:40:06.085+0000] {processor.py:208} INFO - Processing /opt/airflow/dags/bernadya.py took 0.688 seconds
[2024-11-21T05:40:36.256+0000] {processor.py:186} INFO - Started process (PID=879) to work on /opt/airflow/dags/bernadya.py
[2024-11-21T05:40:36.258+0000] {processor.py:914} INFO - Processing file /opt/airflow/dags/bernadya.py for tasks to queue
[2024-11-21T05:40:36.264+0000] {logging_mixin.py:190} INFO - [2024-11-21T05:40:36.263+0000] {dagbag.py:588} INFO - Filling up the DagBag from /opt/airflow/dags/bernadya.py
[2024-11-21T05:40:36.682+0000] {processor.py:925} INFO - DAG(s) 'bernadya' retrieved from /opt/airflow/dags/bernadya.py
[2024-11-21T05:40:36.737+0000] {logging_mixin.py:190} INFO - [2024-11-21T05:40:36.737+0000] {dag.py:3239} INFO - Sync 1 DAGs
[2024-11-21T05:40:36.992+0000] {logging_mixin.py:190} INFO - [2024-11-21T05:40:36.992+0000] {dag.py:4180} INFO - Setting next_dagrun for bernadya to 2024-11-21 05:00:00+00:00, run_after=2024-11-21 10:00:00+00:00
[2024-11-21T05:40:37.037+0000] {processor.py:208} INFO - Processing /opt/airflow/dags/bernadya.py took 0.799 seconds
[2024-11-21T05:41:07.878+0000] {processor.py:186} INFO - Started process (PID=887) to work on /opt/airflow/dags/bernadya.py
[2024-11-21T05:41:07.881+0000] {processor.py:914} INFO - Processing file /opt/airflow/dags/bernadya.py for tasks to queue
[2024-11-21T05:41:07.885+0000] {logging_mixin.py:190} INFO - [2024-11-21T05:41:07.885+0000] {dagbag.py:588} INFO - Filling up the DagBag from /opt/airflow/dags/bernadya.py
[2024-11-21T05:41:08.568+0000] {processor.py:925} INFO - DAG(s) 'bernadya' retrieved from /opt/airflow/dags/bernadya.py
[2024-11-21T05:41:08.604+0000] {logging_mixin.py:190} INFO - [2024-11-21T05:41:08.603+0000] {dag.py:3239} INFO - Sync 1 DAGs
[2024-11-21T05:41:08.645+0000] {logging_mixin.py:190} INFO - [2024-11-21T05:41:08.645+0000] {dag.py:4180} INFO - Setting next_dagrun for bernadya to 2024-11-21 05:00:00+00:00, run_after=2024-11-21 10:00:00+00:00
[2024-11-21T05:41:08.689+0000] {processor.py:208} INFO - Processing /opt/airflow/dags/bernadya.py took 0.822 seconds
[2024-11-21T05:41:39.525+0000] {processor.py:186} INFO - Started process (PID=895) to work on /opt/airflow/dags/bernadya.py
[2024-11-21T05:41:39.527+0000] {processor.py:914} INFO - Processing file /opt/airflow/dags/bernadya.py for tasks to queue
[2024-11-21T05:41:39.532+0000] {logging_mixin.py:190} INFO - [2024-11-21T05:41:39.531+0000] {dagbag.py:588} INFO - Filling up the DagBag from /opt/airflow/dags/bernadya.py
[2024-11-21T05:41:40.213+0000] {processor.py:925} INFO - DAG(s) 'bernadya' retrieved from /opt/airflow/dags/bernadya.py
[2024-11-21T05:41:40.247+0000] {logging_mixin.py:190} INFO - [2024-11-21T05:41:40.247+0000] {dag.py:3239} INFO - Sync 1 DAGs
[2024-11-21T05:41:40.289+0000] {logging_mixin.py:190} INFO - [2024-11-21T05:41:40.289+0000] {dag.py:4180} INFO - Setting next_dagrun for bernadya to 2024-11-21 05:00:00+00:00, run_after=2024-11-21 10:00:00+00:00
[2024-11-21T05:41:40.340+0000] {processor.py:208} INFO - Processing /opt/airflow/dags/bernadya.py took 0.827 seconds
[2024-11-21T05:42:10.567+0000] {processor.py:186} INFO - Started process (PID=903) to work on /opt/airflow/dags/bernadya.py
[2024-11-21T05:42:10.568+0000] {processor.py:914} INFO - Processing file /opt/airflow/dags/bernadya.py for tasks to queue
[2024-11-21T05:42:10.574+0000] {logging_mixin.py:190} INFO - [2024-11-21T05:42:10.573+0000] {dagbag.py:588} INFO - Filling up the DagBag from /opt/airflow/dags/bernadya.py
[2024-11-21T05:42:11.234+0000] {processor.py:925} INFO - DAG(s) 'bernadya' retrieved from /opt/airflow/dags/bernadya.py
[2024-11-21T05:42:11.288+0000] {logging_mixin.py:190} INFO - [2024-11-21T05:42:11.288+0000] {dag.py:3239} INFO - Sync 1 DAGs
[2024-11-21T05:42:11.352+0000] {logging_mixin.py:190} INFO - [2024-11-21T05:42:11.352+0000] {dag.py:4180} INFO - Setting next_dagrun for bernadya to 2024-11-21 05:00:00+00:00, run_after=2024-11-21 10:00:00+00:00
[2024-11-21T05:42:11.402+0000] {processor.py:208} INFO - Processing /opt/airflow/dags/bernadya.py took 0.850 seconds
[2024-11-21T05:42:42.341+0000] {processor.py:186} INFO - Started process (PID=911) to work on /opt/airflow/dags/bernadya.py
[2024-11-21T05:42:42.344+0000] {processor.py:914} INFO - Processing file /opt/airflow/dags/bernadya.py for tasks to queue
[2024-11-21T05:42:42.349+0000] {logging_mixin.py:190} INFO - [2024-11-21T05:42:42.348+0000] {dagbag.py:588} INFO - Filling up the DagBag from /opt/airflow/dags/bernadya.py
[2024-11-21T05:42:43.032+0000] {processor.py:925} INFO - DAG(s) 'bernadya' retrieved from /opt/airflow/dags/bernadya.py
[2024-11-21T05:42:43.069+0000] {logging_mixin.py:190} INFO - [2024-11-21T05:42:43.069+0000] {dag.py:3239} INFO - Sync 1 DAGs
[2024-11-21T05:42:43.112+0000] {logging_mixin.py:190} INFO - [2024-11-21T05:42:43.112+0000] {dag.py:4180} INFO - Setting next_dagrun for bernadya to 2024-11-21 05:00:00+00:00, run_after=2024-11-21 10:00:00+00:00
[2024-11-21T05:42:43.155+0000] {processor.py:208} INFO - Processing /opt/airflow/dags/bernadya.py took 0.826 seconds
[2024-11-21T05:43:13.912+0000] {processor.py:186} INFO - Started process (PID=919) to work on /opt/airflow/dags/bernadya.py
[2024-11-21T05:43:13.914+0000] {processor.py:914} INFO - Processing file /opt/airflow/dags/bernadya.py for tasks to queue
[2024-11-21T05:43:13.919+0000] {logging_mixin.py:190} INFO - [2024-11-21T05:43:13.918+0000] {dagbag.py:588} INFO - Filling up the DagBag from /opt/airflow/dags/bernadya.py
[2024-11-21T05:43:14.537+0000] {processor.py:925} INFO - DAG(s) 'bernadya' retrieved from /opt/airflow/dags/bernadya.py
[2024-11-21T05:43:14.570+0000] {logging_mixin.py:190} INFO - [2024-11-21T05:43:14.570+0000] {dag.py:3239} INFO - Sync 1 DAGs
[2024-11-21T05:43:14.610+0000] {logging_mixin.py:190} INFO - [2024-11-21T05:43:14.610+0000] {dag.py:4180} INFO - Setting next_dagrun for bernadya to 2024-11-21 05:00:00+00:00, run_after=2024-11-21 10:00:00+00:00
[2024-11-21T05:43:14.650+0000] {processor.py:208} INFO - Processing /opt/airflow/dags/bernadya.py took 0.750 seconds
[2024-11-21T05:43:44.992+0000] {processor.py:186} INFO - Started process (PID=927) to work on /opt/airflow/dags/bernadya.py
[2024-11-21T05:43:44.994+0000] {processor.py:914} INFO - Processing file /opt/airflow/dags/bernadya.py for tasks to queue
[2024-11-21T05:43:44.999+0000] {logging_mixin.py:190} INFO - [2024-11-21T05:43:44.998+0000] {dagbag.py:588} INFO - Filling up the DagBag from /opt/airflow/dags/bernadya.py
[2024-11-21T05:43:45.644+0000] {processor.py:925} INFO - DAG(s) 'bernadya' retrieved from /opt/airflow/dags/bernadya.py
[2024-11-21T05:43:45.688+0000] {logging_mixin.py:190} INFO - [2024-11-21T05:43:45.688+0000] {dag.py:3239} INFO - Sync 1 DAGs
[2024-11-21T05:43:45.733+0000] {logging_mixin.py:190} INFO - [2024-11-21T05:43:45.732+0000] {dag.py:4180} INFO - Setting next_dagrun for bernadya to 2024-11-21 05:00:00+00:00, run_after=2024-11-21 10:00:00+00:00
[2024-11-21T05:43:45.778+0000] {processor.py:208} INFO - Processing /opt/airflow/dags/bernadya.py took 0.799 seconds
[2024-11-21T05:44:16.513+0000] {processor.py:186} INFO - Started process (PID=935) to work on /opt/airflow/dags/bernadya.py
[2024-11-21T05:44:16.515+0000] {processor.py:914} INFO - Processing file /opt/airflow/dags/bernadya.py for tasks to queue
[2024-11-21T05:44:16.521+0000] {logging_mixin.py:190} INFO - [2024-11-21T05:44:16.519+0000] {dagbag.py:588} INFO - Filling up the DagBag from /opt/airflow/dags/bernadya.py
[2024-11-21T05:44:17.155+0000] {processor.py:925} INFO - DAG(s) 'bernadya' retrieved from /opt/airflow/dags/bernadya.py
[2024-11-21T05:44:17.191+0000] {logging_mixin.py:190} INFO - [2024-11-21T05:44:17.191+0000] {dag.py:3239} INFO - Sync 1 DAGs
[2024-11-21T05:44:17.233+0000] {logging_mixin.py:190} INFO - [2024-11-21T05:44:17.232+0000] {dag.py:4180} INFO - Setting next_dagrun for bernadya to 2024-11-21 05:00:00+00:00, run_after=2024-11-21 10:00:00+00:00
[2024-11-21T05:44:17.274+0000] {processor.py:208} INFO - Processing /opt/airflow/dags/bernadya.py took 0.773 seconds
[2024-11-21T05:44:47.511+0000] {processor.py:186} INFO - Started process (PID=943) to work on /opt/airflow/dags/bernadya.py
[2024-11-21T05:44:47.513+0000] {processor.py:914} INFO - Processing file /opt/airflow/dags/bernadya.py for tasks to queue
[2024-11-21T05:44:47.518+0000] {logging_mixin.py:190} INFO - [2024-11-21T05:44:47.517+0000] {dagbag.py:588} INFO - Filling up the DagBag from /opt/airflow/dags/bernadya.py
[2024-11-21T05:44:48.194+0000] {processor.py:925} INFO - DAG(s) 'bernadya' retrieved from /opt/airflow/dags/bernadya.py
[2024-11-21T05:44:48.233+0000] {logging_mixin.py:190} INFO - [2024-11-21T05:44:48.233+0000] {dag.py:3239} INFO - Sync 1 DAGs
[2024-11-21T05:44:48.279+0000] {logging_mixin.py:190} INFO - [2024-11-21T05:44:48.278+0000] {dag.py:4180} INFO - Setting next_dagrun for bernadya to 2024-11-21 05:00:00+00:00, run_after=2024-11-21 10:00:00+00:00
[2024-11-21T05:44:48.317+0000] {processor.py:208} INFO - Processing /opt/airflow/dags/bernadya.py took 0.822 seconds
[2024-11-21T05:45:18.867+0000] {processor.py:186} INFO - Started process (PID=951) to work on /opt/airflow/dags/bernadya.py
[2024-11-21T05:45:18.869+0000] {processor.py:914} INFO - Processing file /opt/airflow/dags/bernadya.py for tasks to queue
[2024-11-21T05:45:18.874+0000] {logging_mixin.py:190} INFO - [2024-11-21T05:45:18.873+0000] {dagbag.py:588} INFO - Filling up the DagBag from /opt/airflow/dags/bernadya.py
[2024-11-21T05:45:19.481+0000] {processor.py:925} INFO - DAG(s) 'bernadya' retrieved from /opt/airflow/dags/bernadya.py
[2024-11-21T05:45:19.517+0000] {logging_mixin.py:190} INFO - [2024-11-21T05:45:19.516+0000] {dag.py:3239} INFO - Sync 1 DAGs
[2024-11-21T05:45:19.562+0000] {logging_mixin.py:190} INFO - [2024-11-21T05:45:19.561+0000] {dag.py:4180} INFO - Setting next_dagrun for bernadya to 2024-11-21 05:00:00+00:00, run_after=2024-11-21 10:00:00+00:00
[2024-11-21T05:45:19.599+0000] {processor.py:208} INFO - Processing /opt/airflow/dags/bernadya.py took 0.744 seconds
[2024-11-21T05:45:50.233+0000] {processor.py:186} INFO - Started process (PID=959) to work on /opt/airflow/dags/bernadya.py
[2024-11-21T05:45:50.235+0000] {processor.py:914} INFO - Processing file /opt/airflow/dags/bernadya.py for tasks to queue
[2024-11-21T05:45:50.241+0000] {logging_mixin.py:190} INFO - [2024-11-21T05:45:50.240+0000] {dagbag.py:588} INFO - Filling up the DagBag from /opt/airflow/dags/bernadya.py
[2024-11-21T05:45:50.872+0000] {processor.py:925} INFO - DAG(s) 'bernadya' retrieved from /opt/airflow/dags/bernadya.py
[2024-11-21T05:45:50.911+0000] {logging_mixin.py:190} INFO - [2024-11-21T05:45:50.910+0000] {dag.py:3239} INFO - Sync 1 DAGs
[2024-11-21T05:45:50.954+0000] {logging_mixin.py:190} INFO - [2024-11-21T05:45:50.953+0000] {dag.py:4180} INFO - Setting next_dagrun for bernadya to 2024-11-21 05:00:00+00:00, run_after=2024-11-21 10:00:00+00:00
[2024-11-21T05:45:50.997+0000] {processor.py:208} INFO - Processing /opt/airflow/dags/bernadya.py took 0.777 seconds
[2024-11-21T05:46:21.585+0000] {processor.py:186} INFO - Started process (PID=967) to work on /opt/airflow/dags/bernadya.py
[2024-11-21T05:46:21.587+0000] {processor.py:914} INFO - Processing file /opt/airflow/dags/bernadya.py for tasks to queue
[2024-11-21T05:46:21.592+0000] {logging_mixin.py:190} INFO - [2024-11-21T05:46:21.592+0000] {dagbag.py:588} INFO - Filling up the DagBag from /opt/airflow/dags/bernadya.py
[2024-11-21T05:46:22.283+0000] {processor.py:925} INFO - DAG(s) 'bernadya' retrieved from /opt/airflow/dags/bernadya.py
[2024-11-21T05:46:22.321+0000] {logging_mixin.py:190} INFO - [2024-11-21T05:46:22.321+0000] {dag.py:3239} INFO - Sync 1 DAGs
[2024-11-21T05:46:22.370+0000] {logging_mixin.py:190} INFO - [2024-11-21T05:46:22.370+0000] {dag.py:4180} INFO - Setting next_dagrun for bernadya to 2024-11-21 05:00:00+00:00, run_after=2024-11-21 10:00:00+00:00
[2024-11-21T05:46:22.419+0000] {processor.py:208} INFO - Processing /opt/airflow/dags/bernadya.py took 0.846 seconds
[2024-11-21T05:46:53.859+0000] {processor.py:186} INFO - Started process (PID=975) to work on /opt/airflow/dags/bernadya.py
[2024-11-21T05:46:53.861+0000] {processor.py:914} INFO - Processing file /opt/airflow/dags/bernadya.py for tasks to queue
[2024-11-21T05:46:53.866+0000] {logging_mixin.py:190} INFO - [2024-11-21T05:46:53.865+0000] {dagbag.py:588} INFO - Filling up the DagBag from /opt/airflow/dags/bernadya.py
[2024-11-21T05:46:54.261+0000] {processor.py:925} INFO - DAG(s) 'bernadya' retrieved from /opt/airflow/dags/bernadya.py
[2024-11-21T05:46:54.304+0000] {logging_mixin.py:190} INFO - [2024-11-21T05:46:54.303+0000] {dag.py:3239} INFO - Sync 1 DAGs
[2024-11-21T05:46:54.348+0000] {logging_mixin.py:190} INFO - [2024-11-21T05:46:54.348+0000] {dag.py:4180} INFO - Setting next_dagrun for bernadya to 2024-11-21 05:00:00+00:00, run_after=2024-11-21 10:00:00+00:00
[2024-11-21T05:46:54.392+0000] {processor.py:208} INFO - Processing /opt/airflow/dags/bernadya.py took 0.545 seconds
[2024-11-21T05:47:25.263+0000] {processor.py:186} INFO - Started process (PID=984) to work on /opt/airflow/dags/bernadya.py
[2024-11-21T05:47:25.265+0000] {processor.py:914} INFO - Processing file /opt/airflow/dags/bernadya.py for tasks to queue
[2024-11-21T05:47:25.270+0000] {logging_mixin.py:190} INFO - [2024-11-21T05:47:25.269+0000] {dagbag.py:588} INFO - Filling up the DagBag from /opt/airflow/dags/bernadya.py
[2024-11-21T05:47:25.701+0000] {processor.py:925} INFO - DAG(s) 'bernadya' retrieved from /opt/airflow/dags/bernadya.py
[2024-11-21T05:47:25.742+0000] {logging_mixin.py:190} INFO - [2024-11-21T05:47:25.742+0000] {dag.py:3239} INFO - Sync 1 DAGs
[2024-11-21T05:47:25.786+0000] {logging_mixin.py:190} INFO - [2024-11-21T05:47:25.786+0000] {dag.py:4180} INFO - Setting next_dagrun for bernadya to 2024-11-21 05:00:00+00:00, run_after=2024-11-21 10:00:00+00:00
[2024-11-21T05:47:25.831+0000] {processor.py:208} INFO - Processing /opt/airflow/dags/bernadya.py took 0.581 seconds
[2024-11-21T05:47:56.259+0000] {processor.py:186} INFO - Started process (PID=992) to work on /opt/airflow/dags/bernadya.py
[2024-11-21T05:47:56.261+0000] {processor.py:914} INFO - Processing file /opt/airflow/dags/bernadya.py for tasks to queue
[2024-11-21T05:47:56.266+0000] {logging_mixin.py:190} INFO - [2024-11-21T05:47:56.265+0000] {dagbag.py:588} INFO - Filling up the DagBag from /opt/airflow/dags/bernadya.py
[2024-11-21T05:47:56.652+0000] {processor.py:925} INFO - DAG(s) 'bernadya' retrieved from /opt/airflow/dags/bernadya.py
[2024-11-21T05:47:56.694+0000] {logging_mixin.py:190} INFO - [2024-11-21T05:47:56.694+0000] {dag.py:3239} INFO - Sync 1 DAGs
[2024-11-21T05:47:56.750+0000] {logging_mixin.py:190} INFO - [2024-11-21T05:47:56.750+0000] {dag.py:4180} INFO - Setting next_dagrun for bernadya to 2024-11-21 05:00:00+00:00, run_after=2024-11-21 10:00:00+00:00
[2024-11-21T05:47:56.792+0000] {processor.py:208} INFO - Processing /opt/airflow/dags/bernadya.py took 0.546 seconds
[2024-11-21T05:48:27.911+0000] {processor.py:186} INFO - Started process (PID=1000) to work on /opt/airflow/dags/bernadya.py
[2024-11-21T05:48:27.913+0000] {processor.py:914} INFO - Processing file /opt/airflow/dags/bernadya.py for tasks to queue
[2024-11-21T05:48:27.918+0000] {logging_mixin.py:190} INFO - [2024-11-21T05:48:27.917+0000] {dagbag.py:588} INFO - Filling up the DagBag from /opt/airflow/dags/bernadya.py
[2024-11-21T05:48:28.313+0000] {processor.py:925} INFO - DAG(s) 'bernadya' retrieved from /opt/airflow/dags/bernadya.py
[2024-11-21T05:48:28.352+0000] {logging_mixin.py:190} INFO - [2024-11-21T05:48:28.351+0000] {dag.py:3239} INFO - Sync 1 DAGs
[2024-11-21T05:48:28.399+0000] {logging_mixin.py:190} INFO - [2024-11-21T05:48:28.399+0000] {dag.py:4180} INFO - Setting next_dagrun for bernadya to 2024-11-21 05:00:00+00:00, run_after=2024-11-21 10:00:00+00:00
[2024-11-21T05:48:28.442+0000] {processor.py:208} INFO - Processing /opt/airflow/dags/bernadya.py took 0.543 seconds
[2024-11-21T05:48:59.255+0000] {processor.py:186} INFO - Started process (PID=1008) to work on /opt/airflow/dags/bernadya.py
[2024-11-21T05:48:59.257+0000] {processor.py:914} INFO - Processing file /opt/airflow/dags/bernadya.py for tasks to queue
[2024-11-21T05:48:59.262+0000] {logging_mixin.py:190} INFO - [2024-11-21T05:48:59.261+0000] {dagbag.py:588} INFO - Filling up the DagBag from /opt/airflow/dags/bernadya.py
[2024-11-21T05:48:59.654+0000] {processor.py:925} INFO - DAG(s) 'bernadya' retrieved from /opt/airflow/dags/bernadya.py
[2024-11-21T05:48:59.696+0000] {logging_mixin.py:190} INFO - [2024-11-21T05:48:59.695+0000] {dag.py:3239} INFO - Sync 1 DAGs
[2024-11-21T05:48:59.745+0000] {logging_mixin.py:190} INFO - [2024-11-21T05:48:59.744+0000] {dag.py:4180} INFO - Setting next_dagrun for bernadya to 2024-11-21 05:00:00+00:00, run_after=2024-11-21 10:00:00+00:00
[2024-11-21T05:48:59.785+0000] {processor.py:208} INFO - Processing /opt/airflow/dags/bernadya.py took 0.542 seconds
[2024-11-21T05:49:30.589+0000] {processor.py:186} INFO - Started process (PID=1016) to work on /opt/airflow/dags/bernadya.py
[2024-11-21T05:49:30.591+0000] {processor.py:914} INFO - Processing file /opt/airflow/dags/bernadya.py for tasks to queue
[2024-11-21T05:49:30.596+0000] {logging_mixin.py:190} INFO - [2024-11-21T05:49:30.595+0000] {dagbag.py:588} INFO - Filling up the DagBag from /opt/airflow/dags/bernadya.py
[2024-11-21T05:49:31.152+0000] {processor.py:925} INFO - DAG(s) 'bernadya' retrieved from /opt/airflow/dags/bernadya.py
[2024-11-21T05:49:31.206+0000] {logging_mixin.py:190} INFO - [2024-11-21T05:49:31.206+0000] {dag.py:3239} INFO - Sync 1 DAGs
[2024-11-21T05:49:31.267+0000] {logging_mixin.py:190} INFO - [2024-11-21T05:49:31.266+0000] {dag.py:4180} INFO - Setting next_dagrun for bernadya to 2024-11-21 05:00:00+00:00, run_after=2024-11-21 10:00:00+00:00
[2024-11-21T05:49:31.314+0000] {processor.py:208} INFO - Processing /opt/airflow/dags/bernadya.py took 0.736 seconds
[2024-11-21T05:50:02.054+0000] {processor.py:186} INFO - Started process (PID=1024) to work on /opt/airflow/dags/bernadya.py
[2024-11-21T05:50:02.056+0000] {processor.py:914} INFO - Processing file /opt/airflow/dags/bernadya.py for tasks to queue
[2024-11-21T05:50:02.062+0000] {logging_mixin.py:190} INFO - [2024-11-21T05:50:02.061+0000] {dagbag.py:588} INFO - Filling up the DagBag from /opt/airflow/dags/bernadya.py
[2024-11-21T05:50:02.477+0000] {processor.py:925} INFO - DAG(s) 'bernadya' retrieved from /opt/airflow/dags/bernadya.py
[2024-11-21T05:50:02.527+0000] {logging_mixin.py:190} INFO - [2024-11-21T05:50:02.527+0000] {dag.py:3239} INFO - Sync 1 DAGs
[2024-11-21T05:50:02.581+0000] {logging_mixin.py:190} INFO - [2024-11-21T05:50:02.580+0000] {dag.py:4180} INFO - Setting next_dagrun for bernadya to 2024-11-21 05:00:00+00:00, run_after=2024-11-21 10:00:00+00:00
[2024-11-21T05:50:02.627+0000] {processor.py:208} INFO - Processing /opt/airflow/dags/bernadya.py took 0.587 seconds
[2024-11-21T05:50:32.979+0000] {processor.py:186} INFO - Started process (PID=1032) to work on /opt/airflow/dags/bernadya.py
[2024-11-21T05:50:32.981+0000] {processor.py:914} INFO - Processing file /opt/airflow/dags/bernadya.py for tasks to queue
[2024-11-21T05:50:32.985+0000] {logging_mixin.py:190} INFO - [2024-11-21T05:50:32.985+0000] {dagbag.py:588} INFO - Filling up the DagBag from /opt/airflow/dags/bernadya.py
[2024-11-21T05:50:33.390+0000] {processor.py:925} INFO - DAG(s) 'bernadya' retrieved from /opt/airflow/dags/bernadya.py
[2024-11-21T05:50:33.432+0000] {logging_mixin.py:190} INFO - [2024-11-21T05:50:33.432+0000] {dag.py:3239} INFO - Sync 1 DAGs
[2024-11-21T05:50:33.479+0000] {logging_mixin.py:190} INFO - [2024-11-21T05:50:33.478+0000] {dag.py:4180} INFO - Setting next_dagrun for bernadya to 2024-11-21 05:00:00+00:00, run_after=2024-11-21 10:00:00+00:00
[2024-11-21T05:50:33.522+0000] {processor.py:208} INFO - Processing /opt/airflow/dags/bernadya.py took 0.558 seconds
[2024-11-21T05:51:04.127+0000] {processor.py:186} INFO - Started process (PID=1040) to work on /opt/airflow/dags/bernadya.py
[2024-11-21T05:51:04.129+0000] {processor.py:914} INFO - Processing file /opt/airflow/dags/bernadya.py for tasks to queue
[2024-11-21T05:51:04.134+0000] {logging_mixin.py:190} INFO - [2024-11-21T05:51:04.133+0000] {dagbag.py:588} INFO - Filling up the DagBag from /opt/airflow/dags/bernadya.py
[2024-11-21T05:51:04.540+0000] {processor.py:925} INFO - DAG(s) 'bernadya' retrieved from /opt/airflow/dags/bernadya.py
[2024-11-21T05:51:04.582+0000] {logging_mixin.py:190} INFO - [2024-11-21T05:51:04.582+0000] {dag.py:3239} INFO - Sync 1 DAGs
[2024-11-21T05:51:04.628+0000] {logging_mixin.py:190} INFO - [2024-11-21T05:51:04.627+0000] {dag.py:4180} INFO - Setting next_dagrun for bernadya to 2024-11-21 05:00:00+00:00, run_after=2024-11-21 10:00:00+00:00
[2024-11-21T05:51:04.668+0000] {processor.py:208} INFO - Processing /opt/airflow/dags/bernadya.py took 0.554 seconds
[2024-11-21T05:51:35.060+0000] {processor.py:186} INFO - Started process (PID=1048) to work on /opt/airflow/dags/bernadya.py
[2024-11-21T05:51:35.062+0000] {processor.py:914} INFO - Processing file /opt/airflow/dags/bernadya.py for tasks to queue
[2024-11-21T05:51:35.066+0000] {logging_mixin.py:190} INFO - [2024-11-21T05:51:35.066+0000] {dagbag.py:588} INFO - Filling up the DagBag from /opt/airflow/dags/bernadya.py
[2024-11-21T05:51:35.457+0000] {processor.py:925} INFO - DAG(s) 'bernadya' retrieved from /opt/airflow/dags/bernadya.py
[2024-11-21T05:51:35.500+0000] {logging_mixin.py:190} INFO - [2024-11-21T05:51:35.500+0000] {dag.py:3239} INFO - Sync 1 DAGs
[2024-11-21T05:51:35.546+0000] {logging_mixin.py:190} INFO - [2024-11-21T05:51:35.545+0000] {dag.py:4180} INFO - Setting next_dagrun for bernadya to 2024-11-21 05:00:00+00:00, run_after=2024-11-21 10:00:00+00:00
[2024-11-21T05:51:35.586+0000] {processor.py:208} INFO - Processing /opt/airflow/dags/bernadya.py took 0.538 seconds
[2024-11-21T05:52:05.834+0000] {processor.py:186} INFO - Started process (PID=1056) to work on /opt/airflow/dags/bernadya.py
[2024-11-21T05:52:05.836+0000] {processor.py:914} INFO - Processing file /opt/airflow/dags/bernadya.py for tasks to queue
[2024-11-21T05:52:05.841+0000] {logging_mixin.py:190} INFO - [2024-11-21T05:52:05.840+0000] {dagbag.py:588} INFO - Filling up the DagBag from /opt/airflow/dags/bernadya.py
[2024-11-21T05:52:06.237+0000] {processor.py:925} INFO - DAG(s) 'bernadya' retrieved from /opt/airflow/dags/bernadya.py
[2024-11-21T05:52:06.280+0000] {logging_mixin.py:190} INFO - [2024-11-21T05:52:06.280+0000] {dag.py:3239} INFO - Sync 1 DAGs
[2024-11-21T05:52:06.329+0000] {logging_mixin.py:190} INFO - [2024-11-21T05:52:06.329+0000] {dag.py:4180} INFO - Setting next_dagrun for bernadya to 2024-11-21 05:00:00+00:00, run_after=2024-11-21 10:00:00+00:00
[2024-11-21T05:52:06.372+0000] {processor.py:208} INFO - Processing /opt/airflow/dags/bernadya.py took 0.550 seconds
[2024-11-21T05:52:36.845+0000] {processor.py:186} INFO - Started process (PID=1064) to work on /opt/airflow/dags/bernadya.py
[2024-11-21T05:52:36.847+0000] {processor.py:914} INFO - Processing file /opt/airflow/dags/bernadya.py for tasks to queue
[2024-11-21T05:52:36.852+0000] {logging_mixin.py:190} INFO - [2024-11-21T05:52:36.851+0000] {dagbag.py:588} INFO - Filling up the DagBag from /opt/airflow/dags/bernadya.py
[2024-11-21T05:52:37.283+0000] {processor.py:925} INFO - DAG(s) 'bernadya' retrieved from /opt/airflow/dags/bernadya.py
[2024-11-21T05:52:37.325+0000] {logging_mixin.py:190} INFO - [2024-11-21T05:52:37.324+0000] {dag.py:3239} INFO - Sync 1 DAGs
[2024-11-21T05:52:37.378+0000] {logging_mixin.py:190} INFO - [2024-11-21T05:52:37.378+0000] {dag.py:4180} INFO - Setting next_dagrun for bernadya to 2024-11-21 05:00:00+00:00, run_after=2024-11-21 10:00:00+00:00
[2024-11-21T05:52:37.419+0000] {processor.py:208} INFO - Processing /opt/airflow/dags/bernadya.py took 0.586 seconds
[2024-11-21T05:53:08.257+0000] {processor.py:186} INFO - Started process (PID=1072) to work on /opt/airflow/dags/bernadya.py
[2024-11-21T05:53:08.259+0000] {processor.py:914} INFO - Processing file /opt/airflow/dags/bernadya.py for tasks to queue
[2024-11-21T05:53:08.264+0000] {logging_mixin.py:190} INFO - [2024-11-21T05:53:08.263+0000] {dagbag.py:588} INFO - Filling up the DagBag from /opt/airflow/dags/bernadya.py
[2024-11-21T05:53:08.688+0000] {processor.py:925} INFO - DAG(s) 'bernadya' retrieved from /opt/airflow/dags/bernadya.py
[2024-11-21T05:53:08.744+0000] {logging_mixin.py:190} INFO - [2024-11-21T05:53:08.744+0000] {dag.py:3239} INFO - Sync 1 DAGs
[2024-11-21T05:53:08.797+0000] {logging_mixin.py:190} INFO - [2024-11-21T05:53:08.796+0000] {dag.py:4180} INFO - Setting next_dagrun for bernadya to 2024-11-21 05:00:00+00:00, run_after=2024-11-21 10:00:00+00:00
[2024-11-21T05:53:08.839+0000] {processor.py:208} INFO - Processing /opt/airflow/dags/bernadya.py took 0.595 seconds
[2024-11-21T05:53:38.953+0000] {processor.py:186} INFO - Started process (PID=1080) to work on /opt/airflow/dags/bernadya.py
[2024-11-21T05:53:38.956+0000] {processor.py:914} INFO - Processing file /opt/airflow/dags/bernadya.py for tasks to queue
[2024-11-21T05:53:38.960+0000] {logging_mixin.py:190} INFO - [2024-11-21T05:53:38.960+0000] {dagbag.py:588} INFO - Filling up the DagBag from /opt/airflow/dags/bernadya.py
[2024-11-21T05:53:39.388+0000] {processor.py:925} INFO - DAG(s) 'bernadya' retrieved from /opt/airflow/dags/bernadya.py
[2024-11-21T05:53:39.430+0000] {logging_mixin.py:190} INFO - [2024-11-21T05:53:39.430+0000] {dag.py:3239} INFO - Sync 1 DAGs
[2024-11-21T05:53:39.479+0000] {logging_mixin.py:190} INFO - [2024-11-21T05:53:39.478+0000] {dag.py:4180} INFO - Setting next_dagrun for bernadya to 2024-11-21 05:00:00+00:00, run_after=2024-11-21 10:00:00+00:00
[2024-11-21T05:53:39.519+0000] {processor.py:208} INFO - Processing /opt/airflow/dags/bernadya.py took 0.579 seconds
[2024-11-21T05:54:09.670+0000] {processor.py:186} INFO - Started process (PID=1088) to work on /opt/airflow/dags/bernadya.py
[2024-11-21T05:54:09.672+0000] {processor.py:914} INFO - Processing file /opt/airflow/dags/bernadya.py for tasks to queue
[2024-11-21T05:54:09.677+0000] {logging_mixin.py:190} INFO - [2024-11-21T05:54:09.676+0000] {dagbag.py:588} INFO - Filling up the DagBag from /opt/airflow/dags/bernadya.py
[2024-11-21T05:54:10.285+0000] {processor.py:925} INFO - DAG(s) 'bernadya' retrieved from /opt/airflow/dags/bernadya.py
[2024-11-21T05:54:10.330+0000] {logging_mixin.py:190} INFO - [2024-11-21T05:54:10.329+0000] {dag.py:3239} INFO - Sync 1 DAGs
[2024-11-21T05:54:10.379+0000] {logging_mixin.py:190} INFO - [2024-11-21T05:54:10.378+0000] {dag.py:4180} INFO - Setting next_dagrun for bernadya to 2024-11-21 05:00:00+00:00, run_after=2024-11-21 10:00:00+00:00
[2024-11-21T05:54:10.418+0000] {processor.py:208} INFO - Processing /opt/airflow/dags/bernadya.py took 0.760 seconds
[2024-11-21T05:54:41.739+0000] {processor.py:186} INFO - Started process (PID=1096) to work on /opt/airflow/dags/bernadya.py
[2024-11-21T05:54:41.741+0000] {processor.py:914} INFO - Processing file /opt/airflow/dags/bernadya.py for tasks to queue
[2024-11-21T05:54:41.751+0000] {logging_mixin.py:190} INFO - [2024-11-21T05:54:41.749+0000] {dagbag.py:588} INFO - Filling up the DagBag from /opt/airflow/dags/bernadya.py
[2024-11-21T05:54:42.340+0000] {processor.py:925} INFO - DAG(s) 'bernadya' retrieved from /opt/airflow/dags/bernadya.py
[2024-11-21T05:54:42.385+0000] {logging_mixin.py:190} INFO - [2024-11-21T05:54:42.385+0000] {dag.py:3239} INFO - Sync 1 DAGs
[2024-11-21T05:54:42.431+0000] {logging_mixin.py:190} INFO - [2024-11-21T05:54:42.431+0000] {dag.py:4180} INFO - Setting next_dagrun for bernadya to 2024-11-21 05:00:00+00:00, run_after=2024-11-21 10:00:00+00:00
[2024-11-21T05:54:42.480+0000] {processor.py:208} INFO - Processing /opt/airflow/dags/bernadya.py took 0.767 seconds
[2024-11-21T05:55:12.709+0000] {processor.py:186} INFO - Started process (PID=1104) to work on /opt/airflow/dags/bernadya.py
[2024-11-21T05:55:12.711+0000] {processor.py:914} INFO - Processing file /opt/airflow/dags/bernadya.py for tasks to queue
[2024-11-21T05:55:12.716+0000] {logging_mixin.py:190} INFO - [2024-11-21T05:55:12.715+0000] {dagbag.py:588} INFO - Filling up the DagBag from /opt/airflow/dags/bernadya.py
[2024-11-21T05:55:13.158+0000] {processor.py:925} INFO - DAG(s) 'bernadya' retrieved from /opt/airflow/dags/bernadya.py
[2024-11-21T05:55:13.204+0000] {logging_mixin.py:190} INFO - [2024-11-21T05:55:13.204+0000] {dag.py:3239} INFO - Sync 1 DAGs
[2024-11-21T05:55:13.256+0000] {logging_mixin.py:190} INFO - [2024-11-21T05:55:13.256+0000] {dag.py:4180} INFO - Setting next_dagrun for bernadya to 2024-11-21 05:00:00+00:00, run_after=2024-11-21 10:00:00+00:00
[2024-11-21T05:55:13.302+0000] {processor.py:208} INFO - Processing /opt/airflow/dags/bernadya.py took 0.606 seconds
[2024-11-21T05:55:43.690+0000] {processor.py:186} INFO - Started process (PID=1112) to work on /opt/airflow/dags/bernadya.py
[2024-11-21T05:55:43.692+0000] {processor.py:914} INFO - Processing file /opt/airflow/dags/bernadya.py for tasks to queue
[2024-11-21T05:55:43.697+0000] {logging_mixin.py:190} INFO - [2024-11-21T05:55:43.696+0000] {dagbag.py:588} INFO - Filling up the DagBag from /opt/airflow/dags/bernadya.py
[2024-11-21T05:55:44.197+0000] {processor.py:925} INFO - DAG(s) 'bernadya' retrieved from /opt/airflow/dags/bernadya.py
[2024-11-21T05:55:44.247+0000] {logging_mixin.py:190} INFO - [2024-11-21T05:55:44.247+0000] {dag.py:3239} INFO - Sync 1 DAGs
[2024-11-21T05:55:44.299+0000] {logging_mixin.py:190} INFO - [2024-11-21T05:55:44.299+0000] {dag.py:4180} INFO - Setting next_dagrun for bernadya to 2024-11-21 05:00:00+00:00, run_after=2024-11-21 10:00:00+00:00
[2024-11-21T05:55:44.350+0000] {processor.py:208} INFO - Processing /opt/airflow/dags/bernadya.py took 0.675 seconds
[2024-11-21T05:56:14.815+0000] {processor.py:186} INFO - Started process (PID=1120) to work on /opt/airflow/dags/bernadya.py
[2024-11-21T05:56:14.817+0000] {processor.py:914} INFO - Processing file /opt/airflow/dags/bernadya.py for tasks to queue
[2024-11-21T05:56:14.822+0000] {logging_mixin.py:190} INFO - [2024-11-21T05:56:14.821+0000] {dagbag.py:588} INFO - Filling up the DagBag from /opt/airflow/dags/bernadya.py
[2024-11-21T05:56:15.218+0000] {processor.py:925} INFO - DAG(s) 'bernadya' retrieved from /opt/airflow/dags/bernadya.py
[2024-11-21T05:56:15.264+0000] {logging_mixin.py:190} INFO - [2024-11-21T05:56:15.264+0000] {dag.py:3239} INFO - Sync 1 DAGs
[2024-11-21T05:56:15.324+0000] {logging_mixin.py:190} INFO - [2024-11-21T05:56:15.323+0000] {dag.py:4180} INFO - Setting next_dagrun for bernadya to 2024-11-21 05:00:00+00:00, run_after=2024-11-21 10:00:00+00:00
[2024-11-21T05:56:15.363+0000] {processor.py:208} INFO - Processing /opt/airflow/dags/bernadya.py took 0.565 seconds
[2024-11-21T05:56:45.974+0000] {processor.py:186} INFO - Started process (PID=1128) to work on /opt/airflow/dags/bernadya.py
[2024-11-21T05:56:45.976+0000] {processor.py:914} INFO - Processing file /opt/airflow/dags/bernadya.py for tasks to queue
[2024-11-21T05:56:45.980+0000] {logging_mixin.py:190} INFO - [2024-11-21T05:56:45.979+0000] {dagbag.py:588} INFO - Filling up the DagBag from /opt/airflow/dags/bernadya.py
[2024-11-21T05:56:46.404+0000] {processor.py:925} INFO - DAG(s) 'bernadya' retrieved from /opt/airflow/dags/bernadya.py
[2024-11-21T05:56:46.452+0000] {logging_mixin.py:190} INFO - [2024-11-21T05:56:46.452+0000] {dag.py:3239} INFO - Sync 1 DAGs
[2024-11-21T05:56:46.503+0000] {logging_mixin.py:190} INFO - [2024-11-21T05:56:46.503+0000] {dag.py:4180} INFO - Setting next_dagrun for bernadya to 2024-11-21 05:00:00+00:00, run_after=2024-11-21 10:00:00+00:00
[2024-11-21T05:56:46.549+0000] {processor.py:208} INFO - Processing /opt/airflow/dags/bernadya.py took 0.590 seconds
[2024-11-21T05:57:16.901+0000] {processor.py:186} INFO - Started process (PID=1136) to work on /opt/airflow/dags/bernadya.py
[2024-11-21T05:57:16.903+0000] {processor.py:914} INFO - Processing file /opt/airflow/dags/bernadya.py for tasks to queue
[2024-11-21T05:57:16.908+0000] {logging_mixin.py:190} INFO - [2024-11-21T05:57:16.907+0000] {dagbag.py:588} INFO - Filling up the DagBag from /opt/airflow/dags/bernadya.py
[2024-11-21T05:57:17.314+0000] {processor.py:925} INFO - DAG(s) 'bernadya' retrieved from /opt/airflow/dags/bernadya.py
[2024-11-21T05:57:17.355+0000] {logging_mixin.py:190} INFO - [2024-11-21T05:57:17.355+0000] {dag.py:3239} INFO - Sync 1 DAGs
[2024-11-21T05:57:17.402+0000] {logging_mixin.py:190} INFO - [2024-11-21T05:57:17.402+0000] {dag.py:4180} INFO - Setting next_dagrun for bernadya to 2024-11-21 05:00:00+00:00, run_after=2024-11-21 10:00:00+00:00
[2024-11-21T05:57:17.442+0000] {processor.py:208} INFO - Processing /opt/airflow/dags/bernadya.py took 0.554 seconds
[2024-11-21T06:00:34.003+0000] {processor.py:186} INFO - Started process (PID=1144) to work on /opt/airflow/dags/bernadya.py
[2024-11-21T06:00:34.005+0000] {processor.py:914} INFO - Processing file /opt/airflow/dags/bernadya.py for tasks to queue
[2024-11-21T06:00:34.012+0000] {logging_mixin.py:190} INFO - [2024-11-21T06:00:34.011+0000] {dagbag.py:588} INFO - Filling up the DagBag from /opt/airflow/dags/bernadya.py
[2024-11-21T06:00:34.568+0000] {processor.py:925} INFO - DAG(s) 'bernadya' retrieved from /opt/airflow/dags/bernadya.py
[2024-11-21T06:00:34.617+0000] {logging_mixin.py:190} INFO - [2024-11-21T06:00:34.617+0000] {dag.py:3239} INFO - Sync 1 DAGs
[2024-11-21T06:00:34.678+0000] {logging_mixin.py:190} INFO - [2024-11-21T06:00:34.678+0000] {dag.py:4180} INFO - Setting next_dagrun for bernadya to 2024-11-21 05:00:00+00:00, run_after=2024-11-21 10:00:00+00:00
[2024-11-21T06:00:34.732+0000] {processor.py:208} INFO - Processing /opt/airflow/dags/bernadya.py took 0.750 seconds
[2024-11-21T06:01:05.329+0000] {processor.py:186} INFO - Started process (PID=1152) to work on /opt/airflow/dags/bernadya.py
[2024-11-21T06:01:05.331+0000] {processor.py:914} INFO - Processing file /opt/airflow/dags/bernadya.py for tasks to queue
[2024-11-21T06:01:05.338+0000] {logging_mixin.py:190} INFO - [2024-11-21T06:01:05.337+0000] {dagbag.py:588} INFO - Filling up the DagBag from /opt/airflow/dags/bernadya.py
[2024-11-21T06:01:05.781+0000] {processor.py:925} INFO - DAG(s) 'bernadya' retrieved from /opt/airflow/dags/bernadya.py
[2024-11-21T06:01:05.825+0000] {logging_mixin.py:190} INFO - [2024-11-21T06:01:05.825+0000] {dag.py:3239} INFO - Sync 1 DAGs
[2024-11-21T06:01:05.874+0000] {logging_mixin.py:190} INFO - [2024-11-21T06:01:05.873+0000] {dag.py:4180} INFO - Setting next_dagrun for bernadya to 2024-11-21 05:00:00+00:00, run_after=2024-11-21 10:00:00+00:00
[2024-11-21T06:01:05.919+0000] {processor.py:208} INFO - Processing /opt/airflow/dags/bernadya.py took 0.610 seconds
[2024-11-21T06:01:36.806+0000] {processor.py:186} INFO - Started process (PID=1160) to work on /opt/airflow/dags/bernadya.py
[2024-11-21T06:01:36.808+0000] {processor.py:914} INFO - Processing file /opt/airflow/dags/bernadya.py for tasks to queue
[2024-11-21T06:01:36.813+0000] {logging_mixin.py:190} INFO - [2024-11-21T06:01:36.812+0000] {dagbag.py:588} INFO - Filling up the DagBag from /opt/airflow/dags/bernadya.py
[2024-11-21T06:01:37.292+0000] {processor.py:925} INFO - DAG(s) 'bernadya' retrieved from /opt/airflow/dags/bernadya.py
[2024-11-21T06:01:37.341+0000] {logging_mixin.py:190} INFO - [2024-11-21T06:01:37.340+0000] {dag.py:3239} INFO - Sync 1 DAGs
[2024-11-21T06:01:37.401+0000] {logging_mixin.py:190} INFO - [2024-11-21T06:01:37.400+0000] {dag.py:4180} INFO - Setting next_dagrun for bernadya to 2024-11-21 05:00:00+00:00, run_after=2024-11-21 10:00:00+00:00
[2024-11-21T06:01:37.451+0000] {processor.py:208} INFO - Processing /opt/airflow/dags/bernadya.py took 0.658 seconds
[2024-11-21T06:02:07.667+0000] {processor.py:186} INFO - Started process (PID=1168) to work on /opt/airflow/dags/bernadya.py
[2024-11-21T06:02:07.670+0000] {processor.py:914} INFO - Processing file /opt/airflow/dags/bernadya.py for tasks to queue
[2024-11-21T06:02:07.675+0000] {logging_mixin.py:190} INFO - [2024-11-21T06:02:07.675+0000] {dagbag.py:588} INFO - Filling up the DagBag from /opt/airflow/dags/bernadya.py
[2024-11-21T06:02:08.121+0000] {processor.py:925} INFO - DAG(s) 'bernadya' retrieved from /opt/airflow/dags/bernadya.py
[2024-11-21T06:02:08.163+0000] {logging_mixin.py:190} INFO - [2024-11-21T06:02:08.163+0000] {dag.py:3239} INFO - Sync 1 DAGs
[2024-11-21T06:02:08.209+0000] {logging_mixin.py:190} INFO - [2024-11-21T06:02:08.208+0000] {dag.py:4180} INFO - Setting next_dagrun for bernadya to 2024-11-21 05:00:00+00:00, run_after=2024-11-21 10:00:00+00:00
[2024-11-21T06:02:08.250+0000] {processor.py:208} INFO - Processing /opt/airflow/dags/bernadya.py took 0.597 seconds
[2024-11-21T06:02:38.833+0000] {processor.py:186} INFO - Started process (PID=1176) to work on /opt/airflow/dags/bernadya.py
[2024-11-21T06:02:38.836+0000] {processor.py:914} INFO - Processing file /opt/airflow/dags/bernadya.py for tasks to queue
[2024-11-21T06:02:38.842+0000] {logging_mixin.py:190} INFO - [2024-11-21T06:02:38.841+0000] {dagbag.py:588} INFO - Filling up the DagBag from /opt/airflow/dags/bernadya.py
[2024-11-21T06:02:39.476+0000] {processor.py:925} INFO - DAG(s) 'bernadya' retrieved from /opt/airflow/dags/bernadya.py
[2024-11-21T06:02:39.573+0000] {logging_mixin.py:190} INFO - [2024-11-21T06:02:39.573+0000] {dag.py:3239} INFO - Sync 1 DAGs
[2024-11-21T06:02:39.626+0000] {logging_mixin.py:190} INFO - [2024-11-21T06:02:39.626+0000] {dag.py:4180} INFO - Setting next_dagrun for bernadya to 2024-11-21 05:00:00+00:00, run_after=2024-11-21 10:00:00+00:00
[2024-11-21T06:02:39.676+0000] {processor.py:208} INFO - Processing /opt/airflow/dags/bernadya.py took 0.860 seconds
[2024-11-21T06:03:10.520+0000] {processor.py:186} INFO - Started process (PID=1184) to work on /opt/airflow/dags/bernadya.py
[2024-11-21T06:03:10.523+0000] {processor.py:914} INFO - Processing file /opt/airflow/dags/bernadya.py for tasks to queue
[2024-11-21T06:03:10.529+0000] {logging_mixin.py:190} INFO - [2024-11-21T06:03:10.528+0000] {dagbag.py:588} INFO - Filling up the DagBag from /opt/airflow/dags/bernadya.py
[2024-11-21T06:03:11.517+0000] {processor.py:925} INFO - DAG(s) 'bernadya' retrieved from /opt/airflow/dags/bernadya.py
[2024-11-21T06:03:11.587+0000] {logging_mixin.py:190} INFO - [2024-11-21T06:03:11.586+0000] {dag.py:3239} INFO - Sync 1 DAGs
[2024-11-21T06:03:11.649+0000] {logging_mixin.py:190} INFO - [2024-11-21T06:03:11.648+0000] {dag.py:4180} INFO - Setting next_dagrun for bernadya to 2024-11-21 00:00:00+00:00, run_after=2024-11-21 05:00:00+00:00
[2024-11-21T06:03:12.019+0000] {processor.py:208} INFO - Processing /opt/airflow/dags/bernadya.py took 1.517 seconds
[2024-11-21T06:03:42.470+0000] {processor.py:186} INFO - Started process (PID=1192) to work on /opt/airflow/dags/bernadya.py
[2024-11-21T06:03:42.472+0000] {processor.py:914} INFO - Processing file /opt/airflow/dags/bernadya.py for tasks to queue
[2024-11-21T06:03:42.477+0000] {logging_mixin.py:190} INFO - [2024-11-21T06:03:42.476+0000] {dagbag.py:588} INFO - Filling up the DagBag from /opt/airflow/dags/bernadya.py
[2024-11-21T06:03:43.004+0000] {processor.py:925} INFO - DAG(s) 'bernadya' retrieved from /opt/airflow/dags/bernadya.py
[2024-11-21T06:03:43.066+0000] {logging_mixin.py:190} INFO - [2024-11-21T06:03:43.066+0000] {dag.py:3239} INFO - Sync 1 DAGs
[2024-11-21T06:03:43.146+0000] {logging_mixin.py:190} INFO - [2024-11-21T06:03:43.146+0000] {dag.py:4180} INFO - Setting next_dagrun for bernadya to 2024-11-21 00:00:00+00:00, run_after=2024-11-21 05:00:00+00:00
[2024-11-21T06:03:43.198+0000] {processor.py:208} INFO - Processing /opt/airflow/dags/bernadya.py took 0.744 seconds
[2024-11-21T06:04:13.567+0000] {processor.py:186} INFO - Started process (PID=1200) to work on /opt/airflow/dags/bernadya.py
[2024-11-21T06:04:13.571+0000] {processor.py:914} INFO - Processing file /opt/airflow/dags/bernadya.py for tasks to queue
[2024-11-21T06:04:13.578+0000] {logging_mixin.py:190} INFO - [2024-11-21T06:04:13.577+0000] {dagbag.py:588} INFO - Filling up the DagBag from /opt/airflow/dags/bernadya.py
[2024-11-21T06:04:14.126+0000] {processor.py:925} INFO - DAG(s) 'bernadya' retrieved from /opt/airflow/dags/bernadya.py
[2024-11-21T06:04:14.476+0000] {logging_mixin.py:190} INFO - [2024-11-21T06:04:14.476+0000] {dag.py:3239} INFO - Sync 1 DAGs
[2024-11-21T06:04:14.542+0000] {logging_mixin.py:190} INFO - [2024-11-21T06:04:14.541+0000] {dag.py:4180} INFO - Setting next_dagrun for bernadya to 2024-11-21 00:00:00+00:00, run_after=2024-11-21 05:00:00+00:00
[2024-11-21T06:04:14.632+0000] {processor.py:208} INFO - Processing /opt/airflow/dags/bernadya.py took 1.088 seconds
[2024-11-21T06:04:44.826+0000] {processor.py:186} INFO - Started process (PID=1208) to work on /opt/airflow/dags/bernadya.py
[2024-11-21T06:04:44.828+0000] {processor.py:914} INFO - Processing file /opt/airflow/dags/bernadya.py for tasks to queue
[2024-11-21T06:04:44.833+0000] {logging_mixin.py:190} INFO - [2024-11-21T06:04:44.832+0000] {dagbag.py:588} INFO - Filling up the DagBag from /opt/airflow/dags/bernadya.py
[2024-11-21T06:04:45.308+0000] {processor.py:925} INFO - DAG(s) 'bernadya' retrieved from /opt/airflow/dags/bernadya.py
[2024-11-21T06:04:45.375+0000] {logging_mixin.py:190} INFO - [2024-11-21T06:04:45.374+0000] {dag.py:3239} INFO - Sync 1 DAGs
[2024-11-21T06:04:45.691+0000] {logging_mixin.py:190} INFO - [2024-11-21T06:04:45.689+0000] {dag.py:4180} INFO - Setting next_dagrun for bernadya to 2024-11-21 00:00:00+00:00, run_after=2024-11-21 05:00:00+00:00
[2024-11-21T06:04:45.736+0000] {processor.py:208} INFO - Processing /opt/airflow/dags/bernadya.py took 0.922 seconds
[2024-11-21T06:05:16.426+0000] {processor.py:186} INFO - Started process (PID=1216) to work on /opt/airflow/dags/bernadya.py
[2024-11-21T06:05:16.428+0000] {processor.py:914} INFO - Processing file /opt/airflow/dags/bernadya.py for tasks to queue
[2024-11-21T06:05:16.434+0000] {logging_mixin.py:190} INFO - [2024-11-21T06:05:16.433+0000] {dagbag.py:588} INFO - Filling up the DagBag from /opt/airflow/dags/bernadya.py
[2024-11-21T06:05:17.075+0000] {processor.py:925} INFO - DAG(s) 'bernadya' retrieved from /opt/airflow/dags/bernadya.py
[2024-11-21T06:05:17.110+0000] {logging_mixin.py:190} INFO - [2024-11-21T06:05:17.110+0000] {dag.py:3239} INFO - Sync 1 DAGs
[2024-11-21T06:05:17.150+0000] {logging_mixin.py:190} INFO - [2024-11-21T06:05:17.149+0000] {dag.py:4180} INFO - Setting next_dagrun for bernadya to 2024-11-21 00:00:00+00:00, run_after=2024-11-21 05:00:00+00:00
[2024-11-21T06:05:17.192+0000] {processor.py:208} INFO - Processing /opt/airflow/dags/bernadya.py took 0.786 seconds
[2024-11-21T06:05:47.573+0000] {processor.py:186} INFO - Started process (PID=1224) to work on /opt/airflow/dags/bernadya.py
[2024-11-21T06:05:47.575+0000] {processor.py:914} INFO - Processing file /opt/airflow/dags/bernadya.py for tasks to queue
[2024-11-21T06:05:47.580+0000] {logging_mixin.py:190} INFO - [2024-11-21T06:05:47.579+0000] {dagbag.py:588} INFO - Filling up the DagBag from /opt/airflow/dags/bernadya.py
[2024-11-21T06:05:48.352+0000] {processor.py:925} INFO - DAG(s) 'bernadya' retrieved from /opt/airflow/dags/bernadya.py
[2024-11-21T06:05:48.405+0000] {logging_mixin.py:190} INFO - [2024-11-21T06:05:48.404+0000] {dag.py:3239} INFO - Sync 1 DAGs
[2024-11-21T06:05:48.447+0000] {logging_mixin.py:190} INFO - [2024-11-21T06:05:48.447+0000] {dag.py:4180} INFO - Setting next_dagrun for bernadya to 2024-11-21 00:00:00+00:00, run_after=2024-11-21 05:00:00+00:00
[2024-11-21T06:05:48.494+0000] {processor.py:208} INFO - Processing /opt/airflow/dags/bernadya.py took 0.933 seconds
[2024-11-21T06:06:19.307+0000] {processor.py:186} INFO - Started process (PID=1232) to work on /opt/airflow/dags/bernadya.py
[2024-11-21T06:06:19.309+0000] {processor.py:914} INFO - Processing file /opt/airflow/dags/bernadya.py for tasks to queue
[2024-11-21T06:06:19.314+0000] {logging_mixin.py:190} INFO - [2024-11-21T06:06:19.313+0000] {dagbag.py:588} INFO - Filling up the DagBag from /opt/airflow/dags/bernadya.py
[2024-11-21T06:06:19.955+0000] {processor.py:925} INFO - DAG(s) 'bernadya' retrieved from /opt/airflow/dags/bernadya.py
[2024-11-21T06:06:19.991+0000] {logging_mixin.py:190} INFO - [2024-11-21T06:06:19.991+0000] {dag.py:3239} INFO - Sync 1 DAGs
[2024-11-21T06:06:20.030+0000] {logging_mixin.py:190} INFO - [2024-11-21T06:06:20.029+0000] {dag.py:4180} INFO - Setting next_dagrun for bernadya to 2024-11-21 00:00:00+00:00, run_after=2024-11-21 05:00:00+00:00
[2024-11-21T06:06:20.067+0000] {processor.py:208} INFO - Processing /opt/airflow/dags/bernadya.py took 0.777 seconds
[2024-11-21T06:06:50.689+0000] {processor.py:186} INFO - Started process (PID=1240) to work on /opt/airflow/dags/bernadya.py
[2024-11-21T06:06:50.691+0000] {processor.py:914} INFO - Processing file /opt/airflow/dags/bernadya.py for tasks to queue
[2024-11-21T06:06:50.697+0000] {logging_mixin.py:190} INFO - [2024-11-21T06:06:50.696+0000] {dagbag.py:588} INFO - Filling up the DagBag from /opt/airflow/dags/bernadya.py
[2024-11-21T06:06:51.458+0000] {processor.py:925} INFO - DAG(s) 'bernadya' retrieved from /opt/airflow/dags/bernadya.py
[2024-11-21T06:06:51.496+0000] {logging_mixin.py:190} INFO - [2024-11-21T06:06:51.496+0000] {dag.py:3239} INFO - Sync 1 DAGs
[2024-11-21T06:06:51.543+0000] {logging_mixin.py:190} INFO - [2024-11-21T06:06:51.543+0000] {dag.py:4180} INFO - Setting next_dagrun for bernadya to 2024-11-21 00:00:00+00:00, run_after=2024-11-21 05:00:00+00:00
[2024-11-21T06:06:51.588+0000] {processor.py:208} INFO - Processing /opt/airflow/dags/bernadya.py took 0.915 seconds
[2024-11-21T06:07:22.112+0000] {processor.py:186} INFO - Started process (PID=1248) to work on /opt/airflow/dags/bernadya.py
[2024-11-21T06:07:22.114+0000] {processor.py:914} INFO - Processing file /opt/airflow/dags/bernadya.py for tasks to queue
[2024-11-21T06:07:22.119+0000] {logging_mixin.py:190} INFO - [2024-11-21T06:07:22.118+0000] {dagbag.py:588} INFO - Filling up the DagBag from /opt/airflow/dags/bernadya.py
[2024-11-21T06:07:22.807+0000] {processor.py:925} INFO - DAG(s) 'bernadya' retrieved from /opt/airflow/dags/bernadya.py
[2024-11-21T06:07:22.844+0000] {logging_mixin.py:190} INFO - [2024-11-21T06:07:22.844+0000] {dag.py:3239} INFO - Sync 1 DAGs
[2024-11-21T06:07:22.888+0000] {logging_mixin.py:190} INFO - [2024-11-21T06:07:22.888+0000] {dag.py:4180} INFO - Setting next_dagrun for bernadya to 2024-11-21 00:00:00+00:00, run_after=2024-11-21 05:00:00+00:00
[2024-11-21T06:07:22.926+0000] {processor.py:208} INFO - Processing /opt/airflow/dags/bernadya.py took 0.828 seconds
[2024-11-21T06:07:53.418+0000] {processor.py:186} INFO - Started process (PID=1256) to work on /opt/airflow/dags/bernadya.py
[2024-11-21T06:07:53.420+0000] {processor.py:914} INFO - Processing file /opt/airflow/dags/bernadya.py for tasks to queue
[2024-11-21T06:07:53.425+0000] {logging_mixin.py:190} INFO - [2024-11-21T06:07:53.424+0000] {dagbag.py:588} INFO - Filling up the DagBag from /opt/airflow/dags/bernadya.py
[2024-11-21T06:07:54.046+0000] {processor.py:925} INFO - DAG(s) 'bernadya' retrieved from /opt/airflow/dags/bernadya.py
[2024-11-21T06:07:54.083+0000] {logging_mixin.py:190} INFO - [2024-11-21T06:07:54.082+0000] {dag.py:3239} INFO - Sync 1 DAGs
[2024-11-21T06:07:54.132+0000] {logging_mixin.py:190} INFO - [2024-11-21T06:07:54.132+0000] {dag.py:4180} INFO - Setting next_dagrun for bernadya to 2024-11-21 00:00:00+00:00, run_after=2024-11-21 05:00:00+00:00
[2024-11-21T06:07:54.171+0000] {processor.py:208} INFO - Processing /opt/airflow/dags/bernadya.py took 0.765 seconds
[2024-11-21T06:08:24.441+0000] {processor.py:186} INFO - Started process (PID=1264) to work on /opt/airflow/dags/bernadya.py
[2024-11-21T06:08:24.443+0000] {processor.py:914} INFO - Processing file /opt/airflow/dags/bernadya.py for tasks to queue
[2024-11-21T06:08:24.450+0000] {logging_mixin.py:190} INFO - [2024-11-21T06:08:24.449+0000] {dagbag.py:588} INFO - Filling up the DagBag from /opt/airflow/dags/bernadya.py
[2024-11-21T06:08:25.141+0000] {processor.py:925} INFO - DAG(s) 'bernadya' retrieved from /opt/airflow/dags/bernadya.py
[2024-11-21T06:08:25.179+0000] {logging_mixin.py:190} INFO - [2024-11-21T06:08:25.178+0000] {dag.py:3239} INFO - Sync 1 DAGs
[2024-11-21T06:08:25.219+0000] {logging_mixin.py:190} INFO - [2024-11-21T06:08:25.219+0000] {dag.py:4180} INFO - Setting next_dagrun for bernadya to 2024-11-21 00:00:00+00:00, run_after=2024-11-21 05:00:00+00:00
[2024-11-21T06:08:25.263+0000] {processor.py:208} INFO - Processing /opt/airflow/dags/bernadya.py took 0.834 seconds
[2024-11-21T06:08:55.657+0000] {processor.py:186} INFO - Started process (PID=1272) to work on /opt/airflow/dags/bernadya.py
[2024-11-21T06:08:55.659+0000] {processor.py:914} INFO - Processing file /opt/airflow/dags/bernadya.py for tasks to queue
[2024-11-21T06:08:55.665+0000] {logging_mixin.py:190} INFO - [2024-11-21T06:08:55.664+0000] {dagbag.py:588} INFO - Filling up the DagBag from /opt/airflow/dags/bernadya.py
[2024-11-21T06:08:56.467+0000] {processor.py:925} INFO - DAG(s) 'bernadya' retrieved from /opt/airflow/dags/bernadya.py
[2024-11-21T06:08:56.875+0000] {logging_mixin.py:190} INFO - [2024-11-21T06:08:56.875+0000] {dag.py:3239} INFO - Sync 1 DAGs
[2024-11-21T06:08:56.899+0000] {logging_mixin.py:190} INFO - [2024-11-21T06:08:56.899+0000] {dag.py:3262} INFO - Creating ORM DAG for bernadya
[2024-11-21T06:08:56.927+0000] {logging_mixin.py:190} INFO - [2024-11-21T06:08:56.927+0000] {dag.py:4180} INFO - Setting next_dagrun for bernadya to 2024-11-21 00:00:00+00:00, run_after=2024-11-21 05:00:00+00:00
[2024-11-21T06:08:56.980+0000] {processor.py:208} INFO - Processing /opt/airflow/dags/bernadya.py took 1.346 seconds
[2024-11-21T06:09:27.916+0000] {processor.py:186} INFO - Started process (PID=1280) to work on /opt/airflow/dags/bernadya.py
[2024-11-21T06:09:27.918+0000] {processor.py:914} INFO - Processing file /opt/airflow/dags/bernadya.py for tasks to queue
[2024-11-21T06:09:27.922+0000] {logging_mixin.py:190} INFO - [2024-11-21T06:09:27.921+0000] {dagbag.py:588} INFO - Filling up the DagBag from /opt/airflow/dags/bernadya.py
[2024-11-21T06:09:28.667+0000] {processor.py:925} INFO - DAG(s) 'bernadya' retrieved from /opt/airflow/dags/bernadya.py
[2024-11-21T06:09:28.877+0000] {logging_mixin.py:190} INFO - [2024-11-21T06:09:28.876+0000] {dag.py:3239} INFO - Sync 1 DAGs
[2024-11-21T06:09:28.900+0000] {logging_mixin.py:190} INFO - [2024-11-21T06:09:28.900+0000] {dag.py:3262} INFO - Creating ORM DAG for bernadya
[2024-11-21T06:09:28.924+0000] {logging_mixin.py:190} INFO - [2024-11-21T06:09:28.923+0000] {dag.py:4180} INFO - Setting next_dagrun for bernadya to 2024-11-21 00:00:00+00:00, run_after=2024-11-21 05:00:00+00:00
[2024-11-21T06:09:28.966+0000] {processor.py:208} INFO - Processing /opt/airflow/dags/bernadya.py took 1.063 seconds
[2024-11-21T06:09:59.737+0000] {processor.py:186} INFO - Started process (PID=1288) to work on /opt/airflow/dags/bernadya.py
[2024-11-21T06:09:59.739+0000] {processor.py:914} INFO - Processing file /opt/airflow/dags/bernadya.py for tasks to queue
[2024-11-21T06:09:59.744+0000] {logging_mixin.py:190} INFO - [2024-11-21T06:09:59.743+0000] {dagbag.py:588} INFO - Filling up the DagBag from /opt/airflow/dags/bernadya.py
[2024-11-21T06:10:00.375+0000] {processor.py:925} INFO - DAG(s) 'bernadya' retrieved from /opt/airflow/dags/bernadya.py
[2024-11-21T06:10:00.409+0000] {logging_mixin.py:190} INFO - [2024-11-21T06:10:00.409+0000] {dag.py:3239} INFO - Sync 1 DAGs
[2024-11-21T06:10:00.449+0000] {logging_mixin.py:190} INFO - [2024-11-21T06:10:00.449+0000] {dag.py:4180} INFO - Setting next_dagrun for bernadya to 2024-11-21 00:00:00+00:00, run_after=2024-11-21 05:00:00+00:00
[2024-11-21T06:10:00.491+0000] {processor.py:208} INFO - Processing /opt/airflow/dags/bernadya.py took 0.766 seconds
[2024-11-21T06:10:30.618+0000] {processor.py:186} INFO - Started process (PID=1296) to work on /opt/airflow/dags/bernadya.py
[2024-11-21T06:10:30.620+0000] {processor.py:914} INFO - Processing file /opt/airflow/dags/bernadya.py for tasks to queue
[2024-11-21T06:10:30.625+0000] {logging_mixin.py:190} INFO - [2024-11-21T06:10:30.624+0000] {dagbag.py:588} INFO - Filling up the DagBag from /opt/airflow/dags/bernadya.py
[2024-11-21T06:10:31.272+0000] {processor.py:925} INFO - DAG(s) 'bernadya' retrieved from /opt/airflow/dags/bernadya.py
[2024-11-21T06:10:31.308+0000] {logging_mixin.py:190} INFO - [2024-11-21T06:10:31.308+0000] {dag.py:3239} INFO - Sync 1 DAGs
[2024-11-21T06:10:31.346+0000] {logging_mixin.py:190} INFO - [2024-11-21T06:10:31.346+0000] {dag.py:4180} INFO - Setting next_dagrun for bernadya to 2024-11-21 00:00:00+00:00, run_after=2024-11-21 05:00:00+00:00
[2024-11-21T06:10:31.398+0000] {processor.py:208} INFO - Processing /opt/airflow/dags/bernadya.py took 0.792 seconds
[2024-11-21T06:11:02.182+0000] {processor.py:186} INFO - Started process (PID=1304) to work on /opt/airflow/dags/bernadya.py
[2024-11-21T06:11:02.184+0000] {processor.py:914} INFO - Processing file /opt/airflow/dags/bernadya.py for tasks to queue
[2024-11-21T06:11:02.189+0000] {logging_mixin.py:190} INFO - [2024-11-21T06:11:02.188+0000] {dagbag.py:588} INFO - Filling up the DagBag from /opt/airflow/dags/bernadya.py
[2024-11-21T06:11:02.922+0000] {processor.py:925} INFO - DAG(s) 'bernadya' retrieved from /opt/airflow/dags/bernadya.py
[2024-11-21T06:11:02.970+0000] {logging_mixin.py:190} INFO - [2024-11-21T06:11:02.969+0000] {dag.py:3239} INFO - Sync 1 DAGs
[2024-11-21T06:11:03.013+0000] {logging_mixin.py:190} INFO - [2024-11-21T06:11:03.013+0000] {dag.py:4180} INFO - Setting next_dagrun for bernadya to 2024-11-21 00:00:00+00:00, run_after=2024-11-21 05:00:00+00:00
[2024-11-21T06:11:03.052+0000] {processor.py:208} INFO - Processing /opt/airflow/dags/bernadya.py took 0.884 seconds
[2024-11-21T06:11:34.114+0000] {processor.py:186} INFO - Started process (PID=1312) to work on /opt/airflow/dags/bernadya.py
[2024-11-21T06:11:34.116+0000] {processor.py:914} INFO - Processing file /opt/airflow/dags/bernadya.py for tasks to queue
[2024-11-21T06:11:34.122+0000] {logging_mixin.py:190} INFO - [2024-11-21T06:11:34.121+0000] {dagbag.py:588} INFO - Filling up the DagBag from /opt/airflow/dags/bernadya.py
[2024-11-21T06:11:34.997+0000] {processor.py:925} INFO - DAG(s) 'bernadya' retrieved from /opt/airflow/dags/bernadya.py
[2024-11-21T06:11:35.060+0000] {logging_mixin.py:190} INFO - [2024-11-21T06:11:35.060+0000] {dag.py:3239} INFO - Sync 1 DAGs
[2024-11-21T06:11:35.129+0000] {logging_mixin.py:190} INFO - [2024-11-21T06:11:35.128+0000] {dag.py:4180} INFO - Setting next_dagrun for bernadya to 2024-11-21 00:00:00+00:00, run_after=2024-11-21 05:00:00+00:00
[2024-11-21T06:11:35.221+0000] {processor.py:208} INFO - Processing /opt/airflow/dags/bernadya.py took 1.119 seconds
[2024-11-21T06:12:05.524+0000] {processor.py:186} INFO - Started process (PID=1320) to work on /opt/airflow/dags/bernadya.py
[2024-11-21T06:12:05.526+0000] {processor.py:914} INFO - Processing file /opt/airflow/dags/bernadya.py for tasks to queue
[2024-11-21T06:12:05.532+0000] {logging_mixin.py:190} INFO - [2024-11-21T06:12:05.531+0000] {dagbag.py:588} INFO - Filling up the DagBag from /opt/airflow/dags/bernadya.py
[2024-11-21T06:12:05.991+0000] {processor.py:925} INFO - DAG(s) 'bernadya' retrieved from /opt/airflow/dags/bernadya.py
[2024-11-21T06:12:06.049+0000] {logging_mixin.py:190} INFO - [2024-11-21T06:12:06.049+0000] {dag.py:3239} INFO - Sync 1 DAGs
[2024-11-21T06:12:06.100+0000] {logging_mixin.py:190} INFO - [2024-11-21T06:12:06.100+0000] {dag.py:4180} INFO - Setting next_dagrun for bernadya to 2024-11-21 00:00:00+00:00, run_after=2024-11-21 05:00:00+00:00
[2024-11-21T06:12:06.146+0000] {processor.py:208} INFO - Processing /opt/airflow/dags/bernadya.py took 0.634 seconds
[2024-11-21T06:12:36.387+0000] {processor.py:186} INFO - Started process (PID=1328) to work on /opt/airflow/dags/bernadya.py
[2024-11-21T06:12:36.389+0000] {processor.py:914} INFO - Processing file /opt/airflow/dags/bernadya.py for tasks to queue
[2024-11-21T06:12:36.396+0000] {logging_mixin.py:190} INFO - [2024-11-21T06:12:36.395+0000] {dagbag.py:588} INFO - Filling up the DagBag from /opt/airflow/dags/bernadya.py
[2024-11-21T06:12:36.897+0000] {processor.py:925} INFO - DAG(s) 'bernadya' retrieved from /opt/airflow/dags/bernadya.py
[2024-11-21T06:12:36.957+0000] {logging_mixin.py:190} INFO - [2024-11-21T06:12:36.956+0000] {dag.py:3239} INFO - Sync 1 DAGs
[2024-11-21T06:12:37.014+0000] {logging_mixin.py:190} INFO - [2024-11-21T06:12:37.013+0000] {dag.py:4180} INFO - Setting next_dagrun for bernadya to 2024-11-21 00:00:00+00:00, run_after=2024-11-21 05:00:00+00:00
[2024-11-21T06:12:37.085+0000] {processor.py:208} INFO - Processing /opt/airflow/dags/bernadya.py took 0.714 seconds
[2024-11-21T06:13:07.255+0000] {processor.py:186} INFO - Started process (PID=1336) to work on /opt/airflow/dags/bernadya.py
[2024-11-21T06:13:07.257+0000] {processor.py:914} INFO - Processing file /opt/airflow/dags/bernadya.py for tasks to queue
[2024-11-21T06:13:07.262+0000] {logging_mixin.py:190} INFO - [2024-11-21T06:13:07.262+0000] {dagbag.py:588} INFO - Filling up the DagBag from /opt/airflow/dags/bernadya.py
[2024-11-21T06:13:07.663+0000] {processor.py:925} INFO - DAG(s) 'bernadya' retrieved from /opt/airflow/dags/bernadya.py
[2024-11-21T06:13:07.705+0000] {logging_mixin.py:190} INFO - [2024-11-21T06:13:07.705+0000] {dag.py:3239} INFO - Sync 1 DAGs
[2024-11-21T06:13:07.748+0000] {logging_mixin.py:190} INFO - [2024-11-21T06:13:07.748+0000] {dag.py:4180} INFO - Setting next_dagrun for bernadya to 2024-11-21 00:00:00+00:00, run_after=2024-11-21 05:00:00+00:00
[2024-11-21T06:13:07.791+0000] {processor.py:208} INFO - Processing /opt/airflow/dags/bernadya.py took 0.555 seconds
[2024-11-21T06:13:37.975+0000] {processor.py:186} INFO - Started process (PID=1344) to work on /opt/airflow/dags/bernadya.py
[2024-11-21T06:13:37.977+0000] {processor.py:914} INFO - Processing file /opt/airflow/dags/bernadya.py for tasks to queue
[2024-11-21T06:13:37.984+0000] {logging_mixin.py:190} INFO - [2024-11-21T06:13:37.983+0000] {dagbag.py:588} INFO - Filling up the DagBag from /opt/airflow/dags/bernadya.py
[2024-11-21T06:13:38.609+0000] {processor.py:925} INFO - DAG(s) 'bernadya' retrieved from /opt/airflow/dags/bernadya.py
[2024-11-21T06:13:38.671+0000] {logging_mixin.py:190} INFO - [2024-11-21T06:13:38.670+0000] {dag.py:3239} INFO - Sync 1 DAGs
[2024-11-21T06:13:38.737+0000] {logging_mixin.py:190} INFO - [2024-11-21T06:13:38.736+0000] {dag.py:4180} INFO - Setting next_dagrun for bernadya to 2024-11-21 00:00:00+00:00, run_after=2024-11-21 05:00:00+00:00
[2024-11-21T06:13:38.798+0000] {processor.py:208} INFO - Processing /opt/airflow/dags/bernadya.py took 0.840 seconds
