[2024-11-21T05:23:14.289+0000] {processor.py:186} INFO - Started process (PID=59) to work on /opt/airflow/dags/dewa19.py
[2024-11-21T05:23:14.292+0000] {processor.py:914} INFO - Processing file /opt/airflow/dags/dewa19.py for tasks to queue
[2024-11-21T05:23:14.299+0000] {logging_mixin.py:190} INFO - [2024-11-21T05:23:14.298+0000] {dagbag.py:588} INFO - Filling up the DagBag from /opt/airflow/dags/dewa19.py
[2024-11-21T05:23:15.251+0000] {processor.py:925} INFO - DAG(s) 'dewa19' retrieved from /opt/airflow/dags/dewa19.py
[2024-11-21T05:23:15.601+0000] {logging_mixin.py:190} INFO - [2024-11-21T05:23:15.601+0000] {dag.py:3239} INFO - Sync 1 DAGs
[2024-11-21T05:23:15.647+0000] {logging_mixin.py:190} INFO - [2024-11-21T05:23:15.646+0000] {dag.py:4180} INFO - Setting next_dagrun for dewa19 to 2024-11-21 00:00:00+00:00, run_after=2024-11-21 05:00:00+00:00
[2024-11-21T05:23:15.727+0000] {processor.py:208} INFO - Processing /opt/airflow/dags/dewa19.py took 1.457 seconds
[2024-11-21T05:23:46.807+0000] {processor.py:186} INFO - Started process (PID=109) to work on /opt/airflow/dags/dewa19.py
[2024-11-21T05:23:46.810+0000] {processor.py:914} INFO - Processing file /opt/airflow/dags/dewa19.py for tasks to queue
[2024-11-21T05:23:46.815+0000] {logging_mixin.py:190} INFO - [2024-11-21T05:23:46.814+0000] {dagbag.py:588} INFO - Filling up the DagBag from /opt/airflow/dags/dewa19.py
[2024-11-21T05:23:47.527+0000] {processor.py:925} INFO - DAG(s) 'dewa19' retrieved from /opt/airflow/dags/dewa19.py
[2024-11-21T05:23:47.567+0000] {logging_mixin.py:190} INFO - [2024-11-21T05:23:47.566+0000] {dag.py:3239} INFO - Sync 1 DAGs
[2024-11-21T05:23:47.609+0000] {logging_mixin.py:190} INFO - [2024-11-21T05:23:47.608+0000] {dag.py:4180} INFO - Setting next_dagrun for dewa19 to 2024-11-21 00:00:00+00:00, run_after=2024-11-21 05:00:00+00:00
[2024-11-21T05:23:47.656+0000] {processor.py:208} INFO - Processing /opt/airflow/dags/dewa19.py took 0.860 seconds
[2024-11-21T05:24:18.491+0000] {processor.py:186} INFO - Started process (PID=149) to work on /opt/airflow/dags/dewa19.py
[2024-11-21T05:24:18.493+0000] {processor.py:914} INFO - Processing file /opt/airflow/dags/dewa19.py for tasks to queue
[2024-11-21T05:24:18.499+0000] {logging_mixin.py:190} INFO - [2024-11-21T05:24:18.498+0000] {dagbag.py:588} INFO - Filling up the DagBag from /opt/airflow/dags/dewa19.py
[2024-11-21T05:24:19.255+0000] {processor.py:925} INFO - DAG(s) 'dewa19' retrieved from /opt/airflow/dags/dewa19.py
[2024-11-21T05:24:19.295+0000] {logging_mixin.py:190} INFO - [2024-11-21T05:24:19.294+0000] {dag.py:3239} INFO - Sync 1 DAGs
[2024-11-21T05:24:19.352+0000] {logging_mixin.py:190} INFO - [2024-11-21T05:24:19.351+0000] {dag.py:4180} INFO - Setting next_dagrun for dewa19 to 2024-11-21 00:00:00+00:00, run_after=2024-11-21 05:00:00+00:00
[2024-11-21T05:24:19.401+0000] {processor.py:208} INFO - Processing /opt/airflow/dags/dewa19.py took 0.922 seconds
[2024-11-21T05:24:52.092+0000] {processor.py:186} INFO - Started process (PID=190) to work on /opt/airflow/dags/dewa19.py
[2024-11-21T05:24:52.095+0000] {processor.py:914} INFO - Processing file /opt/airflow/dags/dewa19.py for tasks to queue
[2024-11-21T05:24:52.103+0000] {logging_mixin.py:190} INFO - [2024-11-21T05:24:52.102+0000] {dagbag.py:588} INFO - Filling up the DagBag from /opt/airflow/dags/dewa19.py
[2024-11-21T05:24:53.305+0000] {processor.py:925} INFO - DAG(s) 'dewa19' retrieved from /opt/airflow/dags/dewa19.py
[2024-11-21T05:24:53.345+0000] {logging_mixin.py:190} INFO - [2024-11-21T05:24:53.345+0000] {dag.py:3239} INFO - Sync 1 DAGs
[2024-11-21T05:24:53.393+0000] {logging_mixin.py:190} INFO - [2024-11-21T05:24:53.393+0000] {dag.py:4180} INFO - Setting next_dagrun for dewa19 to 2024-11-21 00:00:00+00:00, run_after=2024-11-21 05:00:00+00:00
[2024-11-21T05:24:53.441+0000] {processor.py:208} INFO - Processing /opt/airflow/dags/dewa19.py took 1.377 seconds
[2024-11-21T05:25:23.863+0000] {processor.py:186} INFO - Started process (PID=231) to work on /opt/airflow/dags/dewa19.py
[2024-11-21T05:25:23.865+0000] {processor.py:914} INFO - Processing file /opt/airflow/dags/dewa19.py for tasks to queue
[2024-11-21T05:25:23.871+0000] {logging_mixin.py:190} INFO - [2024-11-21T05:25:23.870+0000] {dagbag.py:588} INFO - Filling up the DagBag from /opt/airflow/dags/dewa19.py
[2024-11-21T05:25:24.318+0000] {processor.py:925} INFO - DAG(s) 'dewa19' retrieved from /opt/airflow/dags/dewa19.py
[2024-11-21T05:25:24.360+0000] {logging_mixin.py:190} INFO - [2024-11-21T05:25:24.360+0000] {dag.py:3239} INFO - Sync 1 DAGs
[2024-11-21T05:25:24.413+0000] {logging_mixin.py:190} INFO - [2024-11-21T05:25:24.413+0000] {dag.py:4180} INFO - Setting next_dagrun for dewa19 to 2024-11-21 00:00:00+00:00, run_after=2024-11-21 05:00:00+00:00
[2024-11-21T05:25:24.457+0000] {processor.py:208} INFO - Processing /opt/airflow/dags/dewa19.py took 0.609 seconds
[2024-11-21T05:25:55.037+0000] {processor.py:186} INFO - Started process (PID=269) to work on /opt/airflow/dags/dewa19.py
[2024-11-21T05:25:55.039+0000] {processor.py:914} INFO - Processing file /opt/airflow/dags/dewa19.py for tasks to queue
[2024-11-21T05:25:55.044+0000] {logging_mixin.py:190} INFO - [2024-11-21T05:25:55.043+0000] {dagbag.py:588} INFO - Filling up the DagBag from /opt/airflow/dags/dewa19.py
[2024-11-21T05:25:55.591+0000] {processor.py:925} INFO - DAG(s) 'dewa19' retrieved from /opt/airflow/dags/dewa19.py
[2024-11-21T05:25:55.648+0000] {logging_mixin.py:190} INFO - [2024-11-21T05:25:55.648+0000] {dag.py:3239} INFO - Sync 1 DAGs
[2024-11-21T05:25:55.727+0000] {logging_mixin.py:190} INFO - [2024-11-21T05:25:55.726+0000] {dag.py:4180} INFO - Setting next_dagrun for dewa19 to 2024-11-21 00:00:00+00:00, run_after=2024-11-21 05:00:00+00:00
[2024-11-21T05:25:55.785+0000] {processor.py:208} INFO - Processing /opt/airflow/dags/dewa19.py took 0.764 seconds
[2024-11-21T05:26:25.984+0000] {processor.py:186} INFO - Started process (PID=285) to work on /opt/airflow/dags/dewa19.py
[2024-11-21T05:26:25.986+0000] {processor.py:914} INFO - Processing file /opt/airflow/dags/dewa19.py for tasks to queue
[2024-11-21T05:26:25.992+0000] {logging_mixin.py:190} INFO - [2024-11-21T05:26:25.991+0000] {dagbag.py:588} INFO - Filling up the DagBag from /opt/airflow/dags/dewa19.py
[2024-11-21T05:26:26.466+0000] {processor.py:925} INFO - DAG(s) 'dewa19' retrieved from /opt/airflow/dags/dewa19.py
[2024-11-21T05:26:26.510+0000] {logging_mixin.py:190} INFO - [2024-11-21T05:26:26.510+0000] {dag.py:3239} INFO - Sync 1 DAGs
[2024-11-21T05:26:26.559+0000] {logging_mixin.py:190} INFO - [2024-11-21T05:26:26.559+0000] {dag.py:4180} INFO - Setting next_dagrun for dewa19 to 2024-11-21 00:00:00+00:00, run_after=2024-11-21 05:00:00+00:00
[2024-11-21T05:26:26.601+0000] {processor.py:208} INFO - Processing /opt/airflow/dags/dewa19.py took 0.632 seconds
[2024-11-21T05:26:57.736+0000] {processor.py:186} INFO - Started process (PID=316) to work on /opt/airflow/dags/dewa19.py
[2024-11-21T05:26:57.738+0000] {processor.py:914} INFO - Processing file /opt/airflow/dags/dewa19.py for tasks to queue
[2024-11-21T05:26:57.745+0000] {logging_mixin.py:190} INFO - [2024-11-21T05:26:57.744+0000] {dagbag.py:588} INFO - Filling up the DagBag from /opt/airflow/dags/dewa19.py
[2024-11-21T05:26:58.348+0000] {processor.py:925} INFO - DAG(s) 'dewa19' retrieved from /opt/airflow/dags/dewa19.py
[2024-11-21T05:26:58.395+0000] {logging_mixin.py:190} INFO - [2024-11-21T05:26:58.394+0000] {dag.py:3239} INFO - Sync 1 DAGs
[2024-11-21T05:26:58.452+0000] {logging_mixin.py:190} INFO - [2024-11-21T05:26:58.452+0000] {dag.py:4180} INFO - Setting next_dagrun for dewa19 to 2024-11-21 00:00:00+00:00, run_after=2024-11-21 05:00:00+00:00
[2024-11-21T05:26:58.502+0000] {processor.py:208} INFO - Processing /opt/airflow/dags/dewa19.py took 0.782 seconds
[2024-11-21T05:27:29.562+0000] {processor.py:186} INFO - Started process (PID=356) to work on /opt/airflow/dags/dewa19.py
[2024-11-21T05:27:29.564+0000] {processor.py:914} INFO - Processing file /opt/airflow/dags/dewa19.py for tasks to queue
[2024-11-21T05:27:29.571+0000] {logging_mixin.py:190} INFO - [2024-11-21T05:27:29.570+0000] {dagbag.py:588} INFO - Filling up the DagBag from /opt/airflow/dags/dewa19.py
[2024-11-21T05:27:30.331+0000] {processor.py:925} INFO - DAG(s) 'dewa19' retrieved from /opt/airflow/dags/dewa19.py
[2024-11-21T05:27:30.397+0000] {logging_mixin.py:190} INFO - [2024-11-21T05:27:30.396+0000] {dag.py:3239} INFO - Sync 1 DAGs
[2024-11-21T05:27:30.467+0000] {logging_mixin.py:190} INFO - [2024-11-21T05:27:30.466+0000] {dag.py:4180} INFO - Setting next_dagrun for dewa19 to 2024-11-21 05:00:00+00:00, run_after=2024-11-21 10:00:00+00:00
[2024-11-21T05:27:30.535+0000] {processor.py:208} INFO - Processing /opt/airflow/dags/dewa19.py took 0.988 seconds
[2024-11-21T05:28:02.903+0000] {processor.py:186} INFO - Started process (PID=386) to work on /opt/airflow/dags/dewa19.py
[2024-11-21T05:28:02.917+0000] {processor.py:914} INFO - Processing file /opt/airflow/dags/dewa19.py for tasks to queue
[2024-11-21T05:28:02.925+0000] {logging_mixin.py:190} INFO - [2024-11-21T05:28:02.923+0000] {dagbag.py:588} INFO - Filling up the DagBag from /opt/airflow/dags/dewa19.py
[2024-11-21T05:28:04.759+0000] {processor.py:925} INFO - DAG(s) 'dewa19' retrieved from /opt/airflow/dags/dewa19.py
[2024-11-21T05:28:04.858+0000] {logging_mixin.py:190} INFO - [2024-11-21T05:28:04.857+0000] {dag.py:3239} INFO - Sync 1 DAGs
[2024-11-21T05:28:04.977+0000] {logging_mixin.py:190} INFO - [2024-11-21T05:28:04.976+0000] {dag.py:4180} INFO - Setting next_dagrun for dewa19 to 2024-11-21 05:00:00+00:00, run_after=2024-11-21 10:00:00+00:00
[2024-11-21T05:28:05.108+0000] {processor.py:208} INFO - Processing /opt/airflow/dags/dewa19.py took 2.244 seconds
[2024-11-21T05:28:35.791+0000] {processor.py:186} INFO - Started process (PID=425) to work on /opt/airflow/dags/dewa19.py
[2024-11-21T05:28:35.794+0000] {processor.py:914} INFO - Processing file /opt/airflow/dags/dewa19.py for tasks to queue
[2024-11-21T05:28:35.799+0000] {logging_mixin.py:190} INFO - [2024-11-21T05:28:35.798+0000] {dagbag.py:588} INFO - Filling up the DagBag from /opt/airflow/dags/dewa19.py
[2024-11-21T05:28:36.269+0000] {processor.py:925} INFO - DAG(s) 'dewa19' retrieved from /opt/airflow/dags/dewa19.py
[2024-11-21T05:28:36.320+0000] {logging_mixin.py:190} INFO - [2024-11-21T05:28:36.319+0000] {dag.py:3239} INFO - Sync 1 DAGs
[2024-11-21T05:28:36.372+0000] {logging_mixin.py:190} INFO - [2024-11-21T05:28:36.372+0000] {dag.py:4180} INFO - Setting next_dagrun for dewa19 to 2024-11-21 05:00:00+00:00, run_after=2024-11-21 10:00:00+00:00
[2024-11-21T05:28:36.418+0000] {processor.py:208} INFO - Processing /opt/airflow/dags/dewa19.py took 0.638 seconds
[2024-11-21T05:29:06.749+0000] {processor.py:186} INFO - Started process (PID=447) to work on /opt/airflow/dags/dewa19.py
[2024-11-21T05:29:06.751+0000] {processor.py:914} INFO - Processing file /opt/airflow/dags/dewa19.py for tasks to queue
[2024-11-21T05:29:06.768+0000] {logging_mixin.py:190} INFO - [2024-11-21T05:29:06.764+0000] {dagbag.py:588} INFO - Filling up the DagBag from /opt/airflow/dags/dewa19.py
[2024-11-21T05:29:07.592+0000] {processor.py:925} INFO - DAG(s) 'dewa19' retrieved from /opt/airflow/dags/dewa19.py
[2024-11-21T05:29:07.644+0000] {logging_mixin.py:190} INFO - [2024-11-21T05:29:07.643+0000] {dag.py:3239} INFO - Sync 1 DAGs
[2024-11-21T05:29:07.710+0000] {logging_mixin.py:190} INFO - [2024-11-21T05:29:07.709+0000] {dag.py:4180} INFO - Setting next_dagrun for dewa19 to 2024-11-21 05:00:00+00:00, run_after=2024-11-21 10:00:00+00:00
[2024-11-21T05:29:07.763+0000] {processor.py:208} INFO - Processing /opt/airflow/dags/dewa19.py took 1.051 seconds
[2024-11-21T05:29:38.492+0000] {processor.py:186} INFO - Started process (PID=488) to work on /opt/airflow/dags/dewa19.py
[2024-11-21T05:29:38.494+0000] {processor.py:914} INFO - Processing file /opt/airflow/dags/dewa19.py for tasks to queue
[2024-11-21T05:29:38.499+0000] {logging_mixin.py:190} INFO - [2024-11-21T05:29:38.498+0000] {dagbag.py:588} INFO - Filling up the DagBag from /opt/airflow/dags/dewa19.py
[2024-11-21T05:29:39.040+0000] {processor.py:925} INFO - DAG(s) 'dewa19' retrieved from /opt/airflow/dags/dewa19.py
[2024-11-21T05:29:39.084+0000] {logging_mixin.py:190} INFO - [2024-11-21T05:29:39.084+0000] {dag.py:3239} INFO - Sync 1 DAGs
[2024-11-21T05:29:39.131+0000] {logging_mixin.py:190} INFO - [2024-11-21T05:29:39.131+0000] {dag.py:4180} INFO - Setting next_dagrun for dewa19 to 2024-11-21 05:00:00+00:00, run_after=2024-11-21 10:00:00+00:00
[2024-11-21T05:29:39.172+0000] {processor.py:208} INFO - Processing /opt/airflow/dags/dewa19.py took 0.693 seconds
[2024-11-21T05:30:09.556+0000] {processor.py:186} INFO - Started process (PID=542) to work on /opt/airflow/dags/dewa19.py
[2024-11-21T05:30:09.558+0000] {processor.py:914} INFO - Processing file /opt/airflow/dags/dewa19.py for tasks to queue
[2024-11-21T05:30:09.563+0000] {logging_mixin.py:190} INFO - [2024-11-21T05:30:09.563+0000] {dagbag.py:588} INFO - Filling up the DagBag from /opt/airflow/dags/dewa19.py
[2024-11-21T05:30:10.354+0000] {processor.py:925} INFO - DAG(s) 'dewa19' retrieved from /opt/airflow/dags/dewa19.py
[2024-11-21T05:30:10.412+0000] {logging_mixin.py:190} INFO - [2024-11-21T05:30:10.411+0000] {dag.py:3239} INFO - Sync 1 DAGs
[2024-11-21T05:30:10.481+0000] {logging_mixin.py:190} INFO - [2024-11-21T05:30:10.480+0000] {dag.py:4180} INFO - Setting next_dagrun for dewa19 to 2024-11-21 05:00:00+00:00, run_after=2024-11-21 10:00:00+00:00
[2024-11-21T05:30:10.538+0000] {processor.py:208} INFO - Processing /opt/airflow/dags/dewa19.py took 0.999 seconds
[2024-11-21T05:30:41.103+0000] {processor.py:186} INFO - Started process (PID=590) to work on /opt/airflow/dags/dewa19.py
[2024-11-21T05:30:41.105+0000] {processor.py:914} INFO - Processing file /opt/airflow/dags/dewa19.py for tasks to queue
[2024-11-21T05:30:41.111+0000] {logging_mixin.py:190} INFO - [2024-11-21T05:30:41.110+0000] {dagbag.py:588} INFO - Filling up the DagBag from /opt/airflow/dags/dewa19.py
[2024-11-21T05:30:41.754+0000] {processor.py:925} INFO - DAG(s) 'dewa19' retrieved from /opt/airflow/dags/dewa19.py
[2024-11-21T05:30:41.849+0000] {logging_mixin.py:190} INFO - [2024-11-21T05:30:41.848+0000] {dag.py:3239} INFO - Sync 1 DAGs
[2024-11-21T05:30:41.945+0000] {logging_mixin.py:190} INFO - [2024-11-21T05:30:41.945+0000] {dag.py:4180} INFO - Setting next_dagrun for dewa19 to 2024-11-21 05:00:00+00:00, run_after=2024-11-21 10:00:00+00:00
[2024-11-21T05:30:42.000+0000] {processor.py:208} INFO - Processing /opt/airflow/dags/dewa19.py took 0.914 seconds
[2024-11-21T05:31:12.119+0000] {processor.py:186} INFO - Started process (PID=647) to work on /opt/airflow/dags/dewa19.py
[2024-11-21T05:31:12.121+0000] {processor.py:914} INFO - Processing file /opt/airflow/dags/dewa19.py for tasks to queue
[2024-11-21T05:31:12.126+0000] {logging_mixin.py:190} INFO - [2024-11-21T05:31:12.125+0000] {dagbag.py:588} INFO - Filling up the DagBag from /opt/airflow/dags/dewa19.py
[2024-11-21T05:31:12.545+0000] {processor.py:925} INFO - DAG(s) 'dewa19' retrieved from /opt/airflow/dags/dewa19.py
[2024-11-21T05:31:12.587+0000] {logging_mixin.py:190} INFO - [2024-11-21T05:31:12.587+0000] {dag.py:3239} INFO - Sync 1 DAGs
[2024-11-21T05:31:12.640+0000] {logging_mixin.py:190} INFO - [2024-11-21T05:31:12.639+0000] {dag.py:4180} INFO - Setting next_dagrun for dewa19 to 2024-11-21 05:00:00+00:00, run_after=2024-11-21 10:00:00+00:00
[2024-11-21T05:31:12.686+0000] {processor.py:208} INFO - Processing /opt/airflow/dags/dewa19.py took 0.580 seconds
[2024-11-21T05:31:44.484+0000] {processor.py:186} INFO - Started process (PID=691) to work on /opt/airflow/dags/dewa19.py
[2024-11-21T05:31:44.499+0000] {processor.py:914} INFO - Processing file /opt/airflow/dags/dewa19.py for tasks to queue
[2024-11-21T05:31:44.512+0000] {logging_mixin.py:190} INFO - [2024-11-21T05:31:44.505+0000] {dagbag.py:588} INFO - Filling up the DagBag from /opt/airflow/dags/dewa19.py
[2024-11-21T05:31:45.621+0000] {processor.py:925} INFO - DAG(s) 'dewa19' retrieved from /opt/airflow/dags/dewa19.py
[2024-11-21T05:31:45.676+0000] {logging_mixin.py:190} INFO - [2024-11-21T05:31:45.675+0000] {dag.py:3239} INFO - Sync 1 DAGs
[2024-11-21T05:31:45.726+0000] {logging_mixin.py:190} INFO - [2024-11-21T05:31:45.725+0000] {dag.py:4180} INFO - Setting next_dagrun for dewa19 to 2024-11-21 05:00:00+00:00, run_after=2024-11-21 10:00:00+00:00
[2024-11-21T05:31:45.773+0000] {processor.py:208} INFO - Processing /opt/airflow/dags/dewa19.py took 1.315 seconds
[2024-11-21T05:32:16.220+0000] {processor.py:186} INFO - Started process (PID=739) to work on /opt/airflow/dags/dewa19.py
[2024-11-21T05:32:16.222+0000] {processor.py:914} INFO - Processing file /opt/airflow/dags/dewa19.py for tasks to queue
[2024-11-21T05:32:16.228+0000] {logging_mixin.py:190} INFO - [2024-11-21T05:32:16.227+0000] {dagbag.py:588} INFO - Filling up the DagBag from /opt/airflow/dags/dewa19.py
[2024-11-21T05:32:16.662+0000] {processor.py:925} INFO - DAG(s) 'dewa19' retrieved from /opt/airflow/dags/dewa19.py
[2024-11-21T05:32:16.706+0000] {logging_mixin.py:190} INFO - [2024-11-21T05:32:16.706+0000] {dag.py:3239} INFO - Sync 1 DAGs
[2024-11-21T05:32:16.750+0000] {logging_mixin.py:190} INFO - [2024-11-21T05:32:16.750+0000] {dag.py:4180} INFO - Setting next_dagrun for dewa19 to 2024-11-21 05:00:00+00:00, run_after=2024-11-21 10:00:00+00:00
[2024-11-21T05:32:16.792+0000] {processor.py:208} INFO - Processing /opt/airflow/dags/dewa19.py took 0.587 seconds
[2024-11-21T05:32:46.997+0000] {processor.py:186} INFO - Started process (PID=757) to work on /opt/airflow/dags/dewa19.py
[2024-11-21T05:32:46.999+0000] {processor.py:914} INFO - Processing file /opt/airflow/dags/dewa19.py for tasks to queue
[2024-11-21T05:32:47.006+0000] {logging_mixin.py:190} INFO - [2024-11-21T05:32:47.005+0000] {dagbag.py:588} INFO - Filling up the DagBag from /opt/airflow/dags/dewa19.py
[2024-11-21T05:32:47.410+0000] {processor.py:925} INFO - DAG(s) 'dewa19' retrieved from /opt/airflow/dags/dewa19.py
[2024-11-21T05:32:47.450+0000] {logging_mixin.py:190} INFO - [2024-11-21T05:32:47.449+0000] {dag.py:3239} INFO - Sync 1 DAGs
[2024-11-21T05:32:47.496+0000] {logging_mixin.py:190} INFO - [2024-11-21T05:32:47.496+0000] {dag.py:4180} INFO - Setting next_dagrun for dewa19 to 2024-11-21 05:00:00+00:00, run_after=2024-11-21 10:00:00+00:00
[2024-11-21T05:32:47.538+0000] {processor.py:208} INFO - Processing /opt/airflow/dags/dewa19.py took 0.553 seconds
[2024-11-21T05:33:17.972+0000] {processor.py:186} INFO - Started process (PID=765) to work on /opt/airflow/dags/dewa19.py
[2024-11-21T05:33:17.973+0000] {processor.py:914} INFO - Processing file /opt/airflow/dags/dewa19.py for tasks to queue
[2024-11-21T05:33:17.978+0000] {logging_mixin.py:190} INFO - [2024-11-21T05:33:17.977+0000] {dagbag.py:588} INFO - Filling up the DagBag from /opt/airflow/dags/dewa19.py
[2024-11-21T05:33:18.392+0000] {processor.py:925} INFO - DAG(s) 'dewa19' retrieved from /opt/airflow/dags/dewa19.py
[2024-11-21T05:33:18.431+0000] {logging_mixin.py:190} INFO - [2024-11-21T05:33:18.431+0000] {dag.py:3239} INFO - Sync 1 DAGs
[2024-11-21T05:33:18.475+0000] {logging_mixin.py:190} INFO - [2024-11-21T05:33:18.475+0000] {dag.py:4180} INFO - Setting next_dagrun for dewa19 to 2024-11-21 05:00:00+00:00, run_after=2024-11-21 10:00:00+00:00
[2024-11-21T05:33:18.519+0000] {processor.py:208} INFO - Processing /opt/airflow/dags/dewa19.py took 0.559 seconds
[2024-11-21T05:33:48.765+0000] {processor.py:186} INFO - Started process (PID=773) to work on /opt/airflow/dags/dewa19.py
[2024-11-21T05:33:48.766+0000] {processor.py:914} INFO - Processing file /opt/airflow/dags/dewa19.py for tasks to queue
[2024-11-21T05:33:48.771+0000] {logging_mixin.py:190} INFO - [2024-11-21T05:33:48.770+0000] {dagbag.py:588} INFO - Filling up the DagBag from /opt/airflow/dags/dewa19.py
[2024-11-21T05:33:49.179+0000] {processor.py:925} INFO - DAG(s) 'dewa19' retrieved from /opt/airflow/dags/dewa19.py
[2024-11-21T05:33:49.219+0000] {logging_mixin.py:190} INFO - [2024-11-21T05:33:49.218+0000] {dag.py:3239} INFO - Sync 1 DAGs
[2024-11-21T05:33:49.263+0000] {logging_mixin.py:190} INFO - [2024-11-21T05:33:49.263+0000] {dag.py:4180} INFO - Setting next_dagrun for dewa19 to 2024-11-21 05:00:00+00:00, run_after=2024-11-21 10:00:00+00:00
[2024-11-21T05:33:49.305+0000] {processor.py:208} INFO - Processing /opt/airflow/dags/dewa19.py took 0.553 seconds
[2024-11-21T05:34:19.508+0000] {processor.py:186} INFO - Started process (PID=781) to work on /opt/airflow/dags/dewa19.py
[2024-11-21T05:34:19.511+0000] {processor.py:914} INFO - Processing file /opt/airflow/dags/dewa19.py for tasks to queue
[2024-11-21T05:34:19.517+0000] {logging_mixin.py:190} INFO - [2024-11-21T05:34:19.516+0000] {dagbag.py:588} INFO - Filling up the DagBag from /opt/airflow/dags/dewa19.py
[2024-11-21T05:34:19.966+0000] {processor.py:925} INFO - DAG(s) 'dewa19' retrieved from /opt/airflow/dags/dewa19.py
[2024-11-21T05:34:20.021+0000] {logging_mixin.py:190} INFO - [2024-11-21T05:34:20.020+0000] {dag.py:3239} INFO - Sync 1 DAGs
[2024-11-21T05:34:20.072+0000] {logging_mixin.py:190} INFO - [2024-11-21T05:34:20.072+0000] {dag.py:4180} INFO - Setting next_dagrun for dewa19 to 2024-11-21 05:00:00+00:00, run_after=2024-11-21 10:00:00+00:00
[2024-11-21T05:34:20.116+0000] {processor.py:208} INFO - Processing /opt/airflow/dags/dewa19.py took 0.624 seconds
[2024-11-21T05:34:50.756+0000] {processor.py:186} INFO - Started process (PID=789) to work on /opt/airflow/dags/dewa19.py
[2024-11-21T05:34:50.758+0000] {processor.py:914} INFO - Processing file /opt/airflow/dags/dewa19.py for tasks to queue
[2024-11-21T05:34:50.763+0000] {logging_mixin.py:190} INFO - [2024-11-21T05:34:50.762+0000] {dagbag.py:588} INFO - Filling up the DagBag from /opt/airflow/dags/dewa19.py
[2024-11-21T05:34:51.161+0000] {processor.py:925} INFO - DAG(s) 'dewa19' retrieved from /opt/airflow/dags/dewa19.py
[2024-11-21T05:34:51.201+0000] {logging_mixin.py:190} INFO - [2024-11-21T05:34:51.200+0000] {dag.py:3239} INFO - Sync 1 DAGs
[2024-11-21T05:34:51.248+0000] {logging_mixin.py:190} INFO - [2024-11-21T05:34:51.248+0000] {dag.py:4180} INFO - Setting next_dagrun for dewa19 to 2024-11-21 05:00:00+00:00, run_after=2024-11-21 10:00:00+00:00
[2024-11-21T05:34:51.293+0000] {processor.py:208} INFO - Processing /opt/airflow/dags/dewa19.py took 0.550 seconds
[2024-11-21T05:35:21.474+0000] {processor.py:186} INFO - Started process (PID=797) to work on /opt/airflow/dags/dewa19.py
[2024-11-21T05:35:21.476+0000] {processor.py:914} INFO - Processing file /opt/airflow/dags/dewa19.py for tasks to queue
[2024-11-21T05:35:21.482+0000] {logging_mixin.py:190} INFO - [2024-11-21T05:35:21.481+0000] {dagbag.py:588} INFO - Filling up the DagBag from /opt/airflow/dags/dewa19.py
[2024-11-21T05:35:21.906+0000] {processor.py:925} INFO - DAG(s) 'dewa19' retrieved from /opt/airflow/dags/dewa19.py
[2024-11-21T05:35:21.949+0000] {logging_mixin.py:190} INFO - [2024-11-21T05:35:21.949+0000] {dag.py:3239} INFO - Sync 1 DAGs
[2024-11-21T05:35:21.994+0000] {logging_mixin.py:190} INFO - [2024-11-21T05:35:21.993+0000] {dag.py:4180} INFO - Setting next_dagrun for dewa19 to 2024-11-21 05:00:00+00:00, run_after=2024-11-21 10:00:00+00:00
[2024-11-21T05:35:22.039+0000] {processor.py:208} INFO - Processing /opt/airflow/dags/dewa19.py took 0.577 seconds
[2024-11-21T05:35:52.673+0000] {processor.py:186} INFO - Started process (PID=805) to work on /opt/airflow/dags/dewa19.py
[2024-11-21T05:35:52.675+0000] {processor.py:914} INFO - Processing file /opt/airflow/dags/dewa19.py for tasks to queue
[2024-11-21T05:35:52.680+0000] {logging_mixin.py:190} INFO - [2024-11-21T05:35:52.680+0000] {dagbag.py:588} INFO - Filling up the DagBag from /opt/airflow/dags/dewa19.py
[2024-11-21T05:35:53.094+0000] {processor.py:925} INFO - DAG(s) 'dewa19' retrieved from /opt/airflow/dags/dewa19.py
[2024-11-21T05:35:53.134+0000] {logging_mixin.py:190} INFO - [2024-11-21T05:35:53.133+0000] {dag.py:3239} INFO - Sync 1 DAGs
[2024-11-21T05:35:53.178+0000] {logging_mixin.py:190} INFO - [2024-11-21T05:35:53.178+0000] {dag.py:4180} INFO - Setting next_dagrun for dewa19 to 2024-11-21 05:00:00+00:00, run_after=2024-11-21 10:00:00+00:00
[2024-11-21T05:35:53.220+0000] {processor.py:208} INFO - Processing /opt/airflow/dags/dewa19.py took 0.561 seconds
[2024-11-21T05:36:23.428+0000] {processor.py:186} INFO - Started process (PID=813) to work on /opt/airflow/dags/dewa19.py
[2024-11-21T05:36:23.430+0000] {processor.py:914} INFO - Processing file /opt/airflow/dags/dewa19.py for tasks to queue
[2024-11-21T05:36:23.435+0000] {logging_mixin.py:190} INFO - [2024-11-21T05:36:23.434+0000] {dagbag.py:588} INFO - Filling up the DagBag from /opt/airflow/dags/dewa19.py
[2024-11-21T05:36:23.831+0000] {processor.py:925} INFO - DAG(s) 'dewa19' retrieved from /opt/airflow/dags/dewa19.py
[2024-11-21T05:36:23.870+0000] {logging_mixin.py:190} INFO - [2024-11-21T05:36:23.869+0000] {dag.py:3239} INFO - Sync 1 DAGs
[2024-11-21T05:36:23.914+0000] {logging_mixin.py:190} INFO - [2024-11-21T05:36:23.914+0000] {dag.py:4180} INFO - Setting next_dagrun for dewa19 to 2024-11-21 05:00:00+00:00, run_after=2024-11-21 10:00:00+00:00
[2024-11-21T05:36:23.954+0000] {processor.py:208} INFO - Processing /opt/airflow/dags/dewa19.py took 0.538 seconds
[2024-11-21T05:36:54.211+0000] {processor.py:186} INFO - Started process (PID=821) to work on /opt/airflow/dags/dewa19.py
[2024-11-21T05:36:54.213+0000] {processor.py:914} INFO - Processing file /opt/airflow/dags/dewa19.py for tasks to queue
[2024-11-21T05:36:54.217+0000] {logging_mixin.py:190} INFO - [2024-11-21T05:36:54.217+0000] {dagbag.py:588} INFO - Filling up the DagBag from /opt/airflow/dags/dewa19.py
[2024-11-21T05:36:54.608+0000] {processor.py:925} INFO - DAG(s) 'dewa19' retrieved from /opt/airflow/dags/dewa19.py
[2024-11-21T05:36:54.650+0000] {logging_mixin.py:190} INFO - [2024-11-21T05:36:54.649+0000] {dag.py:3239} INFO - Sync 1 DAGs
[2024-11-21T05:36:54.696+0000] {logging_mixin.py:190} INFO - [2024-11-21T05:36:54.696+0000] {dag.py:4180} INFO - Setting next_dagrun for dewa19 to 2024-11-21 05:00:00+00:00, run_after=2024-11-21 10:00:00+00:00
[2024-11-21T05:36:54.740+0000] {processor.py:208} INFO - Processing /opt/airflow/dags/dewa19.py took 0.542 seconds
[2024-11-21T05:37:25.024+0000] {processor.py:186} INFO - Started process (PID=829) to work on /opt/airflow/dags/dewa19.py
[2024-11-21T05:37:25.026+0000] {processor.py:914} INFO - Processing file /opt/airflow/dags/dewa19.py for tasks to queue
[2024-11-21T05:37:25.031+0000] {logging_mixin.py:190} INFO - [2024-11-21T05:37:25.031+0000] {dagbag.py:588} INFO - Filling up the DagBag from /opt/airflow/dags/dewa19.py
[2024-11-21T05:37:25.484+0000] {processor.py:925} INFO - DAG(s) 'dewa19' retrieved from /opt/airflow/dags/dewa19.py
[2024-11-21T05:37:25.526+0000] {logging_mixin.py:190} INFO - [2024-11-21T05:37:25.525+0000] {dag.py:3239} INFO - Sync 1 DAGs
[2024-11-21T05:37:25.573+0000] {logging_mixin.py:190} INFO - [2024-11-21T05:37:25.573+0000] {dag.py:4180} INFO - Setting next_dagrun for dewa19 to 2024-11-21 05:00:00+00:00, run_after=2024-11-21 10:00:00+00:00
[2024-11-21T05:37:25.614+0000] {processor.py:208} INFO - Processing /opt/airflow/dags/dewa19.py took 0.603 seconds
[2024-11-21T05:37:55.928+0000] {processor.py:186} INFO - Started process (PID=837) to work on /opt/airflow/dags/dewa19.py
[2024-11-21T05:37:55.931+0000] {processor.py:914} INFO - Processing file /opt/airflow/dags/dewa19.py for tasks to queue
[2024-11-21T05:37:55.936+0000] {logging_mixin.py:190} INFO - [2024-11-21T05:37:55.935+0000] {dagbag.py:588} INFO - Filling up the DagBag from /opt/airflow/dags/dewa19.py
[2024-11-21T05:37:56.343+0000] {processor.py:925} INFO - DAG(s) 'dewa19' retrieved from /opt/airflow/dags/dewa19.py
[2024-11-21T05:37:56.383+0000] {logging_mixin.py:190} INFO - [2024-11-21T05:37:56.383+0000] {dag.py:3239} INFO - Sync 1 DAGs
[2024-11-21T05:37:56.427+0000] {logging_mixin.py:190} INFO - [2024-11-21T05:37:56.427+0000] {dag.py:4180} INFO - Setting next_dagrun for dewa19 to 2024-11-21 05:00:00+00:00, run_after=2024-11-21 10:00:00+00:00
[2024-11-21T05:37:56.468+0000] {processor.py:208} INFO - Processing /opt/airflow/dags/dewa19.py took 0.552 seconds
[2024-11-21T05:38:27.169+0000] {processor.py:186} INFO - Started process (PID=845) to work on /opt/airflow/dags/dewa19.py
[2024-11-21T05:38:27.171+0000] {processor.py:914} INFO - Processing file /opt/airflow/dags/dewa19.py for tasks to queue
[2024-11-21T05:38:27.176+0000] {logging_mixin.py:190} INFO - [2024-11-21T05:38:27.175+0000] {dagbag.py:588} INFO - Filling up the DagBag from /opt/airflow/dags/dewa19.py
[2024-11-21T05:38:27.572+0000] {processor.py:925} INFO - DAG(s) 'dewa19' retrieved from /opt/airflow/dags/dewa19.py
[2024-11-21T05:38:27.612+0000] {logging_mixin.py:190} INFO - [2024-11-21T05:38:27.612+0000] {dag.py:3239} INFO - Sync 1 DAGs
[2024-11-21T05:38:27.659+0000] {logging_mixin.py:190} INFO - [2024-11-21T05:38:27.659+0000] {dag.py:4180} INFO - Setting next_dagrun for dewa19 to 2024-11-21 05:00:00+00:00, run_after=2024-11-21 10:00:00+00:00
[2024-11-21T05:38:27.701+0000] {processor.py:208} INFO - Processing /opt/airflow/dags/dewa19.py took 0.544 seconds
[2024-11-21T05:38:58.511+0000] {processor.py:186} INFO - Started process (PID=853) to work on /opt/airflow/dags/dewa19.py
[2024-11-21T05:38:58.514+0000] {processor.py:914} INFO - Processing file /opt/airflow/dags/dewa19.py for tasks to queue
[2024-11-21T05:38:58.521+0000] {logging_mixin.py:190} INFO - [2024-11-21T05:38:58.519+0000] {dagbag.py:588} INFO - Filling up the DagBag from /opt/airflow/dags/dewa19.py
[2024-11-21T05:38:58.939+0000] {processor.py:925} INFO - DAG(s) 'dewa19' retrieved from /opt/airflow/dags/dewa19.py
[2024-11-21T05:38:58.981+0000] {logging_mixin.py:190} INFO - [2024-11-21T05:38:58.981+0000] {dag.py:3239} INFO - Sync 1 DAGs
[2024-11-21T05:38:59.035+0000] {logging_mixin.py:190} INFO - [2024-11-21T05:38:59.035+0000] {dag.py:4180} INFO - Setting next_dagrun for dewa19 to 2024-11-21 05:00:00+00:00, run_after=2024-11-21 10:00:00+00:00
[2024-11-21T05:39:01.846+0000] {processor.py:208} INFO - Processing /opt/airflow/dags/dewa19.py took 3.351 seconds
[2024-11-21T05:39:32.318+0000] {processor.py:186} INFO - Started process (PID=861) to work on /opt/airflow/dags/dewa19.py
[2024-11-21T05:39:32.320+0000] {processor.py:914} INFO - Processing file /opt/airflow/dags/dewa19.py for tasks to queue
[2024-11-21T05:39:32.326+0000] {logging_mixin.py:190} INFO - [2024-11-21T05:39:32.325+0000] {dagbag.py:588} INFO - Filling up the DagBag from /opt/airflow/dags/dewa19.py
[2024-11-21T05:39:32.760+0000] {processor.py:925} INFO - DAG(s) 'dewa19' retrieved from /opt/airflow/dags/dewa19.py
[2024-11-21T05:39:32.803+0000] {logging_mixin.py:190} INFO - [2024-11-21T05:39:32.803+0000] {dag.py:3239} INFO - Sync 1 DAGs
[2024-11-21T05:39:32.867+0000] {logging_mixin.py:190} INFO - [2024-11-21T05:39:32.866+0000] {dag.py:4180} INFO - Setting next_dagrun for dewa19 to 2024-11-21 05:00:00+00:00, run_after=2024-11-21 10:00:00+00:00
[2024-11-21T05:39:32.917+0000] {processor.py:208} INFO - Processing /opt/airflow/dags/dewa19.py took 0.612 seconds
[2024-11-21T05:40:03.259+0000] {processor.py:186} INFO - Started process (PID=869) to work on /opt/airflow/dags/dewa19.py
[2024-11-21T05:40:03.261+0000] {processor.py:914} INFO - Processing file /opt/airflow/dags/dewa19.py for tasks to queue
[2024-11-21T05:40:03.268+0000] {logging_mixin.py:190} INFO - [2024-11-21T05:40:03.267+0000] {dagbag.py:588} INFO - Filling up the DagBag from /opt/airflow/dags/dewa19.py
[2024-11-21T05:40:03.879+0000] {processor.py:925} INFO - DAG(s) 'dewa19' retrieved from /opt/airflow/dags/dewa19.py
[2024-11-21T05:40:04.201+0000] {logging_mixin.py:190} INFO - [2024-11-21T05:40:04.200+0000] {dag.py:3239} INFO - Sync 1 DAGs
[2024-11-21T05:40:04.243+0000] {logging_mixin.py:190} INFO - [2024-11-21T05:40:04.242+0000] {dag.py:4180} INFO - Setting next_dagrun for dewa19 to 2024-11-21 05:00:00+00:00, run_after=2024-11-21 10:00:00+00:00
[2024-11-21T05:40:04.291+0000] {processor.py:208} INFO - Processing /opt/airflow/dags/dewa19.py took 1.070 seconds
[2024-11-21T05:40:35.153+0000] {processor.py:186} INFO - Started process (PID=877) to work on /opt/airflow/dags/dewa19.py
[2024-11-21T05:40:35.155+0000] {processor.py:914} INFO - Processing file /opt/airflow/dags/dewa19.py for tasks to queue
[2024-11-21T05:40:35.159+0000] {logging_mixin.py:190} INFO - [2024-11-21T05:40:35.159+0000] {dagbag.py:588} INFO - Filling up the DagBag from /opt/airflow/dags/dewa19.py
[2024-11-21T05:40:35.623+0000] {processor.py:925} INFO - DAG(s) 'dewa19' retrieved from /opt/airflow/dags/dewa19.py
[2024-11-21T05:40:35.674+0000] {logging_mixin.py:190} INFO - [2024-11-21T05:40:35.674+0000] {dag.py:3239} INFO - Sync 1 DAGs
[2024-11-21T05:40:35.944+0000] {logging_mixin.py:190} INFO - [2024-11-21T05:40:35.943+0000] {dag.py:4180} INFO - Setting next_dagrun for dewa19 to 2024-11-21 05:00:00+00:00, run_after=2024-11-21 10:00:00+00:00
[2024-11-21T05:40:35.985+0000] {processor.py:208} INFO - Processing /opt/airflow/dags/dewa19.py took 0.844 seconds
[2024-11-21T05:41:06.727+0000] {processor.py:186} INFO - Started process (PID=885) to work on /opt/airflow/dags/dewa19.py
[2024-11-21T05:41:06.730+0000] {processor.py:914} INFO - Processing file /opt/airflow/dags/dewa19.py for tasks to queue
[2024-11-21T05:41:06.734+0000] {logging_mixin.py:190} INFO - [2024-11-21T05:41:06.734+0000] {dagbag.py:588} INFO - Filling up the DagBag from /opt/airflow/dags/dewa19.py
[2024-11-21T05:41:07.472+0000] {processor.py:925} INFO - DAG(s) 'dewa19' retrieved from /opt/airflow/dags/dewa19.py
[2024-11-21T05:41:07.520+0000] {logging_mixin.py:190} INFO - [2024-11-21T05:41:07.519+0000] {dag.py:3239} INFO - Sync 1 DAGs
[2024-11-21T05:41:07.560+0000] {logging_mixin.py:190} INFO - [2024-11-21T05:41:07.560+0000] {dag.py:4180} INFO - Setting next_dagrun for dewa19 to 2024-11-21 05:00:00+00:00, run_after=2024-11-21 10:00:00+00:00
[2024-11-21T05:41:07.606+0000] {processor.py:208} INFO - Processing /opt/airflow/dags/dewa19.py took 0.892 seconds
[2024-11-21T05:41:38.319+0000] {processor.py:186} INFO - Started process (PID=893) to work on /opt/airflow/dags/dewa19.py
[2024-11-21T05:41:38.321+0000] {processor.py:914} INFO - Processing file /opt/airflow/dags/dewa19.py for tasks to queue
[2024-11-21T05:41:38.326+0000] {logging_mixin.py:190} INFO - [2024-11-21T05:41:38.325+0000] {dagbag.py:588} INFO - Filling up the DagBag from /opt/airflow/dags/dewa19.py
[2024-11-21T05:41:39.005+0000] {processor.py:925} INFO - DAG(s) 'dewa19' retrieved from /opt/airflow/dags/dewa19.py
[2024-11-21T05:41:39.043+0000] {logging_mixin.py:190} INFO - [2024-11-21T05:41:39.043+0000] {dag.py:3239} INFO - Sync 1 DAGs
[2024-11-21T05:41:39.089+0000] {logging_mixin.py:190} INFO - [2024-11-21T05:41:39.088+0000] {dag.py:4180} INFO - Setting next_dagrun for dewa19 to 2024-11-21 05:00:00+00:00, run_after=2024-11-21 10:00:00+00:00
[2024-11-21T05:41:39.133+0000] {processor.py:208} INFO - Processing /opt/airflow/dags/dewa19.py took 0.826 seconds
[2024-11-21T05:42:09.648+0000] {processor.py:186} INFO - Started process (PID=901) to work on /opt/airflow/dags/dewa19.py
[2024-11-21T05:42:09.650+0000] {processor.py:914} INFO - Processing file /opt/airflow/dags/dewa19.py for tasks to queue
[2024-11-21T05:42:09.657+0000] {logging_mixin.py:190} INFO - [2024-11-21T05:42:09.656+0000] {dagbag.py:588} INFO - Filling up the DagBag from /opt/airflow/dags/dewa19.py
[2024-11-21T05:42:10.308+0000] {processor.py:925} INFO - DAG(s) 'dewa19' retrieved from /opt/airflow/dags/dewa19.py
[2024-11-21T05:42:10.347+0000] {logging_mixin.py:190} INFO - [2024-11-21T05:42:10.346+0000] {dag.py:3239} INFO - Sync 1 DAGs
[2024-11-21T05:42:10.396+0000] {logging_mixin.py:190} INFO - [2024-11-21T05:42:10.395+0000] {dag.py:4180} INFO - Setting next_dagrun for dewa19 to 2024-11-21 05:00:00+00:00, run_after=2024-11-21 10:00:00+00:00
[2024-11-21T05:42:10.439+0000] {processor.py:208} INFO - Processing /opt/airflow/dags/dewa19.py took 0.807 seconds
[2024-11-21T05:42:41.174+0000] {processor.py:186} INFO - Started process (PID=909) to work on /opt/airflow/dags/dewa19.py
[2024-11-21T05:42:41.176+0000] {processor.py:914} INFO - Processing file /opt/airflow/dags/dewa19.py for tasks to queue
[2024-11-21T05:42:41.180+0000] {logging_mixin.py:190} INFO - [2024-11-21T05:42:41.180+0000] {dagbag.py:588} INFO - Filling up the DagBag from /opt/airflow/dags/dewa19.py
[2024-11-21T05:42:41.782+0000] {processor.py:925} INFO - DAG(s) 'dewa19' retrieved from /opt/airflow/dags/dewa19.py
[2024-11-21T05:42:41.818+0000] {logging_mixin.py:190} INFO - [2024-11-21T05:42:41.818+0000] {dag.py:3239} INFO - Sync 1 DAGs
[2024-11-21T05:42:41.860+0000] {logging_mixin.py:190} INFO - [2024-11-21T05:42:41.860+0000] {dag.py:4180} INFO - Setting next_dagrun for dewa19 to 2024-11-21 05:00:00+00:00, run_after=2024-11-21 10:00:00+00:00
[2024-11-21T05:42:41.901+0000] {processor.py:208} INFO - Processing /opt/airflow/dags/dewa19.py took 0.739 seconds
[2024-11-21T05:43:12.778+0000] {processor.py:186} INFO - Started process (PID=917) to work on /opt/airflow/dags/dewa19.py
[2024-11-21T05:43:12.780+0000] {processor.py:914} INFO - Processing file /opt/airflow/dags/dewa19.py for tasks to queue
[2024-11-21T05:43:12.785+0000] {logging_mixin.py:190} INFO - [2024-11-21T05:43:12.784+0000] {dagbag.py:588} INFO - Filling up the DagBag from /opt/airflow/dags/dewa19.py
[2024-11-21T05:43:13.474+0000] {processor.py:925} INFO - DAG(s) 'dewa19' retrieved from /opt/airflow/dags/dewa19.py
[2024-11-21T05:43:13.508+0000] {logging_mixin.py:190} INFO - [2024-11-21T05:43:13.508+0000] {dag.py:3239} INFO - Sync 1 DAGs
[2024-11-21T05:43:13.549+0000] {logging_mixin.py:190} INFO - [2024-11-21T05:43:13.548+0000] {dag.py:4180} INFO - Setting next_dagrun for dewa19 to 2024-11-21 05:00:00+00:00, run_after=2024-11-21 10:00:00+00:00
[2024-11-21T05:43:13.589+0000] {processor.py:208} INFO - Processing /opt/airflow/dags/dewa19.py took 0.826 seconds
[2024-11-21T05:43:44.072+0000] {processor.py:186} INFO - Started process (PID=925) to work on /opt/airflow/dags/dewa19.py
[2024-11-21T05:43:44.074+0000] {processor.py:914} INFO - Processing file /opt/airflow/dags/dewa19.py for tasks to queue
[2024-11-21T05:43:44.079+0000] {logging_mixin.py:190} INFO - [2024-11-21T05:43:44.078+0000] {dagbag.py:588} INFO - Filling up the DagBag from /opt/airflow/dags/dewa19.py
[2024-11-21T05:43:44.796+0000] {processor.py:925} INFO - DAG(s) 'dewa19' retrieved from /opt/airflow/dags/dewa19.py
[2024-11-21T05:43:44.832+0000] {logging_mixin.py:190} INFO - [2024-11-21T05:43:44.832+0000] {dag.py:3239} INFO - Sync 1 DAGs
[2024-11-21T05:43:44.874+0000] {logging_mixin.py:190} INFO - [2024-11-21T05:43:44.873+0000] {dag.py:4180} INFO - Setting next_dagrun for dewa19 to 2024-11-21 05:00:00+00:00, run_after=2024-11-21 10:00:00+00:00
[2024-11-21T05:43:44.912+0000] {processor.py:208} INFO - Processing /opt/airflow/dags/dewa19.py took 0.854 seconds
[2024-11-21T05:44:15.443+0000] {processor.py:186} INFO - Started process (PID=933) to work on /opt/airflow/dags/dewa19.py
[2024-11-21T05:44:15.445+0000] {processor.py:914} INFO - Processing file /opt/airflow/dags/dewa19.py for tasks to queue
[2024-11-21T05:44:15.450+0000] {logging_mixin.py:190} INFO - [2024-11-21T05:44:15.449+0000] {dagbag.py:588} INFO - Filling up the DagBag from /opt/airflow/dags/dewa19.py
[2024-11-21T05:44:16.130+0000] {processor.py:925} INFO - DAG(s) 'dewa19' retrieved from /opt/airflow/dags/dewa19.py
[2024-11-21T05:44:16.167+0000] {logging_mixin.py:190} INFO - [2024-11-21T05:44:16.167+0000] {dag.py:3239} INFO - Sync 1 DAGs
[2024-11-21T05:44:16.208+0000] {logging_mixin.py:190} INFO - [2024-11-21T05:44:16.208+0000] {dag.py:4180} INFO - Setting next_dagrun for dewa19 to 2024-11-21 05:00:00+00:00, run_after=2024-11-21 10:00:00+00:00
[2024-11-21T05:44:16.251+0000] {processor.py:208} INFO - Processing /opt/airflow/dags/dewa19.py took 0.821 seconds
[2024-11-21T05:44:46.529+0000] {processor.py:186} INFO - Started process (PID=941) to work on /opt/airflow/dags/dewa19.py
[2024-11-21T05:44:46.531+0000] {processor.py:914} INFO - Processing file /opt/airflow/dags/dewa19.py for tasks to queue
[2024-11-21T05:44:46.537+0000] {logging_mixin.py:190} INFO - [2024-11-21T05:44:46.536+0000] {dagbag.py:588} INFO - Filling up the DagBag from /opt/airflow/dags/dewa19.py
[2024-11-21T05:44:47.281+0000] {processor.py:925} INFO - DAG(s) 'dewa19' retrieved from /opt/airflow/dags/dewa19.py
[2024-11-21T05:44:47.321+0000] {logging_mixin.py:190} INFO - [2024-11-21T05:44:47.321+0000] {dag.py:3239} INFO - Sync 1 DAGs
[2024-11-21T05:44:47.364+0000] {logging_mixin.py:190} INFO - [2024-11-21T05:44:47.364+0000] {dag.py:4180} INFO - Setting next_dagrun for dewa19 to 2024-11-21 05:00:00+00:00, run_after=2024-11-21 10:00:00+00:00
[2024-11-21T05:44:47.408+0000] {processor.py:208} INFO - Processing /opt/airflow/dags/dewa19.py took 0.891 seconds
[2024-11-21T05:45:17.790+0000] {processor.py:186} INFO - Started process (PID=949) to work on /opt/airflow/dags/dewa19.py
[2024-11-21T05:45:17.793+0000] {processor.py:914} INFO - Processing file /opt/airflow/dags/dewa19.py for tasks to queue
[2024-11-21T05:45:17.801+0000] {logging_mixin.py:190} INFO - [2024-11-21T05:45:17.800+0000] {dagbag.py:588} INFO - Filling up the DagBag from /opt/airflow/dags/dewa19.py
[2024-11-21T05:45:18.509+0000] {processor.py:925} INFO - DAG(s) 'dewa19' retrieved from /opt/airflow/dags/dewa19.py
[2024-11-21T05:45:18.551+0000] {logging_mixin.py:190} INFO - [2024-11-21T05:45:18.550+0000] {dag.py:3239} INFO - Sync 1 DAGs
[2024-11-21T05:45:18.598+0000] {logging_mixin.py:190} INFO - [2024-11-21T05:45:18.597+0000] {dag.py:4180} INFO - Setting next_dagrun for dewa19 to 2024-11-21 05:00:00+00:00, run_after=2024-11-21 10:00:00+00:00
[2024-11-21T05:45:18.643+0000] {processor.py:208} INFO - Processing /opt/airflow/dags/dewa19.py took 0.869 seconds
[2024-11-21T05:45:49.163+0000] {processor.py:186} INFO - Started process (PID=957) to work on /opt/airflow/dags/dewa19.py
[2024-11-21T05:45:49.165+0000] {processor.py:914} INFO - Processing file /opt/airflow/dags/dewa19.py for tasks to queue
[2024-11-21T05:45:49.170+0000] {logging_mixin.py:190} INFO - [2024-11-21T05:45:49.169+0000] {dagbag.py:588} INFO - Filling up the DagBag from /opt/airflow/dags/dewa19.py
[2024-11-21T05:45:49.769+0000] {processor.py:925} INFO - DAG(s) 'dewa19' retrieved from /opt/airflow/dags/dewa19.py
[2024-11-21T05:45:49.804+0000] {logging_mixin.py:190} INFO - [2024-11-21T05:45:49.803+0000] {dag.py:3239} INFO - Sync 1 DAGs
[2024-11-21T05:45:49.843+0000] {logging_mixin.py:190} INFO - [2024-11-21T05:45:49.842+0000] {dag.py:4180} INFO - Setting next_dagrun for dewa19 to 2024-11-21 05:00:00+00:00, run_after=2024-11-21 10:00:00+00:00
[2024-11-21T05:45:49.882+0000] {processor.py:208} INFO - Processing /opt/airflow/dags/dewa19.py took 0.731 seconds
[2024-11-21T05:46:20.528+0000] {processor.py:186} INFO - Started process (PID=965) to work on /opt/airflow/dags/dewa19.py
[2024-11-21T05:46:20.530+0000] {processor.py:914} INFO - Processing file /opt/airflow/dags/dewa19.py for tasks to queue
[2024-11-21T05:46:20.536+0000] {logging_mixin.py:190} INFO - [2024-11-21T05:46:20.535+0000] {dagbag.py:588} INFO - Filling up the DagBag from /opt/airflow/dags/dewa19.py
[2024-11-21T05:46:21.316+0000] {processor.py:925} INFO - DAG(s) 'dewa19' retrieved from /opt/airflow/dags/dewa19.py
[2024-11-21T05:46:21.365+0000] {logging_mixin.py:190} INFO - [2024-11-21T05:46:21.364+0000] {dag.py:3239} INFO - Sync 1 DAGs
[2024-11-21T05:46:21.438+0000] {logging_mixin.py:190} INFO - [2024-11-21T05:46:21.438+0000] {dag.py:4180} INFO - Setting next_dagrun for dewa19 to 2024-11-21 05:00:00+00:00, run_after=2024-11-21 10:00:00+00:00
[2024-11-21T05:46:21.480+0000] {processor.py:208} INFO - Processing /opt/airflow/dags/dewa19.py took 0.964 seconds
[2024-11-21T05:46:52.072+0000] {processor.py:186} INFO - Started process (PID=973) to work on /opt/airflow/dags/dewa19.py
[2024-11-21T05:46:52.074+0000] {processor.py:914} INFO - Processing file /opt/airflow/dags/dewa19.py for tasks to queue
[2024-11-21T05:46:52.079+0000] {logging_mixin.py:190} INFO - [2024-11-21T05:46:52.078+0000] {dagbag.py:588} INFO - Filling up the DagBag from /opt/airflow/dags/dewa19.py
[2024-11-21T05:46:52.771+0000] {processor.py:925} INFO - DAG(s) 'dewa19' retrieved from /opt/airflow/dags/dewa19.py
[2024-11-21T05:46:52.805+0000] {logging_mixin.py:190} INFO - [2024-11-21T05:46:52.805+0000] {dag.py:3239} INFO - Sync 1 DAGs
[2024-11-21T05:46:52.848+0000] {logging_mixin.py:190} INFO - [2024-11-21T05:46:52.847+0000] {dag.py:4180} INFO - Setting next_dagrun for dewa19 to 2024-11-21 05:00:00+00:00, run_after=2024-11-21 10:00:00+00:00
[2024-11-21T05:46:52.887+0000] {processor.py:208} INFO - Processing /opt/airflow/dags/dewa19.py took 0.827 seconds
[2024-11-21T05:47:23.168+0000] {processor.py:186} INFO - Started process (PID=981) to work on /opt/airflow/dags/dewa19.py
[2024-11-21T05:47:23.170+0000] {processor.py:914} INFO - Processing file /opt/airflow/dags/dewa19.py for tasks to queue
[2024-11-21T05:47:23.175+0000] {logging_mixin.py:190} INFO - [2024-11-21T05:47:23.175+0000] {dagbag.py:588} INFO - Filling up the DagBag from /opt/airflow/dags/dewa19.py
[2024-11-21T05:47:23.594+0000] {processor.py:925} INFO - DAG(s) 'dewa19' retrieved from /opt/airflow/dags/dewa19.py
[2024-11-21T05:47:23.638+0000] {logging_mixin.py:190} INFO - [2024-11-21T05:47:23.637+0000] {dag.py:3239} INFO - Sync 1 DAGs
[2024-11-21T05:47:23.685+0000] {logging_mixin.py:190} INFO - [2024-11-21T05:47:23.684+0000] {dag.py:4180} INFO - Setting next_dagrun for dewa19 to 2024-11-21 05:00:00+00:00, run_after=2024-11-21 10:00:00+00:00
[2024-11-21T05:47:23.728+0000] {processor.py:208} INFO - Processing /opt/airflow/dags/dewa19.py took 0.573 seconds
[2024-11-21T05:47:53.960+0000] {processor.py:186} INFO - Started process (PID=989) to work on /opt/airflow/dags/dewa19.py
[2024-11-21T05:47:53.962+0000] {processor.py:914} INFO - Processing file /opt/airflow/dags/dewa19.py for tasks to queue
[2024-11-21T05:47:53.968+0000] {logging_mixin.py:190} INFO - [2024-11-21T05:47:53.967+0000] {dagbag.py:588} INFO - Filling up the DagBag from /opt/airflow/dags/dewa19.py
[2024-11-21T05:47:54.397+0000] {processor.py:925} INFO - DAG(s) 'dewa19' retrieved from /opt/airflow/dags/dewa19.py
[2024-11-21T05:47:54.439+0000] {logging_mixin.py:190} INFO - [2024-11-21T05:47:54.438+0000] {dag.py:3239} INFO - Sync 1 DAGs
[2024-11-21T05:47:54.487+0000] {logging_mixin.py:190} INFO - [2024-11-21T05:47:54.487+0000] {dag.py:4180} INFO - Setting next_dagrun for dewa19 to 2024-11-21 05:00:00+00:00, run_after=2024-11-21 10:00:00+00:00
[2024-11-21T05:47:54.528+0000] {processor.py:208} INFO - Processing /opt/airflow/dags/dewa19.py took 0.584 seconds
[2024-11-21T05:48:25.540+0000] {processor.py:186} INFO - Started process (PID=997) to work on /opt/airflow/dags/dewa19.py
[2024-11-21T05:48:25.541+0000] {processor.py:914} INFO - Processing file /opt/airflow/dags/dewa19.py for tasks to queue
[2024-11-21T05:48:25.546+0000] {logging_mixin.py:190} INFO - [2024-11-21T05:48:25.545+0000] {dagbag.py:588} INFO - Filling up the DagBag from /opt/airflow/dags/dewa19.py
[2024-11-21T05:48:25.956+0000] {processor.py:925} INFO - DAG(s) 'dewa19' retrieved from /opt/airflow/dags/dewa19.py
[2024-11-21T05:48:26.001+0000] {logging_mixin.py:190} INFO - [2024-11-21T05:48:26.000+0000] {dag.py:3239} INFO - Sync 1 DAGs
[2024-11-21T05:48:26.050+0000] {logging_mixin.py:190} INFO - [2024-11-21T05:48:26.050+0000] {dag.py:4180} INFO - Setting next_dagrun for dewa19 to 2024-11-21 05:00:00+00:00, run_after=2024-11-21 10:00:00+00:00
[2024-11-21T05:48:26.101+0000] {processor.py:208} INFO - Processing /opt/airflow/dags/dewa19.py took 0.579 seconds
[2024-11-21T05:48:56.572+0000] {processor.py:186} INFO - Started process (PID=1005) to work on /opt/airflow/dags/dewa19.py
[2024-11-21T05:48:56.576+0000] {processor.py:914} INFO - Processing file /opt/airflow/dags/dewa19.py for tasks to queue
[2024-11-21T05:48:56.584+0000] {logging_mixin.py:190} INFO - [2024-11-21T05:48:56.583+0000] {dagbag.py:588} INFO - Filling up the DagBag from /opt/airflow/dags/dewa19.py
[2024-11-21T05:48:57.222+0000] {processor.py:925} INFO - DAG(s) 'dewa19' retrieved from /opt/airflow/dags/dewa19.py
[2024-11-21T05:48:57.288+0000] {logging_mixin.py:190} INFO - [2024-11-21T05:48:57.288+0000] {dag.py:3239} INFO - Sync 1 DAGs
[2024-11-21T05:48:57.366+0000] {logging_mixin.py:190} INFO - [2024-11-21T05:48:57.365+0000] {dag.py:4180} INFO - Setting next_dagrun for dewa19 to 2024-11-21 05:00:00+00:00, run_after=2024-11-21 10:00:00+00:00
[2024-11-21T05:48:57.435+0000] {processor.py:208} INFO - Processing /opt/airflow/dags/dewa19.py took 0.898 seconds
[2024-11-21T05:49:28.103+0000] {processor.py:186} INFO - Started process (PID=1013) to work on /opt/airflow/dags/dewa19.py
[2024-11-21T05:49:28.105+0000] {processor.py:914} INFO - Processing file /opt/airflow/dags/dewa19.py for tasks to queue
[2024-11-21T05:49:28.111+0000] {logging_mixin.py:190} INFO - [2024-11-21T05:49:28.110+0000] {dagbag.py:588} INFO - Filling up the DagBag from /opt/airflow/dags/dewa19.py
[2024-11-21T05:49:28.609+0000] {processor.py:925} INFO - DAG(s) 'dewa19' retrieved from /opt/airflow/dags/dewa19.py
[2024-11-21T05:49:28.651+0000] {logging_mixin.py:190} INFO - [2024-11-21T05:49:28.650+0000] {dag.py:3239} INFO - Sync 1 DAGs
[2024-11-21T05:49:28.703+0000] {logging_mixin.py:190} INFO - [2024-11-21T05:49:28.703+0000] {dag.py:4180} INFO - Setting next_dagrun for dewa19 to 2024-11-21 05:00:00+00:00, run_after=2024-11-21 10:00:00+00:00
[2024-11-21T05:49:28.746+0000] {processor.py:208} INFO - Processing /opt/airflow/dags/dewa19.py took 0.659 seconds
[2024-11-21T05:49:59.657+0000] {processor.py:186} INFO - Started process (PID=1021) to work on /opt/airflow/dags/dewa19.py
[2024-11-21T05:49:59.659+0000] {processor.py:914} INFO - Processing file /opt/airflow/dags/dewa19.py for tasks to queue
[2024-11-21T05:49:59.663+0000] {logging_mixin.py:190} INFO - [2024-11-21T05:49:59.663+0000] {dagbag.py:588} INFO - Filling up the DagBag from /opt/airflow/dags/dewa19.py
[2024-11-21T05:50:00.113+0000] {processor.py:925} INFO - DAG(s) 'dewa19' retrieved from /opt/airflow/dags/dewa19.py
[2024-11-21T05:50:00.156+0000] {logging_mixin.py:190} INFO - [2024-11-21T05:50:00.155+0000] {dag.py:3239} INFO - Sync 1 DAGs
[2024-11-21T05:50:00.204+0000] {logging_mixin.py:190} INFO - [2024-11-21T05:50:00.203+0000] {dag.py:4180} INFO - Setting next_dagrun for dewa19 to 2024-11-21 05:00:00+00:00, run_after=2024-11-21 10:00:00+00:00
[2024-11-21T05:50:00.244+0000] {processor.py:208} INFO - Processing /opt/airflow/dags/dewa19.py took 0.599 seconds
[2024-11-21T05:50:30.631+0000] {processor.py:186} INFO - Started process (PID=1029) to work on /opt/airflow/dags/dewa19.py
[2024-11-21T05:50:30.633+0000] {processor.py:914} INFO - Processing file /opt/airflow/dags/dewa19.py for tasks to queue
[2024-11-21T05:50:30.637+0000] {logging_mixin.py:190} INFO - [2024-11-21T05:50:30.636+0000] {dagbag.py:588} INFO - Filling up the DagBag from /opt/airflow/dags/dewa19.py
[2024-11-21T05:50:31.044+0000] {processor.py:925} INFO - DAG(s) 'dewa19' retrieved from /opt/airflow/dags/dewa19.py
[2024-11-21T05:50:31.086+0000] {logging_mixin.py:190} INFO - [2024-11-21T05:50:31.086+0000] {dag.py:3239} INFO - Sync 1 DAGs
[2024-11-21T05:50:31.132+0000] {logging_mixin.py:190} INFO - [2024-11-21T05:50:31.131+0000] {dag.py:4180} INFO - Setting next_dagrun for dewa19 to 2024-11-21 05:00:00+00:00, run_after=2024-11-21 10:00:00+00:00
[2024-11-21T05:50:31.178+0000] {processor.py:208} INFO - Processing /opt/airflow/dags/dewa19.py took 0.558 seconds
[2024-11-21T05:51:01.689+0000] {processor.py:186} INFO - Started process (PID=1037) to work on /opt/airflow/dags/dewa19.py
[2024-11-21T05:51:01.691+0000] {processor.py:914} INFO - Processing file /opt/airflow/dags/dewa19.py for tasks to queue
[2024-11-21T05:51:01.695+0000] {logging_mixin.py:190} INFO - [2024-11-21T05:51:01.694+0000] {dagbag.py:588} INFO - Filling up the DagBag from /opt/airflow/dags/dewa19.py
[2024-11-21T05:51:02.127+0000] {processor.py:925} INFO - DAG(s) 'dewa19' retrieved from /opt/airflow/dags/dewa19.py
[2024-11-21T05:51:02.212+0000] {logging_mixin.py:190} INFO - [2024-11-21T05:51:02.211+0000] {dag.py:3239} INFO - Sync 1 DAGs
[2024-11-21T05:51:02.281+0000] {logging_mixin.py:190} INFO - [2024-11-21T05:51:02.280+0000] {dag.py:4180} INFO - Setting next_dagrun for dewa19 to 2024-11-21 05:00:00+00:00, run_after=2024-11-21 10:00:00+00:00
[2024-11-21T05:51:02.337+0000] {processor.py:208} INFO - Processing /opt/airflow/dags/dewa19.py took 0.659 seconds
[2024-11-21T05:51:32.785+0000] {processor.py:186} INFO - Started process (PID=1045) to work on /opt/airflow/dags/dewa19.py
[2024-11-21T05:51:32.788+0000] {processor.py:914} INFO - Processing file /opt/airflow/dags/dewa19.py for tasks to queue
[2024-11-21T05:51:32.793+0000] {logging_mixin.py:190} INFO - [2024-11-21T05:51:32.792+0000] {dagbag.py:588} INFO - Filling up the DagBag from /opt/airflow/dags/dewa19.py
[2024-11-21T05:51:33.205+0000] {processor.py:925} INFO - DAG(s) 'dewa19' retrieved from /opt/airflow/dags/dewa19.py
[2024-11-21T05:51:33.247+0000] {logging_mixin.py:190} INFO - [2024-11-21T05:51:33.247+0000] {dag.py:3239} INFO - Sync 1 DAGs
[2024-11-21T05:51:33.294+0000] {logging_mixin.py:190} INFO - [2024-11-21T05:51:33.294+0000] {dag.py:4180} INFO - Setting next_dagrun for dewa19 to 2024-11-21 05:00:00+00:00, run_after=2024-11-21 10:00:00+00:00
[2024-11-21T05:51:33.334+0000] {processor.py:208} INFO - Processing /opt/airflow/dags/dewa19.py took 0.565 seconds
[2024-11-21T05:52:03.477+0000] {processor.py:186} INFO - Started process (PID=1053) to work on /opt/airflow/dags/dewa19.py
[2024-11-21T05:52:03.479+0000] {processor.py:914} INFO - Processing file /opt/airflow/dags/dewa19.py for tasks to queue
[2024-11-21T05:52:03.484+0000] {logging_mixin.py:190} INFO - [2024-11-21T05:52:03.483+0000] {dagbag.py:588} INFO - Filling up the DagBag from /opt/airflow/dags/dewa19.py
[2024-11-21T05:52:03.886+0000] {processor.py:925} INFO - DAG(s) 'dewa19' retrieved from /opt/airflow/dags/dewa19.py
[2024-11-21T05:52:03.927+0000] {logging_mixin.py:190} INFO - [2024-11-21T05:52:03.926+0000] {dag.py:3239} INFO - Sync 1 DAGs
[2024-11-21T05:52:03.973+0000] {logging_mixin.py:190} INFO - [2024-11-21T05:52:03.973+0000] {dag.py:4180} INFO - Setting next_dagrun for dewa19 to 2024-11-21 05:00:00+00:00, run_after=2024-11-21 10:00:00+00:00
[2024-11-21T05:52:04.016+0000] {processor.py:208} INFO - Processing /opt/airflow/dags/dewa19.py took 0.550 seconds
[2024-11-21T05:52:34.424+0000] {processor.py:186} INFO - Started process (PID=1061) to work on /opt/airflow/dags/dewa19.py
[2024-11-21T05:52:34.426+0000] {processor.py:914} INFO - Processing file /opt/airflow/dags/dewa19.py for tasks to queue
[2024-11-21T05:52:34.434+0000] {logging_mixin.py:190} INFO - [2024-11-21T05:52:34.431+0000] {dagbag.py:588} INFO - Filling up the DagBag from /opt/airflow/dags/dewa19.py
[2024-11-21T05:52:35.107+0000] {processor.py:925} INFO - DAG(s) 'dewa19' retrieved from /opt/airflow/dags/dewa19.py
[2024-11-21T05:52:35.187+0000] {logging_mixin.py:190} INFO - [2024-11-21T05:52:35.186+0000] {dag.py:3239} INFO - Sync 1 DAGs
[2024-11-21T05:52:35.305+0000] {logging_mixin.py:190} INFO - [2024-11-21T05:52:35.304+0000] {dag.py:4180} INFO - Setting next_dagrun for dewa19 to 2024-11-21 05:00:00+00:00, run_after=2024-11-21 10:00:00+00:00
[2024-11-21T05:52:35.383+0000] {processor.py:208} INFO - Processing /opt/airflow/dags/dewa19.py took 0.973 seconds
[2024-11-21T05:53:05.955+0000] {processor.py:186} INFO - Started process (PID=1069) to work on /opt/airflow/dags/dewa19.py
[2024-11-21T05:53:05.957+0000] {processor.py:914} INFO - Processing file /opt/airflow/dags/dewa19.py for tasks to queue
[2024-11-21T05:53:05.963+0000] {logging_mixin.py:190} INFO - [2024-11-21T05:53:05.962+0000] {dagbag.py:588} INFO - Filling up the DagBag from /opt/airflow/dags/dewa19.py
[2024-11-21T05:53:06.372+0000] {processor.py:925} INFO - DAG(s) 'dewa19' retrieved from /opt/airflow/dags/dewa19.py
[2024-11-21T05:53:06.419+0000] {logging_mixin.py:190} INFO - [2024-11-21T05:53:06.418+0000] {dag.py:3239} INFO - Sync 1 DAGs
[2024-11-21T05:53:06.465+0000] {logging_mixin.py:190} INFO - [2024-11-21T05:53:06.465+0000] {dag.py:4180} INFO - Setting next_dagrun for dewa19 to 2024-11-21 05:00:00+00:00, run_after=2024-11-21 10:00:00+00:00
[2024-11-21T05:53:06.510+0000] {processor.py:208} INFO - Processing /opt/airflow/dags/dewa19.py took 0.569 seconds
[2024-11-21T05:53:37.203+0000] {processor.py:186} INFO - Started process (PID=1077) to work on /opt/airflow/dags/dewa19.py
[2024-11-21T05:53:37.205+0000] {processor.py:914} INFO - Processing file /opt/airflow/dags/dewa19.py for tasks to queue
[2024-11-21T05:53:37.210+0000] {logging_mixin.py:190} INFO - [2024-11-21T05:53:37.210+0000] {dagbag.py:588} INFO - Filling up the DagBag from /opt/airflow/dags/dewa19.py
[2024-11-21T05:53:37.603+0000] {processor.py:925} INFO - DAG(s) 'dewa19' retrieved from /opt/airflow/dags/dewa19.py
[2024-11-21T05:53:37.644+0000] {logging_mixin.py:190} INFO - [2024-11-21T05:53:37.643+0000] {dag.py:3239} INFO - Sync 1 DAGs
[2024-11-21T05:53:37.691+0000] {logging_mixin.py:190} INFO - [2024-11-21T05:53:37.690+0000] {dag.py:4180} INFO - Setting next_dagrun for dewa19 to 2024-11-21 05:00:00+00:00, run_after=2024-11-21 10:00:00+00:00
[2024-11-21T05:53:37.731+0000] {processor.py:208} INFO - Processing /opt/airflow/dags/dewa19.py took 0.539 seconds
[2024-11-21T05:54:07.931+0000] {processor.py:186} INFO - Started process (PID=1085) to work on /opt/airflow/dags/dewa19.py
[2024-11-21T05:54:07.933+0000] {processor.py:914} INFO - Processing file /opt/airflow/dags/dewa19.py for tasks to queue
[2024-11-21T05:54:07.939+0000] {logging_mixin.py:190} INFO - [2024-11-21T05:54:07.938+0000] {dagbag.py:588} INFO - Filling up the DagBag from /opt/airflow/dags/dewa19.py
[2024-11-21T05:54:08.340+0000] {processor.py:925} INFO - DAG(s) 'dewa19' retrieved from /opt/airflow/dags/dewa19.py
[2024-11-21T05:54:08.380+0000] {logging_mixin.py:190} INFO - [2024-11-21T05:54:08.379+0000] {dag.py:3239} INFO - Sync 1 DAGs
[2024-11-21T05:54:08.429+0000] {logging_mixin.py:190} INFO - [2024-11-21T05:54:08.429+0000] {dag.py:4180} INFO - Setting next_dagrun for dewa19 to 2024-11-21 05:00:00+00:00, run_after=2024-11-21 10:00:00+00:00
[2024-11-21T05:54:08.497+0000] {processor.py:208} INFO - Processing /opt/airflow/dags/dewa19.py took 0.578 seconds
[2024-11-21T05:54:38.697+0000] {processor.py:186} INFO - Started process (PID=1093) to work on /opt/airflow/dags/dewa19.py
[2024-11-21T05:54:38.699+0000] {processor.py:914} INFO - Processing file /opt/airflow/dags/dewa19.py for tasks to queue
[2024-11-21T05:54:38.704+0000] {logging_mixin.py:190} INFO - [2024-11-21T05:54:38.703+0000] {dagbag.py:588} INFO - Filling up the DagBag from /opt/airflow/dags/dewa19.py
[2024-11-21T05:54:39.232+0000] {processor.py:925} INFO - DAG(s) 'dewa19' retrieved from /opt/airflow/dags/dewa19.py
[2024-11-21T05:54:39.318+0000] {logging_mixin.py:190} INFO - [2024-11-21T05:54:39.317+0000] {dag.py:3239} INFO - Sync 1 DAGs
[2024-11-21T05:54:39.400+0000] {logging_mixin.py:190} INFO - [2024-11-21T05:54:39.399+0000] {dag.py:4180} INFO - Setting next_dagrun for dewa19 to 2024-11-21 05:00:00+00:00, run_after=2024-11-21 10:00:00+00:00
[2024-11-21T05:54:39.482+0000] {processor.py:208} INFO - Processing /opt/airflow/dags/dewa19.py took 0.798 seconds
[2024-11-21T05:55:10.255+0000] {processor.py:186} INFO - Started process (PID=1101) to work on /opt/airflow/dags/dewa19.py
[2024-11-21T05:55:10.257+0000] {processor.py:914} INFO - Processing file /opt/airflow/dags/dewa19.py for tasks to queue
[2024-11-21T05:55:10.262+0000] {logging_mixin.py:190} INFO - [2024-11-21T05:55:10.261+0000] {dagbag.py:588} INFO - Filling up the DagBag from /opt/airflow/dags/dewa19.py
[2024-11-21T05:55:10.735+0000] {processor.py:925} INFO - DAG(s) 'dewa19' retrieved from /opt/airflow/dags/dewa19.py
[2024-11-21T05:55:10.779+0000] {logging_mixin.py:190} INFO - [2024-11-21T05:55:10.779+0000] {dag.py:3239} INFO - Sync 1 DAGs
[2024-11-21T05:55:10.825+0000] {logging_mixin.py:190} INFO - [2024-11-21T05:55:10.825+0000] {dag.py:4180} INFO - Setting next_dagrun for dewa19 to 2024-11-21 05:00:00+00:00, run_after=2024-11-21 10:00:00+00:00
[2024-11-21T05:55:10.870+0000] {processor.py:208} INFO - Processing /opt/airflow/dags/dewa19.py took 0.628 seconds
[2024-11-21T05:55:41.347+0000] {processor.py:186} INFO - Started process (PID=1109) to work on /opt/airflow/dags/dewa19.py
[2024-11-21T05:55:41.349+0000] {processor.py:914} INFO - Processing file /opt/airflow/dags/dewa19.py for tasks to queue
[2024-11-21T05:55:41.354+0000] {logging_mixin.py:190} INFO - [2024-11-21T05:55:41.353+0000] {dagbag.py:588} INFO - Filling up the DagBag from /opt/airflow/dags/dewa19.py
[2024-11-21T05:55:41.868+0000] {processor.py:925} INFO - DAG(s) 'dewa19' retrieved from /opt/airflow/dags/dewa19.py
[2024-11-21T05:55:41.942+0000] {logging_mixin.py:190} INFO - [2024-11-21T05:55:41.941+0000] {dag.py:3239} INFO - Sync 1 DAGs
[2024-11-21T05:55:42.039+0000] {logging_mixin.py:190} INFO - [2024-11-21T05:55:42.039+0000] {dag.py:4180} INFO - Setting next_dagrun for dewa19 to 2024-11-21 05:00:00+00:00, run_after=2024-11-21 10:00:00+00:00
[2024-11-21T05:55:42.112+0000] {processor.py:208} INFO - Processing /opt/airflow/dags/dewa19.py took 0.777 seconds
[2024-11-21T05:56:12.824+0000] {processor.py:186} INFO - Started process (PID=1117) to work on /opt/airflow/dags/dewa19.py
[2024-11-21T05:56:12.827+0000] {processor.py:914} INFO - Processing file /opt/airflow/dags/dewa19.py for tasks to queue
[2024-11-21T05:56:12.833+0000] {logging_mixin.py:190} INFO - [2024-11-21T05:56:12.832+0000] {dagbag.py:588} INFO - Filling up the DagBag from /opt/airflow/dags/dewa19.py
[2024-11-21T05:56:13.396+0000] {processor.py:925} INFO - DAG(s) 'dewa19' retrieved from /opt/airflow/dags/dewa19.py
[2024-11-21T05:56:13.473+0000] {logging_mixin.py:190} INFO - [2024-11-21T05:56:13.473+0000] {dag.py:3239} INFO - Sync 1 DAGs
[2024-11-21T05:56:13.521+0000] {logging_mixin.py:190} INFO - [2024-11-21T05:56:13.520+0000] {dag.py:4180} INFO - Setting next_dagrun for dewa19 to 2024-11-21 05:00:00+00:00, run_after=2024-11-21 10:00:00+00:00
[2024-11-21T05:56:13.576+0000] {processor.py:208} INFO - Processing /opt/airflow/dags/dewa19.py took 0.774 seconds
[2024-11-21T05:56:43.735+0000] {processor.py:186} INFO - Started process (PID=1125) to work on /opt/airflow/dags/dewa19.py
[2024-11-21T05:56:43.737+0000] {processor.py:914} INFO - Processing file /opt/airflow/dags/dewa19.py for tasks to queue
[2024-11-21T05:56:43.742+0000] {logging_mixin.py:190} INFO - [2024-11-21T05:56:43.741+0000] {dagbag.py:588} INFO - Filling up the DagBag from /opt/airflow/dags/dewa19.py
[2024-11-21T05:56:44.176+0000] {processor.py:925} INFO - DAG(s) 'dewa19' retrieved from /opt/airflow/dags/dewa19.py
[2024-11-21T05:56:44.216+0000] {logging_mixin.py:190} INFO - [2024-11-21T05:56:44.216+0000] {dag.py:3239} INFO - Sync 1 DAGs
[2024-11-21T05:56:44.263+0000] {logging_mixin.py:190} INFO - [2024-11-21T05:56:44.263+0000] {dag.py:4180} INFO - Setting next_dagrun for dewa19 to 2024-11-21 05:00:00+00:00, run_after=2024-11-21 10:00:00+00:00
[2024-11-21T05:56:44.316+0000] {processor.py:208} INFO - Processing /opt/airflow/dags/dewa19.py took 0.595 seconds
[2024-11-21T05:57:14.716+0000] {processor.py:186} INFO - Started process (PID=1133) to work on /opt/airflow/dags/dewa19.py
[2024-11-21T05:57:14.717+0000] {processor.py:914} INFO - Processing file /opt/airflow/dags/dewa19.py for tasks to queue
[2024-11-21T05:57:14.723+0000] {logging_mixin.py:190} INFO - [2024-11-21T05:57:14.722+0000] {dagbag.py:588} INFO - Filling up the DagBag from /opt/airflow/dags/dewa19.py
[2024-11-21T05:57:15.152+0000] {processor.py:925} INFO - DAG(s) 'dewa19' retrieved from /opt/airflow/dags/dewa19.py
[2024-11-21T05:57:15.195+0000] {logging_mixin.py:190} INFO - [2024-11-21T05:57:15.194+0000] {dag.py:3239} INFO - Sync 1 DAGs
[2024-11-21T05:57:15.243+0000] {logging_mixin.py:190} INFO - [2024-11-21T05:57:15.242+0000] {dag.py:4180} INFO - Setting next_dagrun for dewa19 to 2024-11-21 05:00:00+00:00, run_after=2024-11-21 10:00:00+00:00
[2024-11-21T05:57:15.288+0000] {processor.py:208} INFO - Processing /opt/airflow/dags/dewa19.py took 0.585 seconds
[2024-11-21T06:00:31.861+0000] {processor.py:186} INFO - Started process (PID=1141) to work on /opt/airflow/dags/dewa19.py
[2024-11-21T06:00:31.864+0000] {processor.py:914} INFO - Processing file /opt/airflow/dags/dewa19.py for tasks to queue
[2024-11-21T06:00:31.887+0000] {logging_mixin.py:190} INFO - [2024-11-21T06:00:31.882+0000] {dagbag.py:588} INFO - Filling up the DagBag from /opt/airflow/dags/dewa19.py
[2024-11-21T06:00:32.874+0000] {processor.py:925} INFO - DAG(s) 'dewa19' retrieved from /opt/airflow/dags/dewa19.py
[2024-11-21T06:00:32.960+0000] {logging_mixin.py:190} INFO - [2024-11-21T06:00:32.959+0000] {dag.py:3239} INFO - Sync 1 DAGs
[2024-11-21T06:00:33.066+0000] {logging_mixin.py:190} INFO - [2024-11-21T06:00:33.066+0000] {dag.py:4180} INFO - Setting next_dagrun for dewa19 to 2024-11-21 05:00:00+00:00, run_after=2024-11-21 10:00:00+00:00
[2024-11-21T06:00:33.122+0000] {processor.py:208} INFO - Processing /opt/airflow/dags/dewa19.py took 1.294 seconds
[2024-11-21T06:01:03.723+0000] {processor.py:186} INFO - Started process (PID=1149) to work on /opt/airflow/dags/dewa19.py
[2024-11-21T06:01:03.725+0000] {processor.py:914} INFO - Processing file /opt/airflow/dags/dewa19.py for tasks to queue
[2024-11-21T06:01:03.731+0000] {logging_mixin.py:190} INFO - [2024-11-21T06:01:03.730+0000] {dagbag.py:588} INFO - Filling up the DagBag from /opt/airflow/dags/dewa19.py
[2024-11-21T06:01:04.186+0000] {processor.py:925} INFO - DAG(s) 'dewa19' retrieved from /opt/airflow/dags/dewa19.py
[2024-11-21T06:01:04.236+0000] {logging_mixin.py:190} INFO - [2024-11-21T06:01:04.235+0000] {dag.py:3239} INFO - Sync 1 DAGs
[2024-11-21T06:01:04.305+0000] {logging_mixin.py:190} INFO - [2024-11-21T06:01:04.304+0000] {dag.py:4180} INFO - Setting next_dagrun for dewa19 to 2024-11-21 05:00:00+00:00, run_after=2024-11-21 10:00:00+00:00
[2024-11-21T06:01:04.357+0000] {processor.py:208} INFO - Processing /opt/airflow/dags/dewa19.py took 0.650 seconds
[2024-11-21T06:01:35.185+0000] {processor.py:186} INFO - Started process (PID=1157) to work on /opt/airflow/dags/dewa19.py
[2024-11-21T06:01:35.187+0000] {processor.py:914} INFO - Processing file /opt/airflow/dags/dewa19.py for tasks to queue
[2024-11-21T06:01:35.194+0000] {logging_mixin.py:190} INFO - [2024-11-21T06:01:35.192+0000] {dagbag.py:588} INFO - Filling up the DagBag from /opt/airflow/dags/dewa19.py
[2024-11-21T06:01:35.740+0000] {processor.py:925} INFO - DAG(s) 'dewa19' retrieved from /opt/airflow/dags/dewa19.py
[2024-11-21T06:01:35.782+0000] {logging_mixin.py:190} INFO - [2024-11-21T06:01:35.781+0000] {dag.py:3239} INFO - Sync 1 DAGs
[2024-11-21T06:01:35.834+0000] {logging_mixin.py:190} INFO - [2024-11-21T06:01:35.834+0000] {dag.py:4180} INFO - Setting next_dagrun for dewa19 to 2024-11-21 05:00:00+00:00, run_after=2024-11-21 10:00:00+00:00
[2024-11-21T06:01:35.878+0000] {processor.py:208} INFO - Processing /opt/airflow/dags/dewa19.py took 0.707 seconds
[2024-11-21T06:02:06.266+0000] {processor.py:186} INFO - Started process (PID=1165) to work on /opt/airflow/dags/dewa19.py
[2024-11-21T06:02:06.268+0000] {processor.py:914} INFO - Processing file /opt/airflow/dags/dewa19.py for tasks to queue
[2024-11-21T06:02:06.272+0000] {logging_mixin.py:190} INFO - [2024-11-21T06:02:06.271+0000] {dagbag.py:588} INFO - Filling up the DagBag from /opt/airflow/dags/dewa19.py
[2024-11-21T06:02:06.757+0000] {processor.py:925} INFO - DAG(s) 'dewa19' retrieved from /opt/airflow/dags/dewa19.py
[2024-11-21T06:02:06.799+0000] {logging_mixin.py:190} INFO - [2024-11-21T06:02:06.798+0000] {dag.py:3239} INFO - Sync 1 DAGs
[2024-11-21T06:02:06.850+0000] {logging_mixin.py:190} INFO - [2024-11-21T06:02:06.849+0000] {dag.py:4180} INFO - Setting next_dagrun for dewa19 to 2024-11-21 05:00:00+00:00, run_after=2024-11-21 10:00:00+00:00
[2024-11-21T06:02:06.892+0000] {processor.py:208} INFO - Processing /opt/airflow/dags/dewa19.py took 0.638 seconds
[2024-11-21T06:02:37.241+0000] {processor.py:186} INFO - Started process (PID=1173) to work on /opt/airflow/dags/dewa19.py
[2024-11-21T06:02:37.243+0000] {processor.py:914} INFO - Processing file /opt/airflow/dags/dewa19.py for tasks to queue
[2024-11-21T06:02:37.248+0000] {logging_mixin.py:190} INFO - [2024-11-21T06:02:37.247+0000] {dagbag.py:588} INFO - Filling up the DagBag from /opt/airflow/dags/dewa19.py
[2024-11-21T06:02:37.758+0000] {processor.py:925} INFO - DAG(s) 'dewa19' retrieved from /opt/airflow/dags/dewa19.py
[2024-11-21T06:02:37.805+0000] {logging_mixin.py:190} INFO - [2024-11-21T06:02:37.804+0000] {dag.py:3239} INFO - Sync 1 DAGs
[2024-11-21T06:02:37.889+0000] {logging_mixin.py:190} INFO - [2024-11-21T06:02:37.888+0000] {dag.py:4180} INFO - Setting next_dagrun for dewa19 to 2024-11-21 05:00:00+00:00, run_after=2024-11-21 10:00:00+00:00
[2024-11-21T06:02:37.955+0000] {processor.py:208} INFO - Processing /opt/airflow/dags/dewa19.py took 0.726 seconds
[2024-11-21T06:03:08.671+0000] {processor.py:186} INFO - Started process (PID=1181) to work on /opt/airflow/dags/dewa19.py
[2024-11-21T06:03:08.674+0000] {processor.py:914} INFO - Processing file /opt/airflow/dags/dewa19.py for tasks to queue
[2024-11-21T06:03:08.680+0000] {logging_mixin.py:190} INFO - [2024-11-21T06:03:08.678+0000] {dagbag.py:588} INFO - Filling up the DagBag from /opt/airflow/dags/dewa19.py
[2024-11-21T06:03:09.352+0000] {processor.py:925} INFO - DAG(s) 'dewa19' retrieved from /opt/airflow/dags/dewa19.py
[2024-11-21T06:03:09.413+0000] {logging_mixin.py:190} INFO - [2024-11-21T06:03:09.413+0000] {dag.py:3239} INFO - Sync 1 DAGs
[2024-11-21T06:03:09.471+0000] {logging_mixin.py:190} INFO - [2024-11-21T06:03:09.470+0000] {dag.py:4180} INFO - Setting next_dagrun for dewa19 to 2024-11-21 05:00:00+00:00, run_after=2024-11-21 10:00:00+00:00
[2024-11-21T06:03:09.522+0000] {processor.py:208} INFO - Processing /opt/airflow/dags/dewa19.py took 0.865 seconds
[2024-11-21T06:03:40.174+0000] {processor.py:186} INFO - Started process (PID=1189) to work on /opt/airflow/dags/dewa19.py
[2024-11-21T06:03:40.176+0000] {processor.py:914} INFO - Processing file /opt/airflow/dags/dewa19.py for tasks to queue
[2024-11-21T06:03:40.182+0000] {logging_mixin.py:190} INFO - [2024-11-21T06:03:40.181+0000] {dagbag.py:588} INFO - Filling up the DagBag from /opt/airflow/dags/dewa19.py
[2024-11-21T06:03:40.768+0000] {processor.py:925} INFO - DAG(s) 'dewa19' retrieved from /opt/airflow/dags/dewa19.py
[2024-11-21T06:03:40.823+0000] {logging_mixin.py:190} INFO - [2024-11-21T06:03:40.822+0000] {dag.py:3239} INFO - Sync 1 DAGs
[2024-11-21T06:03:40.881+0000] {logging_mixin.py:190} INFO - [2024-11-21T06:03:40.881+0000] {dag.py:4180} INFO - Setting next_dagrun for dewa19 to 2024-11-21 00:00:00+00:00, run_after=2024-11-21 05:00:00+00:00
[2024-11-21T06:03:40.926+0000] {processor.py:208} INFO - Processing /opt/airflow/dags/dewa19.py took 0.770 seconds
[2024-11-21T06:04:11.641+0000] {processor.py:186} INFO - Started process (PID=1197) to work on /opt/airflow/dags/dewa19.py
[2024-11-21T06:04:11.642+0000] {processor.py:914} INFO - Processing file /opt/airflow/dags/dewa19.py for tasks to queue
[2024-11-21T06:04:11.647+0000] {logging_mixin.py:190} INFO - [2024-11-21T06:04:11.646+0000] {dagbag.py:588} INFO - Filling up the DagBag from /opt/airflow/dags/dewa19.py
[2024-11-21T06:04:12.242+0000] {processor.py:925} INFO - DAG(s) 'dewa19' retrieved from /opt/airflow/dags/dewa19.py
[2024-11-21T06:04:12.347+0000] {logging_mixin.py:190} INFO - [2024-11-21T06:04:12.346+0000] {dag.py:3239} INFO - Sync 1 DAGs
[2024-11-21T06:04:12.694+0000] {logging_mixin.py:190} INFO - [2024-11-21T06:04:12.693+0000] {dag.py:4180} INFO - Setting next_dagrun for dewa19 to 2024-11-21 00:00:00+00:00, run_after=2024-11-21 05:00:00+00:00
[2024-11-21T06:04:12.736+0000] {processor.py:208} INFO - Processing /opt/airflow/dags/dewa19.py took 1.108 seconds
[2024-11-21T06:04:43.066+0000] {processor.py:186} INFO - Started process (PID=1205) to work on /opt/airflow/dags/dewa19.py
[2024-11-21T06:04:43.068+0000] {processor.py:914} INFO - Processing file /opt/airflow/dags/dewa19.py for tasks to queue
[2024-11-21T06:04:43.073+0000] {logging_mixin.py:190} INFO - [2024-11-21T06:04:43.072+0000] {dagbag.py:588} INFO - Filling up the DagBag from /opt/airflow/dags/dewa19.py
[2024-11-21T06:04:43.507+0000] {processor.py:925} INFO - DAG(s) 'dewa19' retrieved from /opt/airflow/dags/dewa19.py
[2024-11-21T06:04:43.560+0000] {logging_mixin.py:190} INFO - [2024-11-21T06:04:43.559+0000] {dag.py:3239} INFO - Sync 1 DAGs
[2024-11-21T06:04:43.604+0000] {logging_mixin.py:190} INFO - [2024-11-21T06:04:43.604+0000] {dag.py:4180} INFO - Setting next_dagrun for dewa19 to 2024-11-21 00:00:00+00:00, run_after=2024-11-21 05:00:00+00:00
[2024-11-21T06:04:43.837+0000] {processor.py:208} INFO - Processing /opt/airflow/dags/dewa19.py took 0.783 seconds
[2024-11-21T06:05:14.440+0000] {processor.py:186} INFO - Started process (PID=1213) to work on /opt/airflow/dags/dewa19.py
[2024-11-21T06:05:14.442+0000] {processor.py:914} INFO - Processing file /opt/airflow/dags/dewa19.py for tasks to queue
[2024-11-21T06:05:14.447+0000] {logging_mixin.py:190} INFO - [2024-11-21T06:05:14.446+0000] {dagbag.py:588} INFO - Filling up the DagBag from /opt/airflow/dags/dewa19.py
[2024-11-21T06:05:15.115+0000] {processor.py:925} INFO - DAG(s) 'dewa19' retrieved from /opt/airflow/dags/dewa19.py
[2024-11-21T06:05:15.153+0000] {logging_mixin.py:190} INFO - [2024-11-21T06:05:15.152+0000] {dag.py:3239} INFO - Sync 1 DAGs
[2024-11-21T06:05:15.194+0000] {logging_mixin.py:190} INFO - [2024-11-21T06:05:15.194+0000] {dag.py:4180} INFO - Setting next_dagrun for dewa19 to 2024-11-21 00:00:00+00:00, run_after=2024-11-21 05:00:00+00:00
[2024-11-21T06:05:15.237+0000] {processor.py:208} INFO - Processing /opt/airflow/dags/dewa19.py took 0.809 seconds
[2024-11-21T06:05:45.486+0000] {processor.py:186} INFO - Started process (PID=1221) to work on /opt/airflow/dags/dewa19.py
[2024-11-21T06:05:45.488+0000] {processor.py:914} INFO - Processing file /opt/airflow/dags/dewa19.py for tasks to queue
[2024-11-21T06:05:45.494+0000] {logging_mixin.py:190} INFO - [2024-11-21T06:05:45.493+0000] {dagbag.py:588} INFO - Filling up the DagBag from /opt/airflow/dags/dewa19.py
[2024-11-21T06:05:46.422+0000] {processor.py:925} INFO - DAG(s) 'dewa19' retrieved from /opt/airflow/dags/dewa19.py
[2024-11-21T06:05:46.466+0000] {logging_mixin.py:190} INFO - [2024-11-21T06:05:46.465+0000] {dag.py:3239} INFO - Sync 1 DAGs
[2024-11-21T06:05:46.515+0000] {logging_mixin.py:190} INFO - [2024-11-21T06:05:46.514+0000] {dag.py:4180} INFO - Setting next_dagrun for dewa19 to 2024-11-21 00:00:00+00:00, run_after=2024-11-21 05:00:00+00:00
[2024-11-21T06:05:46.558+0000] {processor.py:208} INFO - Processing /opt/airflow/dags/dewa19.py took 1.090 seconds
[2024-11-21T06:06:17.401+0000] {processor.py:186} INFO - Started process (PID=1229) to work on /opt/airflow/dags/dewa19.py
[2024-11-21T06:06:17.403+0000] {processor.py:914} INFO - Processing file /opt/airflow/dags/dewa19.py for tasks to queue
[2024-11-21T06:06:17.408+0000] {logging_mixin.py:190} INFO - [2024-11-21T06:06:17.407+0000] {dagbag.py:588} INFO - Filling up the DagBag from /opt/airflow/dags/dewa19.py
[2024-11-21T06:06:18.020+0000] {processor.py:925} INFO - DAG(s) 'dewa19' retrieved from /opt/airflow/dags/dewa19.py
[2024-11-21T06:06:18.058+0000] {logging_mixin.py:190} INFO - [2024-11-21T06:06:18.057+0000] {dag.py:3239} INFO - Sync 1 DAGs
[2024-11-21T06:06:18.101+0000] {logging_mixin.py:190} INFO - [2024-11-21T06:06:18.101+0000] {dag.py:4180} INFO - Setting next_dagrun for dewa19 to 2024-11-21 00:00:00+00:00, run_after=2024-11-21 05:00:00+00:00
[2024-11-21T06:06:18.141+0000] {processor.py:208} INFO - Processing /opt/airflow/dags/dewa19.py took 0.753 seconds
[2024-11-21T06:06:48.734+0000] {processor.py:186} INFO - Started process (PID=1237) to work on /opt/airflow/dags/dewa19.py
[2024-11-21T06:06:48.736+0000] {processor.py:914} INFO - Processing file /opt/airflow/dags/dewa19.py for tasks to queue
[2024-11-21T06:06:48.741+0000] {logging_mixin.py:190} INFO - [2024-11-21T06:06:48.740+0000] {dagbag.py:588} INFO - Filling up the DagBag from /opt/airflow/dags/dewa19.py
[2024-11-21T06:06:49.368+0000] {processor.py:925} INFO - DAG(s) 'dewa19' retrieved from /opt/airflow/dags/dewa19.py
[2024-11-21T06:06:49.415+0000] {logging_mixin.py:190} INFO - [2024-11-21T06:06:49.414+0000] {dag.py:3239} INFO - Sync 1 DAGs
[2024-11-21T06:06:49.455+0000] {logging_mixin.py:190} INFO - [2024-11-21T06:06:49.455+0000] {dag.py:4180} INFO - Setting next_dagrun for dewa19 to 2024-11-21 00:00:00+00:00, run_after=2024-11-21 05:00:00+00:00
[2024-11-21T06:06:49.496+0000] {processor.py:208} INFO - Processing /opt/airflow/dags/dewa19.py took 0.773 seconds
[2024-11-21T06:07:20.061+0000] {processor.py:186} INFO - Started process (PID=1245) to work on /opt/airflow/dags/dewa19.py
[2024-11-21T06:07:20.063+0000] {processor.py:914} INFO - Processing file /opt/airflow/dags/dewa19.py for tasks to queue
[2024-11-21T06:07:20.067+0000] {logging_mixin.py:190} INFO - [2024-11-21T06:07:20.067+0000] {dagbag.py:588} INFO - Filling up the DagBag from /opt/airflow/dags/dewa19.py
[2024-11-21T06:07:20.760+0000] {processor.py:925} INFO - DAG(s) 'dewa19' retrieved from /opt/airflow/dags/dewa19.py
[2024-11-21T06:07:20.806+0000] {logging_mixin.py:190} INFO - [2024-11-21T06:07:20.806+0000] {dag.py:3239} INFO - Sync 1 DAGs
[2024-11-21T06:07:20.862+0000] {logging_mixin.py:190} INFO - [2024-11-21T06:07:20.861+0000] {dag.py:4180} INFO - Setting next_dagrun for dewa19 to 2024-11-21 00:00:00+00:00, run_after=2024-11-21 05:00:00+00:00
[2024-11-21T06:07:20.913+0000] {processor.py:208} INFO - Processing /opt/airflow/dags/dewa19.py took 0.863 seconds
[2024-11-21T06:07:51.405+0000] {processor.py:186} INFO - Started process (PID=1253) to work on /opt/airflow/dags/dewa19.py
[2024-11-21T06:07:51.408+0000] {processor.py:914} INFO - Processing file /opt/airflow/dags/dewa19.py for tasks to queue
[2024-11-21T06:07:51.415+0000] {logging_mixin.py:190} INFO - [2024-11-21T06:07:51.414+0000] {dagbag.py:588} INFO - Filling up the DagBag from /opt/airflow/dags/dewa19.py
[2024-11-21T06:07:52.159+0000] {processor.py:925} INFO - DAG(s) 'dewa19' retrieved from /opt/airflow/dags/dewa19.py
[2024-11-21T06:07:52.203+0000] {logging_mixin.py:190} INFO - [2024-11-21T06:07:52.202+0000] {dag.py:3239} INFO - Sync 1 DAGs
[2024-11-21T06:07:52.247+0000] {logging_mixin.py:190} INFO - [2024-11-21T06:07:52.246+0000] {dag.py:4180} INFO - Setting next_dagrun for dewa19 to 2024-11-21 00:00:00+00:00, run_after=2024-11-21 05:00:00+00:00
[2024-11-21T06:07:52.294+0000] {processor.py:208} INFO - Processing /opt/airflow/dags/dewa19.py took 0.903 seconds
[2024-11-21T06:08:22.478+0000] {processor.py:186} INFO - Started process (PID=1261) to work on /opt/airflow/dags/dewa19.py
[2024-11-21T06:08:22.480+0000] {processor.py:914} INFO - Processing file /opt/airflow/dags/dewa19.py for tasks to queue
[2024-11-21T06:08:22.486+0000] {logging_mixin.py:190} INFO - [2024-11-21T06:08:22.485+0000] {dagbag.py:588} INFO - Filling up the DagBag from /opt/airflow/dags/dewa19.py
[2024-11-21T06:08:23.167+0000] {processor.py:925} INFO - DAG(s) 'dewa19' retrieved from /opt/airflow/dags/dewa19.py
[2024-11-21T06:08:23.202+0000] {logging_mixin.py:190} INFO - [2024-11-21T06:08:23.202+0000] {dag.py:3239} INFO - Sync 1 DAGs
[2024-11-21T06:08:23.241+0000] {logging_mixin.py:190} INFO - [2024-11-21T06:08:23.241+0000] {dag.py:4180} INFO - Setting next_dagrun for dewa19 to 2024-11-21 00:00:00+00:00, run_after=2024-11-21 05:00:00+00:00
[2024-11-21T06:08:23.280+0000] {processor.py:208} INFO - Processing /opt/airflow/dags/dewa19.py took 0.816 seconds
[2024-11-21T06:08:53.435+0000] {processor.py:186} INFO - Started process (PID=1269) to work on /opt/airflow/dags/dewa19.py
[2024-11-21T06:08:53.437+0000] {processor.py:914} INFO - Processing file /opt/airflow/dags/dewa19.py for tasks to queue
[2024-11-21T06:08:53.443+0000] {logging_mixin.py:190} INFO - [2024-11-21T06:08:53.442+0000] {dagbag.py:588} INFO - Filling up the DagBag from /opt/airflow/dags/dewa19.py
[2024-11-21T06:08:54.296+0000] {processor.py:925} INFO - DAG(s) 'dewa19' retrieved from /opt/airflow/dags/dewa19.py
[2024-11-21T06:08:54.354+0000] {logging_mixin.py:190} INFO - [2024-11-21T06:08:54.354+0000] {dag.py:3239} INFO - Sync 1 DAGs
[2024-11-21T06:08:54.415+0000] {logging_mixin.py:190} INFO - [2024-11-21T06:08:54.415+0000] {dag.py:4180} INFO - Setting next_dagrun for dewa19 to 2024-11-21 00:00:00+00:00, run_after=2024-11-21 05:00:00+00:00
[2024-11-21T06:08:54.468+0000] {processor.py:208} INFO - Processing /opt/airflow/dags/dewa19.py took 1.045 seconds
[2024-11-21T06:09:25.642+0000] {processor.py:186} INFO - Started process (PID=1277) to work on /opt/airflow/dags/dewa19.py
[2024-11-21T06:09:25.644+0000] {processor.py:914} INFO - Processing file /opt/airflow/dags/dewa19.py for tasks to queue
[2024-11-21T06:09:25.652+0000] {logging_mixin.py:190} INFO - [2024-11-21T06:09:25.651+0000] {dagbag.py:588} INFO - Filling up the DagBag from /opt/airflow/dags/dewa19.py
[2024-11-21T06:09:26.543+0000] {processor.py:925} INFO - DAG(s) 'dewa19' retrieved from /opt/airflow/dags/dewa19.py
[2024-11-21T06:09:26.820+0000] {logging_mixin.py:190} INFO - [2024-11-21T06:09:26.820+0000] {dag.py:3239} INFO - Sync 1 DAGs
[2024-11-21T06:09:26.848+0000] {logging_mixin.py:190} INFO - [2024-11-21T06:09:26.847+0000] {dag.py:3262} INFO - Creating ORM DAG for dewa19
[2024-11-21T06:09:26.871+0000] {logging_mixin.py:190} INFO - [2024-11-21T06:09:26.870+0000] {dag.py:4180} INFO - Setting next_dagrun for dewa19 to 2024-11-21 00:00:00+00:00, run_after=2024-11-21 05:00:00+00:00
[2024-11-21T06:09:26.924+0000] {processor.py:208} INFO - Processing /opt/airflow/dags/dewa19.py took 1.296 seconds
[2024-11-21T06:09:57.076+0000] {processor.py:186} INFO - Started process (PID=1286) to work on /opt/airflow/dags/dewa19.py
[2024-11-21T06:09:57.078+0000] {processor.py:914} INFO - Processing file /opt/airflow/dags/dewa19.py for tasks to queue
[2024-11-21T06:09:57.088+0000] {logging_mixin.py:190} INFO - [2024-11-21T06:09:57.086+0000] {dagbag.py:588} INFO - Filling up the DagBag from /opt/airflow/dags/dewa19.py
[2024-11-21T06:09:57.739+0000] {processor.py:925} INFO - DAG(s) 'dewa19' retrieved from /opt/airflow/dags/dewa19.py
[2024-11-21T06:09:57.775+0000] {logging_mixin.py:190} INFO - [2024-11-21T06:09:57.774+0000] {dag.py:3239} INFO - Sync 1 DAGs
[2024-11-21T06:09:57.814+0000] {logging_mixin.py:190} INFO - [2024-11-21T06:09:57.814+0000] {dag.py:4180} INFO - Setting next_dagrun for dewa19 to 2024-11-21 00:00:00+00:00, run_after=2024-11-21 05:00:00+00:00
[2024-11-21T06:09:57.853+0000] {processor.py:208} INFO - Processing /opt/airflow/dags/dewa19.py took 0.789 seconds
[2024-11-21T06:10:28.013+0000] {processor.py:186} INFO - Started process (PID=1293) to work on /opt/airflow/dags/dewa19.py
[2024-11-21T06:10:28.015+0000] {processor.py:914} INFO - Processing file /opt/airflow/dags/dewa19.py for tasks to queue
[2024-11-21T06:10:28.021+0000] {logging_mixin.py:190} INFO - [2024-11-21T06:10:28.020+0000] {dagbag.py:588} INFO - Filling up the DagBag from /opt/airflow/dags/dewa19.py
[2024-11-21T06:10:28.730+0000] {processor.py:925} INFO - DAG(s) 'dewa19' retrieved from /opt/airflow/dags/dewa19.py
[2024-11-21T06:10:28.771+0000] {logging_mixin.py:190} INFO - [2024-11-21T06:10:28.770+0000] {dag.py:3239} INFO - Sync 1 DAGs
[2024-11-21T06:10:28.839+0000] {logging_mixin.py:190} INFO - [2024-11-21T06:10:28.838+0000] {dag.py:4180} INFO - Setting next_dagrun for dewa19 to 2024-11-21 00:00:00+00:00, run_after=2024-11-21 05:00:00+00:00
[2024-11-21T06:10:28.881+0000] {processor.py:208} INFO - Processing /opt/airflow/dags/dewa19.py took 0.886 seconds
[2024-11-21T06:11:00.170+0000] {processor.py:186} INFO - Started process (PID=1301) to work on /opt/airflow/dags/dewa19.py
[2024-11-21T06:11:00.172+0000] {processor.py:914} INFO - Processing file /opt/airflow/dags/dewa19.py for tasks to queue
[2024-11-21T06:11:00.177+0000] {logging_mixin.py:190} INFO - [2024-11-21T06:11:00.176+0000] {dagbag.py:588} INFO - Filling up the DagBag from /opt/airflow/dags/dewa19.py
[2024-11-21T06:11:00.835+0000] {processor.py:925} INFO - DAG(s) 'dewa19' retrieved from /opt/airflow/dags/dewa19.py
[2024-11-21T06:11:00.887+0000] {logging_mixin.py:190} INFO - [2024-11-21T06:11:00.886+0000] {dag.py:3239} INFO - Sync 1 DAGs
[2024-11-21T06:11:00.944+0000] {logging_mixin.py:190} INFO - [2024-11-21T06:11:00.943+0000] {dag.py:4180} INFO - Setting next_dagrun for dewa19 to 2024-11-21 00:00:00+00:00, run_after=2024-11-21 05:00:00+00:00
[2024-11-21T06:11:01.004+0000] {processor.py:208} INFO - Processing /opt/airflow/dags/dewa19.py took 0.847 seconds
[2024-11-21T06:11:31.685+0000] {processor.py:186} INFO - Started process (PID=1309) to work on /opt/airflow/dags/dewa19.py
[2024-11-21T06:11:31.686+0000] {processor.py:914} INFO - Processing file /opt/airflow/dags/dewa19.py for tasks to queue
[2024-11-21T06:11:31.692+0000] {logging_mixin.py:190} INFO - [2024-11-21T06:11:31.691+0000] {dagbag.py:588} INFO - Filling up the DagBag from /opt/airflow/dags/dewa19.py
[2024-11-21T06:11:32.153+0000] {processor.py:925} INFO - DAG(s) 'dewa19' retrieved from /opt/airflow/dags/dewa19.py
[2024-11-21T06:11:32.201+0000] {logging_mixin.py:190} INFO - [2024-11-21T06:11:32.200+0000] {dag.py:3239} INFO - Sync 1 DAGs
[2024-11-21T06:11:32.267+0000] {logging_mixin.py:190} INFO - [2024-11-21T06:11:32.266+0000] {dag.py:4180} INFO - Setting next_dagrun for dewa19 to 2024-11-21 00:00:00+00:00, run_after=2024-11-21 05:00:00+00:00
[2024-11-21T06:11:32.314+0000] {processor.py:208} INFO - Processing /opt/airflow/dags/dewa19.py took 0.641 seconds
[2024-11-21T06:12:02.620+0000] {processor.py:186} INFO - Started process (PID=1317) to work on /opt/airflow/dags/dewa19.py
[2024-11-21T06:12:02.622+0000] {processor.py:914} INFO - Processing file /opt/airflow/dags/dewa19.py for tasks to queue
[2024-11-21T06:12:02.628+0000] {logging_mixin.py:190} INFO - [2024-11-21T06:12:02.627+0000] {dagbag.py:588} INFO - Filling up the DagBag from /opt/airflow/dags/dewa19.py
[2024-11-21T06:12:03.156+0000] {processor.py:925} INFO - DAG(s) 'dewa19' retrieved from /opt/airflow/dags/dewa19.py
[2024-11-21T06:12:03.208+0000] {logging_mixin.py:190} INFO - [2024-11-21T06:12:03.208+0000] {dag.py:3239} INFO - Sync 1 DAGs
[2024-11-21T06:12:03.262+0000] {logging_mixin.py:190} INFO - [2024-11-21T06:12:03.261+0000] {dag.py:4180} INFO - Setting next_dagrun for dewa19 to 2024-11-21 00:00:00+00:00, run_after=2024-11-21 05:00:00+00:00
[2024-11-21T06:12:03.304+0000] {processor.py:208} INFO - Processing /opt/airflow/dags/dewa19.py took 0.698 seconds
[2024-11-21T06:12:33.545+0000] {processor.py:186} INFO - Started process (PID=1325) to work on /opt/airflow/dags/dewa19.py
[2024-11-21T06:12:33.548+0000] {processor.py:914} INFO - Processing file /opt/airflow/dags/dewa19.py for tasks to queue
[2024-11-21T06:12:33.554+0000] {logging_mixin.py:190} INFO - [2024-11-21T06:12:33.553+0000] {dagbag.py:588} INFO - Filling up the DagBag from /opt/airflow/dags/dewa19.py
[2024-11-21T06:12:34.067+0000] {processor.py:925} INFO - DAG(s) 'dewa19' retrieved from /opt/airflow/dags/dewa19.py
[2024-11-21T06:12:34.118+0000] {logging_mixin.py:190} INFO - [2024-11-21T06:12:34.117+0000] {dag.py:3239} INFO - Sync 1 DAGs
[2024-11-21T06:12:34.163+0000] {logging_mixin.py:190} INFO - [2024-11-21T06:12:34.163+0000] {dag.py:4180} INFO - Setting next_dagrun for dewa19 to 2024-11-21 00:00:00+00:00, run_after=2024-11-21 05:00:00+00:00
[2024-11-21T06:12:34.203+0000] {processor.py:208} INFO - Processing /opt/airflow/dags/dewa19.py took 0.670 seconds
[2024-11-21T06:13:04.457+0000] {processor.py:186} INFO - Started process (PID=1333) to work on /opt/airflow/dags/dewa19.py
[2024-11-21T06:13:04.459+0000] {processor.py:914} INFO - Processing file /opt/airflow/dags/dewa19.py for tasks to queue
[2024-11-21T06:13:04.464+0000] {logging_mixin.py:190} INFO - [2024-11-21T06:13:04.463+0000] {dagbag.py:588} INFO - Filling up the DagBag from /opt/airflow/dags/dewa19.py
[2024-11-21T06:13:04.904+0000] {processor.py:925} INFO - DAG(s) 'dewa19' retrieved from /opt/airflow/dags/dewa19.py
[2024-11-21T06:13:04.951+0000] {logging_mixin.py:190} INFO - [2024-11-21T06:13:04.950+0000] {dag.py:3239} INFO - Sync 1 DAGs
[2024-11-21T06:13:05.014+0000] {logging_mixin.py:190} INFO - [2024-11-21T06:13:05.014+0000] {dag.py:4180} INFO - Setting next_dagrun for dewa19 to 2024-11-21 00:00:00+00:00, run_after=2024-11-21 05:00:00+00:00
[2024-11-21T06:13:05.077+0000] {processor.py:208} INFO - Processing /opt/airflow/dags/dewa19.py took 0.634 seconds
[2024-11-21T06:13:35.464+0000] {processor.py:186} INFO - Started process (PID=1341) to work on /opt/airflow/dags/dewa19.py
[2024-11-21T06:13:35.467+0000] {processor.py:914} INFO - Processing file /opt/airflow/dags/dewa19.py for tasks to queue
[2024-11-21T06:13:35.474+0000] {logging_mixin.py:190} INFO - [2024-11-21T06:13:35.472+0000] {dagbag.py:588} INFO - Filling up the DagBag from /opt/airflow/dags/dewa19.py
[2024-11-21T06:13:35.980+0000] {processor.py:925} INFO - DAG(s) 'dewa19' retrieved from /opt/airflow/dags/dewa19.py
[2024-11-21T06:13:36.119+0000] {logging_mixin.py:190} INFO - [2024-11-21T06:13:36.119+0000] {dag.py:3239} INFO - Sync 1 DAGs
[2024-11-21T06:13:36.185+0000] {logging_mixin.py:190} INFO - [2024-11-21T06:13:36.184+0000] {dag.py:4180} INFO - Setting next_dagrun for dewa19 to 2024-11-21 00:00:00+00:00, run_after=2024-11-21 05:00:00+00:00
[2024-11-21T06:13:36.242+0000] {processor.py:208} INFO - Processing /opt/airflow/dags/dewa19.py took 0.797 seconds
