[2024-11-21T05:23:13.755+0000] {processor.py:186} INFO - Started process (PID=58) to work on /opt/airflow/dags/juicy_luicy.py
[2024-11-21T05:23:13.757+0000] {processor.py:914} INFO - Processing file /opt/airflow/dags/juicy_luicy.py for tasks to queue
[2024-11-21T05:23:13.761+0000] {logging_mixin.py:190} INFO - [2024-11-21T05:23:13.761+0000] {dagbag.py:588} INFO - Filling up the DagBag from /opt/airflow/dags/juicy_luicy.py
[2024-11-21T05:23:14.552+0000] {processor.py:925} INFO - DAG(s) 'juicy_luicy' retrieved from /opt/airflow/dags/juicy_luicy.py
[2024-11-21T05:23:14.821+0000] {logging_mixin.py:190} INFO - [2024-11-21T05:23:14.820+0000] {dag.py:3239} INFO - Sync 1 DAGs
[2024-11-21T05:23:14.869+0000] {logging_mixin.py:190} INFO - [2024-11-21T05:23:14.868+0000] {dag.py:4180} INFO - Setting next_dagrun for juicy_luicy to 2024-11-21 00:00:00+00:00, run_after=2024-11-21 05:00:00+00:00
[2024-11-21T05:23:14.931+0000] {processor.py:208} INFO - Processing /opt/airflow/dags/juicy_luicy.py took 1.188 seconds
[2024-11-21T05:23:46.380+0000] {processor.py:186} INFO - Started process (PID=108) to work on /opt/airflow/dags/juicy_luicy.py
[2024-11-21T05:23:46.382+0000] {processor.py:914} INFO - Processing file /opt/airflow/dags/juicy_luicy.py for tasks to queue
[2024-11-21T05:23:46.390+0000] {logging_mixin.py:190} INFO - [2024-11-21T05:23:46.389+0000] {dagbag.py:588} INFO - Filling up the DagBag from /opt/airflow/dags/juicy_luicy.py
[2024-11-21T05:23:47.090+0000] {processor.py:925} INFO - DAG(s) 'juicy_luicy' retrieved from /opt/airflow/dags/juicy_luicy.py
[2024-11-21T05:23:47.132+0000] {logging_mixin.py:190} INFO - [2024-11-21T05:23:47.132+0000] {dag.py:3239} INFO - Sync 1 DAGs
[2024-11-21T05:23:47.178+0000] {logging_mixin.py:190} INFO - [2024-11-21T05:23:47.177+0000] {dag.py:4180} INFO - Setting next_dagrun for juicy_luicy to 2024-11-21 00:00:00+00:00, run_after=2024-11-21 05:00:00+00:00
[2024-11-21T05:23:47.222+0000] {processor.py:208} INFO - Processing /opt/airflow/dags/juicy_luicy.py took 0.858 seconds
[2024-11-21T05:24:18.409+0000] {processor.py:186} INFO - Started process (PID=148) to work on /opt/airflow/dags/juicy_luicy.py
[2024-11-21T05:24:18.411+0000] {processor.py:914} INFO - Processing file /opt/airflow/dags/juicy_luicy.py for tasks to queue
[2024-11-21T05:24:18.415+0000] {logging_mixin.py:190} INFO - [2024-11-21T05:24:18.415+0000] {dagbag.py:588} INFO - Filling up the DagBag from /opt/airflow/dags/juicy_luicy.py
[2024-11-21T05:24:19.220+0000] {processor.py:925} INFO - DAG(s) 'juicy_luicy' retrieved from /opt/airflow/dags/juicy_luicy.py
[2024-11-21T05:24:19.259+0000] {logging_mixin.py:190} INFO - [2024-11-21T05:24:19.258+0000] {dag.py:3239} INFO - Sync 1 DAGs
[2024-11-21T05:24:19.312+0000] {logging_mixin.py:190} INFO - [2024-11-21T05:24:19.312+0000] {dag.py:4180} INFO - Setting next_dagrun for juicy_luicy to 2024-11-21 00:00:00+00:00, run_after=2024-11-21 05:00:00+00:00
[2024-11-21T05:24:19.353+0000] {processor.py:208} INFO - Processing /opt/airflow/dags/juicy_luicy.py took 0.956 seconds
[2024-11-21T05:24:51.283+0000] {processor.py:186} INFO - Started process (PID=189) to work on /opt/airflow/dags/juicy_luicy.py
[2024-11-21T05:24:51.287+0000] {processor.py:914} INFO - Processing file /opt/airflow/dags/juicy_luicy.py for tasks to queue
[2024-11-21T05:24:51.295+0000] {logging_mixin.py:190} INFO - [2024-11-21T05:24:51.294+0000] {dagbag.py:588} INFO - Filling up the DagBag from /opt/airflow/dags/juicy_luicy.py
[2024-11-21T05:24:52.523+0000] {processor.py:925} INFO - DAG(s) 'juicy_luicy' retrieved from /opt/airflow/dags/juicy_luicy.py
[2024-11-21T05:24:52.637+0000] {logging_mixin.py:190} INFO - [2024-11-21T05:24:52.637+0000] {dag.py:3239} INFO - Sync 1 DAGs
[2024-11-21T05:24:52.741+0000] {logging_mixin.py:190} INFO - [2024-11-21T05:24:52.740+0000] {dag.py:4180} INFO - Setting next_dagrun for juicy_luicy to 2024-11-21 00:00:00+00:00, run_after=2024-11-21 05:00:00+00:00
[2024-11-21T05:24:52.823+0000] {processor.py:208} INFO - Processing /opt/airflow/dags/juicy_luicy.py took 1.566 seconds
[2024-11-21T05:25:23.370+0000] {processor.py:186} INFO - Started process (PID=228) to work on /opt/airflow/dags/juicy_luicy.py
[2024-11-21T05:25:23.372+0000] {processor.py:914} INFO - Processing file /opt/airflow/dags/juicy_luicy.py for tasks to queue
[2024-11-21T05:25:23.376+0000] {logging_mixin.py:190} INFO - [2024-11-21T05:25:23.375+0000] {dagbag.py:588} INFO - Filling up the DagBag from /opt/airflow/dags/juicy_luicy.py
[2024-11-21T05:25:23.810+0000] {processor.py:925} INFO - DAG(s) 'juicy_luicy' retrieved from /opt/airflow/dags/juicy_luicy.py
[2024-11-21T05:25:23.860+0000] {logging_mixin.py:190} INFO - [2024-11-21T05:25:23.860+0000] {dag.py:3239} INFO - Sync 1 DAGs
[2024-11-21T05:25:23.912+0000] {logging_mixin.py:190} INFO - [2024-11-21T05:25:23.912+0000] {dag.py:4180} INFO - Setting next_dagrun for juicy_luicy to 2024-11-21 00:00:00+00:00, run_after=2024-11-21 05:00:00+00:00
[2024-11-21T05:25:23.958+0000] {processor.py:208} INFO - Processing /opt/airflow/dags/juicy_luicy.py took 0.601 seconds
[2024-11-21T05:25:54.415+0000] {processor.py:186} INFO - Started process (PID=268) to work on /opt/airflow/dags/juicy_luicy.py
[2024-11-21T05:25:54.417+0000] {processor.py:914} INFO - Processing file /opt/airflow/dags/juicy_luicy.py for tasks to queue
[2024-11-21T05:25:54.421+0000] {logging_mixin.py:190} INFO - [2024-11-21T05:25:54.420+0000] {dagbag.py:588} INFO - Filling up the DagBag from /opt/airflow/dags/juicy_luicy.py
[2024-11-21T05:25:54.854+0000] {processor.py:925} INFO - DAG(s) 'juicy_luicy' retrieved from /opt/airflow/dags/juicy_luicy.py
[2024-11-21T05:25:54.898+0000] {logging_mixin.py:190} INFO - [2024-11-21T05:25:54.898+0000] {dag.py:3239} INFO - Sync 1 DAGs
[2024-11-21T05:25:54.950+0000] {logging_mixin.py:190} INFO - [2024-11-21T05:25:54.949+0000] {dag.py:4180} INFO - Setting next_dagrun for juicy_luicy to 2024-11-21 00:00:00+00:00, run_after=2024-11-21 05:00:00+00:00
[2024-11-21T05:25:55.008+0000] {processor.py:208} INFO - Processing /opt/airflow/dags/juicy_luicy.py took 0.606 seconds
[2024-11-21T05:26:25.274+0000] {processor.py:186} INFO - Started process (PID=284) to work on /opt/airflow/dags/juicy_luicy.py
[2024-11-21T05:26:25.276+0000] {processor.py:914} INFO - Processing file /opt/airflow/dags/juicy_luicy.py for tasks to queue
[2024-11-21T05:26:25.284+0000] {logging_mixin.py:190} INFO - [2024-11-21T05:26:25.283+0000] {dagbag.py:588} INFO - Filling up the DagBag from /opt/airflow/dags/juicy_luicy.py
[2024-11-21T05:26:25.741+0000] {processor.py:925} INFO - DAG(s) 'juicy_luicy' retrieved from /opt/airflow/dags/juicy_luicy.py
[2024-11-21T05:26:25.789+0000] {logging_mixin.py:190} INFO - [2024-11-21T05:26:25.788+0000] {dag.py:3239} INFO - Sync 1 DAGs
[2024-11-21T05:26:25.838+0000] {logging_mixin.py:190} INFO - [2024-11-21T05:26:25.838+0000] {dag.py:4180} INFO - Setting next_dagrun for juicy_luicy to 2024-11-21 00:00:00+00:00, run_after=2024-11-21 05:00:00+00:00
[2024-11-21T05:26:25.882+0000] {processor.py:208} INFO - Processing /opt/airflow/dags/juicy_luicy.py took 0.624 seconds
[2024-11-21T05:26:56.883+0000] {processor.py:186} INFO - Started process (PID=314) to work on /opt/airflow/dags/juicy_luicy.py
[2024-11-21T05:26:56.886+0000] {processor.py:914} INFO - Processing file /opt/airflow/dags/juicy_luicy.py for tasks to queue
[2024-11-21T05:26:56.890+0000] {logging_mixin.py:190} INFO - [2024-11-21T05:26:56.890+0000] {dagbag.py:588} INFO - Filling up the DagBag from /opt/airflow/dags/juicy_luicy.py
[2024-11-21T05:26:57.471+0000] {processor.py:925} INFO - DAG(s) 'juicy_luicy' retrieved from /opt/airflow/dags/juicy_luicy.py
[2024-11-21T05:26:57.518+0000] {logging_mixin.py:190} INFO - [2024-11-21T05:26:57.518+0000] {dag.py:3239} INFO - Sync 1 DAGs
[2024-11-21T05:26:57.568+0000] {logging_mixin.py:190} INFO - [2024-11-21T05:26:57.567+0000] {dag.py:4180} INFO - Setting next_dagrun for juicy_luicy to 2024-11-21 00:00:00+00:00, run_after=2024-11-21 05:00:00+00:00
[2024-11-21T05:26:57.621+0000] {processor.py:208} INFO - Processing /opt/airflow/dags/juicy_luicy.py took 0.752 seconds
[2024-11-21T05:27:28.666+0000] {processor.py:186} INFO - Started process (PID=355) to work on /opt/airflow/dags/juicy_luicy.py
[2024-11-21T05:27:28.668+0000] {processor.py:914} INFO - Processing file /opt/airflow/dags/juicy_luicy.py for tasks to queue
[2024-11-21T05:27:28.673+0000] {logging_mixin.py:190} INFO - [2024-11-21T05:27:28.673+0000] {dagbag.py:588} INFO - Filling up the DagBag from /opt/airflow/dags/juicy_luicy.py
[2024-11-21T05:27:29.247+0000] {processor.py:925} INFO - DAG(s) 'juicy_luicy' retrieved from /opt/airflow/dags/juicy_luicy.py
[2024-11-21T05:27:29.303+0000] {logging_mixin.py:190} INFO - [2024-11-21T05:27:29.303+0000] {dag.py:3239} INFO - Sync 1 DAGs
[2024-11-21T05:27:29.358+0000] {logging_mixin.py:190} INFO - [2024-11-21T05:27:29.358+0000] {dag.py:4180} INFO - Setting next_dagrun for juicy_luicy to 2024-11-21 05:00:00+00:00, run_after=2024-11-21 10:00:00+00:00
[2024-11-21T05:27:29.425+0000] {processor.py:208} INFO - Processing /opt/airflow/dags/juicy_luicy.py took 0.775 seconds
[2024-11-21T05:28:02.582+0000] {processor.py:186} INFO - Started process (PID=385) to work on /opt/airflow/dags/juicy_luicy.py
[2024-11-21T05:28:02.586+0000] {processor.py:914} INFO - Processing file /opt/airflow/dags/juicy_luicy.py for tasks to queue
[2024-11-21T05:28:02.598+0000] {logging_mixin.py:190} INFO - [2024-11-21T05:28:02.596+0000] {dagbag.py:588} INFO - Filling up the DagBag from /opt/airflow/dags/juicy_luicy.py
[2024-11-21T05:28:04.908+0000] {processor.py:925} INFO - DAG(s) 'juicy_luicy' retrieved from /opt/airflow/dags/juicy_luicy.py
[2024-11-21T05:28:05.015+0000] {logging_mixin.py:190} INFO - [2024-11-21T05:28:05.014+0000] {dag.py:3239} INFO - Sync 1 DAGs
[2024-11-21T05:28:05.183+0000] {logging_mixin.py:190} INFO - [2024-11-21T05:28:05.182+0000] {dag.py:4180} INFO - Setting next_dagrun for juicy_luicy to 2024-11-21 05:00:00+00:00, run_after=2024-11-21 10:00:00+00:00
[2024-11-21T05:28:05.304+0000] {processor.py:208} INFO - Processing /opt/airflow/dags/juicy_luicy.py took 2.770 seconds
[2024-11-21T05:28:35.768+0000] {processor.py:186} INFO - Started process (PID=424) to work on /opt/airflow/dags/juicy_luicy.py
[2024-11-21T05:28:35.771+0000] {processor.py:914} INFO - Processing file /opt/airflow/dags/juicy_luicy.py for tasks to queue
[2024-11-21T05:28:35.775+0000] {logging_mixin.py:190} INFO - [2024-11-21T05:28:35.775+0000] {dagbag.py:588} INFO - Filling up the DagBag from /opt/airflow/dags/juicy_luicy.py
[2024-11-21T05:28:36.263+0000] {processor.py:925} INFO - DAG(s) 'juicy_luicy' retrieved from /opt/airflow/dags/juicy_luicy.py
[2024-11-21T05:28:36.316+0000] {logging_mixin.py:190} INFO - [2024-11-21T05:28:36.315+0000] {dag.py:3239} INFO - Sync 1 DAGs
[2024-11-21T05:28:36.371+0000] {logging_mixin.py:190} INFO - [2024-11-21T05:28:36.370+0000] {dag.py:4180} INFO - Setting next_dagrun for juicy_luicy to 2024-11-21 05:00:00+00:00, run_after=2024-11-21 10:00:00+00:00
[2024-11-21T05:28:36.420+0000] {processor.py:208} INFO - Processing /opt/airflow/dags/juicy_luicy.py took 0.666 seconds
[2024-11-21T05:29:06.680+0000] {processor.py:186} INFO - Started process (PID=446) to work on /opt/airflow/dags/juicy_luicy.py
[2024-11-21T05:29:06.684+0000] {processor.py:914} INFO - Processing file /opt/airflow/dags/juicy_luicy.py for tasks to queue
[2024-11-21T05:29:06.693+0000] {logging_mixin.py:190} INFO - [2024-11-21T05:29:06.692+0000] {dagbag.py:588} INFO - Filling up the DagBag from /opt/airflow/dags/juicy_luicy.py
[2024-11-21T05:29:07.598+0000] {processor.py:925} INFO - DAG(s) 'juicy_luicy' retrieved from /opt/airflow/dags/juicy_luicy.py
[2024-11-21T05:29:07.650+0000] {logging_mixin.py:190} INFO - [2024-11-21T05:29:07.649+0000] {dag.py:3239} INFO - Sync 1 DAGs
[2024-11-21T05:29:07.716+0000] {logging_mixin.py:190} INFO - [2024-11-21T05:29:07.716+0000] {dag.py:4180} INFO - Setting next_dagrun for juicy_luicy to 2024-11-21 05:00:00+00:00, run_after=2024-11-21 10:00:00+00:00
[2024-11-21T05:29:07.777+0000] {processor.py:208} INFO - Processing /opt/airflow/dags/juicy_luicy.py took 1.115 seconds
[2024-11-21T05:29:38.462+0000] {processor.py:186} INFO - Started process (PID=487) to work on /opt/airflow/dags/juicy_luicy.py
[2024-11-21T05:29:38.464+0000] {processor.py:914} INFO - Processing file /opt/airflow/dags/juicy_luicy.py for tasks to queue
[2024-11-21T05:29:38.469+0000] {logging_mixin.py:190} INFO - [2024-11-21T05:29:38.468+0000] {dagbag.py:588} INFO - Filling up the DagBag from /opt/airflow/dags/juicy_luicy.py
[2024-11-21T05:29:39.009+0000] {processor.py:925} INFO - DAG(s) 'juicy_luicy' retrieved from /opt/airflow/dags/juicy_luicy.py
[2024-11-21T05:29:39.063+0000] {logging_mixin.py:190} INFO - [2024-11-21T05:29:39.063+0000] {dag.py:3239} INFO - Sync 1 DAGs
[2024-11-21T05:29:39.117+0000] {logging_mixin.py:190} INFO - [2024-11-21T05:29:39.116+0000] {dag.py:4180} INFO - Setting next_dagrun for juicy_luicy to 2024-11-21 05:00:00+00:00, run_after=2024-11-21 10:00:00+00:00
[2024-11-21T05:29:39.162+0000] {processor.py:208} INFO - Processing /opt/airflow/dags/juicy_luicy.py took 0.713 seconds
[2024-11-21T05:30:09.498+0000] {processor.py:186} INFO - Started process (PID=541) to work on /opt/airflow/dags/juicy_luicy.py
[2024-11-21T05:30:09.500+0000] {processor.py:914} INFO - Processing file /opt/airflow/dags/juicy_luicy.py for tasks to queue
[2024-11-21T05:30:09.508+0000] {logging_mixin.py:190} INFO - [2024-11-21T05:30:09.507+0000] {dagbag.py:588} INFO - Filling up the DagBag from /opt/airflow/dags/juicy_luicy.py
[2024-11-21T05:30:10.312+0000] {processor.py:925} INFO - DAG(s) 'juicy_luicy' retrieved from /opt/airflow/dags/juicy_luicy.py
[2024-11-21T05:30:10.373+0000] {logging_mixin.py:190} INFO - [2024-11-21T05:30:10.372+0000] {dag.py:3239} INFO - Sync 1 DAGs
[2024-11-21T05:30:10.437+0000] {logging_mixin.py:190} INFO - [2024-11-21T05:30:10.437+0000] {dag.py:4180} INFO - Setting next_dagrun for juicy_luicy to 2024-11-21 05:00:00+00:00, run_after=2024-11-21 10:00:00+00:00
[2024-11-21T05:30:10.488+0000] {processor.py:208} INFO - Processing /opt/airflow/dags/juicy_luicy.py took 1.013 seconds
[2024-11-21T05:30:41.070+0000] {processor.py:186} INFO - Started process (PID=589) to work on /opt/airflow/dags/juicy_luicy.py
[2024-11-21T05:30:41.072+0000] {processor.py:914} INFO - Processing file /opt/airflow/dags/juicy_luicy.py for tasks to queue
[2024-11-21T05:30:41.080+0000] {logging_mixin.py:190} INFO - [2024-11-21T05:30:41.079+0000] {dagbag.py:588} INFO - Filling up the DagBag from /opt/airflow/dags/juicy_luicy.py
[2024-11-21T05:30:41.630+0000] {processor.py:925} INFO - DAG(s) 'juicy_luicy' retrieved from /opt/airflow/dags/juicy_luicy.py
[2024-11-21T05:30:41.752+0000] {logging_mixin.py:190} INFO - [2024-11-21T05:30:41.751+0000] {dag.py:3239} INFO - Sync 1 DAGs
[2024-11-21T05:30:41.877+0000] {logging_mixin.py:190} INFO - [2024-11-21T05:30:41.876+0000] {dag.py:4180} INFO - Setting next_dagrun for juicy_luicy to 2024-11-21 05:00:00+00:00, run_after=2024-11-21 10:00:00+00:00
[2024-11-21T05:30:41.952+0000] {processor.py:208} INFO - Processing /opt/airflow/dags/juicy_luicy.py took 0.894 seconds
[2024-11-21T05:31:12.068+0000] {processor.py:186} INFO - Started process (PID=646) to work on /opt/airflow/dags/juicy_luicy.py
[2024-11-21T05:31:12.071+0000] {processor.py:914} INFO - Processing file /opt/airflow/dags/juicy_luicy.py for tasks to queue
[2024-11-21T05:31:12.077+0000] {logging_mixin.py:190} INFO - [2024-11-21T05:31:12.076+0000] {dagbag.py:588} INFO - Filling up the DagBag from /opt/airflow/dags/juicy_luicy.py
[2024-11-21T05:31:12.536+0000] {processor.py:925} INFO - DAG(s) 'juicy_luicy' retrieved from /opt/airflow/dags/juicy_luicy.py
[2024-11-21T05:31:12.578+0000] {logging_mixin.py:190} INFO - [2024-11-21T05:31:12.577+0000] {dag.py:3239} INFO - Sync 1 DAGs
[2024-11-21T05:31:12.628+0000] {logging_mixin.py:190} INFO - [2024-11-21T05:31:12.627+0000] {dag.py:4180} INFO - Setting next_dagrun for juicy_luicy to 2024-11-21 05:00:00+00:00, run_after=2024-11-21 10:00:00+00:00
[2024-11-21T05:31:12.675+0000] {processor.py:208} INFO - Processing /opt/airflow/dags/juicy_luicy.py took 0.621 seconds
[2024-11-21T05:31:43.659+0000] {processor.py:186} INFO - Started process (PID=690) to work on /opt/airflow/dags/juicy_luicy.py
[2024-11-21T05:31:43.661+0000] {processor.py:914} INFO - Processing file /opt/airflow/dags/juicy_luicy.py for tasks to queue
[2024-11-21T05:31:43.677+0000] {logging_mixin.py:190} INFO - [2024-11-21T05:31:43.676+0000] {dagbag.py:588} INFO - Filling up the DagBag from /opt/airflow/dags/juicy_luicy.py
[2024-11-21T05:31:44.853+0000] {processor.py:925} INFO - DAG(s) 'juicy_luicy' retrieved from /opt/airflow/dags/juicy_luicy.py
[2024-11-21T05:31:44.959+0000] {logging_mixin.py:190} INFO - [2024-11-21T05:31:44.958+0000] {dag.py:3239} INFO - Sync 1 DAGs
[2024-11-21T05:31:45.099+0000] {logging_mixin.py:190} INFO - [2024-11-21T05:31:45.099+0000] {dag.py:4180} INFO - Setting next_dagrun for juicy_luicy to 2024-11-21 05:00:00+00:00, run_after=2024-11-21 10:00:00+00:00
[2024-11-21T05:31:45.216+0000] {processor.py:208} INFO - Processing /opt/airflow/dags/juicy_luicy.py took 1.595 seconds
[2024-11-21T05:32:15.477+0000] {processor.py:186} INFO - Started process (PID=738) to work on /opt/airflow/dags/juicy_luicy.py
[2024-11-21T05:32:15.479+0000] {processor.py:914} INFO - Processing file /opt/airflow/dags/juicy_luicy.py for tasks to queue
[2024-11-21T05:32:15.484+0000] {logging_mixin.py:190} INFO - [2024-11-21T05:32:15.484+0000] {dagbag.py:588} INFO - Filling up the DagBag from /opt/airflow/dags/juicy_luicy.py
[2024-11-21T05:32:15.952+0000] {processor.py:925} INFO - DAG(s) 'juicy_luicy' retrieved from /opt/airflow/dags/juicy_luicy.py
[2024-11-21T05:32:16.003+0000] {logging_mixin.py:190} INFO - [2024-11-21T05:32:16.002+0000] {dag.py:3239} INFO - Sync 1 DAGs
[2024-11-21T05:32:16.051+0000] {logging_mixin.py:190} INFO - [2024-11-21T05:32:16.051+0000] {dag.py:4180} INFO - Setting next_dagrun for juicy_luicy to 2024-11-21 05:00:00+00:00, run_after=2024-11-21 10:00:00+00:00
[2024-11-21T05:32:16.097+0000] {processor.py:208} INFO - Processing /opt/airflow/dags/juicy_luicy.py took 0.631 seconds
[2024-11-21T05:32:46.297+0000] {processor.py:186} INFO - Started process (PID=756) to work on /opt/airflow/dags/juicy_luicy.py
[2024-11-21T05:32:46.299+0000] {processor.py:914} INFO - Processing file /opt/airflow/dags/juicy_luicy.py for tasks to queue
[2024-11-21T05:32:46.305+0000] {logging_mixin.py:190} INFO - [2024-11-21T05:32:46.304+0000] {dagbag.py:588} INFO - Filling up the DagBag from /opt/airflow/dags/juicy_luicy.py
[2024-11-21T05:32:46.743+0000] {processor.py:925} INFO - DAG(s) 'juicy_luicy' retrieved from /opt/airflow/dags/juicy_luicy.py
[2024-11-21T05:32:46.800+0000] {logging_mixin.py:190} INFO - [2024-11-21T05:32:46.800+0000] {dag.py:3239} INFO - Sync 1 DAGs
[2024-11-21T05:32:46.852+0000] {logging_mixin.py:190} INFO - [2024-11-21T05:32:46.851+0000] {dag.py:4180} INFO - Setting next_dagrun for juicy_luicy to 2024-11-21 05:00:00+00:00, run_after=2024-11-21 10:00:00+00:00
[2024-11-21T05:32:46.896+0000] {processor.py:208} INFO - Processing /opt/airflow/dags/juicy_luicy.py took 0.616 seconds
[2024-11-21T05:33:17.307+0000] {processor.py:186} INFO - Started process (PID=764) to work on /opt/airflow/dags/juicy_luicy.py
[2024-11-21T05:33:17.309+0000] {processor.py:914} INFO - Processing file /opt/airflow/dags/juicy_luicy.py for tasks to queue
[2024-11-21T05:33:17.314+0000] {logging_mixin.py:190} INFO - [2024-11-21T05:33:17.313+0000] {dagbag.py:588} INFO - Filling up the DagBag from /opt/airflow/dags/juicy_luicy.py
[2024-11-21T05:33:17.736+0000] {processor.py:925} INFO - DAG(s) 'juicy_luicy' retrieved from /opt/airflow/dags/juicy_luicy.py
[2024-11-21T05:33:17.786+0000] {logging_mixin.py:190} INFO - [2024-11-21T05:33:17.786+0000] {dag.py:3239} INFO - Sync 1 DAGs
[2024-11-21T05:33:17.837+0000] {logging_mixin.py:190} INFO - [2024-11-21T05:33:17.837+0000] {dag.py:4180} INFO - Setting next_dagrun for juicy_luicy to 2024-11-21 05:00:00+00:00, run_after=2024-11-21 10:00:00+00:00
[2024-11-21T05:33:17.883+0000] {processor.py:208} INFO - Processing /opt/airflow/dags/juicy_luicy.py took 0.588 seconds
[2024-11-21T05:33:48.109+0000] {processor.py:186} INFO - Started process (PID=772) to work on /opt/airflow/dags/juicy_luicy.py
[2024-11-21T05:33:48.111+0000] {processor.py:914} INFO - Processing file /opt/airflow/dags/juicy_luicy.py for tasks to queue
[2024-11-21T05:33:48.115+0000] {logging_mixin.py:190} INFO - [2024-11-21T05:33:48.115+0000] {dagbag.py:588} INFO - Filling up the DagBag from /opt/airflow/dags/juicy_luicy.py
[2024-11-21T05:33:48.547+0000] {processor.py:925} INFO - DAG(s) 'juicy_luicy' retrieved from /opt/airflow/dags/juicy_luicy.py
[2024-11-21T05:33:48.588+0000] {logging_mixin.py:190} INFO - [2024-11-21T05:33:48.588+0000] {dag.py:3239} INFO - Sync 1 DAGs
[2024-11-21T05:33:48.632+0000] {logging_mixin.py:190} INFO - [2024-11-21T05:33:48.632+0000] {dag.py:4180} INFO - Setting next_dagrun for juicy_luicy to 2024-11-21 05:00:00+00:00, run_after=2024-11-21 10:00:00+00:00
[2024-11-21T05:33:48.671+0000] {processor.py:208} INFO - Processing /opt/airflow/dags/juicy_luicy.py took 0.573 seconds
[2024-11-21T05:34:19.070+0000] {processor.py:186} INFO - Started process (PID=780) to work on /opt/airflow/dags/juicy_luicy.py
[2024-11-21T05:34:19.073+0000] {processor.py:914} INFO - Processing file /opt/airflow/dags/juicy_luicy.py for tasks to queue
[2024-11-21T05:34:19.081+0000] {logging_mixin.py:190} INFO - [2024-11-21T05:34:19.080+0000] {dagbag.py:588} INFO - Filling up the DagBag from /opt/airflow/dags/juicy_luicy.py
[2024-11-21T05:34:19.509+0000] {processor.py:925} INFO - DAG(s) 'juicy_luicy' retrieved from /opt/airflow/dags/juicy_luicy.py
[2024-11-21T05:34:19.555+0000] {logging_mixin.py:190} INFO - [2024-11-21T05:34:19.554+0000] {dag.py:3239} INFO - Sync 1 DAGs
[2024-11-21T05:34:19.604+0000] {logging_mixin.py:190} INFO - [2024-11-21T05:34:19.603+0000] {dag.py:4180} INFO - Setting next_dagrun for juicy_luicy to 2024-11-21 05:00:00+00:00, run_after=2024-11-21 10:00:00+00:00
[2024-11-21T05:34:19.644+0000] {processor.py:208} INFO - Processing /opt/airflow/dags/juicy_luicy.py took 0.591 seconds
[2024-11-21T05:34:50.139+0000] {processor.py:186} INFO - Started process (PID=788) to work on /opt/airflow/dags/juicy_luicy.py
[2024-11-21T05:34:50.142+0000] {processor.py:914} INFO - Processing file /opt/airflow/dags/juicy_luicy.py for tasks to queue
[2024-11-21T05:34:50.149+0000] {logging_mixin.py:190} INFO - [2024-11-21T05:34:50.148+0000] {dagbag.py:588} INFO - Filling up the DagBag from /opt/airflow/dags/juicy_luicy.py
[2024-11-21T05:34:50.546+0000] {processor.py:925} INFO - DAG(s) 'juicy_luicy' retrieved from /opt/airflow/dags/juicy_luicy.py
[2024-11-21T05:34:50.591+0000] {logging_mixin.py:190} INFO - [2024-11-21T05:34:50.590+0000] {dag.py:3239} INFO - Sync 1 DAGs
[2024-11-21T05:34:50.639+0000] {logging_mixin.py:190} INFO - [2024-11-21T05:34:50.638+0000] {dag.py:4180} INFO - Setting next_dagrun for juicy_luicy to 2024-11-21 05:00:00+00:00, run_after=2024-11-21 10:00:00+00:00
[2024-11-21T05:34:50.685+0000] {processor.py:208} INFO - Processing /opt/airflow/dags/juicy_luicy.py took 0.560 seconds
[2024-11-21T05:35:20.968+0000] {processor.py:186} INFO - Started process (PID=796) to work on /opt/airflow/dags/juicy_luicy.py
[2024-11-21T05:35:20.973+0000] {processor.py:914} INFO - Processing file /opt/airflow/dags/juicy_luicy.py for tasks to queue
[2024-11-21T05:35:20.985+0000] {logging_mixin.py:190} INFO - [2024-11-21T05:35:20.984+0000] {dagbag.py:588} INFO - Filling up the DagBag from /opt/airflow/dags/juicy_luicy.py
[2024-11-21T05:35:21.395+0000] {processor.py:925} INFO - DAG(s) 'juicy_luicy' retrieved from /opt/airflow/dags/juicy_luicy.py
[2024-11-21T05:35:21.437+0000] {logging_mixin.py:190} INFO - [2024-11-21T05:35:21.436+0000] {dag.py:3239} INFO - Sync 1 DAGs
[2024-11-21T05:35:21.484+0000] {logging_mixin.py:190} INFO - [2024-11-21T05:35:21.483+0000] {dag.py:4180} INFO - Setting next_dagrun for juicy_luicy to 2024-11-21 05:00:00+00:00, run_after=2024-11-21 10:00:00+00:00
[2024-11-21T05:35:21.528+0000] {processor.py:208} INFO - Processing /opt/airflow/dags/juicy_luicy.py took 0.576 seconds
[2024-11-21T05:35:51.885+0000] {processor.py:186} INFO - Started process (PID=804) to work on /opt/airflow/dags/juicy_luicy.py
[2024-11-21T05:35:51.888+0000] {processor.py:914} INFO - Processing file /opt/airflow/dags/juicy_luicy.py for tasks to queue
[2024-11-21T05:35:51.894+0000] {logging_mixin.py:190} INFO - [2024-11-21T05:35:51.893+0000] {dagbag.py:588} INFO - Filling up the DagBag from /opt/airflow/dags/juicy_luicy.py
[2024-11-21T05:35:52.433+0000] {processor.py:925} INFO - DAG(s) 'juicy_luicy' retrieved from /opt/airflow/dags/juicy_luicy.py
[2024-11-21T05:35:52.479+0000] {logging_mixin.py:190} INFO - [2024-11-21T05:35:52.479+0000] {dag.py:3239} INFO - Sync 1 DAGs
[2024-11-21T05:35:52.523+0000] {logging_mixin.py:190} INFO - [2024-11-21T05:35:52.522+0000] {dag.py:4180} INFO - Setting next_dagrun for juicy_luicy to 2024-11-21 05:00:00+00:00, run_after=2024-11-21 10:00:00+00:00
[2024-11-21T05:35:52.566+0000] {processor.py:208} INFO - Processing /opt/airflow/dags/juicy_luicy.py took 0.700 seconds
[2024-11-21T05:36:22.801+0000] {processor.py:186} INFO - Started process (PID=812) to work on /opt/airflow/dags/juicy_luicy.py
[2024-11-21T05:36:22.803+0000] {processor.py:914} INFO - Processing file /opt/airflow/dags/juicy_luicy.py for tasks to queue
[2024-11-21T05:36:22.808+0000] {logging_mixin.py:190} INFO - [2024-11-21T05:36:22.807+0000] {dagbag.py:588} INFO - Filling up the DagBag from /opt/airflow/dags/juicy_luicy.py
[2024-11-21T05:36:23.194+0000] {processor.py:925} INFO - DAG(s) 'juicy_luicy' retrieved from /opt/airflow/dags/juicy_luicy.py
[2024-11-21T05:36:23.234+0000] {logging_mixin.py:190} INFO - [2024-11-21T05:36:23.233+0000] {dag.py:3239} INFO - Sync 1 DAGs
[2024-11-21T05:36:23.281+0000] {logging_mixin.py:190} INFO - [2024-11-21T05:36:23.280+0000] {dag.py:4180} INFO - Setting next_dagrun for juicy_luicy to 2024-11-21 05:00:00+00:00, run_after=2024-11-21 10:00:00+00:00
[2024-11-21T05:36:23.329+0000] {processor.py:208} INFO - Processing /opt/airflow/dags/juicy_luicy.py took 0.541 seconds
[2024-11-21T05:36:53.578+0000] {processor.py:186} INFO - Started process (PID=820) to work on /opt/airflow/dags/juicy_luicy.py
[2024-11-21T05:36:53.579+0000] {processor.py:914} INFO - Processing file /opt/airflow/dags/juicy_luicy.py for tasks to queue
[2024-11-21T05:36:53.584+0000] {logging_mixin.py:190} INFO - [2024-11-21T05:36:53.584+0000] {dagbag.py:588} INFO - Filling up the DagBag from /opt/airflow/dags/juicy_luicy.py
[2024-11-21T05:36:53.987+0000] {processor.py:925} INFO - DAG(s) 'juicy_luicy' retrieved from /opt/airflow/dags/juicy_luicy.py
[2024-11-21T05:36:54.029+0000] {logging_mixin.py:190} INFO - [2024-11-21T05:36:54.028+0000] {dag.py:3239} INFO - Sync 1 DAGs
[2024-11-21T05:36:54.074+0000] {logging_mixin.py:190} INFO - [2024-11-21T05:36:54.073+0000] {dag.py:4180} INFO - Setting next_dagrun for juicy_luicy to 2024-11-21 05:00:00+00:00, run_after=2024-11-21 10:00:00+00:00
[2024-11-21T05:36:54.116+0000] {processor.py:208} INFO - Processing /opt/airflow/dags/juicy_luicy.py took 0.551 seconds
[2024-11-21T05:37:24.558+0000] {processor.py:186} INFO - Started process (PID=828) to work on /opt/airflow/dags/juicy_luicy.py
[2024-11-21T05:37:24.560+0000] {processor.py:914} INFO - Processing file /opt/airflow/dags/juicy_luicy.py for tasks to queue
[2024-11-21T05:37:24.565+0000] {logging_mixin.py:190} INFO - [2024-11-21T05:37:24.565+0000] {dagbag.py:588} INFO - Filling up the DagBag from /opt/airflow/dags/juicy_luicy.py
[2024-11-21T05:37:24.979+0000] {processor.py:925} INFO - DAG(s) 'juicy_luicy' retrieved from /opt/airflow/dags/juicy_luicy.py
[2024-11-21T05:37:25.021+0000] {logging_mixin.py:190} INFO - [2024-11-21T05:37:25.020+0000] {dag.py:3239} INFO - Sync 1 DAGs
[2024-11-21T05:37:25.068+0000] {logging_mixin.py:190} INFO - [2024-11-21T05:37:25.068+0000] {dag.py:4180} INFO - Setting next_dagrun for juicy_luicy to 2024-11-21 05:00:00+00:00, run_after=2024-11-21 10:00:00+00:00
[2024-11-21T05:37:25.113+0000] {processor.py:208} INFO - Processing /opt/airflow/dags/juicy_luicy.py took 0.567 seconds
[2024-11-21T05:37:55.522+0000] {processor.py:186} INFO - Started process (PID=836) to work on /opt/airflow/dags/juicy_luicy.py
[2024-11-21T05:37:55.524+0000] {processor.py:914} INFO - Processing file /opt/airflow/dags/juicy_luicy.py for tasks to queue
[2024-11-21T05:37:55.529+0000] {logging_mixin.py:190} INFO - [2024-11-21T05:37:55.528+0000] {dagbag.py:588} INFO - Filling up the DagBag from /opt/airflow/dags/juicy_luicy.py
[2024-11-21T05:37:55.949+0000] {processor.py:925} INFO - DAG(s) 'juicy_luicy' retrieved from /opt/airflow/dags/juicy_luicy.py
[2024-11-21T05:37:55.990+0000] {logging_mixin.py:190} INFO - [2024-11-21T05:37:55.989+0000] {dag.py:3239} INFO - Sync 1 DAGs
[2024-11-21T05:37:56.034+0000] {logging_mixin.py:190} INFO - [2024-11-21T05:37:56.034+0000] {dag.py:4180} INFO - Setting next_dagrun for juicy_luicy to 2024-11-21 05:00:00+00:00, run_after=2024-11-21 10:00:00+00:00
[2024-11-21T05:37:56.081+0000] {processor.py:208} INFO - Processing /opt/airflow/dags/juicy_luicy.py took 0.571 seconds
[2024-11-21T05:38:26.630+0000] {processor.py:186} INFO - Started process (PID=844) to work on /opt/airflow/dags/juicy_luicy.py
[2024-11-21T05:38:26.633+0000] {processor.py:914} INFO - Processing file /opt/airflow/dags/juicy_luicy.py for tasks to queue
[2024-11-21T05:38:26.638+0000] {logging_mixin.py:190} INFO - [2024-11-21T05:38:26.638+0000] {dagbag.py:588} INFO - Filling up the DagBag from /opt/airflow/dags/juicy_luicy.py
[2024-11-21T05:38:27.039+0000] {processor.py:925} INFO - DAG(s) 'juicy_luicy' retrieved from /opt/airflow/dags/juicy_luicy.py
[2024-11-21T05:38:27.082+0000] {logging_mixin.py:190} INFO - [2024-11-21T05:38:27.081+0000] {dag.py:3239} INFO - Sync 1 DAGs
[2024-11-21T05:38:27.131+0000] {logging_mixin.py:190} INFO - [2024-11-21T05:38:27.131+0000] {dag.py:4180} INFO - Setting next_dagrun for juicy_luicy to 2024-11-21 05:00:00+00:00, run_after=2024-11-21 10:00:00+00:00
[2024-11-21T05:38:27.173+0000] {processor.py:208} INFO - Processing /opt/airflow/dags/juicy_luicy.py took 0.555 seconds
[2024-11-21T05:38:57.440+0000] {processor.py:186} INFO - Started process (PID=852) to work on /opt/airflow/dags/juicy_luicy.py
[2024-11-21T05:38:57.442+0000] {processor.py:914} INFO - Processing file /opt/airflow/dags/juicy_luicy.py for tasks to queue
[2024-11-21T05:38:57.447+0000] {logging_mixin.py:190} INFO - [2024-11-21T05:38:57.446+0000] {dagbag.py:588} INFO - Filling up the DagBag from /opt/airflow/dags/juicy_luicy.py
[2024-11-21T05:38:57.843+0000] {processor.py:925} INFO - DAG(s) 'juicy_luicy' retrieved from /opt/airflow/dags/juicy_luicy.py
[2024-11-21T05:38:57.882+0000] {logging_mixin.py:190} INFO - [2024-11-21T05:38:57.882+0000] {dag.py:3239} INFO - Sync 1 DAGs
[2024-11-21T05:38:57.926+0000] {logging_mixin.py:190} INFO - [2024-11-21T05:38:57.926+0000] {dag.py:4180} INFO - Setting next_dagrun for juicy_luicy to 2024-11-21 05:00:00+00:00, run_after=2024-11-21 10:00:00+00:00
[2024-11-21T05:39:01.844+0000] {processor.py:208} INFO - Processing /opt/airflow/dags/juicy_luicy.py took 4.416 seconds
[2024-11-21T05:39:32.264+0000] {processor.py:186} INFO - Started process (PID=860) to work on /opt/airflow/dags/juicy_luicy.py
[2024-11-21T05:39:32.267+0000] {processor.py:914} INFO - Processing file /opt/airflow/dags/juicy_luicy.py for tasks to queue
[2024-11-21T05:39:32.271+0000] {logging_mixin.py:190} INFO - [2024-11-21T05:39:32.271+0000] {dagbag.py:588} INFO - Filling up the DagBag from /opt/airflow/dags/juicy_luicy.py
[2024-11-21T05:39:32.729+0000] {processor.py:925} INFO - DAG(s) 'juicy_luicy' retrieved from /opt/airflow/dags/juicy_luicy.py
[2024-11-21T05:39:32.774+0000] {logging_mixin.py:190} INFO - [2024-11-21T05:39:32.773+0000] {dag.py:3239} INFO - Sync 1 DAGs
[2024-11-21T05:39:32.848+0000] {logging_mixin.py:190} INFO - [2024-11-21T05:39:32.848+0000] {dag.py:4180} INFO - Setting next_dagrun for juicy_luicy to 2024-11-21 05:00:00+00:00, run_after=2024-11-21 10:00:00+00:00
[2024-11-21T05:39:32.897+0000] {processor.py:208} INFO - Processing /opt/airflow/dags/juicy_luicy.py took 0.646 seconds
[2024-11-21T05:40:03.196+0000] {processor.py:186} INFO - Started process (PID=868) to work on /opt/airflow/dags/juicy_luicy.py
[2024-11-21T05:40:03.198+0000] {processor.py:914} INFO - Processing file /opt/airflow/dags/juicy_luicy.py for tasks to queue
[2024-11-21T05:40:03.203+0000] {logging_mixin.py:190} INFO - [2024-11-21T05:40:03.202+0000] {dagbag.py:588} INFO - Filling up the DagBag from /opt/airflow/dags/juicy_luicy.py
[2024-11-21T05:40:03.823+0000] {processor.py:925} INFO - DAG(s) 'juicy_luicy' retrieved from /opt/airflow/dags/juicy_luicy.py
[2024-11-21T05:40:03.885+0000] {logging_mixin.py:190} INFO - [2024-11-21T05:40:03.884+0000] {dag.py:3239} INFO - Sync 1 DAGs
[2024-11-21T05:40:04.217+0000] {logging_mixin.py:190} INFO - [2024-11-21T05:40:04.216+0000] {dag.py:4180} INFO - Setting next_dagrun for juicy_luicy to 2024-11-21 05:00:00+00:00, run_after=2024-11-21 10:00:00+00:00
[2024-11-21T05:40:04.262+0000] {processor.py:208} INFO - Processing /opt/airflow/dags/juicy_luicy.py took 1.081 seconds
[2024-11-21T05:40:35.126+0000] {processor.py:186} INFO - Started process (PID=876) to work on /opt/airflow/dags/juicy_luicy.py
[2024-11-21T05:40:35.129+0000] {processor.py:914} INFO - Processing file /opt/airflow/dags/juicy_luicy.py for tasks to queue
[2024-11-21T05:40:35.134+0000] {logging_mixin.py:190} INFO - [2024-11-21T05:40:35.133+0000] {dagbag.py:588} INFO - Filling up the DagBag from /opt/airflow/dags/juicy_luicy.py
[2024-11-21T05:40:35.589+0000] {processor.py:925} INFO - DAG(s) 'juicy_luicy' retrieved from /opt/airflow/dags/juicy_luicy.py
[2024-11-21T05:40:35.637+0000] {logging_mixin.py:190} INFO - [2024-11-21T05:40:35.637+0000] {dag.py:3239} INFO - Sync 1 DAGs
[2024-11-21T05:40:35.917+0000] {logging_mixin.py:190} INFO - [2024-11-21T05:40:35.917+0000] {dag.py:4180} INFO - Setting next_dagrun for juicy_luicy to 2024-11-21 05:00:00+00:00, run_after=2024-11-21 10:00:00+00:00
[2024-11-21T05:40:35.962+0000] {processor.py:208} INFO - Processing /opt/airflow/dags/juicy_luicy.py took 0.849 seconds
[2024-11-21T05:41:06.728+0000] {processor.py:186} INFO - Started process (PID=884) to work on /opt/airflow/dags/juicy_luicy.py
[2024-11-21T05:41:06.734+0000] {processor.py:914} INFO - Processing file /opt/airflow/dags/juicy_luicy.py for tasks to queue
[2024-11-21T05:41:06.749+0000] {logging_mixin.py:190} INFO - [2024-11-21T05:41:06.747+0000] {dagbag.py:588} INFO - Filling up the DagBag from /opt/airflow/dags/juicy_luicy.py
[2024-11-21T05:41:07.498+0000] {processor.py:925} INFO - DAG(s) 'juicy_luicy' retrieved from /opt/airflow/dags/juicy_luicy.py
[2024-11-21T05:41:07.540+0000] {logging_mixin.py:190} INFO - [2024-11-21T05:41:07.540+0000] {dag.py:3239} INFO - Sync 1 DAGs
[2024-11-21T05:41:07.584+0000] {logging_mixin.py:190} INFO - [2024-11-21T05:41:07.584+0000] {dag.py:4180} INFO - Setting next_dagrun for juicy_luicy to 2024-11-21 05:00:00+00:00, run_after=2024-11-21 10:00:00+00:00
[2024-11-21T05:41:07.629+0000] {processor.py:208} INFO - Processing /opt/airflow/dags/juicy_luicy.py took 0.936 seconds
[2024-11-21T05:41:38.275+0000] {processor.py:186} INFO - Started process (PID=892) to work on /opt/airflow/dags/juicy_luicy.py
[2024-11-21T05:41:38.277+0000] {processor.py:914} INFO - Processing file /opt/airflow/dags/juicy_luicy.py for tasks to queue
[2024-11-21T05:41:38.283+0000] {logging_mixin.py:190} INFO - [2024-11-21T05:41:38.282+0000] {dagbag.py:588} INFO - Filling up the DagBag from /opt/airflow/dags/juicy_luicy.py
[2024-11-21T05:41:38.959+0000] {processor.py:925} INFO - DAG(s) 'juicy_luicy' retrieved from /opt/airflow/dags/juicy_luicy.py
[2024-11-21T05:41:38.996+0000] {logging_mixin.py:190} INFO - [2024-11-21T05:41:38.996+0000] {dag.py:3239} INFO - Sync 1 DAGs
[2024-11-21T05:41:39.039+0000] {logging_mixin.py:190} INFO - [2024-11-21T05:41:39.039+0000] {dag.py:4180} INFO - Setting next_dagrun for juicy_luicy to 2024-11-21 05:00:00+00:00, run_after=2024-11-21 10:00:00+00:00
[2024-11-21T05:41:39.080+0000] {processor.py:208} INFO - Processing /opt/airflow/dags/juicy_luicy.py took 0.818 seconds
[2024-11-21T05:42:09.615+0000] {processor.py:186} INFO - Started process (PID=900) to work on /opt/airflow/dags/juicy_luicy.py
[2024-11-21T05:42:09.617+0000] {processor.py:914} INFO - Processing file /opt/airflow/dags/juicy_luicy.py for tasks to queue
[2024-11-21T05:42:09.622+0000] {logging_mixin.py:190} INFO - [2024-11-21T05:42:09.621+0000] {dagbag.py:588} INFO - Filling up the DagBag from /opt/airflow/dags/juicy_luicy.py
[2024-11-21T05:42:10.270+0000] {processor.py:925} INFO - DAG(s) 'juicy_luicy' retrieved from /opt/airflow/dags/juicy_luicy.py
[2024-11-21T05:42:10.306+0000] {logging_mixin.py:190} INFO - [2024-11-21T05:42:10.305+0000] {dag.py:3239} INFO - Sync 1 DAGs
[2024-11-21T05:42:10.347+0000] {logging_mixin.py:190} INFO - [2024-11-21T05:42:10.347+0000] {dag.py:4180} INFO - Setting next_dagrun for juicy_luicy to 2024-11-21 05:00:00+00:00, run_after=2024-11-21 10:00:00+00:00
[2024-11-21T05:42:10.390+0000] {processor.py:208} INFO - Processing /opt/airflow/dags/juicy_luicy.py took 0.788 seconds
[2024-11-21T05:42:41.148+0000] {processor.py:186} INFO - Started process (PID=908) to work on /opt/airflow/dags/juicy_luicy.py
[2024-11-21T05:42:41.150+0000] {processor.py:914} INFO - Processing file /opt/airflow/dags/juicy_luicy.py for tasks to queue
[2024-11-21T05:42:41.155+0000] {logging_mixin.py:190} INFO - [2024-11-21T05:42:41.155+0000] {dagbag.py:588} INFO - Filling up the DagBag from /opt/airflow/dags/juicy_luicy.py
[2024-11-21T05:42:41.813+0000] {processor.py:925} INFO - DAG(s) 'juicy_luicy' retrieved from /opt/airflow/dags/juicy_luicy.py
[2024-11-21T05:42:41.848+0000] {logging_mixin.py:190} INFO - [2024-11-21T05:42:41.847+0000] {dag.py:3239} INFO - Sync 1 DAGs
[2024-11-21T05:42:41.888+0000] {logging_mixin.py:190} INFO - [2024-11-21T05:42:41.888+0000] {dag.py:4180} INFO - Setting next_dagrun for juicy_luicy to 2024-11-21 05:00:00+00:00, run_after=2024-11-21 10:00:00+00:00
[2024-11-21T05:42:41.928+0000] {processor.py:208} INFO - Processing /opt/airflow/dags/juicy_luicy.py took 0.793 seconds
[2024-11-21T05:43:12.747+0000] {processor.py:186} INFO - Started process (PID=916) to work on /opt/airflow/dags/juicy_luicy.py
[2024-11-21T05:43:12.749+0000] {processor.py:914} INFO - Processing file /opt/airflow/dags/juicy_luicy.py for tasks to queue
[2024-11-21T05:43:12.754+0000] {logging_mixin.py:190} INFO - [2024-11-21T05:43:12.753+0000] {dagbag.py:588} INFO - Filling up the DagBag from /opt/airflow/dags/juicy_luicy.py
[2024-11-21T05:43:13.429+0000] {processor.py:925} INFO - DAG(s) 'juicy_luicy' retrieved from /opt/airflow/dags/juicy_luicy.py
[2024-11-21T05:43:13.465+0000] {logging_mixin.py:190} INFO - [2024-11-21T05:43:13.465+0000] {dag.py:3239} INFO - Sync 1 DAGs
[2024-11-21T05:43:13.504+0000] {logging_mixin.py:190} INFO - [2024-11-21T05:43:13.503+0000] {dag.py:4180} INFO - Setting next_dagrun for juicy_luicy to 2024-11-21 05:00:00+00:00, run_after=2024-11-21 10:00:00+00:00
[2024-11-21T05:43:13.543+0000] {processor.py:208} INFO - Processing /opt/airflow/dags/juicy_luicy.py took 0.812 seconds
[2024-11-21T05:43:44.035+0000] {processor.py:186} INFO - Started process (PID=924) to work on /opt/airflow/dags/juicy_luicy.py
[2024-11-21T05:43:44.037+0000] {processor.py:914} INFO - Processing file /opt/airflow/dags/juicy_luicy.py for tasks to queue
[2024-11-21T05:43:44.042+0000] {logging_mixin.py:190} INFO - [2024-11-21T05:43:44.041+0000] {dagbag.py:588} INFO - Filling up the DagBag from /opt/airflow/dags/juicy_luicy.py
[2024-11-21T05:43:44.679+0000] {processor.py:925} INFO - DAG(s) 'juicy_luicy' retrieved from /opt/airflow/dags/juicy_luicy.py
[2024-11-21T05:43:44.716+0000] {logging_mixin.py:190} INFO - [2024-11-21T05:43:44.715+0000] {dag.py:3239} INFO - Sync 1 DAGs
[2024-11-21T05:43:44.755+0000] {logging_mixin.py:190} INFO - [2024-11-21T05:43:44.755+0000] {dag.py:4180} INFO - Setting next_dagrun for juicy_luicy to 2024-11-21 05:00:00+00:00, run_after=2024-11-21 10:00:00+00:00
[2024-11-21T05:43:44.801+0000] {processor.py:208} INFO - Processing /opt/airflow/dags/juicy_luicy.py took 0.778 seconds
[2024-11-21T05:44:15.416+0000] {processor.py:186} INFO - Started process (PID=932) to work on /opt/airflow/dags/juicy_luicy.py
[2024-11-21T05:44:15.419+0000] {processor.py:914} INFO - Processing file /opt/airflow/dags/juicy_luicy.py for tasks to queue
[2024-11-21T05:44:15.424+0000] {logging_mixin.py:190} INFO - [2024-11-21T05:44:15.423+0000] {dagbag.py:588} INFO - Filling up the DagBag from /opt/airflow/dags/juicy_luicy.py
[2024-11-21T05:44:16.123+0000] {processor.py:925} INFO - DAG(s) 'juicy_luicy' retrieved from /opt/airflow/dags/juicy_luicy.py
[2024-11-21T05:44:16.159+0000] {logging_mixin.py:190} INFO - [2024-11-21T05:44:16.159+0000] {dag.py:3239} INFO - Sync 1 DAGs
[2024-11-21T05:44:16.198+0000] {logging_mixin.py:190} INFO - [2024-11-21T05:44:16.198+0000] {dag.py:4180} INFO - Setting next_dagrun for juicy_luicy to 2024-11-21 05:00:00+00:00, run_after=2024-11-21 10:00:00+00:00
[2024-11-21T05:44:16.239+0000] {processor.py:208} INFO - Processing /opt/airflow/dags/juicy_luicy.py took 0.836 seconds
[2024-11-21T05:44:46.380+0000] {processor.py:186} INFO - Started process (PID=940) to work on /opt/airflow/dags/juicy_luicy.py
[2024-11-21T05:44:46.382+0000] {processor.py:914} INFO - Processing file /opt/airflow/dags/juicy_luicy.py for tasks to queue
[2024-11-21T05:44:46.387+0000] {logging_mixin.py:190} INFO - [2024-11-21T05:44:46.386+0000] {dagbag.py:588} INFO - Filling up the DagBag from /opt/airflow/dags/juicy_luicy.py
[2024-11-21T05:44:47.140+0000] {processor.py:925} INFO - DAG(s) 'juicy_luicy' retrieved from /opt/airflow/dags/juicy_luicy.py
[2024-11-21T05:44:47.180+0000] {logging_mixin.py:190} INFO - [2024-11-21T05:44:47.180+0000] {dag.py:3239} INFO - Sync 1 DAGs
[2024-11-21T05:44:47.223+0000] {logging_mixin.py:190} INFO - [2024-11-21T05:44:47.223+0000] {dag.py:4180} INFO - Setting next_dagrun for juicy_luicy to 2024-11-21 05:00:00+00:00, run_after=2024-11-21 10:00:00+00:00
[2024-11-21T05:44:47.265+0000] {processor.py:208} INFO - Processing /opt/airflow/dags/juicy_luicy.py took 0.901 seconds
[2024-11-21T05:45:17.754+0000] {processor.py:186} INFO - Started process (PID=948) to work on /opt/airflow/dags/juicy_luicy.py
[2024-11-21T05:45:17.758+0000] {processor.py:914} INFO - Processing file /opt/airflow/dags/juicy_luicy.py for tasks to queue
[2024-11-21T05:45:17.766+0000] {logging_mixin.py:190} INFO - [2024-11-21T05:45:17.764+0000] {dagbag.py:588} INFO - Filling up the DagBag from /opt/airflow/dags/juicy_luicy.py
[2024-11-21T05:45:18.499+0000] {processor.py:925} INFO - DAG(s) 'juicy_luicy' retrieved from /opt/airflow/dags/juicy_luicy.py
[2024-11-21T05:45:18.546+0000] {logging_mixin.py:190} INFO - [2024-11-21T05:45:18.546+0000] {dag.py:3239} INFO - Sync 1 DAGs
[2024-11-21T05:45:18.591+0000] {logging_mixin.py:190} INFO - [2024-11-21T05:45:18.590+0000] {dag.py:4180} INFO - Setting next_dagrun for juicy_luicy to 2024-11-21 05:00:00+00:00, run_after=2024-11-21 10:00:00+00:00
[2024-11-21T05:45:18.693+0000] {processor.py:208} INFO - Processing /opt/airflow/dags/juicy_luicy.py took 0.958 seconds
[2024-11-21T05:45:49.137+0000] {processor.py:186} INFO - Started process (PID=956) to work on /opt/airflow/dags/juicy_luicy.py
[2024-11-21T05:45:49.140+0000] {processor.py:914} INFO - Processing file /opt/airflow/dags/juicy_luicy.py for tasks to queue
[2024-11-21T05:45:49.145+0000] {logging_mixin.py:190} INFO - [2024-11-21T05:45:49.144+0000] {dagbag.py:588} INFO - Filling up the DagBag from /opt/airflow/dags/juicy_luicy.py
[2024-11-21T05:45:49.759+0000] {processor.py:925} INFO - DAG(s) 'juicy_luicy' retrieved from /opt/airflow/dags/juicy_luicy.py
[2024-11-21T05:45:49.796+0000] {logging_mixin.py:190} INFO - [2024-11-21T05:45:49.795+0000] {dag.py:3239} INFO - Sync 1 DAGs
[2024-11-21T05:45:49.840+0000] {logging_mixin.py:190} INFO - [2024-11-21T05:45:49.840+0000] {dag.py:4180} INFO - Setting next_dagrun for juicy_luicy to 2024-11-21 05:00:00+00:00, run_after=2024-11-21 10:00:00+00:00
[2024-11-21T05:45:49.882+0000] {processor.py:208} INFO - Processing /opt/airflow/dags/juicy_luicy.py took 0.757 seconds
[2024-11-21T05:46:20.499+0000] {processor.py:186} INFO - Started process (PID=964) to work on /opt/airflow/dags/juicy_luicy.py
[2024-11-21T05:46:20.501+0000] {processor.py:914} INFO - Processing file /opt/airflow/dags/juicy_luicy.py for tasks to queue
[2024-11-21T05:46:20.506+0000] {logging_mixin.py:190} INFO - [2024-11-21T05:46:20.505+0000] {dagbag.py:588} INFO - Filling up the DagBag from /opt/airflow/dags/juicy_luicy.py
[2024-11-21T05:46:21.233+0000] {processor.py:925} INFO - DAG(s) 'juicy_luicy' retrieved from /opt/airflow/dags/juicy_luicy.py
[2024-11-21T05:46:21.325+0000] {logging_mixin.py:190} INFO - [2024-11-21T05:46:21.325+0000] {dag.py:3239} INFO - Sync 1 DAGs
[2024-11-21T05:46:21.386+0000] {logging_mixin.py:190} INFO - [2024-11-21T05:46:21.386+0000] {dag.py:4180} INFO - Setting next_dagrun for juicy_luicy to 2024-11-21 05:00:00+00:00, run_after=2024-11-21 10:00:00+00:00
[2024-11-21T05:46:21.438+0000] {processor.py:208} INFO - Processing /opt/airflow/dags/juicy_luicy.py took 0.950 seconds
[2024-11-21T05:46:52.047+0000] {processor.py:186} INFO - Started process (PID=972) to work on /opt/airflow/dags/juicy_luicy.py
[2024-11-21T05:46:52.049+0000] {processor.py:914} INFO - Processing file /opt/airflow/dags/juicy_luicy.py for tasks to queue
[2024-11-21T05:46:52.054+0000] {logging_mixin.py:190} INFO - [2024-11-21T05:46:52.053+0000] {dagbag.py:588} INFO - Filling up the DagBag from /opt/airflow/dags/juicy_luicy.py
[2024-11-21T05:46:52.727+0000] {processor.py:925} INFO - DAG(s) 'juicy_luicy' retrieved from /opt/airflow/dags/juicy_luicy.py
[2024-11-21T05:46:52.763+0000] {logging_mixin.py:190} INFO - [2024-11-21T05:46:52.762+0000] {dag.py:3239} INFO - Sync 1 DAGs
[2024-11-21T05:46:52.803+0000] {logging_mixin.py:190} INFO - [2024-11-21T05:46:52.802+0000] {dag.py:4180} INFO - Setting next_dagrun for juicy_luicy to 2024-11-21 05:00:00+00:00, run_after=2024-11-21 10:00:00+00:00
[2024-11-21T05:46:52.843+0000] {processor.py:208} INFO - Processing /opt/airflow/dags/juicy_luicy.py took 0.808 seconds
[2024-11-21T05:47:23.140+0000] {processor.py:186} INFO - Started process (PID=980) to work on /opt/airflow/dags/juicy_luicy.py
[2024-11-21T05:47:23.142+0000] {processor.py:914} INFO - Processing file /opt/airflow/dags/juicy_luicy.py for tasks to queue
[2024-11-21T05:47:23.147+0000] {logging_mixin.py:190} INFO - [2024-11-21T05:47:23.146+0000] {dagbag.py:588} INFO - Filling up the DagBag from /opt/airflow/dags/juicy_luicy.py
[2024-11-21T05:47:23.566+0000] {processor.py:925} INFO - DAG(s) 'juicy_luicy' retrieved from /opt/airflow/dags/juicy_luicy.py
[2024-11-21T05:47:23.608+0000] {logging_mixin.py:190} INFO - [2024-11-21T05:47:23.608+0000] {dag.py:3239} INFO - Sync 1 DAGs
[2024-11-21T05:47:23.656+0000] {logging_mixin.py:190} INFO - [2024-11-21T05:47:23.656+0000] {dag.py:4180} INFO - Setting next_dagrun for juicy_luicy to 2024-11-21 05:00:00+00:00, run_after=2024-11-21 10:00:00+00:00
[2024-11-21T05:47:23.697+0000] {processor.py:208} INFO - Processing /opt/airflow/dags/juicy_luicy.py took 0.569 seconds
[2024-11-21T05:47:53.939+0000] {processor.py:186} INFO - Started process (PID=988) to work on /opt/airflow/dags/juicy_luicy.py
[2024-11-21T05:47:53.942+0000] {processor.py:914} INFO - Processing file /opt/airflow/dags/juicy_luicy.py for tasks to queue
[2024-11-21T05:47:53.947+0000] {logging_mixin.py:190} INFO - [2024-11-21T05:47:53.946+0000] {dagbag.py:588} INFO - Filling up the DagBag from /opt/airflow/dags/juicy_luicy.py
[2024-11-21T05:47:54.372+0000] {processor.py:925} INFO - DAG(s) 'juicy_luicy' retrieved from /opt/airflow/dags/juicy_luicy.py
[2024-11-21T05:47:54.414+0000] {logging_mixin.py:190} INFO - [2024-11-21T05:47:54.414+0000] {dag.py:3239} INFO - Sync 1 DAGs
[2024-11-21T05:47:54.458+0000] {logging_mixin.py:190} INFO - [2024-11-21T05:47:54.458+0000] {dag.py:4180} INFO - Setting next_dagrun for juicy_luicy to 2024-11-21 05:00:00+00:00, run_after=2024-11-21 10:00:00+00:00
[2024-11-21T05:47:54.504+0000] {processor.py:208} INFO - Processing /opt/airflow/dags/juicy_luicy.py took 0.580 seconds
[2024-11-21T05:48:25.507+0000] {processor.py:186} INFO - Started process (PID=996) to work on /opt/airflow/dags/juicy_luicy.py
[2024-11-21T05:48:25.509+0000] {processor.py:914} INFO - Processing file /opt/airflow/dags/juicy_luicy.py for tasks to queue
[2024-11-21T05:48:25.514+0000] {logging_mixin.py:190} INFO - [2024-11-21T05:48:25.514+0000] {dagbag.py:588} INFO - Filling up the DagBag from /opt/airflow/dags/juicy_luicy.py
[2024-11-21T05:48:25.912+0000] {processor.py:925} INFO - DAG(s) 'juicy_luicy' retrieved from /opt/airflow/dags/juicy_luicy.py
[2024-11-21T05:48:25.958+0000] {logging_mixin.py:190} INFO - [2024-11-21T05:48:25.958+0000] {dag.py:3239} INFO - Sync 1 DAGs
[2024-11-21T05:48:26.011+0000] {logging_mixin.py:190} INFO - [2024-11-21T05:48:26.011+0000] {dag.py:4180} INFO - Setting next_dagrun for juicy_luicy to 2024-11-21 05:00:00+00:00, run_after=2024-11-21 10:00:00+00:00
[2024-11-21T05:48:26.055+0000] {processor.py:208} INFO - Processing /opt/airflow/dags/juicy_luicy.py took 0.559 seconds
[2024-11-21T05:48:56.509+0000] {processor.py:186} INFO - Started process (PID=1004) to work on /opt/airflow/dags/juicy_luicy.py
[2024-11-21T05:48:56.515+0000] {processor.py:914} INFO - Processing file /opt/airflow/dags/juicy_luicy.py for tasks to queue
[2024-11-21T05:48:56.530+0000] {logging_mixin.py:190} INFO - [2024-11-21T05:48:56.526+0000] {dagbag.py:588} INFO - Filling up the DagBag from /opt/airflow/dags/juicy_luicy.py
[2024-11-21T05:48:57.208+0000] {processor.py:925} INFO - DAG(s) 'juicy_luicy' retrieved from /opt/airflow/dags/juicy_luicy.py
[2024-11-21T05:48:57.281+0000] {logging_mixin.py:190} INFO - [2024-11-21T05:48:57.279+0000] {dag.py:3239} INFO - Sync 1 DAGs
[2024-11-21T05:48:57.356+0000] {logging_mixin.py:190} INFO - [2024-11-21T05:48:57.355+0000] {dag.py:4180} INFO - Setting next_dagrun for juicy_luicy to 2024-11-21 05:00:00+00:00, run_after=2024-11-21 10:00:00+00:00
[2024-11-21T05:48:57.429+0000] {processor.py:208} INFO - Processing /opt/airflow/dags/juicy_luicy.py took 0.951 seconds
[2024-11-21T05:49:28.071+0000] {processor.py:186} INFO - Started process (PID=1012) to work on /opt/airflow/dags/juicy_luicy.py
[2024-11-21T05:49:28.074+0000] {processor.py:914} INFO - Processing file /opt/airflow/dags/juicy_luicy.py for tasks to queue
[2024-11-21T05:49:28.081+0000] {logging_mixin.py:190} INFO - [2024-11-21T05:49:28.080+0000] {dagbag.py:588} INFO - Filling up the DagBag from /opt/airflow/dags/juicy_luicy.py
[2024-11-21T05:49:28.584+0000] {processor.py:925} INFO - DAG(s) 'juicy_luicy' retrieved from /opt/airflow/dags/juicy_luicy.py
[2024-11-21T05:49:28.624+0000] {logging_mixin.py:190} INFO - [2024-11-21T05:49:28.623+0000] {dag.py:3239} INFO - Sync 1 DAGs
[2024-11-21T05:49:28.672+0000] {logging_mixin.py:190} INFO - [2024-11-21T05:49:28.672+0000] {dag.py:4180} INFO - Setting next_dagrun for juicy_luicy to 2024-11-21 05:00:00+00:00, run_after=2024-11-21 10:00:00+00:00
[2024-11-21T05:49:28.717+0000] {processor.py:208} INFO - Processing /opt/airflow/dags/juicy_luicy.py took 0.663 seconds
[2024-11-21T05:49:59.630+0000] {processor.py:186} INFO - Started process (PID=1020) to work on /opt/airflow/dags/juicy_luicy.py
[2024-11-21T05:49:59.632+0000] {processor.py:914} INFO - Processing file /opt/airflow/dags/juicy_luicy.py for tasks to queue
[2024-11-21T05:49:59.637+0000] {logging_mixin.py:190} INFO - [2024-11-21T05:49:59.636+0000] {dagbag.py:588} INFO - Filling up the DagBag from /opt/airflow/dags/juicy_luicy.py
[2024-11-21T05:50:00.075+0000] {processor.py:925} INFO - DAG(s) 'juicy_luicy' retrieved from /opt/airflow/dags/juicy_luicy.py
[2024-11-21T05:50:00.114+0000] {logging_mixin.py:190} INFO - [2024-11-21T05:50:00.114+0000] {dag.py:3239} INFO - Sync 1 DAGs
[2024-11-21T05:50:00.162+0000] {logging_mixin.py:190} INFO - [2024-11-21T05:50:00.161+0000] {dag.py:4180} INFO - Setting next_dagrun for juicy_luicy to 2024-11-21 05:00:00+00:00, run_after=2024-11-21 10:00:00+00:00
[2024-11-21T05:50:00.205+0000] {processor.py:208} INFO - Processing /opt/airflow/dags/juicy_luicy.py took 0.587 seconds
[2024-11-21T05:50:30.606+0000] {processor.py:186} INFO - Started process (PID=1028) to work on /opt/airflow/dags/juicy_luicy.py
[2024-11-21T05:50:30.609+0000] {processor.py:914} INFO - Processing file /opt/airflow/dags/juicy_luicy.py for tasks to queue
[2024-11-21T05:50:30.613+0000] {logging_mixin.py:190} INFO - [2024-11-21T05:50:30.613+0000] {dagbag.py:588} INFO - Filling up the DagBag from /opt/airflow/dags/juicy_luicy.py
[2024-11-21T05:50:31.026+0000] {processor.py:925} INFO - DAG(s) 'juicy_luicy' retrieved from /opt/airflow/dags/juicy_luicy.py
[2024-11-21T05:50:31.068+0000] {logging_mixin.py:190} INFO - [2024-11-21T05:50:31.068+0000] {dag.py:3239} INFO - Sync 1 DAGs
[2024-11-21T05:50:31.113+0000] {logging_mixin.py:190} INFO - [2024-11-21T05:50:31.113+0000] {dag.py:4180} INFO - Setting next_dagrun for juicy_luicy to 2024-11-21 05:00:00+00:00, run_after=2024-11-21 10:00:00+00:00
[2024-11-21T05:50:31.160+0000] {processor.py:208} INFO - Processing /opt/airflow/dags/juicy_luicy.py took 0.569 seconds
[2024-11-21T05:51:01.664+0000] {processor.py:186} INFO - Started process (PID=1036) to work on /opt/airflow/dags/juicy_luicy.py
[2024-11-21T05:51:01.666+0000] {processor.py:914} INFO - Processing file /opt/airflow/dags/juicy_luicy.py for tasks to queue
[2024-11-21T05:51:01.671+0000] {logging_mixin.py:190} INFO - [2024-11-21T05:51:01.670+0000] {dagbag.py:588} INFO - Filling up the DagBag from /opt/airflow/dags/juicy_luicy.py
[2024-11-21T05:51:02.100+0000] {processor.py:925} INFO - DAG(s) 'juicy_luicy' retrieved from /opt/airflow/dags/juicy_luicy.py
[2024-11-21T05:51:02.170+0000] {logging_mixin.py:190} INFO - [2024-11-21T05:51:02.169+0000] {dag.py:3239} INFO - Sync 1 DAGs
[2024-11-21T05:51:02.253+0000] {logging_mixin.py:190} INFO - [2024-11-21T05:51:02.253+0000] {dag.py:4180} INFO - Setting next_dagrun for juicy_luicy to 2024-11-21 05:00:00+00:00, run_after=2024-11-21 10:00:00+00:00
[2024-11-21T05:51:02.318+0000] {processor.py:208} INFO - Processing /opt/airflow/dags/juicy_luicy.py took 0.666 seconds
[2024-11-21T05:51:32.757+0000] {processor.py:186} INFO - Started process (PID=1044) to work on /opt/airflow/dags/juicy_luicy.py
[2024-11-21T05:51:32.759+0000] {processor.py:914} INFO - Processing file /opt/airflow/dags/juicy_luicy.py for tasks to queue
[2024-11-21T05:51:32.764+0000] {logging_mixin.py:190} INFO - [2024-11-21T05:51:32.763+0000] {dagbag.py:588} INFO - Filling up the DagBag from /opt/airflow/dags/juicy_luicy.py
[2024-11-21T05:51:33.163+0000] {processor.py:925} INFO - DAG(s) 'juicy_luicy' retrieved from /opt/airflow/dags/juicy_luicy.py
[2024-11-21T05:51:33.205+0000] {logging_mixin.py:190} INFO - [2024-11-21T05:51:33.204+0000] {dag.py:3239} INFO - Sync 1 DAGs
[2024-11-21T05:51:33.251+0000] {logging_mixin.py:190} INFO - [2024-11-21T05:51:33.251+0000] {dag.py:4180} INFO - Setting next_dagrun for juicy_luicy to 2024-11-21 05:00:00+00:00, run_after=2024-11-21 10:00:00+00:00
[2024-11-21T05:51:33.294+0000] {processor.py:208} INFO - Processing /opt/airflow/dags/juicy_luicy.py took 0.549 seconds
[2024-11-21T05:52:03.452+0000] {processor.py:186} INFO - Started process (PID=1052) to work on /opt/airflow/dags/juicy_luicy.py
[2024-11-21T05:52:03.453+0000] {processor.py:914} INFO - Processing file /opt/airflow/dags/juicy_luicy.py for tasks to queue
[2024-11-21T05:52:03.458+0000] {logging_mixin.py:190} INFO - [2024-11-21T05:52:03.458+0000] {dagbag.py:588} INFO - Filling up the DagBag from /opt/airflow/dags/juicy_luicy.py
[2024-11-21T05:52:03.871+0000] {processor.py:925} INFO - DAG(s) 'juicy_luicy' retrieved from /opt/airflow/dags/juicy_luicy.py
[2024-11-21T05:52:03.913+0000] {logging_mixin.py:190} INFO - [2024-11-21T05:52:03.913+0000] {dag.py:3239} INFO - Sync 1 DAGs
[2024-11-21T05:52:03.959+0000] {logging_mixin.py:190} INFO - [2024-11-21T05:52:03.958+0000] {dag.py:4180} INFO - Setting next_dagrun for juicy_luicy to 2024-11-21 05:00:00+00:00, run_after=2024-11-21 10:00:00+00:00
[2024-11-21T05:52:04.005+0000] {processor.py:208} INFO - Processing /opt/airflow/dags/juicy_luicy.py took 0.565 seconds
[2024-11-21T05:52:34.445+0000] {processor.py:186} INFO - Started process (PID=1060) to work on /opt/airflow/dags/juicy_luicy.py
[2024-11-21T05:52:34.452+0000] {processor.py:914} INFO - Processing file /opt/airflow/dags/juicy_luicy.py for tasks to queue
[2024-11-21T05:52:34.470+0000] {logging_mixin.py:190} INFO - [2024-11-21T05:52:34.468+0000] {dagbag.py:588} INFO - Filling up the DagBag from /opt/airflow/dags/juicy_luicy.py
[2024-11-21T05:52:35.072+0000] {processor.py:925} INFO - DAG(s) 'juicy_luicy' retrieved from /opt/airflow/dags/juicy_luicy.py
[2024-11-21T05:52:35.185+0000] {logging_mixin.py:190} INFO - [2024-11-21T05:52:35.185+0000] {dag.py:3239} INFO - Sync 1 DAGs
[2024-11-21T05:52:35.301+0000] {logging_mixin.py:190} INFO - [2024-11-21T05:52:35.300+0000] {dag.py:4180} INFO - Setting next_dagrun for juicy_luicy to 2024-11-21 05:00:00+00:00, run_after=2024-11-21 10:00:00+00:00
[2024-11-21T05:52:35.383+0000] {processor.py:208} INFO - Processing /opt/airflow/dags/juicy_luicy.py took 0.994 seconds
[2024-11-21T05:53:05.927+0000] {processor.py:186} INFO - Started process (PID=1068) to work on /opt/airflow/dags/juicy_luicy.py
[2024-11-21T05:53:05.929+0000] {processor.py:914} INFO - Processing file /opt/airflow/dags/juicy_luicy.py for tasks to queue
[2024-11-21T05:53:05.934+0000] {logging_mixin.py:190} INFO - [2024-11-21T05:53:05.933+0000] {dagbag.py:588} INFO - Filling up the DagBag from /opt/airflow/dags/juicy_luicy.py
[2024-11-21T05:53:06.330+0000] {processor.py:925} INFO - DAG(s) 'juicy_luicy' retrieved from /opt/airflow/dags/juicy_luicy.py
[2024-11-21T05:53:06.373+0000] {logging_mixin.py:190} INFO - [2024-11-21T05:53:06.373+0000] {dag.py:3239} INFO - Sync 1 DAGs
[2024-11-21T05:53:06.421+0000] {logging_mixin.py:190} INFO - [2024-11-21T05:53:06.421+0000] {dag.py:4180} INFO - Setting next_dagrun for juicy_luicy to 2024-11-21 05:00:00+00:00, run_after=2024-11-21 10:00:00+00:00
[2024-11-21T05:53:06.466+0000] {processor.py:208} INFO - Processing /opt/airflow/dags/juicy_luicy.py took 0.551 seconds
[2024-11-21T05:53:36.605+0000] {processor.py:186} INFO - Started process (PID=1076) to work on /opt/airflow/dags/juicy_luicy.py
[2024-11-21T05:53:36.607+0000] {processor.py:914} INFO - Processing file /opt/airflow/dags/juicy_luicy.py for tasks to queue
[2024-11-21T05:53:36.612+0000] {logging_mixin.py:190} INFO - [2024-11-21T05:53:36.611+0000] {dagbag.py:588} INFO - Filling up the DagBag from /opt/airflow/dags/juicy_luicy.py
[2024-11-21T05:53:37.033+0000] {processor.py:925} INFO - DAG(s) 'juicy_luicy' retrieved from /opt/airflow/dags/juicy_luicy.py
[2024-11-21T05:53:37.074+0000] {logging_mixin.py:190} INFO - [2024-11-21T05:53:37.074+0000] {dag.py:3239} INFO - Sync 1 DAGs
[2024-11-21T05:53:37.122+0000] {logging_mixin.py:190} INFO - [2024-11-21T05:53:37.122+0000] {dag.py:4180} INFO - Setting next_dagrun for juicy_luicy to 2024-11-21 05:00:00+00:00, run_after=2024-11-21 10:00:00+00:00
[2024-11-21T05:53:37.160+0000] {processor.py:208} INFO - Processing /opt/airflow/dags/juicy_luicy.py took 0.567 seconds
[2024-11-21T05:54:07.913+0000] {processor.py:186} INFO - Started process (PID=1084) to work on /opt/airflow/dags/juicy_luicy.py
[2024-11-21T05:54:07.915+0000] {processor.py:914} INFO - Processing file /opt/airflow/dags/juicy_luicy.py for tasks to queue
[2024-11-21T05:54:07.920+0000] {logging_mixin.py:190} INFO - [2024-11-21T05:54:07.919+0000] {dagbag.py:588} INFO - Filling up the DagBag from /opt/airflow/dags/juicy_luicy.py
[2024-11-21T05:54:08.334+0000] {processor.py:925} INFO - DAG(s) 'juicy_luicy' retrieved from /opt/airflow/dags/juicy_luicy.py
[2024-11-21T05:54:08.375+0000] {logging_mixin.py:190} INFO - [2024-11-21T05:54:08.375+0000] {dag.py:3239} INFO - Sync 1 DAGs
[2024-11-21T05:54:08.428+0000] {logging_mixin.py:190} INFO - [2024-11-21T05:54:08.428+0000] {dag.py:4180} INFO - Setting next_dagrun for juicy_luicy to 2024-11-21 05:00:00+00:00, run_after=2024-11-21 10:00:00+00:00
[2024-11-21T05:54:08.502+0000] {processor.py:208} INFO - Processing /opt/airflow/dags/juicy_luicy.py took 0.601 seconds
[2024-11-21T05:54:38.669+0000] {processor.py:186} INFO - Started process (PID=1092) to work on /opt/airflow/dags/juicy_luicy.py
[2024-11-21T05:54:38.671+0000] {processor.py:914} INFO - Processing file /opt/airflow/dags/juicy_luicy.py for tasks to queue
[2024-11-21T05:54:38.676+0000] {logging_mixin.py:190} INFO - [2024-11-21T05:54:38.676+0000] {dagbag.py:588} INFO - Filling up the DagBag from /opt/airflow/dags/juicy_luicy.py
[2024-11-21T05:54:39.168+0000] {processor.py:925} INFO - DAG(s) 'juicy_luicy' retrieved from /opt/airflow/dags/juicy_luicy.py
[2024-11-21T05:54:39.250+0000] {logging_mixin.py:190} INFO - [2024-11-21T05:54:39.249+0000] {dag.py:3239} INFO - Sync 1 DAGs
[2024-11-21T05:54:39.344+0000] {logging_mixin.py:190} INFO - [2024-11-21T05:54:39.344+0000] {dag.py:4180} INFO - Setting next_dagrun for juicy_luicy to 2024-11-21 05:00:00+00:00, run_after=2024-11-21 10:00:00+00:00
[2024-11-21T05:54:39.414+0000] {processor.py:208} INFO - Processing /opt/airflow/dags/juicy_luicy.py took 0.758 seconds
[2024-11-21T05:55:09.555+0000] {processor.py:186} INFO - Started process (PID=1100) to work on /opt/airflow/dags/juicy_luicy.py
[2024-11-21T05:55:09.557+0000] {processor.py:914} INFO - Processing file /opt/airflow/dags/juicy_luicy.py for tasks to queue
[2024-11-21T05:55:09.561+0000] {logging_mixin.py:190} INFO - [2024-11-21T05:55:09.561+0000] {dagbag.py:588} INFO - Filling up the DagBag from /opt/airflow/dags/juicy_luicy.py
[2024-11-21T05:55:10.022+0000] {processor.py:925} INFO - DAG(s) 'juicy_luicy' retrieved from /opt/airflow/dags/juicy_luicy.py
[2024-11-21T05:55:10.064+0000] {logging_mixin.py:190} INFO - [2024-11-21T05:55:10.063+0000] {dag.py:3239} INFO - Sync 1 DAGs
[2024-11-21T05:55:10.110+0000] {logging_mixin.py:190} INFO - [2024-11-21T05:55:10.110+0000] {dag.py:4180} INFO - Setting next_dagrun for juicy_luicy to 2024-11-21 05:00:00+00:00, run_after=2024-11-21 10:00:00+00:00
[2024-11-21T05:55:10.152+0000] {processor.py:208} INFO - Processing /opt/airflow/dags/juicy_luicy.py took 0.609 seconds
[2024-11-21T05:55:40.675+0000] {processor.py:186} INFO - Started process (PID=1108) to work on /opt/airflow/dags/juicy_luicy.py
[2024-11-21T05:55:40.677+0000] {processor.py:914} INFO - Processing file /opt/airflow/dags/juicy_luicy.py for tasks to queue
[2024-11-21T05:55:40.683+0000] {logging_mixin.py:190} INFO - [2024-11-21T05:55:40.682+0000] {dagbag.py:588} INFO - Filling up the DagBag from /opt/airflow/dags/juicy_luicy.py
[2024-11-21T05:55:41.118+0000] {processor.py:925} INFO - DAG(s) 'juicy_luicy' retrieved from /opt/airflow/dags/juicy_luicy.py
[2024-11-21T05:55:41.158+0000] {logging_mixin.py:190} INFO - [2024-11-21T05:55:41.157+0000] {dag.py:3239} INFO - Sync 1 DAGs
[2024-11-21T05:55:41.206+0000] {logging_mixin.py:190} INFO - [2024-11-21T05:55:41.205+0000] {dag.py:4180} INFO - Setting next_dagrun for juicy_luicy to 2024-11-21 05:00:00+00:00, run_after=2024-11-21 10:00:00+00:00
[2024-11-21T05:55:41.245+0000] {processor.py:208} INFO - Processing /opt/airflow/dags/juicy_luicy.py took 0.582 seconds
[2024-11-21T05:56:11.354+0000] {processor.py:186} INFO - Started process (PID=1116) to work on /opt/airflow/dags/juicy_luicy.py
[2024-11-21T05:56:11.356+0000] {processor.py:914} INFO - Processing file /opt/airflow/dags/juicy_luicy.py for tasks to queue
[2024-11-21T05:56:11.360+0000] {logging_mixin.py:190} INFO - [2024-11-21T05:56:11.360+0000] {dagbag.py:588} INFO - Filling up the DagBag from /opt/airflow/dags/juicy_luicy.py
[2024-11-21T05:56:11.828+0000] {processor.py:925} INFO - DAG(s) 'juicy_luicy' retrieved from /opt/airflow/dags/juicy_luicy.py
[2024-11-21T05:56:11.881+0000] {logging_mixin.py:190} INFO - [2024-11-21T05:56:11.880+0000] {dag.py:3239} INFO - Sync 1 DAGs
[2024-11-21T05:56:11.932+0000] {logging_mixin.py:190} INFO - [2024-11-21T05:56:11.931+0000] {dag.py:4180} INFO - Setting next_dagrun for juicy_luicy to 2024-11-21 05:00:00+00:00, run_after=2024-11-21 10:00:00+00:00
[2024-11-21T05:56:11.978+0000] {processor.py:208} INFO - Processing /opt/airflow/dags/juicy_luicy.py took 0.637 seconds
[2024-11-21T05:56:42.507+0000] {processor.py:186} INFO - Started process (PID=1124) to work on /opt/airflow/dags/juicy_luicy.py
[2024-11-21T05:56:42.510+0000] {processor.py:914} INFO - Processing file /opt/airflow/dags/juicy_luicy.py for tasks to queue
[2024-11-21T05:56:42.517+0000] {logging_mixin.py:190} INFO - [2024-11-21T05:56:42.516+0000] {dagbag.py:588} INFO - Filling up the DagBag from /opt/airflow/dags/juicy_luicy.py
[2024-11-21T05:56:42.932+0000] {processor.py:925} INFO - DAG(s) 'juicy_luicy' retrieved from /opt/airflow/dags/juicy_luicy.py
[2024-11-21T05:56:42.977+0000] {logging_mixin.py:190} INFO - [2024-11-21T05:56:42.977+0000] {dag.py:3239} INFO - Sync 1 DAGs
[2024-11-21T05:56:43.030+0000] {logging_mixin.py:190} INFO - [2024-11-21T05:56:43.029+0000] {dag.py:4180} INFO - Setting next_dagrun for juicy_luicy to 2024-11-21 05:00:00+00:00, run_after=2024-11-21 10:00:00+00:00
[2024-11-21T05:56:43.083+0000] {processor.py:208} INFO - Processing /opt/airflow/dags/juicy_luicy.py took 0.590 seconds
[2024-11-21T05:57:13.420+0000] {processor.py:186} INFO - Started process (PID=1132) to work on /opt/airflow/dags/juicy_luicy.py
[2024-11-21T05:57:13.423+0000] {processor.py:914} INFO - Processing file /opt/airflow/dags/juicy_luicy.py for tasks to queue
[2024-11-21T05:57:13.428+0000] {logging_mixin.py:190} INFO - [2024-11-21T05:57:13.427+0000] {dagbag.py:588} INFO - Filling up the DagBag from /opt/airflow/dags/juicy_luicy.py
[2024-11-21T05:57:13.854+0000] {processor.py:925} INFO - DAG(s) 'juicy_luicy' retrieved from /opt/airflow/dags/juicy_luicy.py
[2024-11-21T05:57:13.895+0000] {logging_mixin.py:190} INFO - [2024-11-21T05:57:13.894+0000] {dag.py:3239} INFO - Sync 1 DAGs
[2024-11-21T05:57:13.944+0000] {logging_mixin.py:190} INFO - [2024-11-21T05:57:13.944+0000] {dag.py:4180} INFO - Setting next_dagrun for juicy_luicy to 2024-11-21 05:00:00+00:00, run_after=2024-11-21 10:00:00+00:00
[2024-11-21T05:57:13.985+0000] {processor.py:208} INFO - Processing /opt/airflow/dags/juicy_luicy.py took 0.578 seconds
[2024-11-21T06:00:31.758+0000] {processor.py:186} INFO - Started process (PID=1140) to work on /opt/airflow/dags/juicy_luicy.py
[2024-11-21T06:00:31.772+0000] {processor.py:914} INFO - Processing file /opt/airflow/dags/juicy_luicy.py for tasks to queue
[2024-11-21T06:00:31.809+0000] {logging_mixin.py:190} INFO - [2024-11-21T06:00:31.807+0000] {dagbag.py:588} INFO - Filling up the DagBag from /opt/airflow/dags/juicy_luicy.py
[2024-11-21T06:00:32.731+0000] {processor.py:925} INFO - DAG(s) 'juicy_luicy' retrieved from /opt/airflow/dags/juicy_luicy.py
[2024-11-21T06:00:32.813+0000] {logging_mixin.py:190} INFO - [2024-11-21T06:00:32.812+0000] {dag.py:3239} INFO - Sync 1 DAGs
[2024-11-21T06:00:32.916+0000] {logging_mixin.py:190} INFO - [2024-11-21T06:00:32.915+0000] {dag.py:4180} INFO - Setting next_dagrun for juicy_luicy to 2024-11-21 05:00:00+00:00, run_after=2024-11-21 10:00:00+00:00
[2024-11-21T06:00:32.988+0000] {processor.py:208} INFO - Processing /opt/airflow/dags/juicy_luicy.py took 1.259 seconds
[2024-11-21T06:01:03.689+0000] {processor.py:186} INFO - Started process (PID=1148) to work on /opt/airflow/dags/juicy_luicy.py
[2024-11-21T06:01:03.691+0000] {processor.py:914} INFO - Processing file /opt/airflow/dags/juicy_luicy.py for tasks to queue
[2024-11-21T06:01:03.699+0000] {logging_mixin.py:190} INFO - [2024-11-21T06:01:03.698+0000] {dagbag.py:588} INFO - Filling up the DagBag from /opt/airflow/dags/juicy_luicy.py
[2024-11-21T06:01:04.147+0000] {processor.py:925} INFO - DAG(s) 'juicy_luicy' retrieved from /opt/airflow/dags/juicy_luicy.py
[2024-11-21T06:01:04.196+0000] {logging_mixin.py:190} INFO - [2024-11-21T06:01:04.196+0000] {dag.py:3239} INFO - Sync 1 DAGs
[2024-11-21T06:01:04.250+0000] {logging_mixin.py:190} INFO - [2024-11-21T06:01:04.250+0000] {dag.py:4180} INFO - Setting next_dagrun for juicy_luicy to 2024-11-21 05:00:00+00:00, run_after=2024-11-21 10:00:00+00:00
[2024-11-21T06:01:04.306+0000] {processor.py:208} INFO - Processing /opt/airflow/dags/juicy_luicy.py took 0.630 seconds
[2024-11-21T06:01:35.155+0000] {processor.py:186} INFO - Started process (PID=1156) to work on /opt/airflow/dags/juicy_luicy.py
[2024-11-21T06:01:35.157+0000] {processor.py:914} INFO - Processing file /opt/airflow/dags/juicy_luicy.py for tasks to queue
[2024-11-21T06:01:35.163+0000] {logging_mixin.py:190} INFO - [2024-11-21T06:01:35.162+0000] {dagbag.py:588} INFO - Filling up the DagBag from /opt/airflow/dags/juicy_luicy.py
[2024-11-21T06:01:35.689+0000] {processor.py:925} INFO - DAG(s) 'juicy_luicy' retrieved from /opt/airflow/dags/juicy_luicy.py
[2024-11-21T06:01:35.746+0000] {logging_mixin.py:190} INFO - [2024-11-21T06:01:35.745+0000] {dag.py:3239} INFO - Sync 1 DAGs
[2024-11-21T06:01:35.792+0000] {logging_mixin.py:190} INFO - [2024-11-21T06:01:35.791+0000] {dag.py:4180} INFO - Setting next_dagrun for juicy_luicy to 2024-11-21 05:00:00+00:00, run_after=2024-11-21 10:00:00+00:00
[2024-11-21T06:01:35.836+0000] {processor.py:208} INFO - Processing /opt/airflow/dags/juicy_luicy.py took 0.696 seconds
[2024-11-21T06:02:06.242+0000] {processor.py:186} INFO - Started process (PID=1164) to work on /opt/airflow/dags/juicy_luicy.py
[2024-11-21T06:02:06.244+0000] {processor.py:914} INFO - Processing file /opt/airflow/dags/juicy_luicy.py for tasks to queue
[2024-11-21T06:02:06.250+0000] {logging_mixin.py:190} INFO - [2024-11-21T06:02:06.249+0000] {dagbag.py:588} INFO - Filling up the DagBag from /opt/airflow/dags/juicy_luicy.py
[2024-11-21T06:02:06.747+0000] {processor.py:925} INFO - DAG(s) 'juicy_luicy' retrieved from /opt/airflow/dags/juicy_luicy.py
[2024-11-21T06:02:06.794+0000] {logging_mixin.py:190} INFO - [2024-11-21T06:02:06.793+0000] {dag.py:3239} INFO - Sync 1 DAGs
[2024-11-21T06:02:06.844+0000] {logging_mixin.py:190} INFO - [2024-11-21T06:02:06.843+0000] {dag.py:4180} INFO - Setting next_dagrun for juicy_luicy to 2024-11-21 05:00:00+00:00, run_after=2024-11-21 10:00:00+00:00
[2024-11-21T06:02:06.885+0000] {processor.py:208} INFO - Processing /opt/airflow/dags/juicy_luicy.py took 0.657 seconds
[2024-11-21T06:02:37.213+0000] {processor.py:186} INFO - Started process (PID=1172) to work on /opt/airflow/dags/juicy_luicy.py
[2024-11-21T06:02:37.215+0000] {processor.py:914} INFO - Processing file /opt/airflow/dags/juicy_luicy.py for tasks to queue
[2024-11-21T06:02:37.223+0000] {logging_mixin.py:190} INFO - [2024-11-21T06:02:37.222+0000] {dagbag.py:588} INFO - Filling up the DagBag from /opt/airflow/dags/juicy_luicy.py
[2024-11-21T06:02:37.738+0000] {processor.py:925} INFO - DAG(s) 'juicy_luicy' retrieved from /opt/airflow/dags/juicy_luicy.py
[2024-11-21T06:02:37.796+0000] {logging_mixin.py:190} INFO - [2024-11-21T06:02:37.795+0000] {dag.py:3239} INFO - Sync 1 DAGs
[2024-11-21T06:02:37.870+0000] {logging_mixin.py:190} INFO - [2024-11-21T06:02:37.870+0000] {dag.py:4180} INFO - Setting next_dagrun for juicy_luicy to 2024-11-21 05:00:00+00:00, run_after=2024-11-21 10:00:00+00:00
[2024-11-21T06:02:37.943+0000] {processor.py:208} INFO - Processing /opt/airflow/dags/juicy_luicy.py took 0.744 seconds
[2024-11-21T06:03:08.649+0000] {processor.py:186} INFO - Started process (PID=1180) to work on /opt/airflow/dags/juicy_luicy.py
[2024-11-21T06:03:08.652+0000] {processor.py:914} INFO - Processing file /opt/airflow/dags/juicy_luicy.py for tasks to queue
[2024-11-21T06:03:08.660+0000] {logging_mixin.py:190} INFO - [2024-11-21T06:03:08.658+0000] {dagbag.py:588} INFO - Filling up the DagBag from /opt/airflow/dags/juicy_luicy.py
[2024-11-21T06:03:09.319+0000] {processor.py:925} INFO - DAG(s) 'juicy_luicy' retrieved from /opt/airflow/dags/juicy_luicy.py
[2024-11-21T06:03:09.384+0000] {logging_mixin.py:190} INFO - [2024-11-21T06:03:09.383+0000] {dag.py:3239} INFO - Sync 1 DAGs
[2024-11-21T06:03:09.442+0000] {logging_mixin.py:190} INFO - [2024-11-21T06:03:09.442+0000] {dag.py:4180} INFO - Setting next_dagrun for juicy_luicy to 2024-11-21 05:00:00+00:00, run_after=2024-11-21 10:00:00+00:00
[2024-11-21T06:03:09.495+0000] {processor.py:208} INFO - Processing /opt/airflow/dags/juicy_luicy.py took 0.866 seconds
[2024-11-21T06:03:40.144+0000] {processor.py:186} INFO - Started process (PID=1188) to work on /opt/airflow/dags/juicy_luicy.py
[2024-11-21T06:03:40.146+0000] {processor.py:914} INFO - Processing file /opt/airflow/dags/juicy_luicy.py for tasks to queue
[2024-11-21T06:03:40.152+0000] {logging_mixin.py:190} INFO - [2024-11-21T06:03:40.151+0000] {dagbag.py:588} INFO - Filling up the DagBag from /opt/airflow/dags/juicy_luicy.py
[2024-11-21T06:03:40.723+0000] {processor.py:925} INFO - DAG(s) 'juicy_luicy' retrieved from /opt/airflow/dags/juicy_luicy.py
[2024-11-21T06:03:40.782+0000] {logging_mixin.py:190} INFO - [2024-11-21T06:03:40.781+0000] {dag.py:3239} INFO - Sync 1 DAGs
[2024-11-21T06:03:40.843+0000] {logging_mixin.py:190} INFO - [2024-11-21T06:03:40.843+0000] {dag.py:4180} INFO - Setting next_dagrun for juicy_luicy to 2024-11-21 05:00:00+00:00, run_after=2024-11-21 10:00:00+00:00
[2024-11-21T06:03:40.894+0000] {processor.py:208} INFO - Processing /opt/airflow/dags/juicy_luicy.py took 0.767 seconds
[2024-11-21T06:04:11.100+0000] {processor.py:186} INFO - Started process (PID=1196) to work on /opt/airflow/dags/juicy_luicy.py
[2024-11-21T06:04:11.102+0000] {processor.py:914} INFO - Processing file /opt/airflow/dags/juicy_luicy.py for tasks to queue
[2024-11-21T06:04:11.108+0000] {logging_mixin.py:190} INFO - [2024-11-21T06:04:11.107+0000] {dagbag.py:588} INFO - Filling up the DagBag from /opt/airflow/dags/juicy_luicy.py
[2024-11-21T06:04:11.787+0000] {processor.py:925} INFO - DAG(s) 'juicy_luicy' retrieved from /opt/airflow/dags/juicy_luicy.py
[2024-11-21T06:04:11.843+0000] {logging_mixin.py:190} INFO - [2024-11-21T06:04:11.843+0000] {dag.py:3239} INFO - Sync 1 DAGs
[2024-11-21T06:04:12.231+0000] {logging_mixin.py:190} INFO - [2024-11-21T06:04:12.230+0000] {dag.py:4180} INFO - Setting next_dagrun for juicy_luicy to 2024-11-21 00:00:00+00:00, run_after=2024-11-21 05:00:00+00:00
[2024-11-21T06:04:12.336+0000] {processor.py:208} INFO - Processing /opt/airflow/dags/juicy_luicy.py took 1.257 seconds
[2024-11-21T06:04:42.513+0000] {processor.py:186} INFO - Started process (PID=1204) to work on /opt/airflow/dags/juicy_luicy.py
[2024-11-21T06:04:42.515+0000] {processor.py:914} INFO - Processing file /opt/airflow/dags/juicy_luicy.py for tasks to queue
[2024-11-21T06:04:42.519+0000] {logging_mixin.py:190} INFO - [2024-11-21T06:04:42.519+0000] {dagbag.py:588} INFO - Filling up the DagBag from /opt/airflow/dags/juicy_luicy.py
[2024-11-21T06:04:42.924+0000] {processor.py:925} INFO - DAG(s) 'juicy_luicy' retrieved from /opt/airflow/dags/juicy_luicy.py
[2024-11-21T06:04:42.969+0000] {logging_mixin.py:190} INFO - [2024-11-21T06:04:42.968+0000] {dag.py:3239} INFO - Sync 1 DAGs
[2024-11-21T06:04:43.014+0000] {logging_mixin.py:190} INFO - [2024-11-21T06:04:43.013+0000] {dag.py:4180} INFO - Setting next_dagrun for juicy_luicy to 2024-11-21 00:00:00+00:00, run_after=2024-11-21 05:00:00+00:00
[2024-11-21T06:04:43.345+0000] {processor.py:208} INFO - Processing /opt/airflow/dags/juicy_luicy.py took 0.845 seconds
[2024-11-21T06:05:13.519+0000] {processor.py:186} INFO - Started process (PID=1212) to work on /opt/airflow/dags/juicy_luicy.py
[2024-11-21T06:05:13.521+0000] {processor.py:914} INFO - Processing file /opt/airflow/dags/juicy_luicy.py for tasks to queue
[2024-11-21T06:05:13.526+0000] {logging_mixin.py:190} INFO - [2024-11-21T06:05:13.525+0000] {dagbag.py:588} INFO - Filling up the DagBag from /opt/airflow/dags/juicy_luicy.py
[2024-11-21T06:05:13.919+0000] {processor.py:925} INFO - DAG(s) 'juicy_luicy' retrieved from /opt/airflow/dags/juicy_luicy.py
[2024-11-21T06:05:14.243+0000] {logging_mixin.py:190} INFO - [2024-11-21T06:05:14.243+0000] {dag.py:3239} INFO - Sync 1 DAGs
[2024-11-21T06:05:14.282+0000] {logging_mixin.py:190} INFO - [2024-11-21T06:05:14.282+0000] {dag.py:4180} INFO - Setting next_dagrun for juicy_luicy to 2024-11-21 00:00:00+00:00, run_after=2024-11-21 05:00:00+00:00
[2024-11-21T06:05:14.324+0000] {processor.py:208} INFO - Processing /opt/airflow/dags/juicy_luicy.py took 0.817 seconds
[2024-11-21T06:05:45.288+0000] {processor.py:186} INFO - Started process (PID=1220) to work on /opt/airflow/dags/juicy_luicy.py
[2024-11-21T06:05:45.291+0000] {processor.py:914} INFO - Processing file /opt/airflow/dags/juicy_luicy.py for tasks to queue
[2024-11-21T06:05:45.295+0000] {logging_mixin.py:190} INFO - [2024-11-21T06:05:45.295+0000] {dagbag.py:588} INFO - Filling up the DagBag from /opt/airflow/dags/juicy_luicy.py
[2024-11-21T06:05:46.280+0000] {processor.py:925} INFO - DAG(s) 'juicy_luicy' retrieved from /opt/airflow/dags/juicy_luicy.py
[2024-11-21T06:05:46.347+0000] {logging_mixin.py:190} INFO - [2024-11-21T06:05:46.346+0000] {dag.py:3239} INFO - Sync 1 DAGs
[2024-11-21T06:05:46.404+0000] {logging_mixin.py:190} INFO - [2024-11-21T06:05:46.404+0000] {dag.py:4180} INFO - Setting next_dagrun for juicy_luicy to 2024-11-21 00:00:00+00:00, run_after=2024-11-21 05:00:00+00:00
[2024-11-21T06:05:46.449+0000] {processor.py:208} INFO - Processing /opt/airflow/dags/juicy_luicy.py took 1.176 seconds
[2024-11-21T06:06:16.566+0000] {processor.py:186} INFO - Started process (PID=1228) to work on /opt/airflow/dags/juicy_luicy.py
[2024-11-21T06:06:16.568+0000] {processor.py:914} INFO - Processing file /opt/airflow/dags/juicy_luicy.py for tasks to queue
[2024-11-21T06:06:16.573+0000] {logging_mixin.py:190} INFO - [2024-11-21T06:06:16.572+0000] {dagbag.py:588} INFO - Filling up the DagBag from /opt/airflow/dags/juicy_luicy.py
[2024-11-21T06:06:17.178+0000] {processor.py:925} INFO - DAG(s) 'juicy_luicy' retrieved from /opt/airflow/dags/juicy_luicy.py
[2024-11-21T06:06:17.213+0000] {logging_mixin.py:190} INFO - [2024-11-21T06:06:17.213+0000] {dag.py:3239} INFO - Sync 1 DAGs
[2024-11-21T06:06:17.252+0000] {logging_mixin.py:190} INFO - [2024-11-21T06:06:17.251+0000] {dag.py:4180} INFO - Setting next_dagrun for juicy_luicy to 2024-11-21 00:00:00+00:00, run_after=2024-11-21 05:00:00+00:00
[2024-11-21T06:06:17.290+0000] {processor.py:208} INFO - Processing /opt/airflow/dags/juicy_luicy.py took 0.736 seconds
[2024-11-21T06:06:47.831+0000] {processor.py:186} INFO - Started process (PID=1236) to work on /opt/airflow/dags/juicy_luicy.py
[2024-11-21T06:06:47.833+0000] {processor.py:914} INFO - Processing file /opt/airflow/dags/juicy_luicy.py for tasks to queue
[2024-11-21T06:06:47.837+0000] {logging_mixin.py:190} INFO - [2024-11-21T06:06:47.837+0000] {dagbag.py:588} INFO - Filling up the DagBag from /opt/airflow/dags/juicy_luicy.py
[2024-11-21T06:06:48.512+0000] {processor.py:925} INFO - DAG(s) 'juicy_luicy' retrieved from /opt/airflow/dags/juicy_luicy.py
[2024-11-21T06:06:48.546+0000] {logging_mixin.py:190} INFO - [2024-11-21T06:06:48.546+0000] {dag.py:3239} INFO - Sync 1 DAGs
[2024-11-21T06:06:48.583+0000] {logging_mixin.py:190} INFO - [2024-11-21T06:06:48.583+0000] {dag.py:4180} INFO - Setting next_dagrun for juicy_luicy to 2024-11-21 00:00:00+00:00, run_after=2024-11-21 05:00:00+00:00
[2024-11-21T06:06:48.626+0000] {processor.py:208} INFO - Processing /opt/airflow/dags/juicy_luicy.py took 0.808 seconds
[2024-11-21T06:07:19.209+0000] {processor.py:186} INFO - Started process (PID=1244) to work on /opt/airflow/dags/juicy_luicy.py
[2024-11-21T06:07:19.211+0000] {processor.py:914} INFO - Processing file /opt/airflow/dags/juicy_luicy.py for tasks to queue
[2024-11-21T06:07:19.216+0000] {logging_mixin.py:190} INFO - [2024-11-21T06:07:19.215+0000] {dagbag.py:588} INFO - Filling up the DagBag from /opt/airflow/dags/juicy_luicy.py
[2024-11-21T06:07:19.833+0000] {processor.py:925} INFO - DAG(s) 'juicy_luicy' retrieved from /opt/airflow/dags/juicy_luicy.py
[2024-11-21T06:07:19.869+0000] {logging_mixin.py:190} INFO - [2024-11-21T06:07:19.868+0000] {dag.py:3239} INFO - Sync 1 DAGs
[2024-11-21T06:07:19.913+0000] {logging_mixin.py:190} INFO - [2024-11-21T06:07:19.913+0000] {dag.py:4180} INFO - Setting next_dagrun for juicy_luicy to 2024-11-21 00:00:00+00:00, run_after=2024-11-21 05:00:00+00:00
[2024-11-21T06:07:19.950+0000] {processor.py:208} INFO - Processing /opt/airflow/dags/juicy_luicy.py took 0.753 seconds
[2024-11-21T06:07:50.462+0000] {processor.py:186} INFO - Started process (PID=1252) to work on /opt/airflow/dags/juicy_luicy.py
[2024-11-21T06:07:50.464+0000] {processor.py:914} INFO - Processing file /opt/airflow/dags/juicy_luicy.py for tasks to queue
[2024-11-21T06:07:50.469+0000] {logging_mixin.py:190} INFO - [2024-11-21T06:07:50.468+0000] {dagbag.py:588} INFO - Filling up the DagBag from /opt/airflow/dags/juicy_luicy.py
[2024-11-21T06:07:51.158+0000] {processor.py:925} INFO - DAG(s) 'juicy_luicy' retrieved from /opt/airflow/dags/juicy_luicy.py
[2024-11-21T06:07:51.199+0000] {logging_mixin.py:190} INFO - [2024-11-21T06:07:51.198+0000] {dag.py:3239} INFO - Sync 1 DAGs
[2024-11-21T06:07:51.242+0000] {logging_mixin.py:190} INFO - [2024-11-21T06:07:51.242+0000] {dag.py:4180} INFO - Setting next_dagrun for juicy_luicy to 2024-11-21 00:00:00+00:00, run_after=2024-11-21 05:00:00+00:00
[2024-11-21T06:07:51.281+0000] {processor.py:208} INFO - Processing /opt/airflow/dags/juicy_luicy.py took 0.831 seconds
[2024-11-21T06:08:21.524+0000] {processor.py:186} INFO - Started process (PID=1260) to work on /opt/airflow/dags/juicy_luicy.py
[2024-11-21T06:08:21.527+0000] {processor.py:914} INFO - Processing file /opt/airflow/dags/juicy_luicy.py for tasks to queue
[2024-11-21T06:08:21.532+0000] {logging_mixin.py:190} INFO - [2024-11-21T06:08:21.531+0000] {dagbag.py:588} INFO - Filling up the DagBag from /opt/airflow/dags/juicy_luicy.py
[2024-11-21T06:08:22.239+0000] {processor.py:925} INFO - DAG(s) 'juicy_luicy' retrieved from /opt/airflow/dags/juicy_luicy.py
[2024-11-21T06:08:22.277+0000] {logging_mixin.py:190} INFO - [2024-11-21T06:08:22.276+0000] {dag.py:3239} INFO - Sync 1 DAGs
[2024-11-21T06:08:22.319+0000] {logging_mixin.py:190} INFO - [2024-11-21T06:08:22.318+0000] {dag.py:4180} INFO - Setting next_dagrun for juicy_luicy to 2024-11-21 00:00:00+00:00, run_after=2024-11-21 05:00:00+00:00
[2024-11-21T06:08:22.361+0000] {processor.py:208} INFO - Processing /opt/airflow/dags/juicy_luicy.py took 0.855 seconds
[2024-11-21T06:08:53.003+0000] {processor.py:186} INFO - Started process (PID=1268) to work on /opt/airflow/dags/juicy_luicy.py
[2024-11-21T06:08:53.006+0000] {processor.py:914} INFO - Processing file /opt/airflow/dags/juicy_luicy.py for tasks to queue
[2024-11-21T06:08:53.011+0000] {logging_mixin.py:190} INFO - [2024-11-21T06:08:53.010+0000] {dagbag.py:588} INFO - Filling up the DagBag from /opt/airflow/dags/juicy_luicy.py
[2024-11-21T06:08:53.756+0000] {processor.py:925} INFO - DAG(s) 'juicy_luicy' retrieved from /opt/airflow/dags/juicy_luicy.py
[2024-11-21T06:08:53.805+0000] {logging_mixin.py:190} INFO - [2024-11-21T06:08:53.804+0000] {dag.py:3239} INFO - Sync 1 DAGs
[2024-11-21T06:08:53.858+0000] {logging_mixin.py:190} INFO - [2024-11-21T06:08:53.857+0000] {dag.py:4180} INFO - Setting next_dagrun for juicy_luicy to 2024-11-21 00:00:00+00:00, run_after=2024-11-21 05:00:00+00:00
[2024-11-21T06:08:53.923+0000] {processor.py:208} INFO - Processing /opt/airflow/dags/juicy_luicy.py took 0.934 seconds
[2024-11-21T06:09:24.661+0000] {processor.py:186} INFO - Started process (PID=1276) to work on /opt/airflow/dags/juicy_luicy.py
[2024-11-21T06:09:24.664+0000] {processor.py:914} INFO - Processing file /opt/airflow/dags/juicy_luicy.py for tasks to queue
[2024-11-21T06:09:24.670+0000] {logging_mixin.py:190} INFO - [2024-11-21T06:09:24.669+0000] {dagbag.py:588} INFO - Filling up the DagBag from /opt/airflow/dags/juicy_luicy.py
[2024-11-21T06:09:25.552+0000] {processor.py:925} INFO - DAG(s) 'juicy_luicy' retrieved from /opt/airflow/dags/juicy_luicy.py
[2024-11-21T06:09:25.616+0000] {logging_mixin.py:190} INFO - [2024-11-21T06:09:25.615+0000] {dag.py:3239} INFO - Sync 1 DAGs
[2024-11-21T06:09:25.688+0000] {logging_mixin.py:190} INFO - [2024-11-21T06:09:25.688+0000] {dag.py:4180} INFO - Setting next_dagrun for juicy_luicy to 2024-11-21 00:00:00+00:00, run_after=2024-11-21 05:00:00+00:00
[2024-11-21T06:09:25.733+0000] {processor.py:208} INFO - Processing /opt/airflow/dags/juicy_luicy.py took 1.090 seconds
[2024-11-21T06:09:55.975+0000] {processor.py:186} INFO - Started process (PID=1284) to work on /opt/airflow/dags/juicy_luicy.py
[2024-11-21T06:09:55.977+0000] {processor.py:914} INFO - Processing file /opt/airflow/dags/juicy_luicy.py for tasks to queue
[2024-11-21T06:09:55.983+0000] {logging_mixin.py:190} INFO - [2024-11-21T06:09:55.982+0000] {dagbag.py:588} INFO - Filling up the DagBag from /opt/airflow/dags/juicy_luicy.py
[2024-11-21T06:09:56.660+0000] {processor.py:925} INFO - DAG(s) 'juicy_luicy' retrieved from /opt/airflow/dags/juicy_luicy.py
[2024-11-21T06:09:56.900+0000] {logging_mixin.py:190} INFO - [2024-11-21T06:09:56.899+0000] {dag.py:3239} INFO - Sync 1 DAGs
[2024-11-21T06:09:56.919+0000] {logging_mixin.py:190} INFO - [2024-11-21T06:09:56.918+0000] {dag.py:3262} INFO - Creating ORM DAG for juicy_luicy
[2024-11-21T06:09:56.937+0000] {logging_mixin.py:190} INFO - [2024-11-21T06:09:56.936+0000] {dag.py:4180} INFO - Setting next_dagrun for juicy_luicy to 2024-11-21 00:00:00+00:00, run_after=2024-11-21 05:00:00+00:00
[2024-11-21T06:09:56.972+0000] {processor.py:208} INFO - Processing /opt/airflow/dags/juicy_luicy.py took 1.013 seconds
[2024-11-21T06:10:27.986+0000] {processor.py:186} INFO - Started process (PID=1292) to work on /opt/airflow/dags/juicy_luicy.py
[2024-11-21T06:10:27.987+0000] {processor.py:914} INFO - Processing file /opt/airflow/dags/juicy_luicy.py for tasks to queue
[2024-11-21T06:10:27.992+0000] {logging_mixin.py:190} INFO - [2024-11-21T06:10:27.991+0000] {dagbag.py:588} INFO - Filling up the DagBag from /opt/airflow/dags/juicy_luicy.py
[2024-11-21T06:10:28.700+0000] {processor.py:925} INFO - DAG(s) 'juicy_luicy' retrieved from /opt/airflow/dags/juicy_luicy.py
[2024-11-21T06:10:28.740+0000] {logging_mixin.py:190} INFO - [2024-11-21T06:10:28.739+0000] {dag.py:3239} INFO - Sync 1 DAGs
[2024-11-21T06:10:28.799+0000] {logging_mixin.py:190} INFO - [2024-11-21T06:10:28.799+0000] {dag.py:4180} INFO - Setting next_dagrun for juicy_luicy to 2024-11-21 00:00:00+00:00, run_after=2024-11-21 05:00:00+00:00
[2024-11-21T06:10:28.851+0000] {processor.py:208} INFO - Processing /opt/airflow/dags/juicy_luicy.py took 0.878 seconds
[2024-11-21T06:10:59.324+0000] {processor.py:186} INFO - Started process (PID=1300) to work on /opt/airflow/dags/juicy_luicy.py
[2024-11-21T06:10:59.326+0000] {processor.py:914} INFO - Processing file /opt/airflow/dags/juicy_luicy.py for tasks to queue
[2024-11-21T06:10:59.331+0000] {logging_mixin.py:190} INFO - [2024-11-21T06:10:59.330+0000] {dagbag.py:588} INFO - Filling up the DagBag from /opt/airflow/dags/juicy_luicy.py
[2024-11-21T06:10:59.975+0000] {processor.py:925} INFO - DAG(s) 'juicy_luicy' retrieved from /opt/airflow/dags/juicy_luicy.py
[2024-11-21T06:11:00.017+0000] {logging_mixin.py:190} INFO - [2024-11-21T06:11:00.016+0000] {dag.py:3239} INFO - Sync 1 DAGs
[2024-11-21T06:11:00.064+0000] {logging_mixin.py:190} INFO - [2024-11-21T06:11:00.064+0000] {dag.py:4180} INFO - Setting next_dagrun for juicy_luicy to 2024-11-21 00:00:00+00:00, run_after=2024-11-21 05:00:00+00:00
[2024-11-21T06:11:00.101+0000] {processor.py:208} INFO - Processing /opt/airflow/dags/juicy_luicy.py took 0.790 seconds
[2024-11-21T06:11:30.936+0000] {processor.py:186} INFO - Started process (PID=1308) to work on /opt/airflow/dags/juicy_luicy.py
[2024-11-21T06:11:30.937+0000] {processor.py:914} INFO - Processing file /opt/airflow/dags/juicy_luicy.py for tasks to queue
[2024-11-21T06:11:30.943+0000] {logging_mixin.py:190} INFO - [2024-11-21T06:11:30.942+0000] {dagbag.py:588} INFO - Filling up the DagBag from /opt/airflow/dags/juicy_luicy.py
[2024-11-21T06:11:31.432+0000] {processor.py:925} INFO - DAG(s) 'juicy_luicy' retrieved from /opt/airflow/dags/juicy_luicy.py
[2024-11-21T06:11:31.474+0000] {logging_mixin.py:190} INFO - [2024-11-21T06:11:31.473+0000] {dag.py:3239} INFO - Sync 1 DAGs
[2024-11-21T06:11:31.523+0000] {logging_mixin.py:190} INFO - [2024-11-21T06:11:31.522+0000] {dag.py:4180} INFO - Setting next_dagrun for juicy_luicy to 2024-11-21 00:00:00+00:00, run_after=2024-11-21 05:00:00+00:00
[2024-11-21T06:11:31.580+0000] {processor.py:208} INFO - Processing /opt/airflow/dags/juicy_luicy.py took 0.661 seconds
[2024-11-21T06:12:01.876+0000] {processor.py:186} INFO - Started process (PID=1316) to work on /opt/airflow/dags/juicy_luicy.py
[2024-11-21T06:12:01.878+0000] {processor.py:914} INFO - Processing file /opt/airflow/dags/juicy_luicy.py for tasks to queue
[2024-11-21T06:12:01.883+0000] {logging_mixin.py:190} INFO - [2024-11-21T06:12:01.882+0000] {dagbag.py:588} INFO - Filling up the DagBag from /opt/airflow/dags/juicy_luicy.py
[2024-11-21T06:12:02.371+0000] {processor.py:925} INFO - DAG(s) 'juicy_luicy' retrieved from /opt/airflow/dags/juicy_luicy.py
[2024-11-21T06:12:02.415+0000] {logging_mixin.py:190} INFO - [2024-11-21T06:12:02.414+0000] {dag.py:3239} INFO - Sync 1 DAGs
[2024-11-21T06:12:02.471+0000] {logging_mixin.py:190} INFO - [2024-11-21T06:12:02.471+0000] {dag.py:4180} INFO - Setting next_dagrun for juicy_luicy to 2024-11-21 00:00:00+00:00, run_after=2024-11-21 05:00:00+00:00
[2024-11-21T06:12:02.515+0000] {processor.py:208} INFO - Processing /opt/airflow/dags/juicy_luicy.py took 0.653 seconds
[2024-11-21T06:12:32.731+0000] {processor.py:186} INFO - Started process (PID=1324) to work on /opt/airflow/dags/juicy_luicy.py
[2024-11-21T06:12:32.734+0000] {processor.py:914} INFO - Processing file /opt/airflow/dags/juicy_luicy.py for tasks to queue
[2024-11-21T06:12:32.739+0000] {logging_mixin.py:190} INFO - [2024-11-21T06:12:32.738+0000] {dagbag.py:588} INFO - Filling up the DagBag from /opt/airflow/dags/juicy_luicy.py
[2024-11-21T06:12:33.291+0000] {processor.py:925} INFO - DAG(s) 'juicy_luicy' retrieved from /opt/airflow/dags/juicy_luicy.py
[2024-11-21T06:12:33.334+0000] {logging_mixin.py:190} INFO - [2024-11-21T06:12:33.334+0000] {dag.py:3239} INFO - Sync 1 DAGs
[2024-11-21T06:12:33.377+0000] {logging_mixin.py:190} INFO - [2024-11-21T06:12:33.377+0000] {dag.py:4180} INFO - Setting next_dagrun for juicy_luicy to 2024-11-21 00:00:00+00:00, run_after=2024-11-21 05:00:00+00:00
[2024-11-21T06:12:33.431+0000] {processor.py:208} INFO - Processing /opt/airflow/dags/juicy_luicy.py took 0.714 seconds
[2024-11-21T06:13:03.816+0000] {processor.py:186} INFO - Started process (PID=1332) to work on /opt/airflow/dags/juicy_luicy.py
[2024-11-21T06:13:03.818+0000] {processor.py:914} INFO - Processing file /opt/airflow/dags/juicy_luicy.py for tasks to queue
[2024-11-21T06:13:03.823+0000] {logging_mixin.py:190} INFO - [2024-11-21T06:13:03.822+0000] {dagbag.py:588} INFO - Filling up the DagBag from /opt/airflow/dags/juicy_luicy.py
[2024-11-21T06:13:04.221+0000] {processor.py:925} INFO - DAG(s) 'juicy_luicy' retrieved from /opt/airflow/dags/juicy_luicy.py
[2024-11-21T06:13:04.261+0000] {logging_mixin.py:190} INFO - [2024-11-21T06:13:04.261+0000] {dag.py:3239} INFO - Sync 1 DAGs
[2024-11-21T06:13:04.311+0000] {logging_mixin.py:190} INFO - [2024-11-21T06:13:04.311+0000] {dag.py:4180} INFO - Setting next_dagrun for juicy_luicy to 2024-11-21 00:00:00+00:00, run_after=2024-11-21 05:00:00+00:00
[2024-11-21T06:13:04.354+0000] {processor.py:208} INFO - Processing /opt/airflow/dags/juicy_luicy.py took 0.550 seconds
[2024-11-21T06:13:34.811+0000] {processor.py:186} INFO - Started process (PID=1340) to work on /opt/airflow/dags/juicy_luicy.py
[2024-11-21T06:13:34.813+0000] {processor.py:914} INFO - Processing file /opt/airflow/dags/juicy_luicy.py for tasks to queue
[2024-11-21T06:13:34.818+0000] {logging_mixin.py:190} INFO - [2024-11-21T06:13:34.817+0000] {dagbag.py:588} INFO - Filling up the DagBag from /opt/airflow/dags/juicy_luicy.py
[2024-11-21T06:13:35.223+0000] {processor.py:925} INFO - DAG(s) 'juicy_luicy' retrieved from /opt/airflow/dags/juicy_luicy.py
[2024-11-21T06:13:35.265+0000] {logging_mixin.py:190} INFO - [2024-11-21T06:13:35.265+0000] {dag.py:3239} INFO - Sync 1 DAGs
[2024-11-21T06:13:35.309+0000] {logging_mixin.py:190} INFO - [2024-11-21T06:13:35.309+0000] {dag.py:4180} INFO - Setting next_dagrun for juicy_luicy to 2024-11-21 00:00:00+00:00, run_after=2024-11-21 05:00:00+00:00
[2024-11-21T06:13:35.354+0000] {processor.py:208} INFO - Processing /opt/airflow/dags/juicy_luicy.py took 0.556 seconds
