[2024-11-23T08:05:05.542+0000] {local_task_job_runner.py:123} INFO - ::group::Pre task execution logs
[2024-11-23T08:05:05.565+0000] {taskinstance.py:2613} INFO - Dependencies all met for dep_context=non-requeueable deps ti=<TaskInstance: bruno_mars.save_youtube_data scheduled__2024-11-23T03:00:00+00:00 [queued]>
[2024-11-23T08:05:05.583+0000] {taskinstance.py:2613} INFO - Dependencies all met for dep_context=requeueable deps ti=<TaskInstance: bruno_mars.save_youtube_data scheduled__2024-11-23T03:00:00+00:00 [queued]>
[2024-11-23T08:05:05.584+0000] {taskinstance.py:2866} INFO - Starting attempt 1 of 1
[2024-11-23T08:05:05.615+0000] {taskinstance.py:2889} INFO - Executing <Task(PythonOperator): save_youtube_data> on 2024-11-23 03:00:00+00:00
[2024-11-23T08:05:05.623+0000] {standard_task_runner.py:72} INFO - Started process 414 to run task
[2024-11-23T08:05:05.630+0000] {standard_task_runner.py:104} INFO - Running: ['airflow', 'tasks', 'run', 'bruno_mars', 'save_youtube_data', 'scheduled__2024-11-23T03:00:00+00:00', '--job-id', '376', '--raw', '--subdir', 'DAGS_FOLDER/bruno_mars.py', '--cfg-path', '/tmp/tmpdprff5c6']
[2024-11-23T08:05:05.635+0000] {standard_task_runner.py:105} INFO - Job 376: Subtask save_youtube_data
[2024-11-23T08:05:05.663+0000] {logging_mixin.py:190} WARNING - /home/airflow/.local/lib/python3.12/site-packages/airflow/settings.py:209 DeprecationWarning: The sql_alchemy_conn option in [core] has been moved to the sql_alchemy_conn option in [database] - the old setting has been used, but please update your config.
[2024-11-23T08:05:05.718+0000] {task_command.py:467} INFO - Running <TaskInstance: bruno_mars.save_youtube_data scheduled__2024-11-23T03:00:00+00:00 [running]> on host 873bffc6ab09
[2024-11-23T08:05:05.721+0000] {logging_mixin.py:190} WARNING - /home/airflow/.local/lib/python3.12/site-packages/airflow/settings.py:470 DeprecationWarning: The sql_alchemy_conn option in [core] has been moved to the sql_alchemy_conn option in [database] - the old setting has been used, but please update your config.
[2024-11-23T08:05:05.863+0000] {taskinstance.py:3132} INFO - Exporting env vars: AIRFLOW_CTX_DAG_OWNER='airflow' AIRFLOW_CTX_DAG_ID='bruno_mars' AIRFLOW_CTX_TASK_ID='save_youtube_data' AIRFLOW_CTX_EXECUTION_DATE='2024-11-23T03:00:00+00:00' AIRFLOW_CTX_TRY_NUMBER='1' AIRFLOW_CTX_DAG_RUN_ID='scheduled__2024-11-23T03:00:00+00:00'
[2024-11-23T08:05:05.864+0000] {taskinstance.py:731} INFO - ::endgroup::
[2024-11-23T08:05:05.965+0000] {logging_mixin.py:190} INFO - Successfully connected to MongoDB.
[2024-11-23T08:05:05.974+0000] {logging_mixin.py:190} INFO - Existing data found, moving to historical collection...
[2024-11-23T08:05:05.979+0000] {logging_mixin.py:190} INFO - Existing data moved to historical collection.
[2024-11-23T08:05:05.983+0000] {logging_mixin.py:190} INFO - New data for channel statistics successfully saved to MongoDB.
[2024-11-23T08:05:05.984+0000] {python.py:240} INFO - Done. Returned value was: None
[2024-11-23T08:05:05.997+0000] {taskinstance.py:340} INFO - ::group::Post task execution logs
[2024-11-23T08:05:05.998+0000] {taskinstance.py:352} INFO - Marking task as SUCCESS. dag_id=bruno_mars, task_id=save_youtube_data, run_id=scheduled__2024-11-23T03:00:00+00:00, execution_date=20241123T030000, start_date=20241123T080505, end_date=20241123T080505
[2024-11-23T08:05:06.046+0000] {local_task_job_runner.py:266} INFO - Task exited with return code 0
[2024-11-23T08:05:06.067+0000] {taskinstance.py:3895} INFO - 0 downstream tasks scheduled from follow-on schedule check
[2024-11-23T08:05:06.069+0000] {local_task_job_runner.py:245} INFO - ::endgroup::
