[2024-11-22T16:02:58.060+0000] {local_task_job_runner.py:123} INFO - ::group::Pre task execution logs
[2024-11-22T16:02:58.081+0000] {taskinstance.py:2613} INFO - Dependencies all met for dep_context=non-requeueable deps ti=<TaskInstance: taylor_swift.save_youtube_data scheduled__2024-11-22T15:30:00+00:00 [queued]>
[2024-11-22T16:02:58.096+0000] {taskinstance.py:2613} INFO - Dependencies all met for dep_context=requeueable deps ti=<TaskInstance: taylor_swift.save_youtube_data scheduled__2024-11-22T15:30:00+00:00 [queued]>
[2024-11-22T16:02:58.098+0000] {taskinstance.py:2866} INFO - Starting attempt 1 of 1
[2024-11-22T16:02:58.127+0000] {taskinstance.py:2889} INFO - Executing <Task(PythonOperator): save_youtube_data> on 2024-11-22 15:30:00+00:00
[2024-11-22T16:02:58.136+0000] {standard_task_runner.py:72} INFO - Started process 257 to run task
[2024-11-22T16:02:58.141+0000] {standard_task_runner.py:104} INFO - Running: ['airflow', 'tasks', 'run', 'taylor_swift', 'save_youtube_data', 'scheduled__2024-11-22T15:30:00+00:00', '--job-id', '345', '--raw', '--subdir', 'DAGS_FOLDER/taylor_swift.py', '--cfg-path', '/tmp/tmpu3hcy5mo']
[2024-11-22T16:02:58.145+0000] {standard_task_runner.py:105} INFO - Job 345: Subtask save_youtube_data
[2024-11-22T16:02:58.176+0000] {logging_mixin.py:190} WARNING - /home/airflow/.local/lib/python3.12/site-packages/airflow/settings.py:209 DeprecationWarning: The sql_alchemy_conn option in [core] has been moved to the sql_alchemy_conn option in [database] - the old setting has been used, but please update your config.
[2024-11-22T16:02:58.232+0000] {task_command.py:467} INFO - Running <TaskInstance: taylor_swift.save_youtube_data scheduled__2024-11-22T15:30:00+00:00 [running]> on host a87f321d68a4
[2024-11-22T16:02:58.240+0000] {logging_mixin.py:190} WARNING - /home/airflow/.local/lib/python3.12/site-packages/airflow/settings.py:470 DeprecationWarning: The sql_alchemy_conn option in [core] has been moved to the sql_alchemy_conn option in [database] - the old setting has been used, but please update your config.
[2024-11-22T16:02:58.417+0000] {taskinstance.py:3132} INFO - Exporting env vars: AIRFLOW_CTX_DAG_OWNER='airflow' AIRFLOW_CTX_DAG_ID='taylor_swift' AIRFLOW_CTX_TASK_ID='save_youtube_data' AIRFLOW_CTX_EXECUTION_DATE='2024-11-22T15:30:00+00:00' AIRFLOW_CTX_TRY_NUMBER='1' AIRFLOW_CTX_DAG_RUN_ID='scheduled__2024-11-22T15:30:00+00:00'
[2024-11-22T16:02:58.420+0000] {taskinstance.py:731} INFO - ::endgroup::
[2024-11-22T16:02:58.551+0000] {logging_mixin.py:190} INFO - Successfully connected to MongoDB.
[2024-11-22T16:02:58.569+0000] {logging_mixin.py:190} INFO - Existing data found, moving to historical collection...
[2024-11-22T16:02:58.582+0000] {logging_mixin.py:190} INFO - Existing data moved to historical collection.
[2024-11-22T16:02:58.590+0000] {logging_mixin.py:190} INFO - New data for channel statistics successfully saved to MongoDB.
[2024-11-22T16:02:58.591+0000] {python.py:240} INFO - Done. Returned value was: None
[2024-11-22T16:02:58.604+0000] {taskinstance.py:340} INFO - ::group::Post task execution logs
[2024-11-22T16:02:58.605+0000] {taskinstance.py:352} INFO - Marking task as SUCCESS. dag_id=taylor_swift, task_id=save_youtube_data, run_id=scheduled__2024-11-22T15:30:00+00:00, execution_date=20241122T153000, start_date=20241122T160258, end_date=20241122T160258
[2024-11-22T16:02:58.640+0000] {local_task_job_runner.py:266} INFO - Task exited with return code 0
[2024-11-22T16:02:58.665+0000] {taskinstance.py:3895} INFO - 0 downstream tasks scheduled from follow-on schedule check
[2024-11-22T16:02:58.667+0000] {local_task_job_runner.py:245} INFO - ::endgroup::
